    OpenRGB v0.81
    Commit: 50f7fe4ca5952cb4374e022bc9750b2f926374b4 from 2023-06-04 18:29:49 +0000
    Launched: 20230604_183456
====================================================================================================

0     |Info:    Found file: Dracula.orp attempting to validate header
1     |Info:    Valid v4 profile found for Dracula
1010  |Info:    Saving detector settings
1011  |Info:    ------------------------------------------------------
1011  |Info:    |               Start device detection               |
1011  |Info:    ------------------------------------------------------
1011  |Info:    Initializing HID interfaces: Success
1012  |Info:    ------------------------------------------------------
1012  |Info:    |             Detecting I2C interfaces               |
1012  |Info:    ------------------------------------------------------
1012  |Info:    Registering I2C interface: /dev/i2c-3 Device 10DE:1E81 Subsystem: 1028:C722
1012  |Info:    Registering I2C interface: /dev/i2c-1 Device 10DE:1E81 Subsystem: 1028:C722
1012  |Info:    Registering I2C interface: /dev/i2c-6 Device 10DE:1E81 Subsystem: 1028:C722
1012  |Info:    Registering I2C interface: /dev/i2c-4 Device 10DE:1E81 Subsystem: 1028:C722
1012  |Info:    Registering I2C interface: /dev/i2c-2 Device 10DE:1E81 Subsystem: 1028:C722
1012  |Info:    Registering I2C interface: /dev/i2c-0 Device 8086:A323 Subsystem: 1462:7B17
1012  |Info:    Registering I2C interface: /dev/i2c-5 Device 10DE:1E81 Subsystem: 1028:C722
1012  |Info:    ------------------------------------------------------
1012  |Info:    |               Detecting I2C devices                |
1012  |Info:    ------------------------------------------------------
1332  |Info:    ------------------------------------------------------
1332  |Info:    |               Detecting I2C PCI devices            |
1332  |Info:    ------------------------------------------------------
1333  |Info:    ------------------------------------------------------
1333  |Info:    |               Detecting HID devices                |
1333  |Info:    ------------------------------------------------------
1386  |Info:    [Corsair Lighting Node Core] Registering RGB controller
1481  |Info:    [Corsair Commander Core] Registering RGB controller
1484  |Info:    [Glorious Model D / D-] Registering RGB controller
1733  |Info:    [MSI MPG Z390 GAMING EDGE AC (MS-7B17)] Registering RGB controller
1733  |Info:    ------------------------------------------------------
1733  |Info:    |            Detecting libusb HID devices            |
1733  |Info:    ------------------------------------------------------
1758  |Info:    ------------------------------------------------------
1758  |Info:    |              Detecting other devices               |
1758  |Info:    ------------------------------------------------------
1760  |Info:    ------------------------------------------------------
1760  |Info:    |                Detection completed                 |
1760  |Info:    ------------------------------------------------------
1760  |Info:    Profile loading: Succeeded for Corsair Lighting Node Core @ HID: /dev/hidraw12
1760  |Info:    Profile loading: Succeeded for Corsair Commander Core @ HID: /dev/hidraw5
1760  |Info:    Profile loading: Succeeded for Glorious Model D / D- @ HID: /dev/hidraw1
1760  |Info:    Profile loading: Succeeded for MSI MPG Z390 GAMING EDGE AC (MS-7B17) @ HID: /dev/hidraw10
