    OpenRGB v0.81
    Commit: 2cc0c7aad8ef1bf01d2d70abd07d57b44949c65d from 2023-04-07 21:42:15 +1000
    Launched: 20230410_004120
====================================================================================================

1     |Info:    Found file: Dracula.orp attempting to validate header
1     |Info:    Valid v4 profile found for Dracula
1014  |Info:    ------------------------------------------------------
1014  |Info:    |               Start device detection               |
1014  |Info:    ------------------------------------------------------
1015  |Info:    Initializing HID interfaces: Success
1015  |Info:    ------------------------------------------------------
1015  |Info:    |             Detecting I2C interfaces               |
1015  |Info:    ------------------------------------------------------
1015  |Info:    Registering I2C interface: /dev/i2c-3 Device 10DE:1E81 Subsystem: 1028:C722
1015  |Info:    Registering I2C interface: /dev/i2c-1 Device 10DE:1E81 Subsystem: 1028:C722
1015  |Info:    Registering I2C interface: /dev/i2c-6 Device 10DE:1E81 Subsystem: 1028:C722
1015  |Info:    Registering I2C interface: /dev/i2c-4 Device 10DE:1E81 Subsystem: 1028:C722
1015  |Info:    Registering I2C interface: /dev/i2c-2 Device 10DE:1E81 Subsystem: 1028:C722
1015  |Info:    Registering I2C interface: /dev/i2c-0 Device 8086:A323 Subsystem: 1462:7B17
1016  |Info:    Registering I2C interface: /dev/i2c-5 Device 10DE:1E81 Subsystem: 1028:C722
1016  |Info:    ------------------------------------------------------
1016  |Info:    |               Detecting I2C devices                |
1016  |Info:    ------------------------------------------------------
1334  |Info:    ------------------------------------------------------
1334  |Info:    |               Detecting I2C PCI devices            |
1334  |Info:    ------------------------------------------------------
1334  |Info:    ------------------------------------------------------
1334  |Info:    |               Detecting HID devices                |
1334  |Info:    ------------------------------------------------------
1387  |Info:    [Corsair Lighting Node Core] Registering RGB controller
1483  |Info:    [Corsair Commander Core] Registering RGB controller
1485  |Info:    [Glorious Model D / D-] Registering RGB controller
1760  |Info:    [MSI MPG Z390 GAMING EDGE AC (MS-7B17)] Registering RGB controller
1760  |Info:    ------------------------------------------------------
1760  |Info:    |            Detecting libusb HID devices            |
1760  |Info:    ------------------------------------------------------
1779  |Info:    ------------------------------------------------------
1779  |Info:    |              Detecting other devices               |
1779  |Info:    ------------------------------------------------------
1780  |Info:    ------------------------------------------------------
1781  |Info:    |                Detection completed                 |
1781  |Info:    ------------------------------------------------------
1781  |Info:    Profile loading: Succeeded for Corsair Lighting Node Core @ HID: /dev/hidraw11
1781  |Info:    Profile loading: Succeeded for Corsair Commander Core @ HID: /dev/hidraw5
1781  |Info:    Profile loading: Succeeded for Glorious Model D / D- @ HID: /dev/hidraw1
1781  |Info:    Profile loading: Succeeded for MSI MPG Z390 GAMING EDGE AC (MS-7B17) @ HID: /dev/hidraw9
