    OpenRGB v0.91
    Commit: acf12dfd5e73d77fd384c52abfab31ccf91ce946 from 2023-12-26 17:17:15 -0600
    Launched: 20231230_110035
====================================================================================================

0     |Info:    Found file: Dracula.orp attempting to validate header
0     |Info:    Valid v4 profile found for Dracula
1001  |Info:    ------------------------------------------------------
1001  |Info:    |               Start device detection               |
1001  |Info:    ------------------------------------------------------
1002  |Info:    Initializing HID interfaces: Success
1002  |Info:    ------------------------------------------------------
1002  |Info:    |             Detecting I2C interfaces               |
1002  |Info:    ------------------------------------------------------
1002  |Info:    Registering I2C interface: /dev/i2c-3 Device 1002:744C Subsystem: 1DA2:E471
1002  |Info:    Registering I2C interface: /dev/i2c-1 Device 1002:744C Subsystem: 1DA2:E471
1002  |Info:    Registering I2C interface: /dev/i2c-8 Device 8086:A323 Subsystem: 1462:7B17
1002  |Warning: [i2c_smbus_linux] Failed to read i2c device PCI device ID
1002  |Info:    Registering I2C interface: /dev/i2c-6 Device 0000:0000 Subsystem: 0000:0000
1002  |Info:    Registering I2C interface: /dev/i2c-4 Device 1002:744C Subsystem: 1DA2:E471
1003  |Info:    Registering I2C interface: /dev/i2c-2 Device 1002:744C Subsystem: 1DA2:E471
1003  |Info:    Registering I2C interface: /dev/i2c-0 Device 1002:744C Subsystem: 1DA2:E471
1003  |Warning: [i2c_smbus_linux] Failed to read i2c device PCI device ID
1003  |Info:    Registering I2C interface: /dev/i2c-7 Device 0000:0000 Subsystem: 0000:0000
1003  |Info:    Registering I2C interface: /dev/i2c-5 Device 1002:744C Subsystem: 1DA2:E471
1003  |Info:    ------------------------------------------------------
1003  |Info:    |               Detecting I2C devices                |
1003  |Info:    ------------------------------------------------------
1352  |Info:    ------------------------------------------------------
1352  |Info:    |               Detecting I2C PCI devices            |
1352  |Info:    ------------------------------------------------------
1374  |Info:    ------------------------------------------------------
1374  |Info:    |               Detecting HID devices                |
1374  |Info:    ------------------------------------------------------
1375  |Info:    [Corsair Lighting Node Core] Registering RGB controller
1475  |Info:    [Corsair Commander Core] Registering RGB controller
1498  |Info:    [Glorious Model D / D-] Registering RGB controller
1688  |Info:    [MSI MPG Z390 GAMING EDGE AC (MS-7B17)] Registering RGB controller
1688  |Info:    ------------------------------------------------------
1688  |Info:    |            Detecting libusb HID devices            |
1688  |Info:    ------------------------------------------------------
1703  |Info:    ------------------------------------------------------
1703  |Info:    |              Detecting other devices               |
1703  |Info:    ------------------------------------------------------
1704  |Info:    ------------------------------------------------------
1704  |Info:    |                Detection completed                 |
1704  |Info:    ------------------------------------------------------
2916  |Info:    Profile loading: Succeeded for Corsair Lighting Node Core @ HID: /dev/hidraw11
2916  |Info:    Profile loading: FAILED! for Corsair Commander Core @ HID: /dev/hidraw5
2916  |Info:    Profile loading: Succeeded for Glorious Model D / D- @ HID: /dev/hidraw1
2916  |Info:    Profile loading: FAILED! for MSI MPG Z390 GAMING EDGE AC (MS-7B17) @ HID: /dev/hidraw10
3512  |Info:    Profile loading: Succeeded for Corsair Lighting Node Core @ HID: /dev/hidraw11
3512  |Info:    Profile loading: FAILED! for Corsair Commander Core @ HID: /dev/hidraw5
3512  |Info:    Profile loading: Succeeded for Glorious Model D / D- @ HID: /dev/hidraw1
3512  |Info:    Profile loading: FAILED! for MSI MPG Z390 GAMING EDGE AC (MS-7B17) @ HID: /dev/hidraw10
3853  |Info:    Profile loading: Succeeded for Corsair Lighting Node Core @ HID: /dev/hidraw11
3853  |Info:    Profile loading: FAILED! for Corsair Commander Core @ HID: /dev/hidraw5
3853  |Info:    Profile loading: Succeeded for Glorious Model D / D- @ HID: /dev/hidraw1
3853  |Info:    Profile loading: FAILED! for MSI MPG Z390 GAMING EDGE AC (MS-7B17) @ HID: /dev/hidraw10
4089  |Info:    Profile loading: Succeeded for Corsair Lighting Node Core @ HID: /dev/hidraw11
4089  |Info:    Profile loading: FAILED! for Corsair Commander Core @ HID: /dev/hidraw5
4089  |Info:    Profile loading: Succeeded for Glorious Model D / D- @ HID: /dev/hidraw1
4089  |Info:    Profile loading: FAILED! for MSI MPG Z390 GAMING EDGE AC (MS-7B17) @ HID: /dev/hidraw10
4485  |Info:    Profile loading: Succeeded for Corsair Lighting Node Core @ HID: /dev/hidraw11
4485  |Info:    Profile loading: FAILED! for Corsair Commander Core @ HID: /dev/hidraw5
4485  |Info:    Profile loading: Succeeded for Glorious Model D / D- @ HID: /dev/hidraw1
4485  |Info:    Profile loading: FAILED! for MSI MPG Z390 GAMING EDGE AC (MS-7B17) @ HID: /dev/hidraw10
4800  |Info:    Profile loading: Succeeded for Corsair Lighting Node Core @ HID: /dev/hidraw11
4800  |Info:    Profile loading: FAILED! for Corsair Commander Core @ HID: /dev/hidraw5
4800  |Info:    Profile loading: Succeeded for Glorious Model D / D- @ HID: /dev/hidraw1
4800  |Info:    Profile loading: FAILED! for MSI MPG Z390 GAMING EDGE AC (MS-7B17) @ HID: /dev/hidraw10
8261  |Info:    Profile loading: Succeeded for Corsair Lighting Node Core @ HID: /dev/hidraw11
8261  |Info:    Profile loading: FAILED! for Corsair Commander Core @ HID: /dev/hidraw5
8261  |Info:    Profile loading: Succeeded for Glorious Model D / D- @ HID: /dev/hidraw1
8261  |Info:    Profile loading: FAILED! for MSI MPG Z390 GAMING EDGE AC (MS-7B17) @ HID: /dev/hidraw10
13270 |Info:    Profile loading: Succeeded for Corsair Lighting Node Core @ HID: /dev/hidraw11
13270 |Info:    Profile loading: FAILED! for Corsair Commander Core @ HID: /dev/hidraw5
13270 |Info:    Profile loading: Succeeded for Glorious Model D / D- @ HID: /dev/hidraw1
13270 |Info:    Profile loading: FAILED! for MSI MPG Z390 GAMING EDGE AC (MS-7B17) @ HID: /dev/hidraw10
18691 |Info:    Profile loading: Succeeded for Corsair Lighting Node Core @ HID: /dev/hidraw11
18691 |Info:    Profile loading: FAILED! for Corsair Commander Core @ HID: /dev/hidraw5
18691 |Info:    Profile loading: Succeeded for Glorious Model D / D- @ HID: /dev/hidraw1
18691 |Info:    Profile loading: FAILED! for MSI MPG Z390 GAMING EDGE AC (MS-7B17) @ HID: /dev/hidraw10
19191 |Info:    Profile loading: Succeeded for Corsair Lighting Node Core @ HID: /dev/hidraw11
19191 |Info:    Profile loading: FAILED! for Corsair Commander Core @ HID: /dev/hidraw5
19191 |Info:    Profile loading: Succeeded for Glorious Model D / D- @ HID: /dev/hidraw1
19191 |Info:    Profile loading: FAILED! for MSI MPG Z390 GAMING EDGE AC (MS-7B17) @ HID: /dev/hidraw10
19482 |Info:    Profile loading: Succeeded for Corsair Lighting Node Core @ HID: /dev/hidraw11
19482 |Info:    Profile loading: FAILED! for Corsair Commander Core @ HID: /dev/hidraw5
19482 |Info:    Profile loading: Succeeded for Glorious Model D / D- @ HID: /dev/hidraw1
19482 |Info:    Profile loading: FAILED! for MSI MPG Z390 GAMING EDGE AC (MS-7B17) @ HID: /dev/hidraw10
24354 |ERROR:   [Sinowealth Mouse] Error reading device configuration!
26035 |Info:    Profile loading: Succeeded for Corsair Lighting Node Core @ HID: /dev/hidraw11
26035 |Info:    Profile loading: FAILED! for Corsair Commander Core @ HID: /dev/hidraw5
26035 |Info:    Profile loading: Succeeded for Glorious Model D / D- @ HID: /dev/hidraw1
26035 |Info:    Profile loading: FAILED! for MSI MPG Z390 GAMING EDGE AC (MS-7B17) @ HID: /dev/hidraw10
26409 |Info:    Profile loading: Succeeded for Corsair Lighting Node Core @ HID: /dev/hidraw11
26410 |Info:    Profile loading: FAILED! for Corsair Commander Core @ HID: /dev/hidraw5
26410 |Info:    Profile loading: Succeeded for Glorious Model D / D- @ HID: /dev/hidraw1
26410 |Info:    Profile loading: FAILED! for MSI MPG Z390 GAMING EDGE AC (MS-7B17) @ HID: /dev/hidraw10
26625 |Info:    Profile loading: Succeeded for Corsair Lighting Node Core @ HID: /dev/hidraw11
26625 |Info:    Profile loading: FAILED! for Corsair Commander Core @ HID: /dev/hidraw5
26625 |Info:    Profile loading: Succeeded for Glorious Model D / D- @ HID: /dev/hidraw1
26625 |Info:    Profile loading: FAILED! for MSI MPG Z390 GAMING EDGE AC (MS-7B17) @ HID: /dev/hidraw10
26814 |Info:    Profile loading: Succeeded for Corsair Lighting Node Core @ HID: /dev/hidraw11
26814 |Info:    Profile loading: FAILED! for Corsair Commander Core @ HID: /dev/hidraw5
26814 |Info:    Profile loading: Succeeded for Glorious Model D / D- @ HID: /dev/hidraw1
26814 |Info:    Profile loading: FAILED! for MSI MPG Z390 GAMING EDGE AC (MS-7B17) @ HID: /dev/hidraw10
58892 |Info:    Profile loading: Succeeded for Corsair Lighting Node Core @ HID: /dev/hidraw11
58892 |Info:    Profile loading: FAILED! for Corsair Commander Core @ HID: /dev/hidraw5
58892 |Info:    Profile loading: Succeeded for Glorious Model D / D- @ HID: /dev/hidraw1
58892 |Info:    Profile loading: FAILED! for MSI MPG Z390 GAMING EDGE AC (MS-7B17) @ HID: /dev/hidraw10
60037 |Info:    Profile loading: Succeeded for Corsair Lighting Node Core @ HID: /dev/hidraw11
60037 |Info:    Profile loading: FAILED! for Corsair Commander Core @ HID: /dev/hidraw5
60037 |Info:    Profile loading: Succeeded for Glorious Model D / D- @ HID: /dev/hidraw1
60037 |Info:    Profile loading: FAILED! for MSI MPG Z390 GAMING EDGE AC (MS-7B17) @ HID: /dev/hidraw10
65751 |Info:    Profile loading: Succeeded for Corsair Lighting Node Core @ HID: /dev/hidraw11
65751 |Info:    Profile loading: FAILED! for Corsair Commander Core @ HID: /dev/hidraw5
65751 |Info:    Profile loading: Succeeded for Glorious Model D / D- @ HID: /dev/hidraw1
65751 |Info:    Profile loading: FAILED! for MSI MPG Z390 GAMING EDGE AC (MS-7B17) @ HID: /dev/hidraw10
76286 |Info:    Profile loading: Succeeded for Corsair Lighting Node Core @ HID: /dev/hidraw11
76286 |Info:    Profile loading: FAILED! for Corsair Commander Core @ HID: /dev/hidraw5
76286 |Info:    Profile loading: Succeeded for Glorious Model D / D- @ HID: /dev/hidraw1
76286 |Info:    Profile loading: FAILED! for MSI MPG Z390 GAMING EDGE AC (MS-7B17) @ HID: /dev/hidraw10
76767 |Info:    Profile loading: Succeeded for Corsair Lighting Node Core @ HID: /dev/hidraw11
76767 |Info:    Profile loading: FAILED! for Corsair Commander Core @ HID: /dev/hidraw5
76767 |Info:    Profile loading: Succeeded for Glorious Model D / D- @ HID: /dev/hidraw1
76774 |Info:    Profile loading: FAILED! for MSI MPG Z390 GAMING EDGE AC (MS-7B17) @ HID: /dev/hidraw10
77067 |Info:    Profile loading: Succeeded for Corsair Lighting Node Core @ HID: /dev/hidraw11
77067 |Info:    Profile loading: FAILED! for Corsair Commander Core @ HID: /dev/hidraw5
77067 |Info:    Profile loading: Succeeded for Glorious Model D / D- @ HID: /dev/hidraw1
77067 |Info:    Profile loading: FAILED! for MSI MPG Z390 GAMING EDGE AC (MS-7B17) @ HID: /dev/hidraw10
77323 |Info:    Profile loading: Succeeded for Corsair Lighting Node Core @ HID: /dev/hidraw11
77323 |Info:    Profile loading: FAILED! for Corsair Commander Core @ HID: /dev/hidraw5
77323 |Info:    Profile loading: Succeeded for Glorious Model D / D- @ HID: /dev/hidraw1
77323 |Info:    Profile loading: FAILED! for MSI MPG Z390 GAMING EDGE AC (MS-7B17) @ HID: /dev/hidraw10
77629 |Info:    Profile loading: Succeeded for Corsair Lighting Node Core @ HID: /dev/hidraw11
77629 |Info:    Profile loading: FAILED! for Corsair Commander Core @ HID: /dev/hidraw5
77629 |Info:    Profile loading: Succeeded for Glorious Model D / D- @ HID: /dev/hidraw1
77629 |Info:    Profile loading: FAILED! for MSI MPG Z390 GAMING EDGE AC (MS-7B17) @ HID: /dev/hidraw10
