    OpenRGB v0.9
    Commit:  from 
    Launched: 20240129_185352
====================================================================================================

12    |Info:    Found file: Dracula.orp attempting to validate header
17    |Info:    Valid v4 profile found for Dracula
1021  |Info:    ------------------------------------------------------
1021  |Info:    |               Start device detection               |
1021  |Info:    ------------------------------------------------------
1021  |Info:    Initializing HID interfaces: Success
1022  |Info:    ------------------------------------------------------
1022  |Info:    |             Detecting I2C interfaces               |
1022  |Info:    ------------------------------------------------------
1022  |Info:    Registering I2C interface: /dev/i2c-3 Device 1002:744C Subsystem: 1DA2:E471
1022  |Info:    Registering I2C interface: /dev/i2c-1 Device 1002:744C Subsystem: 1DA2:E471
1022  |Info:    Registering I2C interface: /dev/i2c-8 Device 8086:A323 Subsystem: 1462:7B17
1022  |Warning: [i2c_smbus_linux] Failed to read i2c device PCI device ID
1022  |Info:    Registering I2C interface: /dev/i2c-6 Device 0000:0000 Subsystem: 0000:0000
1022  |Info:    Registering I2C interface: /dev/i2c-4 Device 1002:744C Subsystem: 1DA2:E471
1022  |Info:    Registering I2C interface: /dev/i2c-2 Device 1002:744C Subsystem: 1DA2:E471
1022  |Info:    Registering I2C interface: /dev/i2c-0 Device 1002:744C Subsystem: 1DA2:E471
1022  |Warning: [i2c_smbus_linux] Failed to read i2c device PCI device ID
1022  |Info:    Registering I2C interface: /dev/i2c-7 Device 0000:0000 Subsystem: 0000:0000
1022  |Info:    Registering I2C interface: /dev/i2c-5 Device 1002:744C Subsystem: 1DA2:E471
1022  |Info:    ------------------------------------------------------
1022  |Info:    |               Detecting I2C devices                |
1022  |Info:    ------------------------------------------------------
1369  |Info:    ------------------------------------------------------
1369  |Info:    |               Detecting I2C PCI devices            |
1369  |Info:    ------------------------------------------------------
1392  |Info:    ------------------------------------------------------
1392  |Info:    |               Detecting HID devices                |
1392  |Info:    ------------------------------------------------------
1445  |Info:    [Corsair Lighting Node Core] Registering RGB controller
1583  |Info:    [Corsair Commander Core] Registering RGB controller
1586  |Info:    [Glorious Model D / D-] Registering RGB controller
1837  |Info:    [MSI MPG Z390 GAMING EDGE AC (MS-7B17)] Registering RGB controller
1837  |Info:    ------------------------------------------------------
1837  |Info:    |            Detecting libusb HID devices            |
1837  |Info:    ------------------------------------------------------
1853  |Info:    ------------------------------------------------------
1853  |Info:    |              Detecting other devices               |
1853  |Info:    ------------------------------------------------------
1854  |Info:    ------------------------------------------------------
1854  |Info:    |                Detection completed                 |
1854  |Info:    ------------------------------------------------------
1854  |Info:    Profile loading: Succeeded for Corsair Lighting Node Core @ HID: /dev/hidraw10
1854  |Info:    Profile loading: Succeeded for Corsair Commander Core @ HID: /dev/hidraw5
1854  |Info:    Profile loading: Succeeded for Glorious Model D / D- @ HID: /dev/hidraw1
1854  |Info:    Profile loading: Succeeded for MSI MPG Z390 GAMING EDGE AC (MS-7B17) @ HID: /dev/hidraw9
