    OpenRGB v0.7
    Commit:  from 
    Launched: 20221209_004329
====================================================================================================

0     |Info:    Found file: Dracula.orp attempting to validate header
0     |Info:    Valid v3 profile found for Dracula
1001  |Info:    ------------------------------------------------------
1001  |Info:    |               Start device detection               |
1001  |Info:    ------------------------------------------------------
1001  |Info:    Initializing HID interfaces: Success
1001  |Info:    ------------------------------------------------------
1001  |Info:    |             Detecting I2C interfaces               |
1001  |Info:    ------------------------------------------------------
1001  |Info:    Registering I2C interface: /dev/i2c-3 Device 10DE:1E81 Subsystem: 1028:C722
1001  |Info:    Registering I2C interface: /dev/i2c-1 Device 10DE:1E81 Subsystem: 1028:C722
1002  |Info:    Registering I2C interface: /dev/i2c-6 Device 10DE:1E81 Subsystem: 1028:C722
1002  |Info:    Registering I2C interface: /dev/i2c-4 Device 10DE:1E81 Subsystem: 1028:C722
1002  |Info:    Registering I2C interface: /dev/i2c-2 Device 10DE:1E81 Subsystem: 1028:C722
1002  |Info:    Registering I2C interface: /dev/i2c-0 Device 8086:A323 Subsystem: 1462:7B17
1002  |Info:    Registering I2C interface: /dev/i2c-5 Device 10DE:1E81 Subsystem: 1028:C722
1002  |Info:    ------------------------------------------------------
1002  |Info:    |               Detecting I2C devices                |
1002  |Info:    ------------------------------------------------------
1025  |Info:    Loading plugins
1247  |Info:    ------------------------------------------------------
1247  |Info:    |               Detecting HID devices                |
1247  |Info:    ------------------------------------------------------
1303  |Info:    [Corsair Lighting Node Core] Registering RGB controller
1400  |Info:    [Corsair Commander Core] Registering RGB controller
1400  |Info:    [Glorious Model D / D-] Registering RGB controller
1693  |Info:    [MSI MPG Z390 GAMING EDGE AC (MS-7B17)] Registering RGB controller
1693  |Info:    ------------------------------------------------------
1693  |Info:    |              Detecting other devices               |
1693  |Info:    ------------------------------------------------------
1694  |Info:    ------------------------------------------------------
1694  |Info:    |                Detection completed                 |
1694  |Info:    ------------------------------------------------------
