    OpenRGB v0.9
    Commit:  from 
    Launched: 20240217_174628
====================================================================================================

18    |Info:    Found file: Dracula.orp attempting to validate header
19    |Info:    Valid v4 profile found for Dracula
1023  |Info:    ------------------------------------------------------
1023  |Info:    |               Start device detection               |
1023  |Info:    ------------------------------------------------------
1023  |Info:    Initializing HID interfaces: Success
1024  |Info:    ------------------------------------------------------
1024  |Info:    |             Detecting I2C interfaces               |
1024  |Info:    ------------------------------------------------------
1024  |Info:    Registering I2C interface: /dev/i2c-3 Device 1002:744C Subsystem: 1DA2:E471
1024  |Info:    Registering I2C interface: /dev/i2c-1 Device 1002:744C Subsystem: 1DA2:E471
1024  |Info:    Registering I2C interface: /dev/i2c-8 Device 8086:A323 Subsystem: 1462:7B17
1024  |Warning: [i2c_smbus_linux] Failed to read i2c device PCI device ID
1024  |Info:    Registering I2C interface: /dev/i2c-6 Device 0000:0000 Subsystem: 0000:0000
1024  |Info:    Registering I2C interface: /dev/i2c-4 Device 1002:744C Subsystem: 1DA2:E471
1024  |Info:    Registering I2C interface: /dev/i2c-2 Device 1002:744C Subsystem: 1DA2:E471
1024  |Info:    Registering I2C interface: /dev/i2c-0 Device 1002:744C Subsystem: 1DA2:E471
1024  |Warning: [i2c_smbus_linux] Failed to read i2c device PCI device ID
1024  |Info:    Registering I2C interface: /dev/i2c-7 Device 0000:0000 Subsystem: 0000:0000
1024  |Info:    Registering I2C interface: /dev/i2c-5 Device 1002:744C Subsystem: 1DA2:E471
1024  |Info:    ------------------------------------------------------
1024  |Info:    |               Detecting I2C devices                |
1024  |Info:    ------------------------------------------------------
1370  |Info:    ------------------------------------------------------
1370  |Info:    |               Detecting I2C PCI devices            |
1370  |Info:    ------------------------------------------------------
1391  |Info:    ------------------------------------------------------
1391  |Info:    |               Detecting HID devices                |
1391  |Info:    ------------------------------------------------------
1443  |Info:    [Corsair Lighting Node Core] Registering RGB controller
1585  |Info:    [Corsair Commander Core] Registering RGB controller
1588  |Info:    [Glorious Model D / D-] Registering RGB controller
1886  |Info:    [MSI MPG Z390 GAMING EDGE AC (MS-7B17)] Registering RGB controller
1886  |Info:    ------------------------------------------------------
1886  |Info:    |            Detecting libusb HID devices            |
1886  |Info:    ------------------------------------------------------
1903  |Info:    ------------------------------------------------------
1903  |Info:    |              Detecting other devices               |
1903  |Info:    ------------------------------------------------------
1904  |Info:    ------------------------------------------------------
1904  |Info:    |                Detection completed                 |
1904  |Info:    ------------------------------------------------------
1904  |Info:    Profile loading: Succeeded for Corsair Lighting Node Core @ HID: /dev/hidraw6
1904  |Info:    Profile loading: Succeeded for Corsair Commander Core @ HID: /dev/hidraw7
1904  |Info:    Profile loading: Succeeded for Glorious Model D / D- @ HID: /dev/hidraw1
1904  |Info:    Profile loading: Succeeded for MSI MPG Z390 GAMING EDGE AC (MS-7B17) @ HID: /dev/hidraw5
