    OpenRGB v0.81
    Commit: 2cc0c7aad8ef1bf01d2d70abd07d57b44949c65d from 2023-04-07 21:42:15 +1000
    Launched: 20230409_211238
====================================================================================================

0     |Info:    Found file: Dracula.orp attempting to validate header
0     |Info:    Valid v4 profile found for Dracula
1001  |Info:    ------------------------------------------------------
1001  |Info:    |               Start device detection               |
1001  |Info:    ------------------------------------------------------
1001  |Info:    Initializing HID interfaces: Success
1002  |Info:    ------------------------------------------------------
1002  |Info:    |             Detecting I2C interfaces               |
1002  |Info:    ------------------------------------------------------
1002  |Info:    Registering I2C interface: /dev/i2c-3 Device 10DE:1E81 Subsystem: 1028:C722
1002  |Info:    Registering I2C interface: /dev/i2c-1 Device 10DE:1E81 Subsystem: 1028:C722
1002  |Info:    Registering I2C interface: /dev/i2c-6 Device 10DE:1E81 Subsystem: 1028:C722
1002  |Info:    Registering I2C interface: /dev/i2c-4 Device 10DE:1E81 Subsystem: 1028:C722
1002  |Info:    Registering I2C interface: /dev/i2c-2 Device 10DE:1E81 Subsystem: 1028:C722
1002  |Info:    Registering I2C interface: /dev/i2c-0 Device 8086:A323 Subsystem: 1462:7B17
1002  |Info:    Registering I2C interface: /dev/i2c-5 Device 10DE:1E81 Subsystem: 1028:C722
1002  |Info:    ------------------------------------------------------
1002  |Info:    |               Detecting I2C devices                |
1002  |Info:    ------------------------------------------------------
1330  |Info:    ------------------------------------------------------
1330  |Info:    |               Detecting I2C PCI devices            |
1330  |Info:    ------------------------------------------------------
1330  |Info:    ------------------------------------------------------
1330  |Info:    |               Detecting HID devices                |
1330  |Info:    ------------------------------------------------------
1383  |Info:    [Corsair Lighting Node Core] Registering RGB controller
1478  |Info:    [Corsair Commander Core] Registering RGB controller
1480  |Info:    [Glorious Model D / D-] Registering RGB controller
1746  |Info:    [MSI MPG Z390 GAMING EDGE AC (MS-7B17)] Registering RGB controller
1746  |Info:    ------------------------------------------------------
1746  |Info:    |            Detecting libusb HID devices            |
1746  |Info:    ------------------------------------------------------
1766  |Info:    ------------------------------------------------------
1766  |Info:    |              Detecting other devices               |
1766  |Info:    ------------------------------------------------------
1767  |Info:    ------------------------------------------------------
1767  |Info:    |                Detection completed                 |
1767  |Info:    ------------------------------------------------------
