    OpenRGB v0.9
    Commit:  from 
    Launched: 20230720_192344
====================================================================================================

2     |Info:    Found file: Dracula.orp attempting to validate header
2     |Info:    Valid v4 profile found for Dracula
1003  |Info:    ------------------------------------------------------
1003  |Info:    |               Start device detection               |
1003  |Info:    ------------------------------------------------------
1003  |Info:    Initializing HID interfaces: Success
1004  |Info:    ------------------------------------------------------
1004  |Info:    |             Detecting I2C interfaces               |
1004  |Info:    ------------------------------------------------------
1004  |Info:    Registering I2C interface: /dev/i2c-3 Device 10DE:1E81 Subsystem: 1028:C722
1004  |Info:    Registering I2C interface: /dev/i2c-1 Device 10DE:1E81 Subsystem: 1028:C722
1004  |Info:    Registering I2C interface: /dev/i2c-6 Device 10DE:1E81 Subsystem: 1028:C722
1004  |Info:    Registering I2C interface: /dev/i2c-4 Device 10DE:1E81 Subsystem: 1028:C722
1004  |Info:    Registering I2C interface: /dev/i2c-2 Device 10DE:1E81 Subsystem: 1028:C722
1004  |Info:    Registering I2C interface: /dev/i2c-0 Device 8086:A323 Subsystem: 1462:7B17
1004  |Info:    Registering I2C interface: /dev/i2c-5 Device 10DE:1E81 Subsystem: 1028:C722
1004  |Info:    ------------------------------------------------------
1004  |Info:    |               Detecting I2C devices                |
1004  |Info:    ------------------------------------------------------
1321  |Info:    ------------------------------------------------------
1321  |Info:    |               Detecting I2C PCI devices            |
1321  |Info:    ------------------------------------------------------
1322  |Info:    ------------------------------------------------------
1322  |Info:    |               Detecting HID devices                |
1322  |Info:    ------------------------------------------------------
1375  |Info:    [Corsair Lighting Node Core] Registering RGB controller
1470  |Info:    [Corsair Commander Core] Registering RGB controller
1472  |Info:    [Glorious Model D / D-] Registering RGB controller
1730  |Info:    [MSI MPG Z390 GAMING EDGE AC (MS-7B17)] Registering RGB controller
1730  |Info:    ------------------------------------------------------
1730  |Info:    |            Detecting libusb HID devices            |
1730  |Info:    ------------------------------------------------------
1754  |Info:    ------------------------------------------------------
1754  |Info:    |              Detecting other devices               |
1754  |Info:    ------------------------------------------------------
1755  |Info:    ------------------------------------------------------
1755  |Info:    |                Detection completed                 |
1755  |Info:    ------------------------------------------------------
1755  |Info:    Profile loading: Succeeded for Corsair Lighting Node Core @ HID: /dev/hidraw5
1755  |Info:    Profile loading: Succeeded for Corsair Commander Core @ HID: /dev/hidraw6
1755  |Info:    Profile loading: Succeeded for Glorious Model D / D- @ HID: /dev/hidraw1
1755  |Info:    Profile loading: Succeeded for MSI MPG Z390 GAMING EDGE AC (MS-7B17) @ HID: /dev/hidraw10
7327  |ERROR:   [Sinowealth Mouse] Error reading device configuration!
