    OpenRGB v0.8
    Commit:  from 
    Launched: 20230508_013345
====================================================================================================

0     |Info:    Found file: Dracula.orp attempting to validate header
0     |Warning: Profile Dracula.orp isn't valid for current version (v4, expected v3 at most)
1002  |Info:    ------------------------------------------------------
1002  |Info:    |               Start device detection               |
1002  |Info:    ------------------------------------------------------
1002  |Info:    Initializing HID interfaces: Success
1003  |Info:    ------------------------------------------------------
1003  |Info:    |             Detecting I2C interfaces               |
1003  |Info:    ------------------------------------------------------
1003  |Info:    Registering I2C interface: /dev/i2c-3 Device 10DE:1E81 Subsystem: 1028:C722
1003  |Info:    Registering I2C interface: /dev/i2c-1 Device 10DE:1E81 Subsystem: 1028:C722
1003  |Info:    Registering I2C interface: /dev/i2c-6 Device 10DE:1E81 Subsystem: 1028:C722
1003  |Info:    Registering I2C interface: /dev/i2c-4 Device 10DE:1E81 Subsystem: 1028:C722
1003  |Info:    Registering I2C interface: /dev/i2c-2 Device 10DE:1E81 Subsystem: 1028:C722
1003  |Info:    Registering I2C interface: /dev/i2c-0 Device 8086:A323 Subsystem: 1462:7B17
1003  |Info:    Registering I2C interface: /dev/i2c-5 Device 10DE:1E81 Subsystem: 1028:C722
1003  |Info:    ------------------------------------------------------
1003  |Info:    |               Detecting I2C devices                |
1003  |Info:    ------------------------------------------------------
1234  |Info:    ------------------------------------------------------
1234  |Info:    |               Detecting I2C PCI devices            |
1234  |Info:    ------------------------------------------------------
1234  |Info:    ------------------------------------------------------
1234  |Info:    |               Detecting HID devices                |
1234  |Info:    ------------------------------------------------------
1287  |Info:    [Corsair Lighting Node Core] Registering RGB controller
1381  |Info:    [Corsair Commander Core] Registering RGB controller
1383  |Info:    [Glorious Model D / D-] Registering RGB controller
1645  |Info:    [MSI MPG Z390 GAMING EDGE AC (MS-7B17)] Registering RGB controller
1645  |Info:    ------------------------------------------------------
1645  |Info:    |              Detecting other devices               |
1645  |Info:    ------------------------------------------------------
1647  |Info:    ------------------------------------------------------
1647  |Info:    |                Detection completed                 |
1647  |Info:    ------------------------------------------------------
1647  |Info:    Profile loading: FAILED! for Corsair Lighting Node Core @ HID: /dev/hidraw12
1647  |Info:    Profile loading: FAILED! for Corsair Commander Core @ HID: /dev/hidraw5
1647  |Info:    Profile loading: FAILED! for Glorious Model D / D- @ HID: /dev/hidraw1
1647  |Info:    Profile loading: FAILED! for MSI MPG Z390 GAMING EDGE AC (MS-7B17) @ HID: /dev/hidraw10
