    OpenRGB v0.7
    Commit:  from 
    Launched: 20221204_160531
====================================================================================================

0     |Info:    Found file: Dracula.orp attempting to validate header
0     |Info:    Valid v3 profile found for Dracula
1004  |Info:    ------------------------------------------------------
1004  |Info:    |               Start device detection               |
1004  |Info:    ------------------------------------------------------
1004  |Info:    Initializing HID interfaces: Success
1005  |Info:    ------------------------------------------------------
1005  |Info:    |             Detecting I2C interfaces               |
1005  |Info:    ------------------------------------------------------
1005  |Info:    Registering I2C interface: /dev/i2c-3 Device 10DE:1E81 Subsystem: 1028:C722
1005  |Info:    Registering I2C interface: /dev/i2c-1 Device 10DE:1E81 Subsystem: 1028:C722
1005  |Info:    Registering I2C interface: /dev/i2c-6 Device 10DE:1E81 Subsystem: 1028:C722
1005  |Info:    Registering I2C interface: /dev/i2c-4 Device 10DE:1E81 Subsystem: 1028:C722
1005  |Info:    Registering I2C interface: /dev/i2c-2 Device 10DE:1E81 Subsystem: 1028:C722
1005  |Info:    Registering I2C interface: /dev/i2c-0 Device 8086:A323 Subsystem: 1462:7B17
1005  |Info:    Registering I2C interface: /dev/i2c-5 Device 10DE:1E81 Subsystem: 1028:C722
1005  |Info:    ------------------------------------------------------
1005  |Info:    |               Detecting I2C devices                |
1005  |Info:    ------------------------------------------------------
1063  |Info:    Loading plugins
1280  |Info:    ------------------------------------------------------
1280  |Info:    |               Detecting HID devices                |
1280  |Info:    ------------------------------------------------------
1336  |Info:    [Corsair Lighting Node Core] Registering RGB controller
1447  |Info:    [Corsair Commander Core] Registering RGB controller
1447  |Info:    [Glorious Model D / D-] Registering RGB controller
1752  |Info:    [MSI MPG Z390 GAMING EDGE AC (MS-7B17)] Registering RGB controller
1752  |Info:    ------------------------------------------------------
1752  |Info:    |              Detecting other devices               |
1752  |Info:    ------------------------------------------------------
1755  |Info:    ------------------------------------------------------
1755  |Info:    |                Detection completed                 |
1755  |Info:    ------------------------------------------------------
6520  |Info:    Profile loading: Succeeded for Corsair Lighting Node Core @ HID: /dev/hidraw3
6520  |Info:    Profile loading: Succeeded for Corsair Commander Core @ HID: /dev/hidraw7
6520  |Info:    Profile loading: Succeeded for Glorious Model D / D- @ HID: /dev/hidraw1
6520  |Info:    Profile loading: Succeeded for MSI MPG Z390 GAMING EDGE AC (MS-7B17) @ HID: /dev/hidraw2
110120|Info:    Found file: Dracula.orp attempting to validate header
110120|Info:    Valid v3 profile found for Dracula
113736|Info:    Profile loading: Succeeded for Corsair Lighting Node Core @ HID: /dev/hidraw3
113736|Info:    Profile loading: Succeeded for Corsair Commander Core @ HID: /dev/hidraw7
113736|Info:    Profile loading: Succeeded for Glorious Model D / D- @ HID: /dev/hidraw1
113736|Info:    Profile loading: Succeeded for MSI MPG Z390 GAMING EDGE AC (MS-7B17) @ HID: /dev/hidraw2
115232|Info:    Profile loading: Succeeded for Corsair Lighting Node Core @ HID: /dev/hidraw3
115232|Info:    Profile loading: Succeeded for Corsair Commander Core @ HID: /dev/hidraw7
115232|Info:    Profile loading: Succeeded for Glorious Model D / D- @ HID: /dev/hidraw1
115232|Info:    Profile loading: Succeeded for MSI MPG Z390 GAMING EDGE AC (MS-7B17) @ HID: /dev/hidraw2
137567|Info:    Found file: Off.orp attempting to validate header
137567|Info:    Valid v3 profile found for Off
137567|Info:    Found file: Dracula.orp attempting to validate header
137567|Info:    Valid v3 profile found for Dracula
138696|Info:    Profile loading: Succeeded for Corsair Lighting Node Core @ HID: /dev/hidraw3
138696|Info:    Profile loading: Succeeded for Corsair Commander Core @ HID: /dev/hidraw7
138696|Info:    Profile loading: Succeeded for Glorious Model D / D- @ HID: /dev/hidraw1
138696|Info:    Profile loading: Succeeded for MSI MPG Z390 GAMING EDGE AC (MS-7B17) @ HID: /dev/hidraw2
140397|Info:    Profile loading: Succeeded for Corsair Lighting Node Core @ HID: /dev/hidraw3
140397|Info:    Profile loading: Succeeded for Corsair Commander Core @ HID: /dev/hidraw7
140397|Info:    Profile loading: Succeeded for Glorious Model D / D- @ HID: /dev/hidraw1
140397|Info:    Profile loading: Succeeded for MSI MPG Z390 GAMING EDGE AC (MS-7B17) @ HID: /dev/hidraw2
140618|Info:    Profile loading: Succeeded for Corsair Lighting Node Core @ HID: /dev/hidraw3
140618|Info:    Profile loading: Succeeded for Corsair Commander Core @ HID: /dev/hidraw7
140618|Info:    Profile loading: Succeeded for Glorious Model D / D- @ HID: /dev/hidraw1
140618|Info:    Profile loading: Succeeded for MSI MPG Z390 GAMING EDGE AC (MS-7B17) @ HID: /dev/hidraw2
140804|Info:    Profile loading: Succeeded for Corsair Lighting Node Core @ HID: /dev/hidraw3
140804|Info:    Profile loading: Succeeded for Corsair Commander Core @ HID: /dev/hidraw7
140804|Info:    Profile loading: Succeeded for Glorious Model D / D- @ HID: /dev/hidraw1
140804|Info:    Profile loading: Succeeded for MSI MPG Z390 GAMING EDGE AC (MS-7B17) @ HID: /dev/hidraw2
175469|Info:    Profile loading: Succeeded for Corsair Lighting Node Core @ HID: /dev/hidraw3
175469|Info:    Profile loading: Succeeded for Corsair Commander Core @ HID: /dev/hidraw7
175469|Info:    Profile loading: Succeeded for Glorious Model D / D- @ HID: /dev/hidraw1
175469|Info:    Profile loading: Succeeded for MSI MPG Z390 GAMING EDGE AC (MS-7B17) @ HID: /dev/hidraw2
