    OpenRGB v0.81
    Commit: c2c9b3aa995b3c7660708e07acc85576593cf37c from 2022-12-04 00:46:56 +0100
    Launched: 20221204_170159
====================================================================================================

0     |Info:    Found file: Off.orp attempting to validate header
0     |Info:    Valid v3 profile found for Off
0     |Info:    Found file: Dracula.orp attempting to validate header
0     |Info:    Valid v3 profile found for Dracula
1001  |Info:    ------------------------------------------------------
1001  |Info:    |               Start device detection               |
1001  |Info:    ------------------------------------------------------
1001  |Info:    Initializing HID interfaces: Success
1002  |Info:    ------------------------------------------------------
1002  |Info:    |             Detecting I2C interfaces               |
1002  |Info:    ------------------------------------------------------
1002  |Info:    Registering I2C interface: /dev/i2c-3 Device 10DE:1E81 Subsystem: 1028:C722
1002  |Info:    Registering I2C interface: /dev/i2c-1 Device 10DE:1E81 Subsystem: 1028:C722
1002  |Info:    Registering I2C interface: /dev/i2c-6 Device 10DE:1E81 Subsystem: 1028:C722
1002  |Info:    Registering I2C interface: /dev/i2c-4 Device 10DE:1E81 Subsystem: 1028:C722
1002  |Info:    Registering I2C interface: /dev/i2c-2 Device 10DE:1E81 Subsystem: 1028:C722
1002  |Info:    Registering I2C interface: /dev/i2c-0 Device 8086:A323 Subsystem: 1462:7B17
1002  |Info:    Registering I2C interface: /dev/i2c-5 Device 10DE:1E81 Subsystem: 1028:C722
1002  |Info:    ------------------------------------------------------
1002  |Info:    |               Detecting I2C devices                |
1002  |Info:    ------------------------------------------------------
1230  |Info:    ------------------------------------------------------
1230  |Info:    |               Detecting I2C PCI devices            |
1230  |Info:    ------------------------------------------------------
1231  |Info:    ------------------------------------------------------
1231  |Info:    |               Detecting HID devices                |
1231  |Info:    ------------------------------------------------------
1290  |Info:    [Corsair Lighting Node Core] Registering RGB controller
1385  |Info:    [Corsair Commander Core] Registering RGB controller
1387  |Info:    [Glorious Model D / D-] Registering RGB controller
1632  |Info:    [MSI MPG Z390 GAMING EDGE AC (MS-7B17)] Registering RGB controller
1632  |Info:    ------------------------------------------------------
1632  |Info:    |              Detecting other devices               |
1632  |Info:    ------------------------------------------------------
1634  |Info:    ------------------------------------------------------
1634  |Info:    |                Detection completed                 |
1634  |Info:    ------------------------------------------------------
