    OpenRGB v0.9
    Commit:  from 
    Launched: 20231225_190843
====================================================================================================

8     |Info:    Found file: Dracula.orp attempting to validate header
8     |Info:    Valid v4 profile found for Dracula
1009  |Info:    ------------------------------------------------------
1009  |Info:    |               Start device detection               |
1009  |Info:    ------------------------------------------------------
1009  |Info:    Initializing HID interfaces: Success
1010  |Info:    ------------------------------------------------------
1010  |Info:    |             Detecting I2C interfaces               |
1010  |Info:    ------------------------------------------------------
1010  |Info:    Registering I2C interface: /dev/i2c-3 Device 1002:744C Subsystem: 1DA2:E471
1010  |Info:    Registering I2C interface: /dev/i2c-10 Device 8086:3E98 Subsystem: 1462:7B17
1010  |Info:    Registering I2C interface: /dev/i2c-1 Device 1002:744C Subsystem: 1DA2:E471
1010  |Info:    Registering I2C interface: /dev/i2c-8 Device 8086:3E98 Subsystem: 1462:7B17
1010  |Warning: [i2c_smbus_linux] Failed to read i2c device PCI device ID
1010  |Info:    Registering I2C interface: /dev/i2c-6 Device 0000:0000 Subsystem: 0000:0000
1010  |Info:    Registering I2C interface: /dev/i2c-13 Device 8086:A323 Subsystem: 1462:7B17
1010  |Info:    Registering I2C interface: /dev/i2c-4 Device 1002:744C Subsystem: 1DA2:E471
1010  |Info:    Registering I2C interface: /dev/i2c-11 Device 8086:3E98 Subsystem: 1462:7B17
1010  |Info:    Registering I2C interface: /dev/i2c-2 Device 1002:744C Subsystem: 1DA2:E471
1010  |Info:    Registering I2C interface: /dev/i2c-0 Device 1002:744C Subsystem: 1DA2:E471
1010  |Info:    Registering I2C interface: /dev/i2c-9 Device 8086:3E98 Subsystem: 1462:7B17
1010  |Warning: [i2c_smbus_linux] Failed to read i2c device PCI device ID
1010  |Info:    Registering I2C interface: /dev/i2c-7 Device 0000:0000 Subsystem: 0000:0000
1010  |Info:    Registering I2C interface: /dev/i2c-5 Device 1002:744C Subsystem: 1DA2:E471
1010  |Warning: [i2c_smbus_linux] Failed to read i2c device PCI device ID
1010  |Info:    Registering I2C interface: /dev/i2c-12 Device 0000:0000 Subsystem: 0000:0000
1010  |Info:    ------------------------------------------------------
1010  |Info:    |               Detecting I2C devices                |
1010  |Info:    ------------------------------------------------------
1491  |Info:    ------------------------------------------------------
1491  |Info:    |               Detecting I2C PCI devices            |
1491  |Info:    ------------------------------------------------------
1514  |Info:    ------------------------------------------------------
1514  |Info:    |               Detecting HID devices                |
1514  |Info:    ------------------------------------------------------
1567  |Info:    [Corsair Lighting Node Core] Registering RGB controller
1663  |Info:    [Corsair Commander Core] Registering RGB controller
1666  |Info:    [Glorious Model D / D-] Registering RGB controller
1944  |Info:    [MSI MPG Z390 GAMING EDGE AC (MS-7B17)] Registering RGB controller
1944  |Info:    ------------------------------------------------------
1944  |Info:    |            Detecting libusb HID devices            |
1944  |Info:    ------------------------------------------------------
1958  |Info:    ------------------------------------------------------
1958  |Info:    |              Detecting other devices               |
1958  |Info:    ------------------------------------------------------
1959  |Info:    ------------------------------------------------------
1959  |Info:    |                Detection completed                 |
1959  |Info:    ------------------------------------------------------
1959  |Info:    Profile loading: Succeeded for Corsair Lighting Node Core @ HID: /dev/hidraw7
1959  |Info:    Profile loading: Succeeded for Corsair Commander Core @ HID: /dev/hidraw2
1959  |Info:    Profile loading: Succeeded for Glorious Model D / D- @ HID: /dev/hidraw1
1959  |Info:    Profile loading: Succeeded for MSI MPG Z390 GAMING EDGE AC (MS-7B17) @ HID: /dev/hidraw6
