    OpenRGB v0.91
    Commit: acf12dfd5e73d77fd384c52abfab31ccf91ce946 from 2023-12-26 17:17:15 -0600
    Launched: 20231228_234358
====================================================================================================

7     |Info:    Found file: Dracula.orp attempting to validate header
7     |Info:    Valid v4 profile found for Dracula
1008  |Info:    ------------------------------------------------------
1008  |Info:    |               Start device detection               |
1008  |Info:    ------------------------------------------------------
1009  |Info:    Initializing HID interfaces: Success
1009  |Info:    ------------------------------------------------------
1009  |Info:    |             Detecting I2C interfaces               |
1009  |Info:    ------------------------------------------------------
1009  |Info:    Registering I2C interface: /dev/i2c-3 Device 1002:744C Subsystem: 1DA2:E471
1009  |Info:    Registering I2C interface: /dev/i2c-1 Device 1002:744C Subsystem: 1DA2:E471
1009  |Info:    Registering I2C interface: /dev/i2c-8 Device 8086:A323 Subsystem: 1462:7B17
1009  |Warning: [i2c_smbus_linux] Failed to read i2c device PCI device ID
1009  |Info:    Registering I2C interface: /dev/i2c-6 Device 0000:0000 Subsystem: 0000:0000
1010  |Info:    Registering I2C interface: /dev/i2c-4 Device 1002:744C Subsystem: 1DA2:E471
1010  |Info:    Registering I2C interface: /dev/i2c-2 Device 1002:744C Subsystem: 1DA2:E471
1010  |Info:    Registering I2C interface: /dev/i2c-0 Device 1002:744C Subsystem: 1DA2:E471
1010  |Warning: [i2c_smbus_linux] Failed to read i2c device PCI device ID
1010  |Info:    Registering I2C interface: /dev/i2c-7 Device 0000:0000 Subsystem: 0000:0000
1010  |Info:    Registering I2C interface: /dev/i2c-5 Device 1002:744C Subsystem: 1DA2:E471
1010  |Info:    ------------------------------------------------------
1010  |Info:    |               Detecting I2C devices                |
1010  |Info:    ------------------------------------------------------
1363  |Info:    ------------------------------------------------------
1363  |Info:    |               Detecting I2C PCI devices            |
1363  |Info:    ------------------------------------------------------
1385  |Info:    ------------------------------------------------------
1385  |Info:    |               Detecting HID devices                |
1385  |Info:    ------------------------------------------------------
1438  |Info:    [Corsair Lighting Node Core] Registering RGB controller
1555  |Info:    [Corsair Commander Core] Registering RGB controller
1557  |Info:    [Glorious Model D / D-] Registering RGB controller
1835  |Info:    [MSI MPG Z390 GAMING EDGE AC (MS-7B17)] Registering RGB controller
1835  |Info:    ------------------------------------------------------
1835  |Info:    |            Detecting libusb HID devices            |
1835  |Info:    ------------------------------------------------------
1849  |Info:    ------------------------------------------------------
1849  |Info:    |              Detecting other devices               |
1849  |Info:    ------------------------------------------------------
1850  |Info:    ------------------------------------------------------
1850  |Info:    |                Detection completed                 |
1850  |Info:    ------------------------------------------------------
11145 |Info:    Profile loading: Succeeded for Corsair Lighting Node Core @ HID: /dev/hidraw10
11145 |Info:    Profile loading: Succeeded for Corsair Commander Core @ HID: /dev/hidraw5
11145 |Info:    Profile loading: Succeeded for Glorious Model D / D- @ HID: /dev/hidraw8
11145 |Info:    Profile loading: Succeeded for MSI MPG Z390 GAMING EDGE AC (MS-7B17) @ HID: /dev/hidraw9
159882|Info:    Profile loading: Succeeded for Corsair Lighting Node Core @ HID: /dev/hidraw10
159882|Info:    Profile loading: Succeeded for Corsair Commander Core @ HID: /dev/hidraw5
159882|Info:    Profile loading: Succeeded for Glorious Model D / D- @ HID: /dev/hidraw8
159882|Info:    Profile loading: Succeeded for MSI MPG Z390 GAMING EDGE AC (MS-7B17) @ HID: /dev/hidraw9
160113|Info:    Profile loading: Succeeded for Corsair Lighting Node Core @ HID: /dev/hidraw10
160113|Info:    Profile loading: Succeeded for Corsair Commander Core @ HID: /dev/hidraw5
160113|Info:    Profile loading: Succeeded for Glorious Model D / D- @ HID: /dev/hidraw8
160113|Info:    Profile loading: Succeeded for MSI MPG Z390 GAMING EDGE AC (MS-7B17) @ HID: /dev/hidraw9
160288|Info:    Profile loading: Succeeded for Corsair Lighting Node Core @ HID: /dev/hidraw10
160288|Info:    Profile loading: Succeeded for Corsair Commander Core @ HID: /dev/hidraw5
160288|Info:    Profile loading: Succeeded for Glorious Model D / D- @ HID: /dev/hidraw8
160288|Info:    Profile loading: Succeeded for MSI MPG Z390 GAMING EDGE AC (MS-7B17) @ HID: /dev/hidraw9
160484|Info:    Profile loading: Succeeded for Corsair Lighting Node Core @ HID: /dev/hidraw10
160484|Info:    Profile loading: Succeeded for Corsair Commander Core @ HID: /dev/hidraw5
160484|Info:    Profile loading: Succeeded for Glorious Model D / D- @ HID: /dev/hidraw8
160484|Info:    Profile loading: Succeeded for MSI MPG Z390 GAMING EDGE AC (MS-7B17) @ HID: /dev/hidraw9
160639|Info:    Profile loading: Succeeded for Corsair Lighting Node Core @ HID: /dev/hidraw10
160639|Info:    Profile loading: Succeeded for Corsair Commander Core @ HID: /dev/hidraw5
160639|Info:    Profile loading: Succeeded for Glorious Model D / D- @ HID: /dev/hidraw8
160639|Info:    Profile loading: Succeeded for MSI MPG Z390 GAMING EDGE AC (MS-7B17) @ HID: /dev/hidraw9
160849|Info:    Profile loading: Succeeded for Corsair Lighting Node Core @ HID: /dev/hidraw10
160849|Info:    Profile loading: Succeeded for Corsair Commander Core @ HID: /dev/hidraw5
160849|Info:    Profile loading: Succeeded for Glorious Model D / D- @ HID: /dev/hidraw8
160849|Info:    Profile loading: Succeeded for MSI MPG Z390 GAMING EDGE AC (MS-7B17) @ HID: /dev/hidraw9
162675|Info:    Profile loading: Succeeded for Corsair Lighting Node Core @ HID: /dev/hidraw10
162675|Info:    Profile loading: Succeeded for Corsair Commander Core @ HID: /dev/hidraw5
162675|Info:    Profile loading: Succeeded for Glorious Model D / D- @ HID: /dev/hidraw8
162675|Info:    Profile loading: Succeeded for MSI MPG Z390 GAMING EDGE AC (MS-7B17) @ HID: /dev/hidraw9
252859|Info:    Profile loading: Succeeded for Corsair Lighting Node Core @ HID: /dev/hidraw10
252859|Info:    Profile loading: Succeeded for Corsair Commander Core @ HID: /dev/hidraw5
252859|Info:    Profile loading: Succeeded for Glorious Model D / D- @ HID: /dev/hidraw8
252859|Info:    Profile loading: Succeeded for MSI MPG Z390 GAMING EDGE AC (MS-7B17) @ HID: /dev/hidraw9
253084|Info:    Profile loading: Succeeded for Corsair Lighting Node Core @ HID: /dev/hidraw10
253084|Info:    Profile loading: Succeeded for Corsair Commander Core @ HID: /dev/hidraw5
253084|Info:    Profile loading: Succeeded for Glorious Model D / D- @ HID: /dev/hidraw8
253084|Info:    Profile loading: Succeeded for MSI MPG Z390 GAMING EDGE AC (MS-7B17) @ HID: /dev/hidraw9
