    OpenRGB v0.71
    Commit: dbad6ce90d8ff80d6fcc05a0d8d0458e0cc591f5 from 2022-10-15 09:10:26 +1100
    Launched: 20221016_171307
====================================================================================================

1004  |Info:    ------------------------------------------------------
1004  |Info:    |               Start device detection               |
1004  |Info:    ------------------------------------------------------
1004  |Info:    Initializing HID interfaces: Success
1004  |Info:    ------------------------------------------------------
1004  |Info:    |             Detecting I2C interfaces               |
1004  |Info:    ------------------------------------------------------
1004  |Info:    Registering I2C interface: /dev/i2c-3 Device 10DE:1E81 Subsystem: 1028:C722
1004  |Info:    Registering I2C interface: /dev/i2c-1 Device 10DE:1E81 Subsystem: 1028:C722
1004  |Info:    Registering I2C interface: /dev/i2c-6 Device 10DE:1E81 Subsystem: 1028:C722
1004  |Info:    Registering I2C interface: /dev/i2c-4 Device 10DE:1E81 Subsystem: 1028:C722
1004  |Info:    Registering I2C interface: /dev/i2c-2 Device 10DE:1E81 Subsystem: 1028:C722
1005  |Info:    Registering I2C interface: /dev/i2c-0 Device 8086:A323 Subsystem: 1462:7B17
1005  |Info:    Registering I2C interface: /dev/i2c-5 Device 10DE:1E81 Subsystem: 1028:C722
1005  |Info:    ------------------------------------------------------
1005  |Info:    |               Detecting I2C devices                |
1005  |Info:    ------------------------------------------------------
1036  |Info:    [PluginManager] Scanning plugin directory: /home/ryan/.config/OpenRGB/plugins
1036  |Info:    [PluginManager] Scanning plugin directory: /usr/lib64/OpenRGB/plugins
1242  |Info:    ------------------------------------------------------
1242  |Info:    |               Detecting I2C PCI devices            |
1242  |Info:    ------------------------------------------------------
1243  |Info:    ------------------------------------------------------
1243  |Info:    |               Detecting HID devices                |
1243  |Info:    ------------------------------------------------------
1243  |Info:    ------------------------------------------------------
1243  |Info:    |              Detecting other devices               |
1243  |Info:    ------------------------------------------------------
1245  |Info:    ------------------------------------------------------
1245  |Info:    |                Detection completed                 |
1245  |Info:    ------------------------------------------------------
3493  |Info:    ------------------------------------------------------
3493  |Info:    |               Start device detection               |
3493  |Info:    ------------------------------------------------------
3493  |Info:    Initializing HID interfaces: Success
3493  |Info:    ------------------------------------------------------
3493  |Info:    |             Detecting I2C interfaces               |
3493  |Info:    ------------------------------------------------------
3493  |Info:    Registering I2C interface: /dev/i2c-3 Device 10DE:1E81 Subsystem: 1028:C722
3493  |Info:    Registering I2C interface: /dev/i2c-1 Device 10DE:1E81 Subsystem: 1028:C722
3493  |Info:    Registering I2C interface: /dev/i2c-6 Device 10DE:1E81 Subsystem: 1028:C722
3493  |Info:    Registering I2C interface: /dev/i2c-4 Device 10DE:1E81 Subsystem: 1028:C722
3493  |Info:    Registering I2C interface: /dev/i2c-2 Device 10DE:1E81 Subsystem: 1028:C722
3493  |Info:    Registering I2C interface: /dev/i2c-0 Device 8086:A323 Subsystem: 1462:7B17
3493  |Info:    Registering I2C interface: /dev/i2c-5 Device 10DE:1E81 Subsystem: 1028:C722
3493  |Info:    ------------------------------------------------------
3493  |Info:    |               Detecting I2C devices                |
3493  |Info:    ------------------------------------------------------
3723  |Info:    ------------------------------------------------------
3723  |Info:    |               Detecting I2C PCI devices            |
3723  |Info:    ------------------------------------------------------
3724  |Info:    ------------------------------------------------------
3724  |Info:    |               Detecting HID devices                |
3724  |Info:    ------------------------------------------------------
3724  |Info:    ------------------------------------------------------
3724  |Info:    |              Detecting other devices               |
3724  |Info:    ------------------------------------------------------
3724  |Info:    ------------------------------------------------------
3724  |Info:    |                Detection completed                 |
3724  |Info:    ------------------------------------------------------
9761  |Info:    ------------------------------------------------------
9761  |Info:    |               Start device detection               |
9761  |Info:    ------------------------------------------------------
9761  |Info:    Initializing HID interfaces: Success
9761  |Info:    ------------------------------------------------------
9761  |Info:    |             Detecting I2C interfaces               |
9761  |Info:    ------------------------------------------------------
9761  |Info:    Registering I2C interface: /dev/i2c-3 Device 10DE:1E81 Subsystem: 1028:C722
9761  |Info:    Registering I2C interface: /dev/i2c-1 Device 10DE:1E81 Subsystem: 1028:C722
9761  |Info:    Registering I2C interface: /dev/i2c-6 Device 10DE:1E81 Subsystem: 1028:C722
9761  |Info:    Registering I2C interface: /dev/i2c-4 Device 10DE:1E81 Subsystem: 1028:C722
9761  |Info:    Registering I2C interface: /dev/i2c-2 Device 10DE:1E81 Subsystem: 1028:C722
9761  |Info:    Registering I2C interface: /dev/i2c-0 Device 8086:A323 Subsystem: 1462:7B17
9761  |Info:    Registering I2C interface: /dev/i2c-5 Device 10DE:1E81 Subsystem: 1028:C722
9761  |Info:    ------------------------------------------------------
9761  |Info:    |               Detecting I2C devices                |
9761  |Info:    ------------------------------------------------------
9993  |Info:    ------------------------------------------------------
9993  |Info:    |               Detecting I2C PCI devices            |
9993  |Info:    ------------------------------------------------------
9994  |Info:    ------------------------------------------------------
9994  |Info:    |               Detecting HID devices                |
9994  |Info:    ------------------------------------------------------
9994  |Info:    ------------------------------------------------------
9994  |Info:    |              Detecting other devices               |
9994  |Info:    ------------------------------------------------------
9994  |Info:    ------------------------------------------------------
9994  |Info:    |                Detection completed                 |
9994  |Info:    ------------------------------------------------------
10642 |Info:    ------------------------------------------------------
10642 |Info:    |               Start device detection               |
10642 |Info:    ------------------------------------------------------
10642 |Info:    Initializing HID interfaces: Success
10642 |Info:    ------------------------------------------------------
10642 |Info:    |             Detecting I2C interfaces               |
10642 |Info:    ------------------------------------------------------
10642 |Info:    Registering I2C interface: /dev/i2c-3 Device 10DE:1E81 Subsystem: 1028:C722
10642 |Info:    Registering I2C interface: /dev/i2c-1 Device 10DE:1E81 Subsystem: 1028:C722
10642 |Info:    Registering I2C interface: /dev/i2c-6 Device 10DE:1E81 Subsystem: 1028:C722
10642 |Info:    Registering I2C interface: /dev/i2c-4 Device 10DE:1E81 Subsystem: 1028:C722
10642 |Info:    Registering I2C interface: /dev/i2c-2 Device 10DE:1E81 Subsystem: 1028:C722
10642 |Info:    Registering I2C interface: /dev/i2c-0 Device 8086:A323 Subsystem: 1462:7B17
10642 |Info:    Registering I2C interface: /dev/i2c-5 Device 10DE:1E81 Subsystem: 1028:C722
10642 |Info:    ------------------------------------------------------
10642 |Info:    |               Detecting I2C devices                |
10642 |Info:    ------------------------------------------------------
10875 |Info:    ------------------------------------------------------
10875 |Info:    |               Detecting I2C PCI devices            |
10875 |Info:    ------------------------------------------------------
10876 |Info:    ------------------------------------------------------
10876 |Info:    |               Detecting HID devices                |
10876 |Info:    ------------------------------------------------------
10876 |Info:    ------------------------------------------------------
10876 |Info:    |              Detecting other devices               |
10876 |Info:    ------------------------------------------------------
10876 |Info:    ------------------------------------------------------
10876 |Info:    |                Detection completed                 |
10876 |Info:    ------------------------------------------------------
11307 |Info:    ------------------------------------------------------
11307 |Info:    |               Start device detection               |
11307 |Info:    ------------------------------------------------------
11308 |Info:    Initializing HID interfaces: Success
11308 |Info:    ------------------------------------------------------
11308 |Info:    |             Detecting I2C interfaces               |
11308 |Info:    ------------------------------------------------------
11308 |Info:    Registering I2C interface: /dev/i2c-3 Device 10DE:1E81 Subsystem: 1028:C722
11308 |Info:    Registering I2C interface: /dev/i2c-1 Device 10DE:1E81 Subsystem: 1028:C722
11308 |Info:    Registering I2C interface: /dev/i2c-6 Device 10DE:1E81 Subsystem: 1028:C722
11308 |Info:    Registering I2C interface: /dev/i2c-4 Device 10DE:1E81 Subsystem: 1028:C722
11308 |Info:    Registering I2C interface: /dev/i2c-2 Device 10DE:1E81 Subsystem: 1028:C722
11308 |Info:    Registering I2C interface: /dev/i2c-0 Device 8086:A323 Subsystem: 1462:7B17
11308 |Info:    Registering I2C interface: /dev/i2c-5 Device 10DE:1E81 Subsystem: 1028:C722
11308 |Info:    ------------------------------------------------------
11308 |Info:    |               Detecting I2C devices                |
11308 |Info:    ------------------------------------------------------
11539 |Info:    ------------------------------------------------------
11540 |Info:    |               Detecting I2C PCI devices            |
11540 |Info:    ------------------------------------------------------
11540 |Info:    ------------------------------------------------------
11540 |Info:    |               Detecting HID devices                |
11540 |Info:    ------------------------------------------------------
11540 |Info:    ------------------------------------------------------
11540 |Info:    |              Detecting other devices               |
11540 |Info:    ------------------------------------------------------
11540 |Info:    ------------------------------------------------------
11540 |Info:    |                Detection completed                 |
11540 |Info:    ------------------------------------------------------
11777 |Info:    ------------------------------------------------------
11777 |Info:    |               Start device detection               |
11777 |Info:    ------------------------------------------------------
11777 |Info:    Initializing HID interfaces: Success
11777 |Info:    ------------------------------------------------------
11777 |Info:    |             Detecting I2C interfaces               |
11777 |Info:    ------------------------------------------------------
11777 |Info:    Registering I2C interface: /dev/i2c-3 Device 10DE:1E81 Subsystem: 1028:C722
11777 |Info:    Registering I2C interface: /dev/i2c-1 Device 10DE:1E81 Subsystem: 1028:C722
11777 |Info:    Registering I2C interface: /dev/i2c-6 Device 10DE:1E81 Subsystem: 1028:C722
11777 |Info:    Registering I2C interface: /dev/i2c-4 Device 10DE:1E81 Subsystem: 1028:C722
11777 |Info:    Registering I2C interface: /dev/i2c-2 Device 10DE:1E81 Subsystem: 1028:C722
11777 |Info:    Registering I2C interface: /dev/i2c-0 Device 8086:A323 Subsystem: 1462:7B17
11778 |Info:    Registering I2C interface: /dev/i2c-5 Device 10DE:1E81 Subsystem: 1028:C722
11778 |Info:    ------------------------------------------------------
11778 |Info:    |               Detecting I2C devices                |
11778 |Info:    ------------------------------------------------------
12010 |Info:    ------------------------------------------------------
12010 |Info:    |               Detecting I2C PCI devices            |
12010 |Info:    ------------------------------------------------------
12011 |Info:    ------------------------------------------------------
12011 |Info:    |               Detecting HID devices                |
12011 |Info:    ------------------------------------------------------
12011 |Info:    ------------------------------------------------------
12011 |Info:    |              Detecting other devices               |
12011 |Info:    ------------------------------------------------------
12011 |Info:    ------------------------------------------------------
12011 |Info:    |                Detection completed                 |
12011 |Info:    ------------------------------------------------------
12183 |Info:    ------------------------------------------------------
12183 |Info:    |               Start device detection               |
12183 |Info:    ------------------------------------------------------
12184 |Info:    Initializing HID interfaces: Success
12184 |Info:    ------------------------------------------------------
12184 |Info:    |             Detecting I2C interfaces               |
12184 |Info:    ------------------------------------------------------
12184 |Info:    Registering I2C interface: /dev/i2c-3 Device 10DE:1E81 Subsystem: 1028:C722
12184 |Info:    Registering I2C interface: /dev/i2c-1 Device 10DE:1E81 Subsystem: 1028:C722
12184 |Info:    Registering I2C interface: /dev/i2c-6 Device 10DE:1E81 Subsystem: 1028:C722
12184 |Info:    Registering I2C interface: /dev/i2c-4 Device 10DE:1E81 Subsystem: 1028:C722
12184 |Info:    Registering I2C interface: /dev/i2c-2 Device 10DE:1E81 Subsystem: 1028:C722
12184 |Info:    Registering I2C interface: /dev/i2c-0 Device 8086:A323 Subsystem: 1462:7B17
12184 |Info:    Registering I2C interface: /dev/i2c-5 Device 10DE:1E81 Subsystem: 1028:C722
12184 |Info:    ------------------------------------------------------
12184 |Info:    |               Detecting I2C devices                |
12184 |Info:    ------------------------------------------------------
12414 |Info:    ------------------------------------------------------
12414 |Info:    |               Detecting I2C PCI devices            |
12414 |Info:    ------------------------------------------------------
12414 |Info:    ------------------------------------------------------
12414 |Info:    |               Detecting HID devices                |
12414 |Info:    ------------------------------------------------------
12414 |Info:    ------------------------------------------------------
12414 |Info:    |              Detecting other devices               |
12414 |Info:    ------------------------------------------------------
12415 |Info:    ------------------------------------------------------
12415 |Info:    |                Detection completed                 |
12415 |Info:    ------------------------------------------------------
