    OpenRGB v0.9
    Commit:  from 
    Launched: 20240303_134810
====================================================================================================

0     |Info:    Found file: Dracula.orp attempting to validate header
0     |Info:    Valid v4 profile found for Dracula
1001  |Info:    ------------------------------------------------------
1001  |Info:    |               Start device detection               |
1001  |Info:    ------------------------------------------------------
1002  |Info:    Initializing HID interfaces: Success
1002  |Info:    ------------------------------------------------------
1002  |Info:    |             Detecting I2C interfaces               |
1002  |Info:    ------------------------------------------------------
1002  |Info:    Registering I2C interface: /dev/i2c-3 Device 1002:744C Subsystem: 1DA2:E471
1002  |Info:    Registering I2C interface: /dev/i2c-1 Device 1002:744C Subsystem: 1DA2:E471
1002  |Info:    Registering I2C interface: /dev/i2c-8 Device 8086:A323 Subsystem: 1462:7B17
1002  |Warning: [i2c_smbus_linux] Failed to read i2c device PCI device ID
1002  |Info:    Registering I2C interface: /dev/i2c-6 Device 0000:0000 Subsystem: 0000:0000
1002  |Info:    Registering I2C interface: /dev/i2c-4 Device 1002:744C Subsystem: 1DA2:E471
1002  |Info:    Registering I2C interface: /dev/i2c-2 Device 1002:744C Subsystem: 1DA2:E471
1003  |Info:    Registering I2C interface: /dev/i2c-0 Device 1002:744C Subsystem: 1DA2:E471
1003  |Warning: [i2c_smbus_linux] Failed to read i2c device PCI device ID
1003  |Info:    Registering I2C interface: /dev/i2c-7 Device 0000:0000 Subsystem: 0000:0000
1003  |Info:    Registering I2C interface: /dev/i2c-5 Device 1002:744C Subsystem: 1DA2:E471
1003  |Info:    ------------------------------------------------------
1003  |Info:    |               Detecting I2C devices                |
1003  |Info:    ------------------------------------------------------
1353  |Info:    ------------------------------------------------------
1353  |Info:    |               Detecting I2C PCI devices            |
1353  |Info:    ------------------------------------------------------
1375  |Info:    ------------------------------------------------------
1375  |Info:    |               Detecting HID devices                |
1375  |Info:    ------------------------------------------------------
1428  |Info:    [Corsair Lighting Node Core] Registering RGB controller
1540  |Info:    [Corsair Commander Core] Registering RGB controller
1543  |Info:    [Glorious Model D / D-] Registering RGB controller
1800  |Info:    [MSI MPG Z390 GAMING EDGE AC (MS-7B17)] Registering RGB controller
1800  |Info:    ------------------------------------------------------
1800  |Info:    |            Detecting libusb HID devices            |
1800  |Info:    ------------------------------------------------------
1817  |Info:    ------------------------------------------------------
1817  |Info:    |              Detecting other devices               |
1817  |Info:    ------------------------------------------------------
1818  |Info:    ------------------------------------------------------
1818  |Info:    |                Detection completed                 |
1818  |Info:    ------------------------------------------------------
1818  |Info:    Profile loading: Succeeded for Corsair Lighting Node Core @ HID: /dev/hidraw10
1818  |Info:    Profile loading: Succeeded for Corsair Commander Core @ HID: /dev/hidraw5
1818  |Info:    Profile loading: Succeeded for Glorious Model D / D- @ HID: /dev/hidraw1
1818  |Info:    Profile loading: Succeeded for MSI MPG Z390 GAMING EDGE AC (MS-7B17) @ HID: /dev/hidraw9
