    OpenRGB v0.9
    Commit:  from 
    Launched: 20240407_090501
====================================================================================================

1     |Info:    Found file: Dracula.orp attempting to validate header
3     |Info:    Valid v4 profile found for Dracula
1005  |Info:    ------------------------------------------------------
1005  |Info:    |               Start device detection               |
1005  |Info:    ------------------------------------------------------
1005  |Info:    Initializing HID interfaces: Success
1006  |Info:    ------------------------------------------------------
1006  |Info:    |             Detecting I2C interfaces               |
1006  |Info:    ------------------------------------------------------
1006  |Info:    Registering I2C interface: /dev/i2c-3 Device 1002:744C Subsystem: 1DA2:E471
1006  |Info:    Registering I2C interface: /dev/i2c-1 Device 1002:744C Subsystem: 1DA2:E471
1006  |Info:    Registering I2C interface: /dev/i2c-8 Device 8086:A323 Subsystem: 1462:7B17
1006  |Warning: [i2c_smbus_linux] Failed to read i2c device PCI device ID
1006  |Info:    Registering I2C interface: /dev/i2c-6 Device 0000:0000 Subsystem: 0000:0000
1006  |Info:    Registering I2C interface: /dev/i2c-4 Device 1002:744C Subsystem: 1DA2:E471
1006  |Info:    Registering I2C interface: /dev/i2c-2 Device 1002:744C Subsystem: 1DA2:E471
1006  |Info:    Registering I2C interface: /dev/i2c-0 Device 1002:744C Subsystem: 1DA2:E471
1006  |Warning: [i2c_smbus_linux] Failed to read i2c device PCI device ID
1006  |Info:    Registering I2C interface: /dev/i2c-7 Device 0000:0000 Subsystem: 0000:0000
1006  |Info:    Registering I2C interface: /dev/i2c-5 Device 1002:744C Subsystem: 1DA2:E471
1006  |Info:    ------------------------------------------------------
1006  |Info:    |               Detecting I2C devices                |
1006  |Info:    ------------------------------------------------------
1358  |Info:    ------------------------------------------------------
1358  |Info:    |               Detecting I2C PCI devices            |
1358  |Info:    ------------------------------------------------------
1381  |Info:    ------------------------------------------------------
1381  |Info:    |               Detecting HID devices                |
1381  |Info:    ------------------------------------------------------
1433  |Info:    [Corsair Lighting Node Core] Registering RGB controller
1580  |Info:    [Corsair Commander Core] Registering RGB controller
1583  |Info:    [Glorious Model D / D-] Registering RGB controller
1840  |Info:    [MSI MPG Z390 GAMING EDGE AC (MS-7B17)] Registering RGB controller
1840  |Info:    ------------------------------------------------------
1840  |Info:    |            Detecting libusb HID devices            |
1840  |Info:    ------------------------------------------------------
1863  |Info:    ------------------------------------------------------
1863  |Info:    |              Detecting other devices               |
1863  |Info:    ------------------------------------------------------
1864  |Info:    ------------------------------------------------------
1864  |Info:    |                Detection completed                 |
1864  |Info:    ------------------------------------------------------
1864  |Info:    Profile loading: Succeeded for Corsair Lighting Node Core @ HID: /dev/hidraw7
1864  |Info:    Profile loading: Succeeded for Corsair Commander Core @ HID: /dev/hidraw3
1864  |Info:    Profile loading: Succeeded for Glorious Model D / D- @ HID: /dev/hidraw1
1864  |Info:    Profile loading: Succeeded for MSI MPG Z390 GAMING EDGE AC (MS-7B17) @ HID: /dev/hidraw6
