    OpenRGB v0.81
    Commit: 780b0365fb5f644cfda0619762a1dc963ced8091 from 2023-06-09 04:05:02 +0000
    Launched: 20230609_120354
====================================================================================================

0     |Info:    Found file: Dracula.orp attempting to validate header
0     |Info:    Valid v4 profile found for Dracula
1010  |Info:    Saving detector settings
1011  |Info:    ------------------------------------------------------
1011  |Info:    |               Start device detection               |
1011  |Info:    ------------------------------------------------------
1011  |Info:    Initializing HID interfaces: Success
1012  |Info:    ------------------------------------------------------
1012  |Info:    |             Detecting I2C interfaces               |
1012  |Info:    ------------------------------------------------------
1012  |Info:    Registering I2C interface: /dev/i2c-3 Device 10DE:1E81 Subsystem: 1028:C722
1012  |Info:    Registering I2C interface: /dev/i2c-1 Device 10DE:1E81 Subsystem: 1028:C722
1012  |Info:    Registering I2C interface: /dev/i2c-6 Device 10DE:1E81 Subsystem: 1028:C722
1012  |Info:    Registering I2C interface: /dev/i2c-4 Device 10DE:1E81 Subsystem: 1028:C722
1012  |Info:    Registering I2C interface: /dev/i2c-2 Device 10DE:1E81 Subsystem: 1028:C722
1012  |Info:    Registering I2C interface: /dev/i2c-0 Device 8086:A323 Subsystem: 1462:7B17
1012  |Info:    Registering I2C interface: /dev/i2c-5 Device 10DE:1E81 Subsystem: 1028:C722
1012  |Info:    ------------------------------------------------------
1012  |Info:    |               Detecting I2C devices                |
1012  |Info:    ------------------------------------------------------
1328  |Info:    ------------------------------------------------------
1328  |Info:    |               Detecting I2C PCI devices            |
1328  |Info:    ------------------------------------------------------
1329  |Info:    ------------------------------------------------------
1329  |Info:    |               Detecting HID devices                |
1329  |Info:    ------------------------------------------------------
1382  |Info:    [Corsair Lighting Node Core] Registering RGB controller
1477  |Info:    [Corsair Commander Core] Registering RGB controller
1479  |Info:    [Glorious Model D / D-] Registering RGB controller
1764  |Info:    [MSI MPG Z390 GAMING EDGE AC (MS-7B17)] Registering RGB controller
1764  |Info:    ------------------------------------------------------
1764  |Info:    |            Detecting libusb HID devices            |
1764  |Info:    ------------------------------------------------------
1789  |Info:    ------------------------------------------------------
1789  |Info:    |              Detecting other devices               |
1789  |Info:    ------------------------------------------------------
1791  |Info:    ------------------------------------------------------
1791  |Info:    |                Detection completed                 |
1791  |Info:    ------------------------------------------------------
1791  |Info:    Profile loading: Succeeded for Corsair Lighting Node Core @ HID: /dev/hidraw12
1791  |Info:    Profile loading: Succeeded for Corsair Commander Core @ HID: /dev/hidraw5
1791  |Info:    Profile loading: Succeeded for Glorious Model D / D- @ HID: /dev/hidraw1
1791  |Info:    Profile loading: Succeeded for MSI MPG Z390 GAMING EDGE AC (MS-7B17) @ HID: /dev/hidraw10
