    OpenRGB v0.7
    Commit:  from 
    Launched: 20221126_222759
====================================================================================================

1001  |Info:    ------------------------------------------------------
1001  |Info:    |               Start device detection               |
1001  |Info:    ------------------------------------------------------
1001  |Info:    Initializing HID interfaces: Success
1001  |Info:    ------------------------------------------------------
1001  |Info:    |             Detecting I2C interfaces               |
1001  |Info:    ------------------------------------------------------
1002  |Info:    Registering I2C interface: /dev/i2c-3 Device 10DE:1E81 Subsystem: 1028:C722
1002  |Info:    Registering I2C interface: /dev/i2c-1 Device 10DE:1E81 Subsystem: 1028:C722
1002  |Info:    Registering I2C interface: /dev/i2c-6 Device 10DE:1E81 Subsystem: 1028:C722
1002  |Info:    Registering I2C interface: /dev/i2c-4 Device 10DE:1E81 Subsystem: 1028:C722
1002  |Info:    Registering I2C interface: /dev/i2c-2 Device 10DE:1E81 Subsystem: 1028:C722
1002  |Info:    Registering I2C interface: /dev/i2c-0 Device 8086:A323 Subsystem: 1462:7B17
1002  |Info:    Registering I2C interface: /dev/i2c-5 Device 10DE:1E81 Subsystem: 1028:C722
1002  |Info:    ------------------------------------------------------
1002  |Info:    |               Detecting I2C devices                |
1002  |Info:    ------------------------------------------------------
1024  |Info:    Loading plugins
1254  |Info:    ------------------------------------------------------
1254  |Info:    |               Detecting HID devices                |
1254  |Info:    ------------------------------------------------------
1313  |Info:    [Corsair Lighting Node Core] Registering RGB controller
1425  |Info:    [Corsair Commander Core] Registering RGB controller
1426  |Info:    [Glorious Model D / D-] Registering RGB controller
1703  |Info:    [MSI MPG Z390 GAMING EDGE AC (MS-7B17)] Registering RGB controller
1703  |Info:    ------------------------------------------------------
1703  |Info:    |              Detecting other devices               |
1703  |Info:    ------------------------------------------------------
1704  |Info:    ------------------------------------------------------
1704  |Info:    |                Detection completed                 |
1704  |Info:    ------------------------------------------------------
