    OpenRGB v0.7
    Commit:  from 
    Launched: 20221204_190403
====================================================================================================

0     |Info:    Found file: Off.orp attempting to validate header
0     |Info:    Valid v3 profile found for Off
0     |Info:    Found file: Dracula.orp attempting to validate header
0     |Info:    Valid v3 profile found for Dracula
1004  |Info:    ------------------------------------------------------
1004  |Info:    |               Start device detection               |
1004  |Info:    ------------------------------------------------------
1004  |Info:    Initializing HID interfaces: Success
1005  |Info:    ------------------------------------------------------
1005  |Info:    |             Detecting I2C interfaces               |
1005  |Info:    ------------------------------------------------------
1005  |Info:    Registering I2C interface: /dev/i2c-3 Device 10DE:1E81 Subsystem: 1028:C722
1005  |Info:    Registering I2C interface: /dev/i2c-1 Device 10DE:1E81 Subsystem: 1028:C722
1006  |Info:    Registering I2C interface: /dev/i2c-6 Device 10DE:1E81 Subsystem: 1028:C722
1006  |Info:    Registering I2C interface: /dev/i2c-4 Device 10DE:1E81 Subsystem: 1028:C722
1006  |Info:    Registering I2C interface: /dev/i2c-2 Device 10DE:1E81 Subsystem: 1028:C722
1006  |Info:    Registering I2C interface: /dev/i2c-0 Device 8086:A323 Subsystem: 1462:7B17
1006  |Info:    Registering I2C interface: /dev/i2c-5 Device 10DE:1E81 Subsystem: 1028:C722
1006  |Info:    ------------------------------------------------------
1006  |Info:    |               Detecting I2C devices                |
1006  |Info:    ------------------------------------------------------
1163  |Info:    Loading plugins
1723  |Info:    ------------------------------------------------------
1723  |Info:    |               Detecting HID devices                |
1723  |Info:    ------------------------------------------------------
1779  |Info:    [Corsair Lighting Node Core] Registering RGB controller
1892  |Info:    [Corsair Commander Core] Registering RGB controller
1892  |Info:    [Glorious Model D / D-] Registering RGB controller
2196  |Info:    [MSI MPG Z390 GAMING EDGE AC (MS-7B17)] Registering RGB controller
2196  |Info:    ------------------------------------------------------
2196  |Info:    |              Detecting other devices               |
2196  |Info:    ------------------------------------------------------
2199  |Info:    ------------------------------------------------------
2199  |Info:    |                Detection completed                 |
2199  |Info:    ------------------------------------------------------
6762  |Info:    Profile loading: Succeeded for Corsair Lighting Node Core @ HID: /dev/hidraw3
6762  |Info:    Profile loading: Succeeded for Corsair Commander Core @ HID: /dev/hidraw7
6762  |Info:    Profile loading: Succeeded for Glorious Model D / D- @ HID: /dev/hidraw1
6762  |Info:    Profile loading: Succeeded for MSI MPG Z390 GAMING EDGE AC (MS-7B17) @ HID: /dev/hidraw2
7503  |Info:    Profile loading: Succeeded for Corsair Lighting Node Core @ HID: /dev/hidraw3
7503  |Info:    Profile loading: Succeeded for Corsair Commander Core @ HID: /dev/hidraw7
7503  |Info:    Profile loading: Succeeded for Glorious Model D / D- @ HID: /dev/hidraw1
7503  |Info:    Profile loading: Succeeded for MSI MPG Z390 GAMING EDGE AC (MS-7B17) @ HID: /dev/hidraw2
7693  |Info:    Profile loading: Succeeded for Corsair Lighting Node Core @ HID: /dev/hidraw3
7693  |Info:    Profile loading: Succeeded for Corsair Commander Core @ HID: /dev/hidraw7
7693  |Info:    Profile loading: Succeeded for Glorious Model D / D- @ HID: /dev/hidraw1
7693  |Info:    Profile loading: Succeeded for MSI MPG Z390 GAMING EDGE AC (MS-7B17) @ HID: /dev/hidraw2
7858  |Info:    Profile loading: Succeeded for Corsair Lighting Node Core @ HID: /dev/hidraw3
7858  |Info:    Profile loading: Succeeded for Corsair Commander Core @ HID: /dev/hidraw7
7858  |Info:    Profile loading: Succeeded for Glorious Model D / D- @ HID: /dev/hidraw1
7858  |Info:    Profile loading: Succeeded for MSI MPG Z390 GAMING EDGE AC (MS-7B17) @ HID: /dev/hidraw2
8039  |Info:    Profile loading: Succeeded for Corsair Lighting Node Core @ HID: /dev/hidraw3
8039  |Info:    Profile loading: Succeeded for Corsair Commander Core @ HID: /dev/hidraw7
8039  |Info:    Profile loading: Succeeded for Glorious Model D / D- @ HID: /dev/hidraw1
8039  |Info:    Profile loading: Succeeded for MSI MPG Z390 GAMING EDGE AC (MS-7B17) @ HID: /dev/hidraw2
8260  |Info:    Profile loading: Succeeded for Corsair Lighting Node Core @ HID: /dev/hidraw3
8260  |Info:    Profile loading: Succeeded for Corsair Commander Core @ HID: /dev/hidraw7
8260  |Info:    Profile loading: Succeeded for Glorious Model D / D- @ HID: /dev/hidraw1
8260  |Info:    Profile loading: Succeeded for MSI MPG Z390 GAMING EDGE AC (MS-7B17) @ HID: /dev/hidraw2
