    OpenRGB v0.81
    Commit: e2dbe292a1293be2dc21963293b9e9d84ca1484f from 2023-05-24 21:51:03 +0000
    Launched: 20230528_123018
====================================================================================================

0     |Info:    Found file: Dracula.orp attempting to validate header
0     |Info:    Valid v4 profile found for Dracula
1008  |Info:    Saving detector settings
1009  |Info:    ------------------------------------------------------
1009  |Info:    |               Start device detection               |
1009  |Info:    ------------------------------------------------------
1009  |Info:    Initializing HID interfaces: Success
1010  |Info:    ------------------------------------------------------
1010  |Info:    |             Detecting I2C interfaces               |
1010  |Info:    ------------------------------------------------------
1010  |Info:    Registering I2C interface: /dev/i2c-3 Device 10DE:1E81 Subsystem: 1028:C722
1010  |Info:    Registering I2C interface: /dev/i2c-1 Device 10DE:1E81 Subsystem: 1028:C722
1010  |Info:    Registering I2C interface: /dev/i2c-6 Device 10DE:1E81 Subsystem: 1028:C722
1010  |Info:    Registering I2C interface: /dev/i2c-4 Device 10DE:1E81 Subsystem: 1028:C722
1010  |Info:    Registering I2C interface: /dev/i2c-2 Device 10DE:1E81 Subsystem: 1028:C722
1010  |Info:    Registering I2C interface: /dev/i2c-0 Device 8086:A323 Subsystem: 1462:7B17
1010  |Info:    Registering I2C interface: /dev/i2c-5 Device 10DE:1E81 Subsystem: 1028:C722
1010  |Info:    ------------------------------------------------------
1010  |Info:    |               Detecting I2C devices                |
1010  |Info:    ------------------------------------------------------
1327  |Info:    ------------------------------------------------------
1327  |Info:    |               Detecting I2C PCI devices            |
1327  |Info:    ------------------------------------------------------
1327  |Info:    ------------------------------------------------------
1327  |Info:    |               Detecting HID devices                |
1327  |Info:    ------------------------------------------------------
1380  |Info:    [Corsair Lighting Node Core] Registering RGB controller
1475  |Info:    [Corsair Commander Core] Registering RGB controller
1478  |Info:    [Glorious Model D / D-] Registering RGB controller
1775  |Info:    [MSI MPG Z390 GAMING EDGE AC (MS-7B17)] Registering RGB controller
1775  |Info:    ------------------------------------------------------
1775  |Info:    |            Detecting libusb HID devices            |
1775  |Info:    ------------------------------------------------------
1799  |Info:    ------------------------------------------------------
1799  |Info:    |              Detecting other devices               |
1799  |Info:    ------------------------------------------------------
1801  |Info:    ------------------------------------------------------
1801  |Info:    |                Detection completed                 |
1801  |Info:    ------------------------------------------------------
1801  |Info:    Profile loading: Succeeded for Corsair Lighting Node Core @ HID: /dev/hidraw12
1801  |Info:    Profile loading: Succeeded for Corsair Commander Core @ HID: /dev/hidraw5
1801  |Info:    Profile loading: Succeeded for Glorious Model D / D- @ HID: /dev/hidraw1
1801  |Info:    Profile loading: Succeeded for MSI MPG Z390 GAMING EDGE AC (MS-7B17) @ HID: /dev/hidraw10
