    OpenRGB v0.8
    Commit:  from 
    Launched: 20230320_015626
====================================================================================================

0     |Info:    Found file: Dracula.orp attempting to validate header
0     |Info:    Valid v3 profile found for Dracula
1002  |Info:    ------------------------------------------------------
1002  |Info:    |               Start device detection               |
1002  |Info:    ------------------------------------------------------
1002  |Info:    Initializing HID interfaces: Success
1002  |Info:    ------------------------------------------------------
1002  |Info:    |             Detecting I2C interfaces               |
1002  |Info:    ------------------------------------------------------
1002  |Info:    Registering I2C interface: /dev/i2c-3 Device 10DE:1E81 Subsystem: 1028:C722
1002  |Info:    Registering I2C interface: /dev/i2c-1 Device 10DE:1E81 Subsystem: 1028:C722
1003  |Info:    Registering I2C interface: /dev/i2c-6 Device 10DE:1E81 Subsystem: 1028:C722
1003  |Info:    Registering I2C interface: /dev/i2c-4 Device 10DE:1E81 Subsystem: 1028:C722
1003  |Info:    Registering I2C interface: /dev/i2c-2 Device 10DE:1E81 Subsystem: 1028:C722
1003  |Info:    Registering I2C interface: /dev/i2c-0 Device 8086:A323 Subsystem: 1462:7B17
1003  |Info:    Registering I2C interface: /dev/i2c-5 Device 10DE:1E81 Subsystem: 1028:C722
1003  |Info:    ------------------------------------------------------
1003  |Info:    |               Detecting I2C devices                |
1003  |Info:    ------------------------------------------------------
1232  |Info:    ------------------------------------------------------
1232  |Info:    |               Detecting I2C PCI devices            |
1232  |Info:    ------------------------------------------------------
1232  |Info:    ------------------------------------------------------
1232  |Info:    |               Detecting HID devices                |
1232  |Info:    ------------------------------------------------------
1285  |Info:    [Corsair Lighting Node Core] Registering RGB controller
1381  |Info:    [Corsair Commander Core] Registering RGB controller
1637  |Info:    [MSI MPG Z390 GAMING EDGE AC (MS-7B17)] Registering RGB controller
1637  |Info:    ------------------------------------------------------
1637  |Info:    |              Detecting other devices               |
1637  |Info:    ------------------------------------------------------
1639  |Info:    ------------------------------------------------------
1639  |Info:    |                Detection completed                 |
1639  |Info:    ------------------------------------------------------
1639  |Info:    Profile loading: Succeeded for Corsair Lighting Node Core @ HID: /dev/hidraw11
1639  |Info:    Profile loading: Succeeded for Corsair Commander Core @ HID: /dev/hidraw5
1639  |Info:    Profile loading: Succeeded for MSI MPG Z390 GAMING EDGE AC (MS-7B17) @ HID: /dev/hidraw9
