    OpenRGB v0.8
    Commit:  from 
    Launched: 20230306_193419
====================================================================================================

0     |Info:    Found file: Dracula.orp attempting to validate header
1     |Info:    Valid v3 profile found for Dracula
1012  |Info:    ------------------------------------------------------
1012  |Info:    |               Start device detection               |
1012  |Info:    ------------------------------------------------------
1012  |Info:    Initializing HID interfaces: Success
1013  |Info:    ------------------------------------------------------
1013  |Info:    |             Detecting I2C interfaces               |
1013  |Info:    ------------------------------------------------------
1013  |Info:    Registering I2C interface: /dev/i2c-3 Device 10DE:1E81 Subsystem: 1028:C722
1013  |Info:    Registering I2C interface: /dev/i2c-1 Device 10DE:1E81 Subsystem: 1028:C722
1013  |Info:    Registering I2C interface: /dev/i2c-6 Device 10DE:1E81 Subsystem: 1028:C722
1013  |Info:    Registering I2C interface: /dev/i2c-4 Device 10DE:1E81 Subsystem: 1028:C722
1013  |Info:    Registering I2C interface: /dev/i2c-2 Device 10DE:1E81 Subsystem: 1028:C722
1013  |Info:    Registering I2C interface: /dev/i2c-0 Device 8086:A323 Subsystem: 1462:7B17
1013  |Info:    Registering I2C interface: /dev/i2c-5 Device 10DE:1E81 Subsystem: 1028:C722
1013  |Info:    ------------------------------------------------------
1013  |Info:    |               Detecting I2C devices                |
1013  |Info:    ------------------------------------------------------
1244  |Info:    ------------------------------------------------------
1244  |Info:    |               Detecting I2C PCI devices            |
1244  |Info:    ------------------------------------------------------
1245  |Info:    ------------------------------------------------------
1245  |Info:    |               Detecting HID devices                |
1245  |Info:    ------------------------------------------------------
1299  |Info:    [Corsair Lighting Node Core] Registering RGB controller
1403  |Info:    [Corsair Commander Core] Registering RGB controller
1695  |Info:    [MSI MPG Z390 GAMING EDGE AC (MS-7B17)] Registering RGB controller
1695  |Info:    ------------------------------------------------------
1695  |Info:    |              Detecting other devices               |
1695  |Info:    ------------------------------------------------------
1697  |Info:    ------------------------------------------------------
1697  |Info:    |                Detection completed                 |
1697  |Info:    ------------------------------------------------------
1697  |Info:    Profile loading: Succeeded for Corsair Lighting Node Core @ HID: /dev/hidraw10
1697  |Info:    Profile loading: Succeeded for Corsair Commander Core @ HID: /dev/hidraw5
1697  |Info:    Profile loading: Succeeded for MSI MPG Z390 GAMING EDGE AC (MS-7B17) @ HID: /dev/hidraw9
