    OpenRGB v0.91
    Commit: acf12dfd5e73d77fd384c52abfab31ccf91ce946 from 2023-12-26 17:17:15 -0600
    Launched: 20231229_141433
====================================================================================================

5     |Info:    Found file: Dracula.orp attempting to validate header
8     |Info:    Valid v4 profile found for Dracula
1011  |Info:    ------------------------------------------------------
1011  |Info:    |               Start device detection               |
1011  |Info:    ------------------------------------------------------
1011  |Info:    Initializing HID interfaces: Success
1012  |Info:    ------------------------------------------------------
1012  |Info:    |             Detecting I2C interfaces               |
1012  |Info:    ------------------------------------------------------
1012  |Info:    Registering I2C interface: /dev/i2c-3 Device 1002:744C Subsystem: 1DA2:E471
1012  |Info:    Registering I2C interface: /dev/i2c-1 Device 1002:744C Subsystem: 1DA2:E471
1012  |Info:    Registering I2C interface: /dev/i2c-8 Device 8086:A323 Subsystem: 1462:7B17
1012  |Warning: [i2c_smbus_linux] Failed to read i2c device PCI device ID
1012  |Info:    Registering I2C interface: /dev/i2c-6 Device 0000:0000 Subsystem: 0000:0000
1012  |Info:    Registering I2C interface: /dev/i2c-4 Device 1002:744C Subsystem: 1DA2:E471
1012  |Info:    Registering I2C interface: /dev/i2c-2 Device 1002:744C Subsystem: 1DA2:E471
1012  |Info:    Registering I2C interface: /dev/i2c-0 Device 1002:744C Subsystem: 1DA2:E471
1012  |Warning: [i2c_smbus_linux] Failed to read i2c device PCI device ID
1012  |Info:    Registering I2C interface: /dev/i2c-7 Device 0000:0000 Subsystem: 0000:0000
1012  |Info:    Registering I2C interface: /dev/i2c-5 Device 1002:744C Subsystem: 1DA2:E471
1012  |Info:    ------------------------------------------------------
1012  |Info:    |               Detecting I2C devices                |
1012  |Info:    ------------------------------------------------------
1357  |Info:    ------------------------------------------------------
1357  |Info:    |               Detecting I2C PCI devices            |
1357  |Info:    ------------------------------------------------------
1379  |Info:    ------------------------------------------------------
1379  |Info:    |               Detecting HID devices                |
1379  |Info:    ------------------------------------------------------
1432  |Info:    [Corsair Lighting Node Core] Registering RGB controller
1549  |Info:    [Corsair Commander Core] Registering RGB controller
1551  |Info:    [Glorious Model D / D-] Registering RGB controller
1798  |Info:    [MSI MPG Z390 GAMING EDGE AC (MS-7B17)] Registering RGB controller
1798  |Info:    ------------------------------------------------------
1798  |Info:    |            Detecting libusb HID devices            |
1798  |Info:    ------------------------------------------------------
1818  |Info:    ------------------------------------------------------
1818  |Info:    |              Detecting other devices               |
1818  |Info:    ------------------------------------------------------
1819  |Info:    ------------------------------------------------------
1819  |Info:    |                Detection completed                 |
1819  |Info:    ------------------------------------------------------
1819  |Info:    Profile loading: Succeeded for Corsair Lighting Node Core @ HID: /dev/hidraw11
1819  |Info:    Profile loading: Succeeded for Corsair Commander Core @ HID: /dev/hidraw5
1819  |Info:    Profile loading: Succeeded for Glorious Model D / D- @ HID: /dev/hidraw1
1819  |Info:    Profile loading: Succeeded for MSI MPG Z390 GAMING EDGE AC (MS-7B17) @ HID: /dev/hidraw10
