    OpenRGB v0.91
    Commit: 51712f08b5f5bd4e9184418d8645b1a3ac862766 from 2023-07-12 14:51:47 +0000
    Launched: 20230715_235033
====================================================================================================

0     |Info:    Found file: Dracula.orp attempting to validate header
0     |Info:    Valid v4 profile found for Dracula
1012  |Info:    ------------------------------------------------------
1012  |Info:    |               Start device detection               |
1012  |Info:    ------------------------------------------------------
1012  |Info:    Initializing HID interfaces: Success
1013  |Info:    ------------------------------------------------------
1013  |Info:    |             Detecting I2C interfaces               |
1013  |Info:    ------------------------------------------------------
1013  |Info:    Registering I2C interface: /dev/i2c-3 Device 10DE:1E81 Subsystem: 1028:C722
1013  |Info:    Registering I2C interface: /dev/i2c-1 Device 10DE:1E81 Subsystem: 1028:C722
1013  |Info:    Registering I2C interface: /dev/i2c-6 Device 10DE:1E81 Subsystem: 1028:C722
1013  |Info:    Registering I2C interface: /dev/i2c-4 Device 10DE:1E81 Subsystem: 1028:C722
1013  |Info:    Registering I2C interface: /dev/i2c-2 Device 10DE:1E81 Subsystem: 1028:C722
1013  |Info:    Registering I2C interface: /dev/i2c-0 Device 8086:A323 Subsystem: 1462:7B17
1013  |Info:    Registering I2C interface: /dev/i2c-5 Device 10DE:1E81 Subsystem: 1028:C722
1013  |Info:    ------------------------------------------------------
1013  |Info:    |               Detecting I2C devices                |
1013  |Info:    ------------------------------------------------------
1333  |Info:    ------------------------------------------------------
1333  |Info:    |               Detecting I2C PCI devices            |
1333  |Info:    ------------------------------------------------------
1333  |Info:    ------------------------------------------------------
1333  |Info:    |               Detecting HID devices                |
1333  |Info:    ------------------------------------------------------
1387  |Info:    [Corsair Lighting Node Core] Registering RGB controller
1482  |Info:    [Corsair Commander Core] Registering RGB controller
1484  |Info:    [Glorious Model D / D-] Registering RGB controller
1731  |Info:    [MSI MPG Z390 GAMING EDGE AC (MS-7B17)] Registering RGB controller
1731  |Info:    ------------------------------------------------------
1731  |Info:    |            Detecting libusb HID devices            |
1731  |Info:    ------------------------------------------------------
1764  |Info:    ------------------------------------------------------
1764  |Info:    |              Detecting other devices               |
1764  |Info:    ------------------------------------------------------
1766  |Info:    ------------------------------------------------------
1766  |Info:    |                Detection completed                 |
1766  |Info:    ------------------------------------------------------
1767  |Info:    Profile loading: Succeeded for Corsair Lighting Node Core @ HID: /dev/hidraw12
1767  |Info:    Profile loading: Succeeded for Corsair Commander Core @ HID: /dev/hidraw5
1767  |Info:    Profile loading: Succeeded for Glorious Model D / D- @ HID: /dev/hidraw1
1767  |Info:    Profile loading: Succeeded for MSI MPG Z390 GAMING EDGE AC (MS-7B17) @ HID: /dev/hidraw10
