    OpenRGB v0.9
    Commit:  from 
    Launched: 20231111_140426
====================================================================================================

0     |Info:    Found file: Dracula.orp attempting to validate header
0     |Info:    Valid v4 profile found for Dracula
1002  |Info:    ------------------------------------------------------
1002  |Info:    |               Start device detection               |
1002  |Info:    ------------------------------------------------------
1002  |Info:    Initializing HID interfaces: Success
1003  |Info:    ------------------------------------------------------
1003  |Info:    |             Detecting I2C interfaces               |
1003  |Info:    ------------------------------------------------------
1003  |Info:    Registering I2C interface: /dev/i2c-3 Device 10DE:1E81 Subsystem: 1028:C722
1003  |Info:    Registering I2C interface: /dev/i2c-1 Device 10DE:1E81 Subsystem: 1028:C722
1003  |Info:    Registering I2C interface: /dev/i2c-6 Device 10DE:1E81 Subsystem: 1028:C722
1003  |Info:    Registering I2C interface: /dev/i2c-4 Device 10DE:1E81 Subsystem: 1028:C722
1003  |Info:    Registering I2C interface: /dev/i2c-2 Device 10DE:1E81 Subsystem: 1028:C722
1003  |Info:    Registering I2C interface: /dev/i2c-0 Device 8086:A323 Subsystem: 1462:7B17
1004  |Info:    Registering I2C interface: /dev/i2c-5 Device 10DE:1E81 Subsystem: 1028:C722
1004  |Info:    ------------------------------------------------------
1004  |Info:    |               Detecting I2C devices                |
1004  |Info:    ------------------------------------------------------
1315  |Info:    ------------------------------------------------------
1315  |Info:    |               Detecting I2C PCI devices            |
1315  |Info:    ------------------------------------------------------
1315  |Info:    ------------------------------------------------------
1315  |Info:    |               Detecting HID devices                |
1315  |Info:    ------------------------------------------------------
1373  |Info:    [Corsair Lighting Node Core] Registering RGB controller
1469  |Info:    [Corsair Commander Core] Registering RGB controller
1472  |Info:    [Glorious Model D / D-] Registering RGB controller
1727  |Info:    [MSI MPG Z390 GAMING EDGE AC (MS-7B17)] Registering RGB controller
1727  |Info:    ------------------------------------------------------
1727  |Info:    |            Detecting libusb HID devices            |
1727  |Info:    ------------------------------------------------------
1745  |Info:    ------------------------------------------------------
1745  |Info:    |              Detecting other devices               |
1745  |Info:    ------------------------------------------------------
1746  |Info:    ------------------------------------------------------
1746  |Info:    |                Detection completed                 |
1746  |Info:    ------------------------------------------------------
1747  |Info:    Profile loading: Succeeded for Corsair Lighting Node Core @ HID: /dev/hidraw10
1747  |Info:    Profile loading: Succeeded for Corsair Commander Core @ HID: /dev/hidraw11
1747  |Info:    Profile loading: Succeeded for Glorious Model D / D- @ HID: /dev/hidraw1
1747  |Info:    Profile loading: Succeeded for MSI MPG Z390 GAMING EDGE AC (MS-7B17) @ HID: /dev/hidraw9
