    OpenRGB v0.91
    Commit: acf12dfd5e73d77fd384c52abfab31ccf91ce946 from 2023-12-26 17:17:15 -0600
    Launched: 20231227_104027
====================================================================================================

5     |Info:    Found file: Dracula.orp attempting to validate header
7     |Info:    Valid v4 profile found for Dracula
1011  |Info:    Saving detector settings
1012  |Info:    ------------------------------------------------------
1012  |Info:    |               Start device detection               |
1012  |Info:    ------------------------------------------------------
1012  |Info:    Initializing HID interfaces: Success
1012  |Info:    ------------------------------------------------------
1012  |Info:    |             Detecting I2C interfaces               |
1012  |Info:    ------------------------------------------------------
1012  |Info:    Registering I2C interface: /dev/i2c-3 Device 1002:744C Subsystem: 1DA2:E471
1012  |Info:    Registering I2C interface: /dev/i2c-1 Device 1002:744C Subsystem: 1DA2:E471
1013  |Info:    Registering I2C interface: /dev/i2c-8 Device 8086:A323 Subsystem: 1462:7B17
1013  |Warning: [i2c_smbus_linux] Failed to read i2c device PCI device ID
1013  |Info:    Registering I2C interface: /dev/i2c-6 Device 0000:0000 Subsystem: 0000:0000
1013  |Info:    Registering I2C interface: /dev/i2c-4 Device 1002:744C Subsystem: 1DA2:E471
1013  |Info:    Registering I2C interface: /dev/i2c-2 Device 1002:744C Subsystem: 1DA2:E471
1013  |Info:    Registering I2C interface: /dev/i2c-0 Device 1002:744C Subsystem: 1DA2:E471
1013  |Warning: [i2c_smbus_linux] Failed to read i2c device PCI device ID
1013  |Info:    Registering I2C interface: /dev/i2c-7 Device 0000:0000 Subsystem: 0000:0000
1013  |Info:    Registering I2C interface: /dev/i2c-5 Device 1002:744C Subsystem: 1DA2:E471
1013  |Info:    ------------------------------------------------------
1013  |Info:    |               Detecting I2C devices                |
1013  |Info:    ------------------------------------------------------
1358  |Info:    ------------------------------------------------------
1358  |Info:    |               Detecting I2C PCI devices            |
1358  |Info:    ------------------------------------------------------
1381  |Info:    ------------------------------------------------------
1381  |Info:    |               Detecting HID devices                |
1381  |Info:    ------------------------------------------------------
1436  |Info:    [Corsair Lighting Node Core] Registering RGB controller
21594 |Info:    [Corsair Commander Core] Registering RGB controller
21596 |Info:    [Glorious Model D / D-] Registering RGB controller
21893 |Info:    [MSI MPG Z390 GAMING EDGE AC (MS-7B17)] Registering RGB controller
21893 |Info:    ------------------------------------------------------
21893 |Info:    |            Detecting libusb HID devices            |
21893 |Info:    ------------------------------------------------------
21907 |Info:    ------------------------------------------------------
21907 |Info:    |              Detecting other devices               |
21907 |Info:    ------------------------------------------------------
21908 |Info:    ------------------------------------------------------
21908 |Info:    |                Detection completed                 |
21908 |Info:    ------------------------------------------------------
21908 |Info:    Profile loading: Succeeded for Corsair Lighting Node Core @ HID: /dev/hidraw7
21908 |Info:    Profile loading: Succeeded for Corsair Commander Core @ HID: /dev/hidraw2
21908 |Info:    Profile loading: Succeeded for Glorious Model D / D- @ HID: /dev/hidraw1
21908 |Info:    Profile loading: Succeeded for MSI MPG Z390 GAMING EDGE AC (MS-7B17) @ HID: /dev/hidraw6
