    OpenRGB v0.8
    Commit:  from 
    Launched: 20230205_141746
====================================================================================================

2     |Info:    Found file: Dracula.orp attempting to validate header
7     |Info:    Valid v3 profile found for Dracula
1020  |Info:    ------------------------------------------------------
1020  |Info:    |               Start device detection               |
1020  |Info:    ------------------------------------------------------
1020  |Info:    Initializing HID interfaces: Success
1021  |Info:    ------------------------------------------------------
1021  |Info:    |             Detecting I2C interfaces               |
1021  |Info:    ------------------------------------------------------
1021  |Info:    Registering I2C interface: /dev/i2c-3 Device 10DE:1E81 Subsystem: 1028:C722
1021  |Info:    Registering I2C interface: /dev/i2c-1 Device 10DE:1E81 Subsystem: 1028:C722
1021  |Info:    Registering I2C interface: /dev/i2c-6 Device 10DE:1E81 Subsystem: 1028:C722
1021  |Info:    Registering I2C interface: /dev/i2c-4 Device 10DE:1E81 Subsystem: 1028:C722
1021  |Info:    Registering I2C interface: /dev/i2c-2 Device 10DE:1E81 Subsystem: 1028:C722
1021  |Info:    Registering I2C interface: /dev/i2c-0 Device 8086:A323 Subsystem: 1462:7B17
1021  |Info:    Registering I2C interface: /dev/i2c-5 Device 10DE:1E81 Subsystem: 1028:C722
1021  |Info:    ------------------------------------------------------
1021  |Info:    |               Detecting I2C devices                |
1021  |Info:    ------------------------------------------------------
1246  |Info:    ------------------------------------------------------
1246  |Info:    |               Detecting I2C PCI devices            |
1246  |Info:    ------------------------------------------------------
1246  |Info:    ------------------------------------------------------
1246  |Info:    |               Detecting HID devices                |
1246  |Info:    ------------------------------------------------------
1299  |Info:    [Corsair Lighting Node Core] Registering RGB controller
1412  |Info:    [Corsair Commander Core] Registering RGB controller
1710  |Info:    [MSI MPG Z390 GAMING EDGE AC (MS-7B17)] Registering RGB controller
1710  |Info:    ------------------------------------------------------
1710  |Info:    |              Detecting other devices               |
1710  |Info:    ------------------------------------------------------
1712  |Info:    ------------------------------------------------------
1712  |Info:    |                Detection completed                 |
1712  |Info:    ------------------------------------------------------
1712  |Info:    Profile loading: Succeeded for Corsair Lighting Node Core @ HID: /dev/hidraw11
1712  |Info:    Profile loading: Succeeded for Corsair Commander Core @ HID: /dev/hidraw5
1712  |Info:    Profile loading: Succeeded for MSI MPG Z390 GAMING EDGE AC (MS-7B17) @ HID: /dev/hidraw9
