    OpenRGB v0.9
    Commit:  from 
    Launched: 20240619_034741
====================================================================================================

0     |Info:    Found file: Dracula.orp attempting to validate header
0     |Info:    Valid v4 profile found for Dracula
1002  |Info:    ------------------------------------------------------
1002  |Info:    |               Start device detection               |
1002  |Info:    ------------------------------------------------------
1002  |Info:    Initializing HID interfaces: Success
1003  |Info:    ------------------------------------------------------
1003  |Info:    |             Detecting I2C interfaces               |
1003  |Info:    ------------------------------------------------------
1003  |Info:    Registering I2C interface: /dev/i2c-3 Device 1002:744C Subsystem: 1DA2:E471
1003  |Info:    Registering I2C interface: /dev/i2c-1 Device 1002:744C Subsystem: 1DA2:E471
1003  |Info:    Registering I2C interface: /dev/i2c-8 Device 8086:A323 Subsystem: 1462:7B17
1003  |Warning: [i2c_smbus_linux] Failed to read i2c device PCI device ID
1003  |Info:    Registering I2C interface: /dev/i2c-6 Device 0000:0000 Subsystem: 0000:0000
1003  |Info:    Registering I2C interface: /dev/i2c-4 Device 1002:744C Subsystem: 1DA2:E471
1003  |Info:    Registering I2C interface: /dev/i2c-2 Device 1002:744C Subsystem: 1DA2:E471
1003  |Info:    Registering I2C interface: /dev/i2c-0 Device 1002:744C Subsystem: 1DA2:E471
1003  |Warning: [i2c_smbus_linux] Failed to read i2c device PCI device ID
1003  |Info:    Registering I2C interface: /dev/i2c-7 Device 0000:0000 Subsystem: 0000:0000
1003  |Info:    Registering I2C interface: /dev/i2c-5 Device 1002:744C Subsystem: 1DA2:E471
1003  |Info:    ------------------------------------------------------
1003  |Info:    |               Detecting I2C devices                |
1003  |Info:    ------------------------------------------------------
1353  |Info:    ------------------------------------------------------
1353  |Info:    |               Detecting I2C PCI devices            |
1353  |Info:    ------------------------------------------------------
1376  |Info:    ------------------------------------------------------
1376  |Info:    |               Detecting HID devices                |
1376  |Info:    ------------------------------------------------------
1429  |Info:    [Corsair Lighting Node Core] Registering RGB controller
1565  |Info:    [Corsair Commander Core] Registering RGB controller
1568  |Info:    [Glorious Model D / D-] Registering RGB controller
1875  |Info:    [MSI MPG Z390 GAMING EDGE AC (MS-7B17)] Registering RGB controller
1875  |Info:    ------------------------------------------------------
1875  |Info:    |            Detecting libusb HID devices            |
1875  |Info:    ------------------------------------------------------
1892  |Info:    ------------------------------------------------------
1892  |Info:    |              Detecting other devices               |
1892  |Info:    ------------------------------------------------------
1893  |Info:    ------------------------------------------------------
1893  |Info:    |                Detection completed                 |
1893  |Info:    ------------------------------------------------------
1893  |Info:    Profile loading: Succeeded for Corsair Lighting Node Core @ HID: /dev/hidraw1
1893  |Info:    Profile loading: Succeeded for Corsair Commander Core @ HID: /dev/hidraw4
1893  |Info:    Profile loading: Succeeded for Glorious Model D / D- @ HID: /dev/hidraw3
1893  |Info:    Profile loading: Succeeded for MSI MPG Z390 GAMING EDGE AC (MS-7B17) @ HID: /dev/hidraw5
