    OpenRGB v0.9
    Commit:  from 
    Launched: 20240310_220946
====================================================================================================

0     |Info:    Found file: Dracula.orp attempting to validate header
0     |Info:    Valid v4 profile found for Dracula
1001  |Info:    ------------------------------------------------------
1001  |Info:    |               Start device detection               |
1001  |Info:    ------------------------------------------------------
1001  |Info:    Initializing HID interfaces: Success
1002  |Info:    ------------------------------------------------------
1002  |Info:    |             Detecting I2C interfaces               |
1002  |Info:    ------------------------------------------------------
1002  |Info:    Registering I2C interface: /dev/i2c-3 Device 1002:744C Subsystem: 1DA2:E471
1002  |Info:    Registering I2C interface: /dev/i2c-1 Device 1002:744C Subsystem: 1DA2:E471
1002  |Info:    Registering I2C interface: /dev/i2c-8 Device 8086:A323 Subsystem: 1462:7B17
1002  |Warning: [i2c_smbus_linux] Failed to read i2c device PCI device ID
1002  |Info:    Registering I2C interface: /dev/i2c-6 Device 0000:0000 Subsystem: 0000:0000
1002  |Info:    Registering I2C interface: /dev/i2c-4 Device 1002:744C Subsystem: 1DA2:E471
1002  |Info:    Registering I2C interface: /dev/i2c-2 Device 1002:744C Subsystem: 1DA2:E471
1002  |Info:    Registering I2C interface: /dev/i2c-0 Device 1002:744C Subsystem: 1DA2:E471
1002  |Warning: [i2c_smbus_linux] Failed to read i2c device PCI device ID
1002  |Info:    Registering I2C interface: /dev/i2c-7 Device 0000:0000 Subsystem: 0000:0000
1002  |Info:    Registering I2C interface: /dev/i2c-5 Device 1002:744C Subsystem: 1DA2:E471
1002  |Info:    ------------------------------------------------------
1002  |Info:    |               Detecting I2C devices                |
1002  |Info:    ------------------------------------------------------
1350  |Info:    ------------------------------------------------------
1350  |Info:    |               Detecting I2C PCI devices            |
1350  |Info:    ------------------------------------------------------
1373  |Info:    ------------------------------------------------------
1373  |Info:    |               Detecting HID devices                |
1373  |Info:    ------------------------------------------------------
1375  |Info:    [Corsair Lighting Node Core] Registering RGB controller
1434  |Info:    [Corsair Commander Core] Registering RGB controller
1437  |Info:    [Glorious Model D / D-] Registering RGB controller
1687  |Info:    [MSI MPG Z390 GAMING EDGE AC (MS-7B17)] Registering RGB controller
1687  |Info:    ------------------------------------------------------
1687  |Info:    |            Detecting libusb HID devices            |
1687  |Info:    ------------------------------------------------------
1703  |Info:    ------------------------------------------------------
1703  |Info:    |              Detecting other devices               |
1703  |Info:    ------------------------------------------------------
1704  |Info:    ------------------------------------------------------
1704  |Info:    |                Detection completed                 |
1704  |Info:    ------------------------------------------------------
1704  |Info:    Profile loading: Succeeded for Corsair Lighting Node Core @ HID: /dev/hidraw10
1704  |Info:    Profile loading: Succeeded for Corsair Commander Core @ HID: /dev/hidraw5
1704  |Info:    Profile loading: Succeeded for Glorious Model D / D- @ HID: /dev/hidraw1
1704  |Info:    Profile loading: Succeeded for MSI MPG Z390 GAMING EDGE AC (MS-7B17) @ HID: /dev/hidraw9
