    OpenRGB v0.81
    Commit: 4f30868a3b16ee36e00f2c31db6ec376b884f1be from 2023-06-22 00:20:11 +0000
    Launched: 20230625_164256
====================================================================================================

0     |Info:    Found file: Dracula.orp attempting to validate header
0     |Info:    Valid v4 profile found for Dracula
1008  |Info:    ------------------------------------------------------
1008  |Info:    |               Start device detection               |
1008  |Info:    ------------------------------------------------------
1009  |Info:    Initializing HID interfaces: Success
1009  |Info:    ------------------------------------------------------
1009  |Info:    |             Detecting I2C interfaces               |
1009  |Info:    ------------------------------------------------------
1009  |Info:    Registering I2C interface: /dev/i2c-3 Device 10DE:1E81 Subsystem: 1028:C722
1010  |Info:    Registering I2C interface: /dev/i2c-1 Device 10DE:1E81 Subsystem: 1028:C722
1010  |Info:    Registering I2C interface: /dev/i2c-6 Device 10DE:1E81 Subsystem: 1028:C722
1010  |Info:    Registering I2C interface: /dev/i2c-4 Device 10DE:1E81 Subsystem: 1028:C722
1010  |Info:    Registering I2C interface: /dev/i2c-2 Device 10DE:1E81 Subsystem: 1028:C722
1010  |Info:    Registering I2C interface: /dev/i2c-0 Device 8086:A323 Subsystem: 1462:7B17
1010  |Info:    Registering I2C interface: /dev/i2c-5 Device 10DE:1E81 Subsystem: 1028:C722
1010  |Info:    ------------------------------------------------------
1010  |Info:    |               Detecting I2C devices                |
1010  |Info:    ------------------------------------------------------
1330  |Info:    ------------------------------------------------------
1330  |Info:    |               Detecting I2C PCI devices            |
1330  |Info:    ------------------------------------------------------
1330  |Info:    ------------------------------------------------------
1330  |Info:    |               Detecting HID devices                |
1330  |Info:    ------------------------------------------------------
1384  |Info:    [Corsair Lighting Node Core] Registering RGB controller
1479  |Info:    [Corsair Commander Core] Registering RGB controller
1481  |Info:    [Glorious Model D / D-] Registering RGB controller
1741  |Info:    [MSI MPG Z390 GAMING EDGE AC (MS-7B17)] Registering RGB controller
1741  |Info:    ------------------------------------------------------
1741  |Info:    |            Detecting libusb HID devices            |
1741  |Info:    ------------------------------------------------------
1764  |Info:    ------------------------------------------------------
1764  |Info:    |              Detecting other devices               |
1764  |Info:    ------------------------------------------------------
1766  |Info:    ------------------------------------------------------
1766  |Info:    |                Detection completed                 |
1766  |Info:    ------------------------------------------------------
1766  |Info:    Profile loading: Succeeded for Corsair Lighting Node Core @ HID: /dev/hidraw12
1766  |Info:    Profile loading: Succeeded for Corsair Commander Core @ HID: /dev/hidraw5
1766  |Info:    Profile loading: Succeeded for Glorious Model D / D- @ HID: /dev/hidraw1
1766  |Info:    Profile loading: Succeeded for MSI MPG Z390 GAMING EDGE AC (MS-7B17) @ HID: /dev/hidraw10
