    OpenRGB v0.9
    Commit:  from 
    Launched: 20231231_130842
====================================================================================================

3     |Info:    Found file: Dracula.orp attempting to validate header
4     |Info:    Valid v4 profile found for Dracula
1006  |Info:    ------------------------------------------------------
1006  |Info:    |               Start device detection               |
1006  |Info:    ------------------------------------------------------
1006  |Info:    Initializing HID interfaces: Success
1007  |Info:    ------------------------------------------------------
1007  |Info:    |             Detecting I2C interfaces               |
1007  |Info:    ------------------------------------------------------
1007  |Info:    Registering I2C interface: /dev/i2c-3 Device 1002:744C Subsystem: 1DA2:E471
1007  |Info:    Registering I2C interface: /dev/i2c-1 Device 1002:744C Subsystem: 1DA2:E471
1007  |Info:    Registering I2C interface: /dev/i2c-8 Device 8086:A323 Subsystem: 1462:7B17
1007  |Warning: [i2c_smbus_linux] Failed to read i2c device PCI device ID
1007  |Info:    Registering I2C interface: /dev/i2c-6 Device 0000:0000 Subsystem: 0000:0000
1007  |Info:    Registering I2C interface: /dev/i2c-4 Device 1002:744C Subsystem: 1DA2:E471
1007  |Info:    Registering I2C interface: /dev/i2c-2 Device 1002:744C Subsystem: 1DA2:E471
1007  |Info:    Registering I2C interface: /dev/i2c-0 Device 1002:744C Subsystem: 1DA2:E471
1007  |Warning: [i2c_smbus_linux] Failed to read i2c device PCI device ID
1007  |Info:    Registering I2C interface: /dev/i2c-7 Device 0000:0000 Subsystem: 0000:0000
1007  |Info:    Registering I2C interface: /dev/i2c-5 Device 1002:744C Subsystem: 1DA2:E471
1007  |Info:    ------------------------------------------------------
1007  |Info:    |               Detecting I2C devices                |
1007  |Info:    ------------------------------------------------------
1354  |Info:    ------------------------------------------------------
1354  |Info:    |               Detecting I2C PCI devices            |
1354  |Info:    ------------------------------------------------------
1379  |Info:    ------------------------------------------------------
1379  |Info:    |               Detecting HID devices                |
1379  |Info:    ------------------------------------------------------
1432  |Info:    [Corsair Lighting Node Core] Registering RGB controller
1576  |Info:    [Corsair Commander Core] Registering RGB controller
1579  |Info:    [Glorious Model D / D-] Registering RGB controller
1830  |Info:    [MSI MPG Z390 GAMING EDGE AC (MS-7B17)] Registering RGB controller
1830  |Info:    ------------------------------------------------------
1830  |Info:    |            Detecting libusb HID devices            |
1830  |Info:    ------------------------------------------------------
1850  |Info:    ------------------------------------------------------
1850  |Info:    |              Detecting other devices               |
1850  |Info:    ------------------------------------------------------
1852  |Info:    ------------------------------------------------------
1852  |Info:    |                Detection completed                 |
1852  |Info:    ------------------------------------------------------
1852  |Info:    Profile loading: Succeeded for Corsair Lighting Node Core @ HID: /dev/hidraw11
1852  |Info:    Profile loading: Succeeded for Corsair Commander Core @ HID: /dev/hidraw5
1852  |Info:    Profile loading: Succeeded for Glorious Model D / D- @ HID: /dev/hidraw1
1852  |Info:    Profile loading: Succeeded for MSI MPG Z390 GAMING EDGE AC (MS-7B17) @ HID: /dev/hidraw10
