    OpenRGB v0.81
    Commit: 2cc0c7aad8ef1bf01d2d70abd07d57b44949c65d from 2023-04-07 21:42:15 +1000
    Launched: 20230410_004012
====================================================================================================

3     |Info:    Found file: Dracula.orp attempting to validate header
3     |Info:    Valid v4 profile found for Dracula
1005  |Info:    ------------------------------------------------------
1005  |Info:    |               Start device detection               |
1005  |Info:    ------------------------------------------------------
1005  |Info:    Initializing HID interfaces: Success
1006  |Info:    ------------------------------------------------------
1006  |Info:    |             Detecting I2C interfaces               |
1006  |Info:    ------------------------------------------------------
1006  |Info:    Registering I2C interface: /dev/i2c-3 Device 10DE:1E81 Subsystem: 1028:C722
1006  |Info:    Registering I2C interface: /dev/i2c-1 Device 10DE:1E81 Subsystem: 1028:C722
1006  |Info:    Registering I2C interface: /dev/i2c-6 Device 10DE:1E81 Subsystem: 1028:C722
1006  |Info:    Registering I2C interface: /dev/i2c-4 Device 10DE:1E81 Subsystem: 1028:C722
1006  |Info:    Registering I2C interface: /dev/i2c-2 Device 10DE:1E81 Subsystem: 1028:C722
1006  |Info:    Registering I2C interface: /dev/i2c-0 Device 8086:A323 Subsystem: 1462:7B17
1006  |Info:    Registering I2C interface: /dev/i2c-5 Device 10DE:1E81 Subsystem: 1028:C722
1006  |Info:    ------------------------------------------------------
1006  |Info:    |               Detecting I2C devices                |
1006  |Info:    ------------------------------------------------------
1322  |Info:    ------------------------------------------------------
1322  |Info:    |               Detecting I2C PCI devices            |
1322  |Info:    ------------------------------------------------------
1322  |Info:    ------------------------------------------------------
1322  |Info:    |               Detecting HID devices                |
1322  |Info:    ------------------------------------------------------
1375  |Info:    [Corsair Lighting Node Core] Registering RGB controller
1483  |Info:    [Corsair Commander Core] Registering RGB controller
1485  |Info:    [Glorious Model D / D-] Registering RGB controller
1749  |Info:    [MSI MPG Z390 GAMING EDGE AC (MS-7B17)] Registering RGB controller
1749  |Info:    ------------------------------------------------------
1749  |Info:    |            Detecting libusb HID devices            |
1749  |Info:    ------------------------------------------------------
1770  |Info:    ------------------------------------------------------
1770  |Info:    |              Detecting other devices               |
1770  |Info:    ------------------------------------------------------
1772  |Info:    ------------------------------------------------------
1772  |Info:    |                Detection completed                 |
1772  |Info:    ------------------------------------------------------
1772  |Info:    Profile loading: Succeeded for Corsair Lighting Node Core @ HID: /dev/hidraw11
1772  |Info:    Profile loading: Succeeded for Corsair Commander Core @ HID: /dev/hidraw5
1772  |Info:    Profile loading: Succeeded for Glorious Model D / D- @ HID: /dev/hidraw1
1772  |Info:    Profile loading: Succeeded for MSI MPG Z390 GAMING EDGE AC (MS-7B17) @ HID: /dev/hidraw9
