    OpenRGB v0.81
    Commit: 89ef2b1a8b042cd51d72d7ff41febbf5e0335a52 from 2023-04-30 18:20:24 +0000
    Launched: 20230506_194133
====================================================================================================

1     |Info:    Found file: Dracula.orp attempting to validate header
1     |Info:    Valid v4 profile found for Dracula
1003  |Info:    ------------------------------------------------------
1003  |Info:    |               Start device detection               |
1003  |Info:    ------------------------------------------------------
1003  |Info:    Initializing HID interfaces: Success
1004  |Info:    ------------------------------------------------------
1004  |Info:    |             Detecting I2C interfaces               |
1004  |Info:    ------------------------------------------------------
1004  |Info:    Registering I2C interface: /dev/i2c-3 Device 10DE:1E81 Subsystem: 1028:C722
1004  |Info:    Registering I2C interface: /dev/i2c-1 Device 10DE:1E81 Subsystem: 1028:C722
1004  |Info:    Registering I2C interface: /dev/i2c-6 Device 10DE:1E81 Subsystem: 1028:C722
1004  |Info:    Registering I2C interface: /dev/i2c-4 Device 10DE:1E81 Subsystem: 1028:C722
1004  |Info:    Registering I2C interface: /dev/i2c-2 Device 10DE:1E81 Subsystem: 1028:C722
1004  |Info:    Registering I2C interface: /dev/i2c-0 Device 8086:A323 Subsystem: 1462:7B17
1004  |Info:    Registering I2C interface: /dev/i2c-5 Device 10DE:1E81 Subsystem: 1028:C722
1004  |Info:    ------------------------------------------------------
1004  |Info:    |               Detecting I2C devices                |
1004  |Info:    ------------------------------------------------------
1317  |Info:    ------------------------------------------------------
1317  |Info:    |               Detecting I2C PCI devices            |
1317  |Info:    ------------------------------------------------------
1318  |Info:    ------------------------------------------------------
1318  |Info:    |               Detecting HID devices                |
1318  |Info:    ------------------------------------------------------
1371  |Info:    [Corsair Lighting Node Core] Registering RGB controller
1467  |Info:    [Corsair Commander Core] Registering RGB controller
1469  |Info:    [Glorious Model D / D-] Registering RGB controller
1762  |Info:    [MSI MPG Z390 GAMING EDGE AC (MS-7B17)] Registering RGB controller
1762  |Info:    ------------------------------------------------------
1762  |Info:    |            Detecting libusb HID devices            |
1762  |Info:    ------------------------------------------------------
1786  |Info:    ------------------------------------------------------
1786  |Info:    |              Detecting other devices               |
1786  |Info:    ------------------------------------------------------
1787  |Info:    ------------------------------------------------------
1787  |Info:    |                Detection completed                 |
1787  |Info:    ------------------------------------------------------
1787  |Info:    Profile loading: Succeeded for Corsair Lighting Node Core @ HID: /dev/hidraw5
1787  |Info:    Profile loading: Succeeded for Corsair Commander Core @ HID: /dev/hidraw6
1787  |Info:    Profile loading: Succeeded for Glorious Model D / D- @ HID: /dev/hidraw1
1787  |Info:    Profile loading: Succeeded for MSI MPG Z390 GAMING EDGE AC (MS-7B17) @ HID: /dev/hidraw10
