    OpenRGB v0.9
    Commit:  from 
    Launched: 20240407_184653
====================================================================================================

7     |Info:    Found file: Dracula.orp attempting to validate header
7     |Info:    Valid v4 profile found for Dracula
1008  |Info:    ------------------------------------------------------
1008  |Info:    |               Start device detection               |
1008  |Info:    ------------------------------------------------------
1008  |Info:    Initializing HID interfaces: Success
1009  |Info:    ------------------------------------------------------
1009  |Info:    |             Detecting I2C interfaces               |
1009  |Info:    ------------------------------------------------------
1009  |Info:    Registering I2C interface: /dev/i2c-3 Device 1002:744C Subsystem: 1DA2:E471
1009  |Info:    Registering I2C interface: /dev/i2c-1 Device 1002:744C Subsystem: 1DA2:E471
1009  |Info:    Registering I2C interface: /dev/i2c-8 Device 8086:A323 Subsystem: 1462:7B17
1009  |Warning: [i2c_smbus_linux] Failed to read i2c device PCI device ID
1009  |Info:    Registering I2C interface: /dev/i2c-6 Device 0000:0000 Subsystem: 0000:0000
1009  |Info:    Registering I2C interface: /dev/i2c-4 Device 1002:744C Subsystem: 1DA2:E471
1009  |Info:    Registering I2C interface: /dev/i2c-2 Device 1002:744C Subsystem: 1DA2:E471
1009  |Info:    Registering I2C interface: /dev/i2c-0 Device 1002:744C Subsystem: 1DA2:E471
1009  |Warning: [i2c_smbus_linux] Failed to read i2c device PCI device ID
1009  |Info:    Registering I2C interface: /dev/i2c-7 Device 0000:0000 Subsystem: 0000:0000
1009  |Info:    Registering I2C interface: /dev/i2c-5 Device 1002:744C Subsystem: 1DA2:E471
1009  |Info:    ------------------------------------------------------
1009  |Info:    |               Detecting I2C devices                |
1009  |Info:    ------------------------------------------------------
1361  |Info:    ------------------------------------------------------
1361  |Info:    |               Detecting I2C PCI devices            |
1361  |Info:    ------------------------------------------------------
1384  |Info:    ------------------------------------------------------
1384  |Info:    |               Detecting HID devices                |
1384  |Info:    ------------------------------------------------------
1437  |Info:    [Corsair Lighting Node Core] Registering RGB controller
1548  |Info:    [Corsair Commander Core] Registering RGB controller
1551  |Info:    [Glorious Model D / D-] Registering RGB controller
1805  |Info:    [MSI MPG Z390 GAMING EDGE AC (MS-7B17)] Registering RGB controller
1805  |Info:    ------------------------------------------------------
1805  |Info:    |            Detecting libusb HID devices            |
1805  |Info:    ------------------------------------------------------
1819  |Info:    ------------------------------------------------------
1819  |Info:    |              Detecting other devices               |
1819  |Info:    ------------------------------------------------------
1820  |Info:    ------------------------------------------------------
1820  |Info:    |                Detection completed                 |
1820  |Info:    ------------------------------------------------------
1820  |Info:    Profile loading: Succeeded for Corsair Lighting Node Core @ HID: /dev/hidraw7
1820  |Info:    Profile loading: Succeeded for Corsair Commander Core @ HID: /dev/hidraw2
1820  |Info:    Profile loading: Succeeded for Glorious Model D / D- @ HID: /dev/hidraw1
1820  |Info:    Profile loading: Succeeded for MSI MPG Z390 GAMING EDGE AC (MS-7B17) @ HID: /dev/hidraw6
