    OpenRGB v0.8
    Commit:  from 
    Launched: 20230326_105536
====================================================================================================

0     |Info:    Found file: Dracula.orp attempting to validate header
0     |Info:    Valid v3 profile found for Dracula
1015  |Info:    ------------------------------------------------------
1015  |Info:    |               Start device detection               |
1015  |Info:    ------------------------------------------------------
1015  |Info:    Initializing HID interfaces: Success
1015  |Info:    ------------------------------------------------------
1015  |Info:    |             Detecting I2C interfaces               |
1015  |Info:    ------------------------------------------------------
1016  |Info:    Registering I2C interface: /dev/i2c-3 Device 10DE:1E81 Subsystem: 1028:C722
1016  |Info:    Registering I2C interface: /dev/i2c-1 Device 10DE:1E81 Subsystem: 1028:C722
1016  |Info:    Registering I2C interface: /dev/i2c-6 Device 10DE:1E81 Subsystem: 1028:C722
1016  |Info:    Registering I2C interface: /dev/i2c-4 Device 10DE:1E81 Subsystem: 1028:C722
1016  |Info:    Registering I2C interface: /dev/i2c-2 Device 10DE:1E81 Subsystem: 1028:C722
1016  |Info:    Registering I2C interface: /dev/i2c-0 Device 8086:A323 Subsystem: 1462:7B17
1016  |Info:    Registering I2C interface: /dev/i2c-5 Device 10DE:1E81 Subsystem: 1028:C722
1016  |Info:    ------------------------------------------------------
1016  |Info:    |               Detecting I2C devices                |
1016  |Info:    ------------------------------------------------------
1247  |Info:    ------------------------------------------------------
1247  |Info:    |               Detecting I2C PCI devices            |
1247  |Info:    ------------------------------------------------------
1248  |Info:    ------------------------------------------------------
1248  |Info:    |               Detecting HID devices                |
1248  |Info:    ------------------------------------------------------
1301  |Info:    [Corsair Lighting Node Core] Registering RGB controller
1397  |Info:    [Corsair Commander Core] Registering RGB controller
1682  |Info:    [MSI MPG Z390 GAMING EDGE AC (MS-7B17)] Registering RGB controller
1682  |Info:    ------------------------------------------------------
1682  |Info:    |              Detecting other devices               |
1682  |Info:    ------------------------------------------------------
1684  |Info:    ------------------------------------------------------
1684  |Info:    |                Detection completed                 |
1684  |Info:    ------------------------------------------------------
1684  |Info:    Profile loading: Succeeded for Corsair Lighting Node Core @ HID: /dev/hidraw11
1684  |Info:    Profile loading: Succeeded for Corsair Commander Core @ HID: /dev/hidraw5
1684  |Info:    Profile loading: Succeeded for MSI MPG Z390 GAMING EDGE AC (MS-7B17) @ HID: /dev/hidraw9
