    OpenRGB v0.9
    Commit:  from 
    Launched: 20240110_203717
====================================================================================================

9     |Info:    Found file: Dracula.orp attempting to validate header
14    |Info:    Valid v4 profile found for Dracula
1019  |Info:    ------------------------------------------------------
1019  |Info:    |               Start device detection               |
1019  |Info:    ------------------------------------------------------
1019  |Info:    Initializing HID interfaces: Success
1020  |Info:    ------------------------------------------------------
1020  |Info:    |             Detecting I2C interfaces               |
1020  |Info:    ------------------------------------------------------
1020  |Info:    Registering I2C interface: /dev/i2c-3 Device 1002:744C Subsystem: 1DA2:E471
1020  |Info:    Registering I2C interface: /dev/i2c-1 Device 1002:744C Subsystem: 1DA2:E471
1020  |Info:    Registering I2C interface: /dev/i2c-8 Device 8086:A323 Subsystem: 1462:7B17
1020  |Warning: [i2c_smbus_linux] Failed to read i2c device PCI device ID
1020  |Info:    Registering I2C interface: /dev/i2c-6 Device 0000:0000 Subsystem: 0000:0000
1020  |Info:    Registering I2C interface: /dev/i2c-4 Device 1002:744C Subsystem: 1DA2:E471
1020  |Info:    Registering I2C interface: /dev/i2c-2 Device 1002:744C Subsystem: 1DA2:E471
1020  |Info:    Registering I2C interface: /dev/i2c-0 Device 1002:744C Subsystem: 1DA2:E471
1020  |Warning: [i2c_smbus_linux] Failed to read i2c device PCI device ID
1020  |Info:    Registering I2C interface: /dev/i2c-7 Device 0000:0000 Subsystem: 0000:0000
1020  |Info:    Registering I2C interface: /dev/i2c-5 Device 1002:744C Subsystem: 1DA2:E471
1020  |Info:    ------------------------------------------------------
1020  |Info:    |               Detecting I2C devices                |
1020  |Info:    ------------------------------------------------------
1352  |Info:    ------------------------------------------------------
1352  |Info:    |               Detecting I2C PCI devices            |
1352  |Info:    ------------------------------------------------------
1375  |Info:    ------------------------------------------------------
1375  |Info:    |               Detecting HID devices                |
1375  |Info:    ------------------------------------------------------
1428  |Info:    [Corsair Lighting Node Core] Registering RGB controller
1582  |Info:    [Corsair Commander Core] Registering RGB controller
1585  |Info:    [Glorious Model D / D-] Registering RGB controller
1862  |Info:    [MSI MPG Z390 GAMING EDGE AC (MS-7B17)] Registering RGB controller
1862  |Info:    ------------------------------------------------------
1862  |Info:    |            Detecting libusb HID devices            |
1862  |Info:    ------------------------------------------------------
1884  |Info:    ------------------------------------------------------
1884  |Info:    |              Detecting other devices               |
1884  |Info:    ------------------------------------------------------
1885  |Info:    ------------------------------------------------------
1885  |Info:    |                Detection completed                 |
1885  |Info:    ------------------------------------------------------
1885  |Info:    Profile loading: Succeeded for Corsair Lighting Node Core @ HID: /dev/hidraw10
1885  |Info:    Profile loading: Succeeded for Corsair Commander Core @ HID: /dev/hidraw5
1885  |Info:    Profile loading: Succeeded for Glorious Model D / D- @ HID: /dev/hidraw1
1885  |Info:    Profile loading: Succeeded for MSI MPG Z390 GAMING EDGE AC (MS-7B17) @ HID: /dev/hidraw9
