    OpenRGB v0.7
    Commit:  from 
    Launched: 20221204_172616
====================================================================================================

0     |Info:    Found file: Off.orp attempting to validate header
0     |Info:    Valid v3 profile found for Off
0     |Info:    Found file: Dracula.orp attempting to validate header
0     |Info:    Valid v3 profile found for Dracula
1001  |Info:    ------------------------------------------------------
1001  |Info:    |               Start device detection               |
1001  |Info:    ------------------------------------------------------
1001  |Info:    Initializing HID interfaces: Success
1002  |Info:    ------------------------------------------------------
1002  |Info:    |             Detecting I2C interfaces               |
1002  |Info:    ------------------------------------------------------
1002  |Info:    Registering I2C interface: /dev/i2c-3 Device 10DE:1E81 Subsystem: 1028:C722
1002  |Info:    Registering I2C interface: /dev/i2c-1 Device 10DE:1E81 Subsystem: 1028:C722
1002  |Info:    Registering I2C interface: /dev/i2c-6 Device 10DE:1E81 Subsystem: 1028:C722
1002  |Info:    Registering I2C interface: /dev/i2c-4 Device 10DE:1E81 Subsystem: 1028:C722
1002  |Info:    Registering I2C interface: /dev/i2c-2 Device 10DE:1E81 Subsystem: 1028:C722
1004  |Info:    Registering I2C interface: /dev/i2c-0 Device 8086:A323 Subsystem: 1462:7B17
1004  |Info:    Registering I2C interface: /dev/i2c-5 Device 10DE:1E81 Subsystem: 1028:C722
1004  |Info:    ------------------------------------------------------
1004  |Info:    |               Detecting I2C devices                |
1004  |Info:    ------------------------------------------------------
1034  |Info:    Loading plugins
1247  |Info:    ------------------------------------------------------
1247  |Info:    |               Detecting HID devices                |
1247  |Info:    ------------------------------------------------------
1300  |Info:    [Corsair Lighting Node Core] Registering RGB controller
1402  |Info:    [Corsair Commander Core] Registering RGB controller
1402  |Info:    [Glorious Model D / D-] Registering RGB controller
1649  |Info:    [MSI MPG Z390 GAMING EDGE AC (MS-7B17)] Registering RGB controller
1649  |Info:    ------------------------------------------------------
1649  |Info:    |              Detecting other devices               |
1649  |Info:    ------------------------------------------------------
1652  |Info:    ------------------------------------------------------
1652  |Info:    |                Detection completed                 |
1652  |Info:    ------------------------------------------------------
8850  |Info:    Profile loading: Succeeded for Corsair Lighting Node Core @ HID: /dev/hidraw3
8850  |Info:    Profile loading: Succeeded for Corsair Commander Core @ HID: /dev/hidraw7
8850  |Info:    Profile loading: Succeeded for Glorious Model D / D- @ HID: /dev/hidraw1
8850  |Info:    Profile loading: Succeeded for MSI MPG Z390 GAMING EDGE AC (MS-7B17) @ HID: /dev/hidraw2
9414  |Info:    Profile loading: Succeeded for Corsair Lighting Node Core @ HID: /dev/hidraw3
9414  |Info:    Profile loading: Succeeded for Corsair Commander Core @ HID: /dev/hidraw7
9414  |Info:    Profile loading: Succeeded for Glorious Model D / D- @ HID: /dev/hidraw1
9414  |Info:    Profile loading: Succeeded for MSI MPG Z390 GAMING EDGE AC (MS-7B17) @ HID: /dev/hidraw2
14620 |Info:    Found file: Dracula.orp attempting to validate header
14620 |Info:    Valid v3 profile found for Dracula
16185 |Info:    Profile loading: Succeeded for Corsair Lighting Node Core @ HID: /dev/hidraw3
16185 |Info:    Profile loading: Succeeded for Corsair Commander Core @ HID: /dev/hidraw7
16185 |Info:    Profile loading: Succeeded for Glorious Model D / D- @ HID: /dev/hidraw1
16185 |Info:    Profile loading: Succeeded for MSI MPG Z390 GAMING EDGE AC (MS-7B17) @ HID: /dev/hidraw2
16617 |Info:    Profile loading: Succeeded for Corsair Lighting Node Core @ HID: /dev/hidraw3
16617 |Info:    Profile loading: Succeeded for Corsair Commander Core @ HID: /dev/hidraw7
16617 |Info:    Profile loading: Succeeded for Glorious Model D / D- @ HID: /dev/hidraw1
16617 |Info:    Profile loading: Succeeded for MSI MPG Z390 GAMING EDGE AC (MS-7B17) @ HID: /dev/hidraw2
27760 |Info:    Found file: Off.orp attempting to validate header
27760 |Info:    Valid v3 profile found for Off
27760 |Info:    Found file: Dracula.orp attempting to validate header
27760 |Info:    Valid v3 profile found for Dracula
31224 |Info:    Profile loading: Succeeded for Corsair Lighting Node Core @ HID: /dev/hidraw3
31224 |Info:    Profile loading: Succeeded for Corsair Commander Core @ HID: /dev/hidraw7
31224 |Info:    Profile loading: Succeeded for Glorious Model D / D- @ HID: /dev/hidraw1
31224 |Info:    Profile loading: Succeeded for MSI MPG Z390 GAMING EDGE AC (MS-7B17) @ HID: /dev/hidraw2
31783 |Info:    Profile loading: Succeeded for Corsair Lighting Node Core @ HID: /dev/hidraw3
31783 |Info:    Profile loading: Succeeded for Corsair Commander Core @ HID: /dev/hidraw7
31783 |Info:    Profile loading: Succeeded for Glorious Model D / D- @ HID: /dev/hidraw1
31783 |Info:    Profile loading: Succeeded for MSI MPG Z390 GAMING EDGE AC (MS-7B17) @ HID: /dev/hidraw2
31971 |Info:    Profile loading: Succeeded for Corsair Lighting Node Core @ HID: /dev/hidraw3
31971 |Info:    Profile loading: Succeeded for Corsair Commander Core @ HID: /dev/hidraw7
31971 |Info:    Profile loading: Succeeded for Glorious Model D / D- @ HID: /dev/hidraw1
31971 |Info:    Profile loading: Succeeded for MSI MPG Z390 GAMING EDGE AC (MS-7B17) @ HID: /dev/hidraw2
