    OpenRGB v0.9
    Commit:  from 
    Launched: 20240114_110643
====================================================================================================

11    |Info:    Found file: Dracula.orp attempting to validate header
14    |Info:    Valid v4 profile found for Dracula
1019  |Info:    ------------------------------------------------------
1019  |Info:    |               Start device detection               |
1019  |Info:    ------------------------------------------------------
1019  |Info:    Initializing HID interfaces: Success
1019  |Info:    ------------------------------------------------------
1019  |Info:    |             Detecting I2C interfaces               |
1019  |Info:    ------------------------------------------------------
1019  |Info:    Registering I2C interface: /dev/i2c-3 Device 1002:744C Subsystem: 1DA2:E471
1020  |Info:    Registering I2C interface: /dev/i2c-1 Device 1002:744C Subsystem: 1DA2:E471
1020  |Info:    Registering I2C interface: /dev/i2c-8 Device 8086:A323 Subsystem: 1462:7B17
1020  |Warning: [i2c_smbus_linux] Failed to read i2c device PCI device ID
1020  |Info:    Registering I2C interface: /dev/i2c-6 Device 0000:0000 Subsystem: 0000:0000
1020  |Info:    Registering I2C interface: /dev/i2c-4 Device 1002:744C Subsystem: 1DA2:E471
1020  |Info:    Registering I2C interface: /dev/i2c-2 Device 1002:744C Subsystem: 1DA2:E471
1020  |Info:    Registering I2C interface: /dev/i2c-0 Device 1002:744C Subsystem: 1DA2:E471
1020  |Warning: [i2c_smbus_linux] Failed to read i2c device PCI device ID
1020  |Info:    Registering I2C interface: /dev/i2c-7 Device 0000:0000 Subsystem: 0000:0000
1020  |Info:    Registering I2C interface: /dev/i2c-5 Device 1002:744C Subsystem: 1DA2:E471
1020  |Info:    ------------------------------------------------------
1020  |Info:    |               Detecting I2C devices                |
1020  |Info:    ------------------------------------------------------
2072  |Info:    ------------------------------------------------------
2072  |Info:    |               Detecting I2C PCI devices            |
2072  |Info:    ------------------------------------------------------
2094  |Info:    ------------------------------------------------------
2094  |Info:    |               Detecting HID devices                |
2094  |Info:    ------------------------------------------------------
2147  |Info:    [Corsair Lighting Node Core] Registering RGB controller
2301  |Info:    [Corsair Commander Core] Registering RGB controller
2304  |Info:    [Glorious Model D / D-] Registering RGB controller
2601  |Info:    [MSI MPG Z390 GAMING EDGE AC (MS-7B17)] Registering RGB controller
2601  |Info:    ------------------------------------------------------
2601  |Info:    |            Detecting libusb HID devices            |
2601  |Info:    ------------------------------------------------------
2617  |Info:    ------------------------------------------------------
2617  |Info:    |              Detecting other devices               |
2617  |Info:    ------------------------------------------------------
2618  |Info:    ------------------------------------------------------
2618  |Info:    |                Detection completed                 |
2618  |Info:    ------------------------------------------------------
2618  |Info:    Profile loading: Succeeded for Corsair Lighting Node Core @ HID: /dev/hidraw10
2618  |Info:    Profile loading: Succeeded for Corsair Commander Core @ HID: /dev/hidraw5
2618  |Info:    Profile loading: Succeeded for Glorious Model D / D- @ HID: /dev/hidraw1
2618  |Info:    Profile loading: Succeeded for MSI MPG Z390 GAMING EDGE AC (MS-7B17) @ HID: /dev/hidraw9
