    OpenRGB v0.7
    Commit:  from 
    Launched: 20230105_192906
====================================================================================================

0     |Info:    Found file: Dracula.orp attempting to validate header
0     |Info:    Valid v3 profile found for Dracula
1016  |Info:    ------------------------------------------------------
1016  |Info:    |               Start device detection               |
1016  |Info:    ------------------------------------------------------
1016  |Info:    Initializing HID interfaces: Success
1017  |Info:    ------------------------------------------------------
1017  |Info:    |             Detecting I2C interfaces               |
1017  |Info:    ------------------------------------------------------
1017  |Info:    Registering I2C interface: /dev/i2c-3 Device 10DE:1E81 Subsystem: 1028:C722
1017  |Info:    Registering I2C interface: /dev/i2c-1 Device 10DE:1E81 Subsystem: 1028:C722
1017  |Info:    Registering I2C interface: /dev/i2c-6 Device 10DE:1E81 Subsystem: 1028:C722
1017  |Info:    Registering I2C interface: /dev/i2c-4 Device 10DE:1E81 Subsystem: 1028:C722
1017  |Info:    Registering I2C interface: /dev/i2c-2 Device 10DE:1E81 Subsystem: 1028:C722
1017  |Info:    Registering I2C interface: /dev/i2c-0 Device 8086:A323 Subsystem: 1462:7B17
1017  |Info:    Registering I2C interface: /dev/i2c-5 Device 10DE:1E81 Subsystem: 1028:C722
1017  |Info:    ------------------------------------------------------
1017  |Info:    |               Detecting I2C devices                |
1017  |Info:    ------------------------------------------------------
1256  |Info:    ------------------------------------------------------
1256  |Info:    |               Detecting HID devices                |
1256  |Info:    ------------------------------------------------------
1309  |Info:    [Corsair Lighting Node Core] Registering RGB controller
1406  |Info:    [Corsair Commander Core] Registering RGB controller
1657  |Info:    [MSI MPG Z390 GAMING EDGE AC (MS-7B17)] Registering RGB controller
1657  |Info:    ------------------------------------------------------
1657  |Info:    |              Detecting other devices               |
1657  |Info:    ------------------------------------------------------
1659  |Info:    ------------------------------------------------------
1659  |Info:    |                Detection completed                 |
1659  |Info:    ------------------------------------------------------
1659  |Info:    Profile loading: Succeeded for Corsair Lighting Node Core @ HID: /dev/hidraw10
1659  |Info:    Profile loading: Succeeded for Corsair Commander Core @ HID: /dev/hidraw5
1659  |Info:    Profile loading: Succeeded for MSI MPG Z390 GAMING EDGE AC (MS-7B17) @ HID: /dev/hidraw9
2780  |Info:    Loading plugins
