    OpenRGB v0.9
    Commit:  from 
    Launched: 20231225_210151
====================================================================================================

1     |Info:    Found file: Dracula.orp attempting to validate header
1     |Info:    Valid v4 profile found for Dracula
1005  |Info:    ------------------------------------------------------
1005  |Info:    |               Start device detection               |
1005  |Info:    ------------------------------------------------------
1005  |Info:    Initializing HID interfaces: Success
1006  |Info:    ------------------------------------------------------
1006  |Info:    |             Detecting I2C interfaces               |
1006  |Info:    ------------------------------------------------------
1006  |Info:    Registering I2C interface: /dev/i2c-3 Device 1002:744C Subsystem: 1DA2:E471
1006  |Info:    Registering I2C interface: /dev/i2c-1 Device 1002:744C Subsystem: 1DA2:E471
1006  |Info:    Registering I2C interface: /dev/i2c-8 Device 8086:A323 Subsystem: 1462:7B17
1006  |Warning: [i2c_smbus_linux] Failed to read i2c device PCI device ID
1006  |Info:    Registering I2C interface: /dev/i2c-6 Device 0000:0000 Subsystem: 0000:0000
1006  |Info:    Registering I2C interface: /dev/i2c-4 Device 1002:744C Subsystem: 1DA2:E471
1006  |Info:    Registering I2C interface: /dev/i2c-2 Device 1002:744C Subsystem: 1DA2:E471
1008  |Info:    Registering I2C interface: /dev/i2c-0 Device 1002:744C Subsystem: 1DA2:E471
1008  |Warning: [i2c_smbus_linux] Failed to read i2c device PCI device ID
1009  |Info:    Registering I2C interface: /dev/i2c-7 Device 0000:0000 Subsystem: 0000:0000
1010  |Info:    Registering I2C interface: /dev/i2c-5 Device 1002:744C Subsystem: 1DA2:E471
1010  |Info:    ------------------------------------------------------
1010  |Info:    |               Detecting I2C devices                |
1010  |Info:    ------------------------------------------------------
1367  |Info:    ------------------------------------------------------
1367  |Info:    |               Detecting I2C PCI devices            |
1367  |Info:    ------------------------------------------------------
1406  |Info:    ------------------------------------------------------
1406  |Info:    |               Detecting HID devices                |
1406  |Info:    ------------------------------------------------------
1459  |Info:    [Corsair Lighting Node Core] Registering RGB controller
1555  |Info:    [Corsair Commander Core] Registering RGB controller
1559  |Info:    [Glorious Model D / D-] Registering RGB controller
1864  |Info:    [MSI MPG Z390 GAMING EDGE AC (MS-7B17)] Registering RGB controller
1864  |Info:    ------------------------------------------------------
1864  |Info:    |            Detecting libusb HID devices            |
1864  |Info:    ------------------------------------------------------
1876  |Info:    ------------------------------------------------------
1876  |Info:    |              Detecting other devices               |
1876  |Info:    ------------------------------------------------------
1879  |Info:    ------------------------------------------------------
1879  |Info:    |                Detection completed                 |
1879  |Info:    ------------------------------------------------------
21449 |Info:    Profile loading: Succeeded for Corsair Lighting Node Core @ HID: /dev/hidraw7
21449 |Info:    Profile loading: Succeeded for Corsair Commander Core @ HID: /dev/hidraw2
21449 |Info:    Profile loading: Succeeded for Glorious Model D / D- @ HID: /dev/hidraw1
21449 |Info:    Profile loading: Succeeded for MSI MPG Z390 GAMING EDGE AC (MS-7B17) @ HID: /dev/hidraw6
