    OpenRGB v0.9
    Commit:  from 
    Launched: 20240114_222629
====================================================================================================

8     |Info:    Found file: Dracula.orp attempting to validate header
13    |Info:    Valid v4 profile found for Dracula
1018  |Info:    ------------------------------------------------------
1018  |Info:    |               Start device detection               |
1018  |Info:    ------------------------------------------------------
1018  |Info:    Initializing HID interfaces: Success
1019  |Info:    ------------------------------------------------------
1019  |Info:    |             Detecting I2C interfaces               |
1019  |Info:    ------------------------------------------------------
1019  |Info:    Registering I2C interface: /dev/i2c-3 Device 1002:744C Subsystem: 1DA2:E471
1019  |Info:    Registering I2C interface: /dev/i2c-1 Device 1002:744C Subsystem: 1DA2:E471
1019  |Info:    Registering I2C interface: /dev/i2c-8 Device 8086:A323 Subsystem: 1462:7B17
1019  |Warning: [i2c_smbus_linux] Failed to read i2c device PCI device ID
1019  |Info:    Registering I2C interface: /dev/i2c-6 Device 0000:0000 Subsystem: 0000:0000
1019  |Info:    Registering I2C interface: /dev/i2c-4 Device 1002:744C Subsystem: 1DA2:E471
1019  |Info:    Registering I2C interface: /dev/i2c-2 Device 1002:744C Subsystem: 1DA2:E471
1019  |Info:    Registering I2C interface: /dev/i2c-0 Device 1002:744C Subsystem: 1DA2:E471
1019  |Warning: [i2c_smbus_linux] Failed to read i2c device PCI device ID
1019  |Info:    Registering I2C interface: /dev/i2c-7 Device 0000:0000 Subsystem: 0000:0000
1019  |Info:    Registering I2C interface: /dev/i2c-5 Device 1002:744C Subsystem: 1DA2:E471
1019  |Info:    ------------------------------------------------------
1019  |Info:    |               Detecting I2C devices                |
1019  |Info:    ------------------------------------------------------
1367  |Info:    ------------------------------------------------------
1367  |Info:    |               Detecting I2C PCI devices            |
1367  |Info:    ------------------------------------------------------
1389  |Info:    ------------------------------------------------------
1389  |Info:    |               Detecting HID devices                |
1389  |Info:    ------------------------------------------------------
1442  |Info:    [Corsair Lighting Node Core] Registering RGB controller
1592  |Info:    [Corsair Commander Core] Registering RGB controller
1594  |Info:    [Glorious Model D / D-] Registering RGB controller
1902  |Info:    [MSI MPG Z390 GAMING EDGE AC (MS-7B17)] Registering RGB controller
1902  |Info:    ------------------------------------------------------
1902  |Info:    |            Detecting libusb HID devices            |
1902  |Info:    ------------------------------------------------------
1917  |Info:    ------------------------------------------------------
1917  |Info:    |              Detecting other devices               |
1917  |Info:    ------------------------------------------------------
1918  |Info:    ------------------------------------------------------
1918  |Info:    |                Detection completed                 |
1918  |Info:    ------------------------------------------------------
1918  |Info:    Profile loading: Succeeded for Corsair Lighting Node Core @ HID: /dev/hidraw10
1918  |Info:    Profile loading: Succeeded for Corsair Commander Core @ HID: /dev/hidraw5
1918  |Info:    Profile loading: Succeeded for Glorious Model D / D- @ HID: /dev/hidraw1
1918  |Info:    Profile loading: Succeeded for MSI MPG Z390 GAMING EDGE AC (MS-7B17) @ HID: /dev/hidraw9
