    OpenRGB v0.81
    Commit: 4f30868a3b16ee36e00f2c31db6ec376b884f1be from 2023-06-22 00:20:11 +0000
    Launched: 20230623_205126
====================================================================================================

0     |Info:    Found file: Dracula.orp attempting to validate header
0     |Info:    Valid v4 profile found for Dracula
1009  |Info:    ------------------------------------------------------
1009  |Info:    |               Start device detection               |
1009  |Info:    ------------------------------------------------------
1009  |Info:    Initializing HID interfaces: Success
1010  |Info:    ------------------------------------------------------
1010  |Info:    |             Detecting I2C interfaces               |
1010  |Info:    ------------------------------------------------------
1010  |Info:    Registering I2C interface: /dev/i2c-3 Device 10DE:1E81 Subsystem: 1028:C722
1010  |Info:    Registering I2C interface: /dev/i2c-1 Device 10DE:1E81 Subsystem: 1028:C722
1010  |Info:    Registering I2C interface: /dev/i2c-6 Device 10DE:1E81 Subsystem: 1028:C722
1010  |Info:    Registering I2C interface: /dev/i2c-4 Device 10DE:1E81 Subsystem: 1028:C722
1010  |Info:    Registering I2C interface: /dev/i2c-2 Device 10DE:1E81 Subsystem: 1028:C722
1010  |Info:    Registering I2C interface: /dev/i2c-0 Device 8086:A323 Subsystem: 1462:7B17
1010  |Info:    Registering I2C interface: /dev/i2c-5 Device 10DE:1E81 Subsystem: 1028:C722
1010  |Info:    ------------------------------------------------------
1010  |Info:    |               Detecting I2C devices                |
1010  |Info:    ------------------------------------------------------
1324  |Info:    ------------------------------------------------------
1324  |Info:    |               Detecting I2C PCI devices            |
1324  |Info:    ------------------------------------------------------
1324  |Info:    ------------------------------------------------------
1324  |Info:    |               Detecting HID devices                |
1324  |Info:    ------------------------------------------------------
1377  |Info:    [Corsair Lighting Node Core] Registering RGB controller
1488  |Info:    [Corsair Commander Core] Registering RGB controller
1491  |Info:    [Glorious Model D / D-] Registering RGB controller
1768  |Info:    [MSI MPG Z390 GAMING EDGE AC (MS-7B17)] Registering RGB controller
1768  |Info:    ------------------------------------------------------
1768  |Info:    |            Detecting libusb HID devices            |
1768  |Info:    ------------------------------------------------------
1792  |Info:    ------------------------------------------------------
1792  |Info:    |              Detecting other devices               |
1792  |Info:    ------------------------------------------------------
1793  |Info:    ------------------------------------------------------
1793  |Info:    |                Detection completed                 |
1793  |Info:    ------------------------------------------------------
1793  |Info:    Profile loading: Succeeded for Corsair Lighting Node Core @ HID: /dev/hidraw12
1793  |Info:    Profile loading: Succeeded for Corsair Commander Core @ HID: /dev/hidraw5
1794  |Info:    Profile loading: Succeeded for Glorious Model D / D- @ HID: /dev/hidraw1
1794  |Info:    Profile loading: Succeeded for MSI MPG Z390 GAMING EDGE AC (MS-7B17) @ HID: /dev/hidraw10
