    OpenRGB v0.7
    Commit:  from 
    Launched: 20221127_105629
====================================================================================================

1     |Info:    Found file: Dracula.orp attempting to validate header
1     |Info:    Valid v3 profile found for Dracula
1008  |Info:    ------------------------------------------------------
1008  |Info:    |               Start device detection               |
1008  |Info:    ------------------------------------------------------
1009  |Info:    Initializing HID interfaces: Success
1010  |Info:    ------------------------------------------------------
1010  |Info:    |             Detecting I2C interfaces               |
1010  |Info:    ------------------------------------------------------
1010  |Info:    Registering I2C interface: /dev/i2c-3 Device 10DE:1E81 Subsystem: 1028:C722
1010  |Info:    Registering I2C interface: /dev/i2c-1 Device 10DE:1E81 Subsystem: 1028:C722
1012  |Info:    Registering I2C interface: /dev/i2c-6 Device 10DE:1E81 Subsystem: 1028:C722
1012  |Info:    Registering I2C interface: /dev/i2c-4 Device 10DE:1E81 Subsystem: 1028:C722
1012  |Info:    Registering I2C interface: /dev/i2c-2 Device 10DE:1E81 Subsystem: 1028:C722
1012  |Info:    Registering I2C interface: /dev/i2c-0 Device 8086:A323 Subsystem: 1462:7B17
1012  |Info:    Registering I2C interface: /dev/i2c-5 Device 10DE:1E81 Subsystem: 1028:C722
1012  |Info:    ------------------------------------------------------
1012  |Info:    |               Detecting I2C devices                |
1012  |Info:    ------------------------------------------------------
1034  |Info:    Loading plugins
1260  |Info:    ------------------------------------------------------
1260  |Info:    |               Detecting HID devices                |
1260  |Info:    ------------------------------------------------------
1312  |Info:    [Corsair Lighting Node Core] Registering RGB controller
1409  |Info:    [Corsair Commander Core] Registering RGB controller
1410  |Info:    [Glorious Model D / D-] Registering RGB controller
1665  |Info:    [MSI MPG Z390 GAMING EDGE AC (MS-7B17)] Registering RGB controller
1665  |Info:    ------------------------------------------------------
1665  |Info:    |              Detecting other devices               |
1665  |Info:    ------------------------------------------------------
1667  |Info:    ------------------------------------------------------
1667  |Info:    |                Detection completed                 |
1667  |Info:    ------------------------------------------------------
