    OpenRGB v0.9
    Commit:  from 
    Launched: 20240116_211933
====================================================================================================

6     |Info:    Found file: Dracula.orp attempting to validate header
8     |Info:    Valid v4 profile found for Dracula
1014  |Info:    ------------------------------------------------------
1014  |Info:    |               Start device detection               |
1014  |Info:    ------------------------------------------------------
1014  |Info:    Initializing HID interfaces: Success
1015  |Info:    ------------------------------------------------------
1015  |Info:    |             Detecting I2C interfaces               |
1015  |Info:    ------------------------------------------------------
1015  |Info:    Registering I2C interface: /dev/i2c-3 Device 1002:744C Subsystem: 1DA2:E471
1015  |Info:    Registering I2C interface: /dev/i2c-1 Device 1002:744C Subsystem: 1DA2:E471
1015  |Info:    Registering I2C interface: /dev/i2c-8 Device 8086:A323 Subsystem: 1462:7B17
1015  |Warning: [i2c_smbus_linux] Failed to read i2c device PCI device ID
1015  |Info:    Registering I2C interface: /dev/i2c-6 Device 0000:0000 Subsystem: 0000:0000
1015  |Info:    Registering I2C interface: /dev/i2c-4 Device 1002:744C Subsystem: 1DA2:E471
1015  |Info:    Registering I2C interface: /dev/i2c-2 Device 1002:744C Subsystem: 1DA2:E471
1015  |Info:    Registering I2C interface: /dev/i2c-0 Device 1002:744C Subsystem: 1DA2:E471
1015  |Warning: [i2c_smbus_linux] Failed to read i2c device PCI device ID
1015  |Info:    Registering I2C interface: /dev/i2c-7 Device 0000:0000 Subsystem: 0000:0000
1016  |Info:    Registering I2C interface: /dev/i2c-5 Device 1002:744C Subsystem: 1DA2:E471
1016  |Info:    ------------------------------------------------------
1016  |Info:    |               Detecting I2C devices                |
1016  |Info:    ------------------------------------------------------
1361  |Info:    ------------------------------------------------------
1361  |Info:    |               Detecting I2C PCI devices            |
1361  |Info:    ------------------------------------------------------
1383  |Info:    ------------------------------------------------------
1383  |Info:    |               Detecting HID devices                |
1383  |Info:    ------------------------------------------------------
1437  |Info:    [Corsair Lighting Node Core] Registering RGB controller
1594  |Info:    [Corsair Commander Core] Registering RGB controller
1597  |Info:    [Glorious Model D / D-] Registering RGB controller
1863  |Info:    [MSI MPG Z390 GAMING EDGE AC (MS-7B17)] Registering RGB controller
1863  |Info:    ------------------------------------------------------
1863  |Info:    |            Detecting libusb HID devices            |
1863  |Info:    ------------------------------------------------------
1879  |Info:    ------------------------------------------------------
1879  |Info:    |              Detecting other devices               |
1879  |Info:    ------------------------------------------------------
1880  |Info:    ------------------------------------------------------
1880  |Info:    |                Detection completed                 |
1880  |Info:    ------------------------------------------------------
1880  |Info:    Profile loading: Succeeded for Corsair Lighting Node Core @ HID: /dev/hidraw10
1880  |Info:    Profile loading: Succeeded for Corsair Commander Core @ HID: /dev/hidraw5
1880  |Info:    Profile loading: Succeeded for Glorious Model D / D- @ HID: /dev/hidraw1
1880  |Info:    Profile loading: Succeeded for MSI MPG Z390 GAMING EDGE AC (MS-7B17) @ HID: /dev/hidraw9
