    OpenRGB v0.8
    Commit:  from 
    Launched: 20230508_024208
====================================================================================================

0     |Info:    Found file: Dracula.orp attempting to validate header
0     |Warning: Profile Dracula.orp isn't valid for current version (v4, expected v3 at most)
1001  |Info:    ------------------------------------------------------
1001  |Info:    |               Start device detection               |
1001  |Info:    ------------------------------------------------------
1001  |Info:    Initializing HID interfaces: Success
1002  |Info:    ------------------------------------------------------
1002  |Info:    |             Detecting I2C interfaces               |
1002  |Info:    ------------------------------------------------------
1002  |Info:    Registering I2C interface: /dev/i2c-3 Device 10DE:1E81 Subsystem: 1028:C722
1002  |Info:    Registering I2C interface: /dev/i2c-1 Device 10DE:1E81 Subsystem: 1028:C722
1002  |Info:    Registering I2C interface: /dev/i2c-6 Device 10DE:1E81 Subsystem: 1028:C722
1002  |Info:    Registering I2C interface: /dev/i2c-4 Device 10DE:1E81 Subsystem: 1028:C722
1002  |Info:    Registering I2C interface: /dev/i2c-2 Device 10DE:1E81 Subsystem: 1028:C722
1002  |Info:    Registering I2C interface: /dev/i2c-0 Device 8086:A323 Subsystem: 1462:7B17
1002  |Info:    Registering I2C interface: /dev/i2c-5 Device 10DE:1E81 Subsystem: 1028:C722
1002  |Info:    ------------------------------------------------------
1002  |Info:    |               Detecting I2C devices                |
1002  |Info:    ------------------------------------------------------
1243  |Info:    ------------------------------------------------------
1243  |Info:    |               Detecting I2C PCI devices            |
1243  |Info:    ------------------------------------------------------
1243  |Info:    ------------------------------------------------------
1243  |Info:    |               Detecting HID devices                |
1243  |Info:    ------------------------------------------------------
1296  |Info:    [Corsair Lighting Node Core] Registering RGB controller
1391  |Info:    [Corsair Commander Core] Registering RGB controller
1394  |Info:    [Glorious Model D / D-] Registering RGB controller
1681  |Info:    [MSI MPG Z390 GAMING EDGE AC (MS-7B17)] Registering RGB controller
1681  |Info:    ------------------------------------------------------
1681  |Info:    |              Detecting other devices               |
1681  |Info:    ------------------------------------------------------
1682  |Info:    ------------------------------------------------------
1682  |Info:    |                Detection completed                 |
1682  |Info:    ------------------------------------------------------
1682  |Info:    Profile loading: FAILED! for Corsair Lighting Node Core @ HID: /dev/hidraw12
1682  |Info:    Profile loading: FAILED! for Corsair Commander Core @ HID: /dev/hidraw5
1682  |Info:    Profile loading: FAILED! for Glorious Model D / D- @ HID: /dev/hidraw1
1682  |Info:    Profile loading: FAILED! for MSI MPG Z390 GAMING EDGE AC (MS-7B17) @ HID: /dev/hidraw10
