    OpenRGB v0.91
    Commit: 51712f08b5f5bd4e9184418d8645b1a3ac862766 from 2023-07-12 14:51:47 +0000
    Launched: 20230717_233200
====================================================================================================

0     |Info:    Found file: Dracula.orp attempting to validate header
0     |Info:    Valid v4 profile found for Dracula
1002  |Info:    ------------------------------------------------------
1003  |Info:    |               Start device detection               |
1003  |Info:    ------------------------------------------------------
1003  |Info:    Initializing HID interfaces: Success
1004  |Info:    ------------------------------------------------------
1005  |Info:    |             Detecting I2C interfaces               |
1005  |Info:    ------------------------------------------------------
1005  |Info:    Registering I2C interface: /dev/i2c-3 Device 10DE:1E81 Subsystem: 1028:C722
1005  |Info:    Registering I2C interface: /dev/i2c-1 Device 10DE:1E81 Subsystem: 1028:C722
1005  |Info:    Registering I2C interface: /dev/i2c-6 Device 10DE:1E81 Subsystem: 1028:C722
1005  |Info:    Registering I2C interface: /dev/i2c-4 Device 10DE:1E81 Subsystem: 1028:C722
1005  |Info:    Registering I2C interface: /dev/i2c-2 Device 10DE:1E81 Subsystem: 1028:C722
1005  |Info:    Registering I2C interface: /dev/i2c-0 Device 8086:A323 Subsystem: 1462:7B17
1005  |Info:    Registering I2C interface: /dev/i2c-5 Device 10DE:1E81 Subsystem: 1028:C722
1005  |Info:    ------------------------------------------------------
1005  |Info:    |               Detecting I2C devices                |
1005  |Info:    ------------------------------------------------------
1316  |Info:    ------------------------------------------------------
1316  |Info:    |               Detecting I2C PCI devices            |
1316  |Info:    ------------------------------------------------------
1316  |Info:    ------------------------------------------------------
1316  |Info:    |               Detecting HID devices                |
1316  |Info:    ------------------------------------------------------
1370  |Info:    [Corsair Lighting Node Core] Registering RGB controller
1465  |Info:    [Corsair Commander Core] Registering RGB controller
1468  |Info:    [Glorious Model D / D-] Registering RGB controller
1739  |Info:    [MSI MPG Z390 GAMING EDGE AC (MS-7B17)] Registering RGB controller
1739  |Info:    ------------------------------------------------------
1739  |Info:    |            Detecting libusb HID devices            |
1739  |Info:    ------------------------------------------------------
1764  |Info:    ------------------------------------------------------
1764  |Info:    |              Detecting other devices               |
1764  |Info:    ------------------------------------------------------
1767  |Info:    ------------------------------------------------------
1767  |Info:    |                Detection completed                 |
1767  |Info:    ------------------------------------------------------
1767  |Info:    Profile loading: Succeeded for Corsair Lighting Node Core @ HID: /dev/hidraw5
1767  |Info:    Profile loading: Succeeded for Corsair Commander Core @ HID: /dev/hidraw6
1767  |Info:    Profile loading: Succeeded for Glorious Model D / D- @ HID: /dev/hidraw1
1767  |Info:    Profile loading: Succeeded for MSI MPG Z390 GAMING EDGE AC (MS-7B17) @ HID: /dev/hidraw10
7169  |ERROR:   [Sinowealth Mouse] Error reading device configuration!
