    OpenRGB v0.81
    Commit: 70ba6a213301deefb966ff25008e00722d9fb630 from 2023-06-05 18:19:05 +0000
    Launched: 20230607_193608
====================================================================================================

7     |Info:    Found file: Dracula.orp attempting to validate header
7     |Info:    Valid v4 profile found for Dracula
1008  |Info:    ------------------------------------------------------
1008  |Info:    |               Start device detection               |
1008  |Info:    ------------------------------------------------------
1008  |Info:    Initializing HID interfaces: Success
1009  |Info:    ------------------------------------------------------
1009  |Info:    |             Detecting I2C interfaces               |
1009  |Info:    ------------------------------------------------------
1009  |Info:    Registering I2C interface: /dev/i2c-3 Device 10DE:1E81 Subsystem: 1028:C722
1009  |Info:    Registering I2C interface: /dev/i2c-1 Device 10DE:1E81 Subsystem: 1028:C722
1009  |Info:    Registering I2C interface: /dev/i2c-6 Device 10DE:1E81 Subsystem: 1028:C722
1009  |Info:    Registering I2C interface: /dev/i2c-4 Device 10DE:1E81 Subsystem: 1028:C722
1010  |Info:    Registering I2C interface: /dev/i2c-2 Device 10DE:1E81 Subsystem: 1028:C722
1010  |Info:    Registering I2C interface: /dev/i2c-0 Device 8086:A323 Subsystem: 1462:7B17
1010  |Info:    Registering I2C interface: /dev/i2c-5 Device 10DE:1E81 Subsystem: 1028:C722
1010  |Info:    ------------------------------------------------------
1010  |Info:    |               Detecting I2C devices                |
1010  |Info:    ------------------------------------------------------
1327  |Info:    ------------------------------------------------------
1327  |Info:    |               Detecting I2C PCI devices            |
1327  |Info:    ------------------------------------------------------
1327  |Info:    ------------------------------------------------------
1327  |Info:    |               Detecting HID devices                |
1327  |Info:    ------------------------------------------------------
1329  |Info:    [Corsair Lighting Node Core] Registering RGB controller
1373  |Info:    [Corsair Commander Core] Registering RGB controller
1376  |Info:    [Glorious Model D / D-] Registering RGB controller
1583  |Info:    [MSI MPG Z390 GAMING EDGE AC (MS-7B17)] Registering RGB controller
1583  |Info:    ------------------------------------------------------
1583  |Info:    |            Detecting libusb HID devices            |
1583  |Info:    ------------------------------------------------------
1603  |Info:    ------------------------------------------------------
1603  |Info:    |              Detecting other devices               |
1603  |Info:    ------------------------------------------------------
1604  |Info:    ------------------------------------------------------
1604  |Info:    |                Detection completed                 |
1604  |Info:    ------------------------------------------------------
