    OpenRGB v0.9
    Commit:  from 
    Launched: 20240619_051450
====================================================================================================

0     |Info:    Found file: Dracula.orp attempting to validate header
0     |Info:    Valid v4 profile found for Dracula
1004  |Info:    ------------------------------------------------------
1004  |Info:    |               Start device detection               |
1004  |Info:    ------------------------------------------------------
1004  |Info:    Initializing HID interfaces: Success
1005  |Info:    ------------------------------------------------------
1005  |Info:    |             Detecting I2C interfaces               |
1005  |Info:    ------------------------------------------------------
1005  |Info:    Registering I2C interface: /dev/i2c-3 Device 1002:744C Subsystem: 1DA2:E471
1005  |Info:    Registering I2C interface: /dev/i2c-1 Device 1002:744C Subsystem: 1DA2:E471
1005  |Info:    Registering I2C interface: /dev/i2c-8 Device 8086:A323 Subsystem: 1462:7B17
1005  |Warning: [i2c_smbus_linux] Failed to read i2c device PCI device ID
1005  |Info:    Registering I2C interface: /dev/i2c-6 Device 0000:0000 Subsystem: 0000:0000
1005  |Info:    Registering I2C interface: /dev/i2c-4 Device 1002:744C Subsystem: 1DA2:E471
1005  |Info:    Registering I2C interface: /dev/i2c-2 Device 1002:744C Subsystem: 1DA2:E471
1005  |Info:    Registering I2C interface: /dev/i2c-0 Device 1002:744C Subsystem: 1DA2:E471
1005  |Warning: [i2c_smbus_linux] Failed to read i2c device PCI device ID
1005  |Info:    Registering I2C interface: /dev/i2c-7 Device 0000:0000 Subsystem: 0000:0000
1005  |Info:    Registering I2C interface: /dev/i2c-5 Device 1002:744C Subsystem: 1DA2:E471
1005  |Info:    ------------------------------------------------------
1005  |Info:    |               Detecting I2C devices                |
1005  |Info:    ------------------------------------------------------
1357  |Info:    ------------------------------------------------------
1357  |Info:    |               Detecting I2C PCI devices            |
1357  |Info:    ------------------------------------------------------
1380  |Info:    ------------------------------------------------------
1380  |Info:    |               Detecting HID devices                |
1380  |Info:    ------------------------------------------------------
1433  |Info:    [Corsair Lighting Node Core] Registering RGB controller
1593  |Info:    [Corsair Commander Core] Registering RGB controller
1597  |Info:    [Glorious Model D / D-] Registering RGB controller
1871  |Info:    [MSI MPG Z390 GAMING EDGE AC (MS-7B17)] Registering RGB controller
1871  |Info:    ------------------------------------------------------
1871  |Info:    |            Detecting libusb HID devices            |
1871  |Info:    ------------------------------------------------------
1889  |Info:    ------------------------------------------------------
1889  |Info:    |              Detecting other devices               |
1889  |Info:    ------------------------------------------------------
1890  |Info:    ------------------------------------------------------
1890  |Info:    |                Detection completed                 |
1890  |Info:    ------------------------------------------------------
1890  |Info:    Profile loading: Succeeded for Corsair Lighting Node Core @ HID: /dev/hidraw1
1890  |Info:    Profile loading: Succeeded for Corsair Commander Core @ HID: /dev/hidraw4
1890  |Info:    Profile loading: Succeeded for Glorious Model D / D- @ HID: /dev/hidraw3
1890  |Info:    Profile loading: Succeeded for MSI MPG Z390 GAMING EDGE AC (MS-7B17) @ HID: /dev/hidraw5
