    OpenRGB v0.9
    Commit:  from 
    Launched: 20230806_185148
====================================================================================================

0     |Info:    Found file: Dracula.orp attempting to validate header
0     |Info:    Valid v4 profile found for Dracula
1011  |Info:    ------------------------------------------------------
1011  |Info:    |               Start device detection               |
1011  |Info:    ------------------------------------------------------
1011  |Info:    Initializing HID interfaces: Success
1014  |Info:    ------------------------------------------------------
1014  |Info:    |             Detecting I2C interfaces               |
1014  |Info:    ------------------------------------------------------
1014  |Info:    Registering I2C interface: /dev/i2c-3 Device 8086:3E98 Subsystem: 1462:7B17
1014  |Info:    Registering I2C interface: /dev/i2c-10 Device 10DE:1E81 Subsystem: 1028:C722
1014  |Info:    Registering I2C interface: /dev/i2c-1 Device 8086:3E98 Subsystem: 1462:7B17
1014  |Info:    Registering I2C interface: /dev/i2c-8 Device 10DE:1E81 Subsystem: 1028:C722
1014  |Info:    Registering I2C interface: /dev/i2c-6 Device 10DE:1E81 Subsystem: 1028:C722
1014  |Warning: [i2c_smbus_linux] Failed to read i2c device PCI device ID
1014  |Info:    Registering I2C interface: /dev/i2c-4 Device 0000:0000 Subsystem: 0000:0000
1014  |Info:    Registering I2C interface: /dev/i2c-11 Device 10DE:1E81 Subsystem: 1028:C722
1014  |Info:    Registering I2C interface: /dev/i2c-2 Device 8086:3E98 Subsystem: 1462:7B17
1014  |Info:    Registering I2C interface: /dev/i2c-0 Device 8086:3E98 Subsystem: 1462:7B17
1014  |Info:    Registering I2C interface: /dev/i2c-9 Device 10DE:1E81 Subsystem: 1028:C722
1014  |Info:    Registering I2C interface: /dev/i2c-7 Device 10DE:1E81 Subsystem: 1028:C722
1014  |Info:    Registering I2C interface: /dev/i2c-5 Device 8086:A323 Subsystem: 1462:7B17
1014  |Info:    ------------------------------------------------------
1014  |Info:    |               Detecting I2C devices                |
1014  |Info:    ------------------------------------------------------
1434  |Info:    ------------------------------------------------------
1434  |Info:    |               Detecting I2C PCI devices            |
1434  |Info:    ------------------------------------------------------
1434  |Info:    ------------------------------------------------------
1434  |Info:    |               Detecting HID devices                |
1434  |Info:    ------------------------------------------------------
1488  |Info:    [Corsair Lighting Node Core] Registering RGB controller
1601  |Info:    [Corsair Commander Core] Registering RGB controller
1603  |Info:    [Glorious Model D / D-] Registering RGB controller
1890  |Info:    [MSI MPG Z390 GAMING EDGE AC (MS-7B17)] Registering RGB controller
1890  |Info:    ------------------------------------------------------
1890  |Info:    |            Detecting libusb HID devices            |
1890  |Info:    ------------------------------------------------------
1912  |Info:    ------------------------------------------------------
1912  |Info:    |              Detecting other devices               |
1912  |Info:    ------------------------------------------------------
1916  |Info:    ------------------------------------------------------
1916  |Info:    |                Detection completed                 |
1916  |Info:    ------------------------------------------------------
1916  |Info:    Profile loading: Succeeded for Corsair Lighting Node Core @ HID: /dev/hidraw10
1916  |Info:    Profile loading: Succeeded for Corsair Commander Core @ HID: /dev/hidraw5
1916  |Info:    Profile loading: Succeeded for Glorious Model D / D- @ HID: /dev/hidraw1
1916  |Info:    Profile loading: Succeeded for MSI MPG Z390 GAMING EDGE AC (MS-7B17) @ HID: /dev/hidraw9
