    OpenRGB v0.81
    Commit: b8ad896ca87ccdf0a2caf5c0099c69cf88571924 from 2023-06-28 23:05:31 -0500
    Launched: 20230701_123905
====================================================================================================

0     |Info:    Found file: Dracula.orp attempting to validate header
0     |Info:    Valid v4 profile found for Dracula
1014  |Info:    ------------------------------------------------------
1014  |Info:    |               Start device detection               |
1014  |Info:    ------------------------------------------------------
1014  |Info:    Initializing HID interfaces: Success
1015  |Info:    ------------------------------------------------------
1015  |Info:    |             Detecting I2C interfaces               |
1015  |Info:    ------------------------------------------------------
1015  |Info:    Registering I2C interface: /dev/i2c-3 Device 10DE:1E81 Subsystem: 1028:C722
1015  |Info:    Registering I2C interface: /dev/i2c-1 Device 10DE:1E81 Subsystem: 1028:C722
1015  |Info:    Registering I2C interface: /dev/i2c-6 Device 10DE:1E81 Subsystem: 1028:C722
1015  |Info:    Registering I2C interface: /dev/i2c-4 Device 10DE:1E81 Subsystem: 1028:C722
1015  |Info:    Registering I2C interface: /dev/i2c-2 Device 10DE:1E81 Subsystem: 1028:C722
1015  |Info:    Registering I2C interface: /dev/i2c-0 Device 8086:A323 Subsystem: 1462:7B17
1015  |Info:    Registering I2C interface: /dev/i2c-5 Device 10DE:1E81 Subsystem: 1028:C722
1015  |Info:    ------------------------------------------------------
1015  |Info:    |               Detecting I2C devices                |
1015  |Info:    ------------------------------------------------------
1336  |Info:    ------------------------------------------------------
1336  |Info:    |               Detecting I2C PCI devices            |
1336  |Info:    ------------------------------------------------------
1336  |Info:    ------------------------------------------------------
1336  |Info:    |               Detecting HID devices                |
1336  |Info:    ------------------------------------------------------
1389  |Info:    [Corsair Lighting Node Core] Registering RGB controller
1501  |Info:    [Corsair Commander Core] Registering RGB controller
1503  |Info:    [Glorious Model D / D-] Registering RGB controller
1782  |Info:    [MSI MPG Z390 GAMING EDGE AC (MS-7B17)] Registering RGB controller
1782  |Info:    ------------------------------------------------------
1782  |Info:    |            Detecting libusb HID devices            |
1782  |Info:    ------------------------------------------------------
1807  |Info:    ------------------------------------------------------
1807  |Info:    |              Detecting other devices               |
1807  |Info:    ------------------------------------------------------
1809  |Info:    ------------------------------------------------------
1809  |Info:    |                Detection completed                 |
1809  |Info:    ------------------------------------------------------
1809  |Info:    Profile loading: Succeeded for Corsair Lighting Node Core @ HID: /dev/hidraw12
1809  |Info:    Profile loading: Succeeded for Corsair Commander Core @ HID: /dev/hidraw5
1809  |Info:    Profile loading: Succeeded for Glorious Model D / D- @ HID: /dev/hidraw1
1809  |Info:    Profile loading: Succeeded for MSI MPG Z390 GAMING EDGE AC (MS-7B17) @ HID: /dev/hidraw10
