    OpenRGB v0.81
    Commit: 255d64d3d19ffc4fe627cd1b82e5be8ea4e45773 from 2023-06-21 17:14:43 +0000
    Launched: 20230622_151408
====================================================================================================

0     |Info:    Found file: Dracula.orp attempting to validate header
0     |Info:    Valid v4 profile found for Dracula
1009  |Info:    ------------------------------------------------------
1009  |Info:    |               Start device detection               |
1009  |Info:    ------------------------------------------------------
1009  |Info:    Initializing HID interfaces: Success
1010  |Info:    ------------------------------------------------------
1010  |Info:    |             Detecting I2C interfaces               |
1010  |Info:    ------------------------------------------------------
1010  |Info:    Registering I2C interface: /dev/i2c-3 Device 10DE:1E81 Subsystem: 1028:C722
1010  |Info:    Registering I2C interface: /dev/i2c-1 Device 10DE:1E81 Subsystem: 1028:C722
1010  |Info:    Registering I2C interface: /dev/i2c-6 Device 10DE:1E81 Subsystem: 1028:C722
1010  |Info:    Registering I2C interface: /dev/i2c-4 Device 10DE:1E81 Subsystem: 1028:C722
1010  |Info:    Registering I2C interface: /dev/i2c-2 Device 10DE:1E81 Subsystem: 1028:C722
1010  |Info:    Registering I2C interface: /dev/i2c-0 Device 8086:A323 Subsystem: 1462:7B17
1010  |Info:    Registering I2C interface: /dev/i2c-5 Device 10DE:1E81 Subsystem: 1028:C722
1010  |Info:    ------------------------------------------------------
1010  |Info:    |               Detecting I2C devices                |
1010  |Info:    ------------------------------------------------------
1330  |Info:    ------------------------------------------------------
1330  |Info:    |               Detecting I2C PCI devices            |
1330  |Info:    ------------------------------------------------------
1331  |Info:    ------------------------------------------------------
1331  |Info:    |               Detecting HID devices                |
1331  |Info:    ------------------------------------------------------
1383  |Info:    [Corsair Lighting Node Core] Registering RGB controller
1499  |Info:    [Corsair Commander Core] Registering RGB controller
1501  |Info:    [Glorious Model D / D-] Registering RGB controller
1784  |Info:    [MSI MPG Z390 GAMING EDGE AC (MS-7B17)] Registering RGB controller
1784  |Info:    ------------------------------------------------------
1784  |Info:    |            Detecting libusb HID devices            |
1784  |Info:    ------------------------------------------------------
1808  |Info:    ------------------------------------------------------
1808  |Info:    |              Detecting other devices               |
1808  |Info:    ------------------------------------------------------
1810  |Info:    ------------------------------------------------------
1810  |Info:    |                Detection completed                 |
1810  |Info:    ------------------------------------------------------
1810  |Info:    Profile loading: Succeeded for Corsair Lighting Node Core @ HID: /dev/hidraw12
1810  |Info:    Profile loading: Succeeded for Corsair Commander Core @ HID: /dev/hidraw13
1810  |Info:    Profile loading: Succeeded for Glorious Model D / D- @ HID: /dev/hidraw1
1810  |Info:    Profile loading: Succeeded for MSI MPG Z390 GAMING EDGE AC (MS-7B17) @ HID: /dev/hidraw10
