    OpenRGB v0.81
    Commit: 89ef2b1a8b042cd51d72d7ff41febbf5e0335a52 from 2023-04-30 18:20:24 +0000
    Launched: 20230507_204534
====================================================================================================

0     |Info:    Found file: Dracula.orp attempting to validate header
0     |Info:    Valid v4 profile found for Dracula
1008  |Info:    ------------------------------------------------------
1008  |Info:    |               Start device detection               |
1008  |Info:    ------------------------------------------------------
1008  |Info:    Initializing HID interfaces: Success
1009  |Info:    ------------------------------------------------------
1009  |Info:    |             Detecting I2C interfaces               |
1009  |Info:    ------------------------------------------------------
1009  |Info:    Registering I2C interface: /dev/i2c-3 Device 10DE:1E81 Subsystem: 1028:C722
1009  |Info:    Registering I2C interface: /dev/i2c-1 Device 10DE:1E81 Subsystem: 1028:C722
1009  |Info:    Registering I2C interface: /dev/i2c-6 Device 10DE:1E81 Subsystem: 1028:C722
1009  |Info:    Registering I2C interface: /dev/i2c-4 Device 10DE:1E81 Subsystem: 1028:C722
1009  |Info:    Registering I2C interface: /dev/i2c-2 Device 10DE:1E81 Subsystem: 1028:C722
1009  |Info:    Registering I2C interface: /dev/i2c-0 Device 8086:A323 Subsystem: 1462:7B17
1009  |Info:    Registering I2C interface: /dev/i2c-5 Device 10DE:1E81 Subsystem: 1028:C722
1009  |Info:    ------------------------------------------------------
1009  |Info:    |               Detecting I2C devices                |
1009  |Info:    ------------------------------------------------------
1325  |Info:    ------------------------------------------------------
1325  |Info:    |               Detecting I2C PCI devices            |
1325  |Info:    ------------------------------------------------------
1326  |Info:    ------------------------------------------------------
1326  |Info:    |               Detecting HID devices                |
1326  |Info:    ------------------------------------------------------
1378  |Info:    [Corsair Lighting Node Core] Registering RGB controller
1493  |Info:    [Corsair Commander Core] Registering RGB controller
1495  |Info:    [Glorious Model D / D-] Registering RGB controller
1740  |Info:    [MSI MPG Z390 GAMING EDGE AC (MS-7B17)] Registering RGB controller
1740  |Info:    ------------------------------------------------------
1740  |Info:    |            Detecting libusb HID devices            |
1740  |Info:    ------------------------------------------------------
1763  |Info:    ------------------------------------------------------
1763  |Info:    |              Detecting other devices               |
1763  |Info:    ------------------------------------------------------
1764  |Info:    ------------------------------------------------------
1764  |Info:    |                Detection completed                 |
1764  |Info:    ------------------------------------------------------
1765  |Info:    Profile loading: Succeeded for Corsair Lighting Node Core @ HID: /dev/hidraw12
1765  |Info:    Profile loading: Succeeded for Corsair Commander Core @ HID: /dev/hidraw5
1765  |Info:    Profile loading: Succeeded for Glorious Model D / D- @ HID: /dev/hidraw1
1765  |Info:    Profile loading: Succeeded for MSI MPG Z390 GAMING EDGE AC (MS-7B17) @ HID: /dev/hidraw10
