    OpenRGB v0.9
    Commit:  from 
    Launched: 20231225_210142
====================================================================================================

3     |Info:    Found file: Dracula.orp attempting to validate header
3     |Info:    Valid v4 profile found for Dracula
1008  |Info:    ------------------------------------------------------
1008  |Info:    |               Start device detection               |
1008  |Info:    ------------------------------------------------------
1008  |Info:    Initializing HID interfaces: Success
1009  |Info:    ------------------------------------------------------
1009  |Info:    |             Detecting I2C interfaces               |
1009  |Info:    ------------------------------------------------------
1009  |Info:    Registering I2C interface: /dev/i2c-3 Device 1002:744C Subsystem: 1DA2:E471
1009  |Info:    Registering I2C interface: /dev/i2c-1 Device 1002:744C Subsystem: 1DA2:E471
1009  |Info:    Registering I2C interface: /dev/i2c-8 Device 8086:A323 Subsystem: 1462:7B17
1010  |Warning: [i2c_smbus_linux] Failed to read i2c device PCI device ID
1010  |Info:    Registering I2C interface: /dev/i2c-6 Device 0000:0000 Subsystem: 0000:0000
1010  |Info:    Registering I2C interface: /dev/i2c-4 Device 1002:744C Subsystem: 1DA2:E471
1010  |Info:    Registering I2C interface: /dev/i2c-2 Device 1002:744C Subsystem: 1DA2:E471
1012  |Info:    Registering I2C interface: /dev/i2c-0 Device 1002:744C Subsystem: 1DA2:E471
1012  |Warning: [i2c_smbus_linux] Failed to read i2c device PCI device ID
1012  |Info:    Registering I2C interface: /dev/i2c-7 Device 0000:0000 Subsystem: 0000:0000
1012  |Info:    Registering I2C interface: /dev/i2c-5 Device 1002:744C Subsystem: 1DA2:E471
1012  |Info:    ------------------------------------------------------
1012  |Info:    |               Detecting I2C devices                |
1012  |Info:    ------------------------------------------------------
1377  |Info:    ------------------------------------------------------
1377  |Info:    |               Detecting I2C PCI devices            |
1377  |Info:    ------------------------------------------------------
1414  |Info:    ------------------------------------------------------
1414  |Info:    |               Detecting HID devices                |
1414  |Info:    ------------------------------------------------------
1467  |Info:    [Corsair Lighting Node Core] Registering RGB controller
1566  |Info:    [Corsair Commander Core] Registering RGB controller
1572  |Info:    [Glorious Model D / D-] Registering RGB controller
1840  |Info:    [MSI MPG Z390 GAMING EDGE AC (MS-7B17)] Registering RGB controller
1840  |Info:    ------------------------------------------------------
1840  |Info:    |            Detecting libusb HID devices            |
1840  |Info:    ------------------------------------------------------
1852  |Info:    ------------------------------------------------------
1852  |Info:    |              Detecting other devices               |
1852  |Info:    ------------------------------------------------------
1854  |Info:    ------------------------------------------------------
1854  |Info:    |                Detection completed                 |
1854  |Info:    ------------------------------------------------------
