    OpenRGB v0.7
    Commit:  from 
    Launched: 20221204_161642
====================================================================================================

0     |Info:    Found file: Off.orp attempting to validate header
0     |Info:    Valid v3 profile found for Off
0     |Info:    Found file: Dracula.orp attempting to validate header
0     |Info:    Valid v3 profile found for Dracula
1001  |Info:    ------------------------------------------------------
1001  |Info:    |               Start device detection               |
1001  |Info:    ------------------------------------------------------
1001  |Info:    Initializing HID interfaces: Success
1001  |Info:    ------------------------------------------------------
1001  |Info:    |             Detecting I2C interfaces               |
1001  |Info:    ------------------------------------------------------
1002  |Info:    Registering I2C interface: /dev/i2c-3 Device 10DE:1E81 Subsystem: 1028:C722
1002  |Info:    Registering I2C interface: /dev/i2c-1 Device 10DE:1E81 Subsystem: 1028:C722
1002  |Info:    Registering I2C interface: /dev/i2c-6 Device 10DE:1E81 Subsystem: 1028:C722
1002  |Info:    Registering I2C interface: /dev/i2c-4 Device 10DE:1E81 Subsystem: 1028:C722
1002  |Info:    Registering I2C interface: /dev/i2c-2 Device 10DE:1E81 Subsystem: 1028:C722
1002  |Info:    Registering I2C interface: /dev/i2c-0 Device 8086:A323 Subsystem: 1462:7B17
1002  |Info:    Registering I2C interface: /dev/i2c-5 Device 10DE:1E81 Subsystem: 1028:C722
1002  |Info:    ------------------------------------------------------
1002  |Info:    |               Detecting I2C devices                |
1002  |Info:    ------------------------------------------------------
1027  |Info:    Loading plugins
1246  |Info:    ------------------------------------------------------
1246  |Info:    |               Detecting HID devices                |
1246  |Info:    ------------------------------------------------------
1304  |Info:    [Corsair Lighting Node Core] Registering RGB controller
1400  |Info:    [Corsair Commander Core] Registering RGB controller
1400  |Info:    [Glorious Model D / D-] Registering RGB controller
1672  |Info:    [MSI MPG Z390 GAMING EDGE AC (MS-7B17)] Registering RGB controller
1672  |Info:    ------------------------------------------------------
1672  |Info:    |              Detecting other devices               |
1672  |Info:    ------------------------------------------------------
1674  |Info:    ------------------------------------------------------
1674  |Info:    |                Detection completed                 |
1674  |Info:    ------------------------------------------------------
10161 |Info:    Profile loading: Succeeded for Corsair Lighting Node Core @ HID: /dev/hidraw3
10161 |Info:    Profile loading: Succeeded for Corsair Commander Core @ HID: /dev/hidraw7
10161 |Info:    Profile loading: Succeeded for Glorious Model D / D- @ HID: /dev/hidraw1
10161 |Info:    Profile loading: Succeeded for MSI MPG Z390 GAMING EDGE AC (MS-7B17) @ HID: /dev/hidraw2
10815 |Info:    Profile loading: Succeeded for Corsair Lighting Node Core @ HID: /dev/hidraw3
10815 |Info:    Profile loading: Succeeded for Corsair Commander Core @ HID: /dev/hidraw7
10815 |Info:    Profile loading: Succeeded for Glorious Model D / D- @ HID: /dev/hidraw1
10815 |Info:    Profile loading: Succeeded for MSI MPG Z390 GAMING EDGE AC (MS-7B17) @ HID: /dev/hidraw2
11142 |Info:    Profile loading: Succeeded for Corsair Lighting Node Core @ HID: /dev/hidraw3
11142 |Info:    Profile loading: Succeeded for Corsair Commander Core @ HID: /dev/hidraw7
11142 |Info:    Profile loading: Succeeded for Glorious Model D / D- @ HID: /dev/hidraw1
11142 |Info:    Profile loading: Succeeded for MSI MPG Z390 GAMING EDGE AC (MS-7B17) @ HID: /dev/hidraw2
11389 |Info:    Profile loading: Succeeded for Corsair Lighting Node Core @ HID: /dev/hidraw3
11389 |Info:    Profile loading: Succeeded for Corsair Commander Core @ HID: /dev/hidraw7
11389 |Info:    Profile loading: Succeeded for Glorious Model D / D- @ HID: /dev/hidraw1
11389 |Info:    Profile loading: Succeeded for MSI MPG Z390 GAMING EDGE AC (MS-7B17) @ HID: /dev/hidraw2
11744 |Info:    Profile loading: Succeeded for Corsair Lighting Node Core @ HID: /dev/hidraw3
11744 |Info:    Profile loading: Succeeded for Corsair Commander Core @ HID: /dev/hidraw7
11744 |Info:    Profile loading: Succeeded for Glorious Model D / D- @ HID: /dev/hidraw1
11744 |Info:    Profile loading: Succeeded for MSI MPG Z390 GAMING EDGE AC (MS-7B17) @ HID: /dev/hidraw2
12043 |Info:    Profile loading: Succeeded for Corsair Lighting Node Core @ HID: /dev/hidraw3
12043 |Info:    Profile loading: Succeeded for Corsair Commander Core @ HID: /dev/hidraw7
12043 |Info:    Profile loading: Succeeded for Glorious Model D / D- @ HID: /dev/hidraw1
12043 |Info:    Profile loading: Succeeded for MSI MPG Z390 GAMING EDGE AC (MS-7B17) @ HID: /dev/hidraw2
