    OpenRGB v0.9
    Commit:  from 
    Launched: 20230807_132827
====================================================================================================

0     |Info:    Found file: Dracula.orp attempting to validate header
0     |Info:    Valid v4 profile found for Dracula
1001  |Info:    ------------------------------------------------------
1001  |Info:    |               Start device detection               |
1001  |Info:    ------------------------------------------------------
1001  |Info:    Initializing HID interfaces: Success
1004  |Info:    ------------------------------------------------------
1004  |Info:    |             Detecting I2C interfaces               |
1004  |Info:    ------------------------------------------------------
1004  |Info:    Registering I2C interface: /dev/i2c-3 Device 10DE:1E81 Subsystem: 1028:C722
1004  |Info:    Registering I2C interface: /dev/i2c-1 Device 10DE:1E81 Subsystem: 1028:C722
1004  |Info:    Registering I2C interface: /dev/i2c-6 Device 10DE:1E81 Subsystem: 1028:C722
1004  |Info:    Registering I2C interface: /dev/i2c-4 Device 10DE:1E81 Subsystem: 1028:C722
1004  |Info:    Registering I2C interface: /dev/i2c-2 Device 10DE:1E81 Subsystem: 1028:C722
1004  |Info:    Registering I2C interface: /dev/i2c-0 Device 8086:A323 Subsystem: 1462:7B17
1004  |Info:    Registering I2C interface: /dev/i2c-5 Device 10DE:1E81 Subsystem: 1028:C722
1004  |Info:    ------------------------------------------------------
1004  |Info:    |               Detecting I2C devices                |
1004  |Info:    ------------------------------------------------------
1320  |Info:    ------------------------------------------------------
1320  |Info:    |               Detecting I2C PCI devices            |
1320  |Info:    ------------------------------------------------------
1321  |Info:    ------------------------------------------------------
1321  |Info:    |               Detecting HID devices                |
1321  |Info:    ------------------------------------------------------
1374  |Info:    [Corsair Lighting Node Core] Registering RGB controller
1468  |Info:    [Corsair Commander Core] Registering RGB controller
1471  |Info:    [Glorious Model D / D-] Registering RGB controller
1726  |Info:    [MSI MPG Z390 GAMING EDGE AC (MS-7B17)] Registering RGB controller
1726  |Info:    ------------------------------------------------------
1726  |Info:    |            Detecting libusb HID devices            |
1726  |Info:    ------------------------------------------------------
1746  |Info:    ------------------------------------------------------
1746  |Info:    |              Detecting other devices               |
1746  |Info:    ------------------------------------------------------
1749  |Info:    ------------------------------------------------------
1749  |Info:    |                Detection completed                 |
1749  |Info:    ------------------------------------------------------
1750  |Info:    Profile loading: Succeeded for Corsair Lighting Node Core @ HID: /dev/hidraw10
1750  |Info:    Profile loading: Succeeded for Corsair Commander Core @ HID: /dev/hidraw11
1750  |Info:    Profile loading: Succeeded for Glorious Model D / D- @ HID: /dev/hidraw1
1750  |Info:    Profile loading: Succeeded for MSI MPG Z390 GAMING EDGE AC (MS-7B17) @ HID: /dev/hidraw9
