    OpenRGB v0.81
    Commit: c7b417ed8a387bec07c731027976a05c2e5a1b7e from 2023-04-10 13:53:09 +1000
    Launched: 20230410_143135
====================================================================================================

0     |Info:    Found file: Dracula.orp attempting to validate header
0     |Info:    Valid v4 profile found for Dracula
1001  |Info:    ------------------------------------------------------
1001  |Info:    |               Start device detection               |
1001  |Info:    ------------------------------------------------------
1002  |Info:    Initializing HID interfaces: Success
1002  |Info:    ------------------------------------------------------
1002  |Info:    |             Detecting I2C interfaces               |
1002  |Info:    ------------------------------------------------------
1002  |Info:    Registering I2C interface: /dev/i2c-3 Device 10DE:1E81 Subsystem: 1028:C722
1002  |Info:    Registering I2C interface: /dev/i2c-1 Device 10DE:1E81 Subsystem: 1028:C722
1002  |Info:    Registering I2C interface: /dev/i2c-6 Device 10DE:1E81 Subsystem: 1028:C722
1003  |Info:    Registering I2C interface: /dev/i2c-4 Device 10DE:1E81 Subsystem: 1028:C722
1003  |Info:    Registering I2C interface: /dev/i2c-2 Device 10DE:1E81 Subsystem: 1028:C722
1003  |Info:    Registering I2C interface: /dev/i2c-0 Device 8086:A323 Subsystem: 1462:7B17
1003  |Info:    Registering I2C interface: /dev/i2c-5 Device 10DE:1E81 Subsystem: 1028:C722
1003  |Info:    ------------------------------------------------------
1003  |Info:    |               Detecting I2C devices                |
1003  |Info:    ------------------------------------------------------
1317  |Info:    ------------------------------------------------------
1317  |Info:    |               Detecting I2C PCI devices            |
1317  |Info:    ------------------------------------------------------
1318  |Info:    ------------------------------------------------------
1318  |Info:    |               Detecting HID devices                |
1318  |Info:    ------------------------------------------------------
1320  |Info:    [Corsair Lighting Node Core] Registering RGB controller
1364  |Info:    [Corsair Commander Core] Registering RGB controller
1366  |Info:    [Glorious Model D / D-] Registering RGB controller
1573  |Info:    [MSI MPG Z390 GAMING EDGE AC (MS-7B17)] Registering RGB controller
1573  |Info:    ------------------------------------------------------
1573  |Info:    |            Detecting libusb HID devices            |
1573  |Info:    ------------------------------------------------------
1587  |Info:    ------------------------------------------------------
1587  |Info:    |              Detecting other devices               |
1587  |Info:    ------------------------------------------------------
1588  |Info:    ------------------------------------------------------
1588  |Info:    |                Detection completed                 |
1588  |Info:    ------------------------------------------------------
