    OpenRGB v0.7
    Commit:  from 
    Launched: 20230102_133646
====================================================================================================

0     |Info:    Found file: Dracula.orp attempting to validate header
1     |Info:    Valid v3 profile found for Dracula
1018  |Info:    ------------------------------------------------------
1018  |Info:    |               Start device detection               |
1018  |Info:    ------------------------------------------------------
1018  |Info:    Initializing HID interfaces: Success
1019  |Info:    ------------------------------------------------------
1019  |Info:    |             Detecting I2C interfaces               |
1019  |Info:    ------------------------------------------------------
1019  |Info:    Registering I2C interface: /dev/i2c-3 Device 10DE:1E81 Subsystem: 1028:C722
1019  |Info:    Registering I2C interface: /dev/i2c-1 Device 10DE:1E81 Subsystem: 1028:C722
1019  |Info:    Registering I2C interface: /dev/i2c-6 Device 10DE:1E81 Subsystem: 1028:C722
1019  |Info:    Registering I2C interface: /dev/i2c-4 Device 10DE:1E81 Subsystem: 1028:C722
1019  |Info:    Registering I2C interface: /dev/i2c-2 Device 10DE:1E81 Subsystem: 1028:C722
1019  |Info:    Registering I2C interface: /dev/i2c-0 Device 8086:A323 Subsystem: 1462:7B17
1019  |Info:    Registering I2C interface: /dev/i2c-5 Device 10DE:1E81 Subsystem: 1028:C722
1019  |Info:    ------------------------------------------------------
1019  |Info:    |               Detecting I2C devices                |
1019  |Info:    ------------------------------------------------------
1260  |Info:    ------------------------------------------------------
1260  |Info:    |               Detecting HID devices                |
1260  |Info:    ------------------------------------------------------
1313  |Info:    [Corsair Lighting Node Core] Registering RGB controller
1423  |Info:    [Corsair Commander Core] Registering RGB controller
1729  |Info:    [MSI MPG Z390 GAMING EDGE AC (MS-7B17)] Registering RGB controller
1730  |Info:    ------------------------------------------------------
1730  |Info:    |              Detecting other devices               |
1730  |Info:    ------------------------------------------------------
1731  |Info:    ------------------------------------------------------
1731  |Info:    |                Detection completed                 |
1731  |Info:    ------------------------------------------------------
1731  |Info:    Profile loading: Succeeded for Corsair Lighting Node Core @ HID: /dev/hidraw10
1731  |Info:    Profile loading: Succeeded for Corsair Commander Core @ HID: /dev/hidraw5
1731  |Info:    Profile loading: Succeeded for MSI MPG Z390 GAMING EDGE AC (MS-7B17) @ HID: /dev/hidraw9
2854  |Info:    Loading plugins
