    OpenRGB v0.81
    Commit: 4f30868a3b16ee36e00f2c31db6ec376b884f1be from 2023-06-22 00:20:11 +0000
    Launched: 20230624_193657
====================================================================================================

0     |Info:    Found file: Dracula.orp attempting to validate header
1     |Info:    Valid v4 profile found for Dracula
1012  |Info:    ------------------------------------------------------
1012  |Info:    |               Start device detection               |
1012  |Info:    ------------------------------------------------------
1012  |Info:    Initializing HID interfaces: Success
1013  |Info:    ------------------------------------------------------
1013  |Info:    |             Detecting I2C interfaces               |
1013  |Info:    ------------------------------------------------------
1013  |Info:    Registering I2C interface: /dev/i2c-3 Device 10DE:1E81 Subsystem: 1028:C722
1013  |Info:    Registering I2C interface: /dev/i2c-1 Device 10DE:1E81 Subsystem: 1028:C722
1013  |Info:    Registering I2C interface: /dev/i2c-6 Device 10DE:1E81 Subsystem: 1028:C722
1013  |Info:    Registering I2C interface: /dev/i2c-4 Device 10DE:1E81 Subsystem: 1028:C722
1013  |Info:    Registering I2C interface: /dev/i2c-2 Device 10DE:1E81 Subsystem: 1028:C722
1013  |Info:    Registering I2C interface: /dev/i2c-0 Device 8086:A323 Subsystem: 1462:7B17
1013  |Info:    Registering I2C interface: /dev/i2c-5 Device 10DE:1E81 Subsystem: 1028:C722
1013  |Info:    ------------------------------------------------------
1013  |Info:    |               Detecting I2C devices                |
1013  |Info:    ------------------------------------------------------
1333  |Info:    ------------------------------------------------------
1333  |Info:    |               Detecting I2C PCI devices            |
1333  |Info:    ------------------------------------------------------
1333  |Info:    ------------------------------------------------------
1333  |Info:    |               Detecting HID devices                |
1333  |Info:    ------------------------------------------------------
1386  |Info:    [Corsair Lighting Node Core] Registering RGB controller
1482  |Info:    [Corsair Commander Core] Registering RGB controller
1484  |Info:    [Glorious Model D / D-] Registering RGB controller
1741  |Info:    [MSI MPG Z390 GAMING EDGE AC (MS-7B17)] Registering RGB controller
1741  |Info:    ------------------------------------------------------
1741  |Info:    |            Detecting libusb HID devices            |
1741  |Info:    ------------------------------------------------------
1766  |Info:    ------------------------------------------------------
1766  |Info:    |              Detecting other devices               |
1766  |Info:    ------------------------------------------------------
1769  |Info:    ------------------------------------------------------
1769  |Info:    |                Detection completed                 |
1769  |Info:    ------------------------------------------------------
1769  |Info:    Profile loading: Succeeded for Corsair Lighting Node Core @ HID: /dev/hidraw12
1769  |Info:    Profile loading: Succeeded for Corsair Commander Core @ HID: /dev/hidraw5
1769  |Info:    Profile loading: Succeeded for Glorious Model D / D- @ HID: /dev/hidraw1
1769  |Info:    Profile loading: Succeeded for MSI MPG Z390 GAMING EDGE AC (MS-7B17) @ HID: /dev/hidraw10
