    OpenRGB v0.7
    Commit:  from 
    Launched: 20221221_201444
====================================================================================================

0     |Info:    Found file: Dracula.orp attempting to validate header
0     |Info:    Valid v3 profile found for Dracula
1003  |Info:    ------------------------------------------------------
1003  |Info:    |               Start device detection               |
1003  |Info:    ------------------------------------------------------
1003  |Info:    Initializing HID interfaces: Success
1004  |Info:    ------------------------------------------------------
1004  |Info:    |             Detecting I2C interfaces               |
1004  |Info:    ------------------------------------------------------
1004  |Info:    Registering I2C interface: /dev/i2c-3 Device 10DE:1E81 Subsystem: 1028:C722
1004  |Info:    Registering I2C interface: /dev/i2c-1 Device 10DE:1E81 Subsystem: 1028:C722
1004  |Info:    Registering I2C interface: /dev/i2c-6 Device 10DE:1E81 Subsystem: 1028:C722
1004  |Info:    Registering I2C interface: /dev/i2c-4 Device 10DE:1E81 Subsystem: 1028:C722
1004  |Info:    Registering I2C interface: /dev/i2c-2 Device 10DE:1E81 Subsystem: 1028:C722
1004  |Info:    Registering I2C interface: /dev/i2c-0 Device 8086:A323 Subsystem: 1462:7B17
1004  |Info:    Registering I2C interface: /dev/i2c-5 Device 10DE:1E81 Subsystem: 1028:C722
1004  |Info:    ------------------------------------------------------
1004  |Info:    |               Detecting I2C devices                |
1004  |Info:    ------------------------------------------------------
1027  |Info:    Loading plugins
1248  |Info:    ------------------------------------------------------
1248  |Info:    |               Detecting HID devices                |
1248  |Info:    ------------------------------------------------------
1308  |Info:    [Corsair Lighting Node Core] Registering RGB controller
1407  |Info:    [Corsair Commander Core] Registering RGB controller
1407  |Info:    [Glorious Model D / D-] Registering RGB controller
1708  |Info:    [MSI MPG Z390 GAMING EDGE AC (MS-7B17)] Registering RGB controller
1708  |Info:    ------------------------------------------------------
1708  |Info:    |              Detecting other devices               |
1708  |Info:    ------------------------------------------------------
1710  |Info:    ------------------------------------------------------
1710  |Info:    |                Detection completed                 |
1710  |Info:    ------------------------------------------------------
3659  |Info:    Profile loading: Succeeded for Corsair Lighting Node Core @ HID: /dev/hidraw3
3659  |Info:    Profile loading: Succeeded for Corsair Commander Core @ HID: /dev/hidraw7
3659  |Info:    Profile loading: Succeeded for Glorious Model D / D- @ HID: /dev/hidraw1
3659  |Info:    Profile loading: Succeeded for MSI MPG Z390 GAMING EDGE AC (MS-7B17) @ HID: /dev/hidraw2
