    OpenRGB v0.9
    Commit:  from 
    Launched: 20230806_202834
====================================================================================================

0     |Info:    Found file: Dracula.orp attempting to validate header
0     |Info:    Valid v4 profile found for Dracula
1013  |Info:    ------------------------------------------------------
1013  |Info:    |               Start device detection               |
1013  |Info:    ------------------------------------------------------
1013  |Info:    Initializing HID interfaces: Success
1013  |Info:    ------------------------------------------------------
1013  |Info:    |             Detecting I2C interfaces               |
1013  |Info:    ------------------------------------------------------
1013  |Info:    Registering I2C interface: /dev/i2c-3 Device 10DE:1E81 Subsystem: 1028:C722
1013  |Info:    Registering I2C interface: /dev/i2c-1 Device 10DE:1E81 Subsystem: 1028:C722
1013  |Info:    Registering I2C interface: /dev/i2c-6 Device 10DE:1E81 Subsystem: 1028:C722
1013  |Info:    Registering I2C interface: /dev/i2c-4 Device 10DE:1E81 Subsystem: 1028:C722
1013  |Info:    Registering I2C interface: /dev/i2c-2 Device 10DE:1E81 Subsystem: 1028:C722
1013  |Info:    Registering I2C interface: /dev/i2c-0 Device 8086:A323 Subsystem: 1462:7B17
1013  |Info:    Registering I2C interface: /dev/i2c-5 Device 10DE:1E81 Subsystem: 1028:C722
1013  |Info:    ------------------------------------------------------
1013  |Info:    |               Detecting I2C devices                |
1013  |Info:    ------------------------------------------------------
1334  |Info:    ------------------------------------------------------
1334  |Info:    |               Detecting I2C PCI devices            |
1334  |Info:    ------------------------------------------------------
1334  |Info:    ------------------------------------------------------
1334  |Info:    |               Detecting HID devices                |
1334  |Info:    ------------------------------------------------------
1334  |Info:    ------------------------------------------------------
1334  |Info:    |            Detecting libusb HID devices            |
1334  |Info:    ------------------------------------------------------
1336  |Info:    ------------------------------------------------------
1336  |Info:    |              Detecting other devices               |
1336  |Info:    ------------------------------------------------------
1336  |Info:    ------------------------------------------------------
1336  |Info:    |                Detection completed                 |
1336  |Info:    ------------------------------------------------------
