    OpenRGB v0.9
    Commit:  from 
    Launched: 20231230_141109
====================================================================================================

6     |Info:    Found file: Dracula.orp attempting to validate header
9     |Info:    Valid v4 profile found for Dracula
1013  |Info:    ------------------------------------------------------
1013  |Info:    |               Start device detection               |
1013  |Info:    ------------------------------------------------------
1013  |Info:    Initializing HID interfaces: Success
1014  |Info:    ------------------------------------------------------
1014  |Info:    |             Detecting I2C interfaces               |
1014  |Info:    ------------------------------------------------------
1014  |Info:    Registering I2C interface: /dev/i2c-3 Device 1002:744C Subsystem: 1DA2:E471
1014  |Info:    Registering I2C interface: /dev/i2c-1 Device 1002:744C Subsystem: 1DA2:E471
1014  |Info:    Registering I2C interface: /dev/i2c-8 Device 8086:A323 Subsystem: 1462:7B17
1014  |Warning: [i2c_smbus_linux] Failed to read i2c device PCI device ID
1014  |Info:    Registering I2C interface: /dev/i2c-6 Device 0000:0000 Subsystem: 0000:0000
1014  |Info:    Registering I2C interface: /dev/i2c-4 Device 1002:744C Subsystem: 1DA2:E471
1014  |Info:    Registering I2C interface: /dev/i2c-2 Device 1002:744C Subsystem: 1DA2:E471
1014  |Info:    Registering I2C interface: /dev/i2c-0 Device 1002:744C Subsystem: 1DA2:E471
1014  |Warning: [i2c_smbus_linux] Failed to read i2c device PCI device ID
1014  |Info:    Registering I2C interface: /dev/i2c-7 Device 0000:0000 Subsystem: 0000:0000
1014  |Info:    Registering I2C interface: /dev/i2c-5 Device 1002:744C Subsystem: 1DA2:E471
1014  |Info:    ------------------------------------------------------
1014  |Info:    |               Detecting I2C devices                |
1014  |Info:    ------------------------------------------------------
1361  |Info:    ------------------------------------------------------
1361  |Info:    |               Detecting I2C PCI devices            |
1361  |Info:    ------------------------------------------------------
1385  |Info:    ------------------------------------------------------
1386  |Info:    |               Detecting HID devices                |
1386  |Info:    ------------------------------------------------------
1438  |Info:    [Corsair Lighting Node Core] Registering RGB controller
1579  |Info:    [Corsair Commander Core] Registering RGB controller
1582  |Info:    [Glorious Model D / D-] Registering RGB controller
1829  |Info:    [MSI MPG Z390 GAMING EDGE AC (MS-7B17)] Registering RGB controller
1829  |Info:    ------------------------------------------------------
1829  |Info:    |            Detecting libusb HID devices            |
1829  |Info:    ------------------------------------------------------
1849  |Info:    ------------------------------------------------------
1849  |Info:    |              Detecting other devices               |
1849  |Info:    ------------------------------------------------------
1851  |Info:    ------------------------------------------------------
1851  |Info:    |                Detection completed                 |
1851  |Info:    ------------------------------------------------------
1851  |Info:    Profile loading: Succeeded for Corsair Lighting Node Core @ HID: /dev/hidraw11
1851  |Info:    Profile loading: Succeeded for Corsair Commander Core @ HID: /dev/hidraw5
1851  |Info:    Profile loading: Succeeded for Glorious Model D / D- @ HID: /dev/hidraw1
1851  |Info:    Profile loading: Succeeded for MSI MPG Z390 GAMING EDGE AC (MS-7B17) @ HID: /dev/hidraw10
