    OpenRGB v0.81
    Commit: bd1bf0e3a963fabdc392c0a2430b88b42e73c038 from 2023-06-13 15:29:11 -0700
    Launched: 20230615_144425
====================================================================================================

0     |Info:    Found file: Dracula.orp attempting to validate header
0     |Info:    Valid v4 profile found for Dracula
1009  |Info:    ------------------------------------------------------
1009  |Info:    |               Start device detection               |
1009  |Info:    ------------------------------------------------------
1009  |Info:    Initializing HID interfaces: Success
1010  |Info:    ------------------------------------------------------
1010  |Info:    |             Detecting I2C interfaces               |
1010  |Info:    ------------------------------------------------------
1010  |Info:    Registering I2C interface: /dev/i2c-3 Device 10DE:1E81 Subsystem: 1028:C722
1010  |Info:    Registering I2C interface: /dev/i2c-1 Device 10DE:1E81 Subsystem: 1028:C722
1010  |Info:    Registering I2C interface: /dev/i2c-6 Device 10DE:1E81 Subsystem: 1028:C722
1010  |Info:    Registering I2C interface: /dev/i2c-4 Device 10DE:1E81 Subsystem: 1028:C722
1010  |Info:    Registering I2C interface: /dev/i2c-2 Device 10DE:1E81 Subsystem: 1028:C722
1010  |Info:    Registering I2C interface: /dev/i2c-0 Device 8086:A323 Subsystem: 1462:7B17
1010  |Info:    Registering I2C interface: /dev/i2c-5 Device 10DE:1E81 Subsystem: 1028:C722
1010  |Info:    ------------------------------------------------------
1010  |Info:    |               Detecting I2C devices                |
1010  |Info:    ------------------------------------------------------
1325  |Info:    ------------------------------------------------------
1325  |Info:    |               Detecting I2C PCI devices            |
1325  |Info:    ------------------------------------------------------
1325  |Info:    ------------------------------------------------------
1325  |Info:    |               Detecting HID devices                |
1325  |Info:    ------------------------------------------------------
1380  |Info:    [Corsair Lighting Node Core] Registering RGB controller
1476  |Info:    [Corsair Commander Core] Registering RGB controller
1478  |Info:    [Glorious Model D / D-] Registering RGB controller
1710  |Info:    [MSI MPG Z390 GAMING EDGE AC (MS-7B17)] Registering RGB controller
1710  |Info:    ------------------------------------------------------
1710  |Info:    |            Detecting libusb HID devices            |
1710  |Info:    ------------------------------------------------------
1733  |Info:    ------------------------------------------------------
1733  |Info:    |              Detecting other devices               |
1733  |Info:    ------------------------------------------------------
1735  |Info:    ------------------------------------------------------
1735  |Info:    |                Detection completed                 |
1735  |Info:    ------------------------------------------------------
1735  |Info:    Profile loading: Succeeded for Corsair Lighting Node Core @ HID: /dev/hidraw7
1735  |Info:    Profile loading: Succeeded for Corsair Commander Core @ HID: /dev/hidraw8
1735  |Info:    Profile loading: Succeeded for Glorious Model D / D- @ HID: /dev/hidraw1
1735  |Info:    Profile loading: Succeeded for MSI MPG Z390 GAMING EDGE AC (MS-7B17) @ HID: /dev/hidraw5
