    OpenRGB v0.81
    Commit: 2cc0c7aad8ef1bf01d2d70abd07d57b44949c65d from 2023-04-07 21:42:15 +1000
    Launched: 20230409_210204
====================================================================================================

0     |Info:    Found file: Dracula.orp attempting to validate header
0     |Info:    Valid v3 profile found for Dracula
1001  |Info:    ------------------------------------------------------
1001  |Info:    |               Start device detection               |
1001  |Info:    ------------------------------------------------------
1001  |Info:    Initializing HID interfaces: Success
1002  |Info:    ------------------------------------------------------
1002  |Info:    |             Detecting I2C interfaces               |
1002  |Info:    ------------------------------------------------------
1002  |Info:    Registering I2C interface: /dev/i2c-3 Device 10DE:1E81 Subsystem: 1028:C722
1002  |Info:    Registering I2C interface: /dev/i2c-1 Device 10DE:1E81 Subsystem: 1028:C722
1002  |Info:    Registering I2C interface: /dev/i2c-6 Device 10DE:1E81 Subsystem: 1028:C722
1002  |Info:    Registering I2C interface: /dev/i2c-4 Device 10DE:1E81 Subsystem: 1028:C722
1002  |Info:    Registering I2C interface: /dev/i2c-2 Device 10DE:1E81 Subsystem: 1028:C722
1003  |Info:    Registering I2C interface: /dev/i2c-0 Device 8086:A323 Subsystem: 1462:7B17
1003  |Info:    Registering I2C interface: /dev/i2c-5 Device 10DE:1E81 Subsystem: 1028:C722
1003  |Info:    ------------------------------------------------------
1003  |Info:    |               Detecting I2C devices                |
1003  |Info:    ------------------------------------------------------
1319  |Info:    ------------------------------------------------------
1319  |Info:    |               Detecting I2C PCI devices            |
1319  |Info:    ------------------------------------------------------
1320  |Info:    ------------------------------------------------------
1320  |Info:    |               Detecting HID devices                |
1320  |Info:    ------------------------------------------------------
1373  |Info:    [Corsair Lighting Node Core] Registering RGB controller
1468  |Info:    [Corsair Commander Core] Registering RGB controller
1740  |Info:    [MSI MPG Z390 GAMING EDGE AC (MS-7B17)] Registering RGB controller
1740  |Info:    ------------------------------------------------------
1740  |Info:    |            Detecting libusb HID devices            |
1740  |Info:    ------------------------------------------------------
1759  |Info:    ------------------------------------------------------
1759  |Info:    |              Detecting other devices               |
1759  |Info:    ------------------------------------------------------
1761  |Info:    ------------------------------------------------------
1761  |Info:    |                Detection completed                 |
1761  |Info:    ------------------------------------------------------
6719  |Info:    Profile loading: Succeeded for Corsair Lighting Node Core @ HID: /dev/hidraw11
6719  |Info:    Profile loading: Succeeded for Corsair Commander Core @ HID: /dev/hidraw5
6719  |Info:    Profile loading: Succeeded for MSI MPG Z390 GAMING EDGE AC (MS-7B17) @ HID: /dev/hidraw9
7484  |Info:    Profile loading: Succeeded for Corsair Lighting Node Core @ HID: /dev/hidraw11
7484  |Info:    Profile loading: Succeeded for Corsair Commander Core @ HID: /dev/hidraw5
7484  |Info:    Profile loading: Succeeded for MSI MPG Z390 GAMING EDGE AC (MS-7B17) @ HID: /dev/hidraw9
7774  |Info:    Profile loading: Succeeded for Corsair Lighting Node Core @ HID: /dev/hidraw11
7774  |Info:    Profile loading: Succeeded for Corsair Commander Core @ HID: /dev/hidraw5
7774  |Info:    Profile loading: Succeeded for MSI MPG Z390 GAMING EDGE AC (MS-7B17) @ HID: /dev/hidraw9
8099  |Info:    Profile loading: Succeeded for Corsair Lighting Node Core @ HID: /dev/hidraw11
8099  |Info:    Profile loading: Succeeded for Corsair Commander Core @ HID: /dev/hidraw5
8099  |Info:    Profile loading: Succeeded for MSI MPG Z390 GAMING EDGE AC (MS-7B17) @ HID: /dev/hidraw9
125518|Info:    ------------------------------------------------------
125518|Info:    |               Start device detection               |
125518|Info:    ------------------------------------------------------
125518|Info:    Initializing HID interfaces: Success
125525|Info:    ------------------------------------------------------
125525|Info:    |             Detecting I2C interfaces               |
125525|Info:    ------------------------------------------------------
125525|Info:    Registering I2C interface: /dev/i2c-3 Device 10DE:1E81 Subsystem: 1028:C722
125525|Info:    Registering I2C interface: /dev/i2c-1 Device 10DE:1E81 Subsystem: 1028:C722
125525|Info:    Registering I2C interface: /dev/i2c-6 Device 10DE:1E81 Subsystem: 1028:C722
125525|Info:    Registering I2C interface: /dev/i2c-4 Device 10DE:1E81 Subsystem: 1028:C722
125525|Info:    Registering I2C interface: /dev/i2c-2 Device 10DE:1E81 Subsystem: 1028:C722
125526|Info:    Registering I2C interface: /dev/i2c-0 Device 8086:A323 Subsystem: 1462:7B17
125526|Info:    Registering I2C interface: /dev/i2c-5 Device 10DE:1E81 Subsystem: 1028:C722
125526|Info:    ------------------------------------------------------
125526|Info:    |               Detecting I2C devices                |
125526|Info:    ------------------------------------------------------
125853|Info:    ------------------------------------------------------
125853|Info:    |               Detecting I2C PCI devices            |
125853|Info:    ------------------------------------------------------
125853|Info:    ------------------------------------------------------
125853|Info:    |               Detecting HID devices                |
125853|Info:    ------------------------------------------------------
125906|Info:    [Corsair Lighting Node Core] Registering RGB controller
126001|Info:    [Corsair Commander Core] Registering RGB controller
126003|Info:    [Glorious Model D / D-] Registering RGB controller
126284|Info:    [MSI MPG Z390 GAMING EDGE AC (MS-7B17)] Registering RGB controller
126284|Info:    ------------------------------------------------------
126284|Info:    |            Detecting libusb HID devices            |
126284|Info:    ------------------------------------------------------
126297|Info:    ------------------------------------------------------
126297|Info:    |              Detecting other devices               |
126297|Info:    ------------------------------------------------------
126298|Info:    ------------------------------------------------------
126298|Info:    |                Detection completed                 |
126298|Info:    ------------------------------------------------------
127846|Info:    Profile loading: Succeeded for Corsair Lighting Node Core @ HID: /dev/hidraw11
127846|Info:    Profile loading: Succeeded for Corsair Commander Core @ HID: /dev/hidraw5
127846|Info:    Profile loading: FAILED! for Glorious Model D / D- @ HID: /dev/hidraw1
127846|Info:    Profile loading: Succeeded for MSI MPG Z390 GAMING EDGE AC (MS-7B17) @ HID: /dev/hidraw9
141268|Info:    Profile loading: Succeeded for Corsair Lighting Node Core @ HID: /dev/hidraw11
141268|Info:    Profile loading: Succeeded for Corsair Commander Core @ HID: /dev/hidraw5
141268|Info:    Profile loading: FAILED! for Glorious Model D / D- @ HID: /dev/hidraw1
141268|Info:    Profile loading: Succeeded for MSI MPG Z390 GAMING EDGE AC (MS-7B17) @ HID: /dev/hidraw9
211370|Info:    Profile loading: Succeeded for Corsair Lighting Node Core @ HID: /dev/hidraw11
211370|Info:    Profile loading: Succeeded for Corsair Commander Core @ HID: /dev/hidraw5
211370|Info:    Profile loading: FAILED! for Glorious Model D / D- @ HID: /dev/hidraw1
211370|Info:    Profile loading: Succeeded for MSI MPG Z390 GAMING EDGE AC (MS-7B17) @ HID: /dev/hidraw9
211791|Info:    Profile loading: Succeeded for Corsair Lighting Node Core @ HID: /dev/hidraw11
211791|Info:    Profile loading: Succeeded for Corsair Commander Core @ HID: /dev/hidraw5
211791|Info:    Profile loading: FAILED! for Glorious Model D / D- @ HID: /dev/hidraw1
211791|Info:    Profile loading: Succeeded for MSI MPG Z390 GAMING EDGE AC (MS-7B17) @ HID: /dev/hidraw9
432752|Info:    Found file: Dracula.orp attempting to validate header
432752|Info:    Valid v4 profile found for Dracula
434793|Info:    Profile loading: Succeeded for Corsair Lighting Node Core @ HID: /dev/hidraw11
434793|Info:    Profile loading: Succeeded for Corsair Commander Core @ HID: /dev/hidraw5
434793|Info:    Profile loading: Succeeded for Glorious Model D / D- @ HID: /dev/hidraw1
434793|Info:    Profile loading: Succeeded for MSI MPG Z390 GAMING EDGE AC (MS-7B17) @ HID: /dev/hidraw9
464681|Info:    Profile loading: Succeeded for Corsair Lighting Node Core @ HID: /dev/hidraw11
464681|Info:    Profile loading: Succeeded for Corsair Commander Core @ HID: /dev/hidraw5
464681|Info:    Profile loading: Succeeded for Glorious Model D / D- @ HID: /dev/hidraw1
464681|Info:    Profile loading: Succeeded for MSI MPG Z390 GAMING EDGE AC (MS-7B17) @ HID: /dev/hidraw9
