    OpenRGB v0.81
    Commit: 87971cce6f3a2a4e72af607f65486f8b5f032779 from 2023-04-14 17:12:52 +1000
    Launched: 20230416_133258
====================================================================================================

0     |Info:    Found file: Dracula.orp attempting to validate header
0     |Info:    Valid v4 profile found for Dracula
1001  |Info:    ------------------------------------------------------
1001  |Info:    |               Start device detection               |
1001  |Info:    ------------------------------------------------------
1001  |Info:    Initializing HID interfaces: Success
1002  |Info:    ------------------------------------------------------
1002  |Info:    |             Detecting I2C interfaces               |
1002  |Info:    ------------------------------------------------------
1002  |Info:    Registering I2C interface: /dev/i2c-3 Device 10DE:1E81 Subsystem: 1028:C722
1002  |Info:    Registering I2C interface: /dev/i2c-1 Device 10DE:1E81 Subsystem: 1028:C722
1002  |Info:    Registering I2C interface: /dev/i2c-6 Device 10DE:1E81 Subsystem: 1028:C722
1002  |Info:    Registering I2C interface: /dev/i2c-4 Device 10DE:1E81 Subsystem: 1028:C722
1002  |Info:    Registering I2C interface: /dev/i2c-2 Device 10DE:1E81 Subsystem: 1028:C722
1002  |Info:    Registering I2C interface: /dev/i2c-0 Device 8086:A323 Subsystem: 1462:7B17
1002  |Info:    Registering I2C interface: /dev/i2c-5 Device 10DE:1E81 Subsystem: 1028:C722
1002  |Info:    ------------------------------------------------------
1002  |Info:    |               Detecting I2C devices                |
1002  |Info:    ------------------------------------------------------
1320  |Info:    ------------------------------------------------------
1320  |Info:    |               Detecting I2C PCI devices            |
1320  |Info:    ------------------------------------------------------
1321  |Info:    ------------------------------------------------------
1321  |Info:    |               Detecting HID devices                |
1321  |Info:    ------------------------------------------------------
1373  |Info:    [Corsair Lighting Node Core] Registering RGB controller
1477  |Info:    [Corsair Commander Core] Registering RGB controller
1479  |Info:    [Glorious Model D / D-] Registering RGB controller
1783  |Info:    [MSI MPG Z390 GAMING EDGE AC (MS-7B17)] Registering RGB controller
1783  |Info:    ------------------------------------------------------
1783  |Info:    |            Detecting libusb HID devices            |
1783  |Info:    ------------------------------------------------------
1807  |Info:    ------------------------------------------------------
1807  |Info:    |              Detecting other devices               |
1807  |Info:    ------------------------------------------------------
1808  |Info:    ------------------------------------------------------
1808  |Info:    |                Detection completed                 |
1808  |Info:    ------------------------------------------------------
1808  |Info:    Profile loading: Succeeded for Corsair Lighting Node Core @ HID: /dev/hidraw5
1808  |Info:    Profile loading: Succeeded for Corsair Commander Core @ HID: /dev/hidraw6
1808  |Info:    Profile loading: Succeeded for Glorious Model D / D- @ HID: /dev/hidraw1
1808  |Info:    Profile loading: Succeeded for MSI MPG Z390 GAMING EDGE AC (MS-7B17) @ HID: /dev/hidraw9
