    OpenRGB v0.8
    Commit:  from 
    Launched: 20230508_023851
====================================================================================================

0     |Info:    Found file: Dracula.orp attempting to validate header
0     |Warning: Profile Dracula.orp isn't valid for current version (v4, expected v3 at most)
1008  |Info:    ------------------------------------------------------
1008  |Info:    |               Start device detection               |
1008  |Info:    ------------------------------------------------------
1008  |Info:    Initializing HID interfaces: Success
1009  |Info:    ------------------------------------------------------
1009  |Info:    |             Detecting I2C interfaces               |
1009  |Info:    ------------------------------------------------------
1009  |Info:    Registering I2C interface: /dev/i2c-3 Device 10DE:1E81 Subsystem: 1028:C722
1009  |Info:    Registering I2C interface: /dev/i2c-1 Device 10DE:1E81 Subsystem: 1028:C722
1009  |Info:    Registering I2C interface: /dev/i2c-6 Device 10DE:1E81 Subsystem: 1028:C722
1009  |Info:    Registering I2C interface: /dev/i2c-4 Device 10DE:1E81 Subsystem: 1028:C722
1009  |Info:    Registering I2C interface: /dev/i2c-2 Device 10DE:1E81 Subsystem: 1028:C722
1009  |Info:    Registering I2C interface: /dev/i2c-0 Device 8086:A323 Subsystem: 1462:7B17
1009  |Info:    Registering I2C interface: /dev/i2c-5 Device 10DE:1E81 Subsystem: 1028:C722
1009  |Info:    ------------------------------------------------------
1009  |Info:    |               Detecting I2C devices                |
1009  |Info:    ------------------------------------------------------
1240  |Info:    ------------------------------------------------------
1240  |Info:    |               Detecting I2C PCI devices            |
1240  |Info:    ------------------------------------------------------
1241  |Info:    ------------------------------------------------------
1241  |Info:    |               Detecting HID devices                |
1241  |Info:    ------------------------------------------------------
1293  |Info:    [Corsair Lighting Node Core] Registering RGB controller
1389  |Info:    [Corsair Commander Core] Registering RGB controller
1391  |Info:    [Glorious Model D / D-] Registering RGB controller
1683  |Info:    [MSI MPG Z390 GAMING EDGE AC (MS-7B17)] Registering RGB controller
1683  |Info:    ------------------------------------------------------
1683  |Info:    |              Detecting other devices               |
1683  |Info:    ------------------------------------------------------
1685  |Info:    ------------------------------------------------------
1685  |Info:    |                Detection completed                 |
1685  |Info:    ------------------------------------------------------
1685  |Info:    Profile loading: FAILED! for Corsair Lighting Node Core @ HID: /dev/hidraw12
1685  |Info:    Profile loading: FAILED! for Corsair Commander Core @ HID: /dev/hidraw5
1685  |Info:    Profile loading: FAILED! for Glorious Model D / D- @ HID: /dev/hidraw1
1685  |Info:    Profile loading: FAILED! for MSI MPG Z390 GAMING EDGE AC (MS-7B17) @ HID: /dev/hidraw10
105620|Info:    Profile loading: FAILED! for Corsair Lighting Node Core @ HID: /dev/hidraw12
105620|Info:    Profile loading: FAILED! for Corsair Commander Core @ HID: /dev/hidraw5
105620|Info:    Profile loading: FAILED! for Glorious Model D / D- @ HID: /dev/hidraw1
105620|Info:    Profile loading: FAILED! for MSI MPG Z390 GAMING EDGE AC (MS-7B17) @ HID: /dev/hidraw10
118826|Info:    Profile loading: FAILED! for Corsair Lighting Node Core @ HID: /dev/hidraw12
118826|Info:    Profile loading: FAILED! for Corsair Commander Core @ HID: /dev/hidraw5
118826|Info:    Profile loading: FAILED! for Glorious Model D / D- @ HID: /dev/hidraw1
118826|Info:    Profile loading: FAILED! for MSI MPG Z390 GAMING EDGE AC (MS-7B17) @ HID: /dev/hidraw10
