    OpenRGB v0.91
    Commit: 2325833c01e94d6f3dc6194d38bb6e9532a911f4 from 2023-12-25 19:52:13 +0000
    Launched: 20231225_211443
====================================================================================================

7     |Info:    Found file: Dracula.orp attempting to validate header
7     |Info:    Valid v4 profile found for Dracula
1008  |Info:    Saving detector settings
1009  |Info:    ------------------------------------------------------
1009  |Info:    |               Start device detection               |
1009  |Info:    ------------------------------------------------------
1009  |Info:    Initializing HID interfaces: Success
1010  |Info:    ------------------------------------------------------
1010  |Info:    |             Detecting I2C interfaces               |
1010  |Info:    ------------------------------------------------------
1010  |Info:    Registering I2C interface: /dev/i2c-3 Device 1002:744C Subsystem: 1DA2:E471
1010  |Info:    Registering I2C interface: /dev/i2c-1 Device 1002:744C Subsystem: 1DA2:E471
1010  |Info:    Registering I2C interface: /dev/i2c-8 Device 8086:A323 Subsystem: 1462:7B17
1010  |Warning: [i2c_smbus_linux] Failed to read i2c device PCI device ID
1010  |Info:    Registering I2C interface: /dev/i2c-6 Device 0000:0000 Subsystem: 0000:0000
1010  |Info:    Registering I2C interface: /dev/i2c-4 Device 1002:744C Subsystem: 1DA2:E471
1010  |Info:    Registering I2C interface: /dev/i2c-2 Device 1002:744C Subsystem: 1DA2:E471
1010  |Info:    Registering I2C interface: /dev/i2c-0 Device 1002:744C Subsystem: 1DA2:E471
1010  |Warning: [i2c_smbus_linux] Failed to read i2c device PCI device ID
1010  |Info:    Registering I2C interface: /dev/i2c-7 Device 0000:0000 Subsystem: 0000:0000
1010  |Info:    Registering I2C interface: /dev/i2c-5 Device 1002:744C Subsystem: 1DA2:E471
1010  |Info:    ------------------------------------------------------
1010  |Info:    |               Detecting I2C devices                |
1010  |Info:    ------------------------------------------------------
1356  |Info:    ------------------------------------------------------
1356  |Info:    |               Detecting I2C PCI devices            |
1356  |Info:    ------------------------------------------------------
1379  |Info:    ------------------------------------------------------
1379  |Info:    |               Detecting HID devices                |
1379  |Info:    ------------------------------------------------------
1433  |Info:    [Corsair Lighting Node Core] Registering RGB controller
1549  |Info:    [Corsair Commander Core] Registering RGB controller
1551  |Info:    [Glorious Model D / D-] Registering RGB controller
1859  |Info:    [MSI MPG Z390 GAMING EDGE AC (MS-7B17)] Registering RGB controller
1859  |Info:    ------------------------------------------------------
1859  |Info:    |            Detecting libusb HID devices            |
1859  |Info:    ------------------------------------------------------
1869  |Info:    ------------------------------------------------------
1869  |Info:    |              Detecting other devices               |
1869  |Info:    ------------------------------------------------------
1870  |Info:    ------------------------------------------------------
1870  |Info:    |                Detection completed                 |
1870  |Info:    ------------------------------------------------------
