    OpenRGB v0.7
    Commit:  from 
    Launched: 20221204_161050
====================================================================================================

0     |Info:    Found file: Off.orp attempting to validate header
0     |Info:    Valid v3 profile found for Off
0     |Info:    Found file: Dracula.orp attempting to validate header
0     |Info:    Valid v3 profile found for Dracula
1001  |Info:    ------------------------------------------------------
1001  |Info:    |               Start device detection               |
1001  |Info:    ------------------------------------------------------
1001  |Info:    Initializing HID interfaces: Success
1001  |Info:    ------------------------------------------------------
1001  |Info:    |             Detecting I2C interfaces               |
1001  |Info:    ------------------------------------------------------
1001  |Info:    Registering I2C interface: /dev/i2c-3 Device 10DE:1E81 Subsystem: 1028:C722
1001  |Info:    Registering I2C interface: /dev/i2c-1 Device 10DE:1E81 Subsystem: 1028:C722
1001  |Info:    Registering I2C interface: /dev/i2c-6 Device 10DE:1E81 Subsystem: 1028:C722
1001  |Info:    Registering I2C interface: /dev/i2c-4 Device 10DE:1E81 Subsystem: 1028:C722
1001  |Info:    Registering I2C interface: /dev/i2c-2 Device 10DE:1E81 Subsystem: 1028:C722
1001  |Info:    Registering I2C interface: /dev/i2c-0 Device 8086:A323 Subsystem: 1462:7B17
1001  |Info:    Registering I2C interface: /dev/i2c-5 Device 10DE:1E81 Subsystem: 1028:C722
1001  |Info:    ------------------------------------------------------
1001  |Info:    |               Detecting I2C devices                |
1001  |Info:    ------------------------------------------------------
1024  |Info:    Loading plugins
1248  |Info:    ------------------------------------------------------
1248  |Info:    |               Detecting HID devices                |
1248  |Info:    ------------------------------------------------------
1301  |Info:    [Corsair Lighting Node Core] Registering RGB controller
1397  |Info:    [Corsair Commander Core] Registering RGB controller
1397  |Info:    [Glorious Model D / D-] Registering RGB controller
1683  |Info:    [MSI MPG Z390 GAMING EDGE AC (MS-7B17)] Registering RGB controller
1683  |Info:    ------------------------------------------------------
1683  |Info:    |              Detecting other devices               |
1683  |Info:    ------------------------------------------------------
1685  |Info:    ------------------------------------------------------
1685  |Info:    |                Detection completed                 |
1685  |Info:    ------------------------------------------------------
86723 |Info:    Profile loading: Succeeded for Corsair Lighting Node Core @ HID: /dev/hidraw3
86723 |Info:    Profile loading: Succeeded for Corsair Commander Core @ HID: /dev/hidraw7
86723 |Info:    Profile loading: Succeeded for Glorious Model D / D- @ HID: /dev/hidraw1
86723 |Info:    Profile loading: Succeeded for MSI MPG Z390 GAMING EDGE AC (MS-7B17) @ HID: /dev/hidraw2
87631 |Info:    Profile loading: Succeeded for Corsair Lighting Node Core @ HID: /dev/hidraw3
87631 |Info:    Profile loading: Succeeded for Corsair Commander Core @ HID: /dev/hidraw7
87631 |Info:    Profile loading: Succeeded for Glorious Model D / D- @ HID: /dev/hidraw1
87631 |Info:    Profile loading: Succeeded for MSI MPG Z390 GAMING EDGE AC (MS-7B17) @ HID: /dev/hidraw2
87950 |Info:    Profile loading: Succeeded for Corsair Lighting Node Core @ HID: /dev/hidraw3
87950 |Info:    Profile loading: Succeeded for Corsair Commander Core @ HID: /dev/hidraw7
87950 |Info:    Profile loading: Succeeded for Glorious Model D / D- @ HID: /dev/hidraw1
87950 |Info:    Profile loading: Succeeded for MSI MPG Z390 GAMING EDGE AC (MS-7B17) @ HID: /dev/hidraw2
102410|Info:    ------------------------------------------------------
102410|Info:    |               Start device detection               |
102410|Info:    ------------------------------------------------------
102410|Info:    Initializing HID interfaces: Success
102411|Info:    ------------------------------------------------------
102411|Info:    |             Detecting I2C interfaces               |
102411|Info:    ------------------------------------------------------
102411|Info:    Registering I2C interface: /dev/i2c-3 Device 10DE:1E81 Subsystem: 1028:C722
102411|Info:    Registering I2C interface: /dev/i2c-1 Device 10DE:1E81 Subsystem: 1028:C722
102411|Info:    Registering I2C interface: /dev/i2c-6 Device 10DE:1E81 Subsystem: 1028:C722
102411|Info:    Registering I2C interface: /dev/i2c-4 Device 10DE:1E81 Subsystem: 1028:C722
102411|Info:    Registering I2C interface: /dev/i2c-2 Device 10DE:1E81 Subsystem: 1028:C722
102411|Info:    Registering I2C interface: /dev/i2c-0 Device 8086:A323 Subsystem: 1462:7B17
102411|Info:    Registering I2C interface: /dev/i2c-5 Device 10DE:1E81 Subsystem: 1028:C722
102411|Info:    ------------------------------------------------------
102411|Info:    |               Detecting I2C devices                |
102411|Info:    ------------------------------------------------------
102662|Info:    ------------------------------------------------------
102662|Info:    |               Detecting HID devices                |
102662|Info:    ------------------------------------------------------
102715|Info:    [Corsair Lighting Node Core] Registering RGB controller
102812|Info:    [Corsair Commander Core] Registering RGB controller
102812|Info:    [Glorious Model D / D-] Registering RGB controller
103059|Info:    [MSI MPG Z390 GAMING EDGE AC (MS-7B17)] Registering RGB controller
103059|Info:    ------------------------------------------------------
103059|Info:    |              Detecting other devices               |
103059|Info:    ------------------------------------------------------
103059|Info:    ------------------------------------------------------
103059|Info:    |                Detection completed                 |
103060|Info:    ------------------------------------------------------
