    OpenRGB v0.9
    Commit:  from 
    Launched: 20240302_145346
====================================================================================================

16    |Info:    Found file: Dracula.orp attempting to validate header
19    |Info:    Valid v4 profile found for Dracula
1022  |Info:    ------------------------------------------------------
1022  |Info:    |               Start device detection               |
1022  |Info:    ------------------------------------------------------
1022  |Info:    Initializing HID interfaces: Success
1023  |Info:    ------------------------------------------------------
1023  |Info:    |             Detecting I2C interfaces               |
1023  |Info:    ------------------------------------------------------
1023  |Info:    Registering I2C interface: /dev/i2c-3 Device 1002:744C Subsystem: 1DA2:E471
1023  |Info:    Registering I2C interface: /dev/i2c-1 Device 1002:744C Subsystem: 1DA2:E471
1023  |Info:    Registering I2C interface: /dev/i2c-8 Device 8086:A323 Subsystem: 1462:7B17
1023  |Warning: [i2c_smbus_linux] Failed to read i2c device PCI device ID
1023  |Info:    Registering I2C interface: /dev/i2c-6 Device 0000:0000 Subsystem: 0000:0000
1023  |Info:    Registering I2C interface: /dev/i2c-4 Device 1002:744C Subsystem: 1DA2:E471
1023  |Info:    Registering I2C interface: /dev/i2c-2 Device 1002:744C Subsystem: 1DA2:E471
1023  |Info:    Registering I2C interface: /dev/i2c-0 Device 1002:744C Subsystem: 1DA2:E471
1023  |Warning: [i2c_smbus_linux] Failed to read i2c device PCI device ID
1023  |Info:    Registering I2C interface: /dev/i2c-7 Device 0000:0000 Subsystem: 0000:0000
1023  |Info:    Registering I2C interface: /dev/i2c-5 Device 1002:744C Subsystem: 1DA2:E471
1023  |Info:    ------------------------------------------------------
1023  |Info:    |               Detecting I2C devices                |
1023  |Info:    ------------------------------------------------------
1369  |Info:    ------------------------------------------------------
1369  |Info:    |               Detecting I2C PCI devices            |
1369  |Info:    ------------------------------------------------------
1393  |Info:    ------------------------------------------------------
1393  |Info:    |               Detecting HID devices                |
1393  |Info:    ------------------------------------------------------
1446  |Info:    [Corsair Lighting Node Core] Registering RGB controller
1581  |Info:    [Corsair Commander Core] Registering RGB controller
1584  |Info:    [Glorious Model D / D-] Registering RGB controller
1832  |Info:    [MSI MPG Z390 GAMING EDGE AC (MS-7B17)] Registering RGB controller
1832  |Info:    ------------------------------------------------------
1832  |Info:    |            Detecting libusb HID devices            |
1832  |Info:    ------------------------------------------------------
1848  |Info:    ------------------------------------------------------
1848  |Info:    |              Detecting other devices               |
1848  |Info:    ------------------------------------------------------
1850  |Info:    ------------------------------------------------------
1850  |Info:    |                Detection completed                 |
1850  |Info:    ------------------------------------------------------
1850  |Info:    Profile loading: Succeeded for Corsair Lighting Node Core @ HID: /dev/hidraw10
1850  |Info:    Profile loading: Succeeded for Corsair Commander Core @ HID: /dev/hidraw5
1850  |Info:    Profile loading: Succeeded for Glorious Model D / D- @ HID: /dev/hidraw1
1850  |Info:    Profile loading: Succeeded for MSI MPG Z390 GAMING EDGE AC (MS-7B17) @ HID: /dev/hidraw9
