    OpenRGB v0.7
    Commit:  from 
    Launched: 20221126_234247
====================================================================================================

0     |Info:    Found file: Dracula.orp attempting to validate header
1     |Info:    Valid v3 profile found for Dracula
1009  |Info:    ------------------------------------------------------
1009  |Info:    |               Start device detection               |
1009  |Info:    ------------------------------------------------------
1009  |Info:    Initializing HID interfaces: Success
1010  |Info:    ------------------------------------------------------
1010  |Info:    |             Detecting I2C interfaces               |
1010  |Info:    ------------------------------------------------------
1010  |Info:    Registering I2C interface: /dev/i2c-3 Device 10DE:1E81 Subsystem: 1028:C722
1010  |Info:    Registering I2C interface: /dev/i2c-1 Device 10DE:1E81 Subsystem: 1028:C722
1010  |Info:    Registering I2C interface: /dev/i2c-6 Device 10DE:1E81 Subsystem: 1028:C722
1010  |Info:    Registering I2C interface: /dev/i2c-4 Device 10DE:1E81 Subsystem: 1028:C722
1010  |Info:    Registering I2C interface: /dev/i2c-2 Device 10DE:1E81 Subsystem: 1028:C722
1010  |Info:    Registering I2C interface: /dev/i2c-0 Device 8086:A323 Subsystem: 1462:7B17
1010  |Info:    Registering I2C interface: /dev/i2c-5 Device 10DE:1E81 Subsystem: 1028:C722
1010  |Info:    ------------------------------------------------------
1010  |Info:    |               Detecting I2C devices                |
1010  |Info:    ------------------------------------------------------
1035  |Info:    Loading plugins
1258  |Info:    ------------------------------------------------------
1258  |Info:    |               Detecting HID devices                |
1258  |Info:    ------------------------------------------------------
1314  |Info:    [Corsair Lighting Node Core] Registering RGB controller
1413  |Info:    [Corsair Commander Core] Registering RGB controller
1413  |Info:    [Glorious Model D / D-] Registering RGB controller
1677  |Info:    [MSI MPG Z390 GAMING EDGE AC (MS-7B17)] Registering RGB controller
1677  |Info:    ------------------------------------------------------
1677  |Info:    |              Detecting other devices               |
1677  |Info:    ------------------------------------------------------
1678  |Info:    ------------------------------------------------------
1678  |Info:    |                Detection completed                 |
1678  |Info:    ------------------------------------------------------
24592 |Info:    Profile loading: Succeeded for Corsair Lighting Node Core @ HID: /dev/hidraw0
24592 |Info:    Profile loading: Succeeded for Corsair Commander Core @ HID: /dev/hidraw1
24592 |Info:    Profile loading: Succeeded for Glorious Model D / D- @ HID: /dev/hidraw8
24592 |Info:    Profile loading: Succeeded for MSI MPG Z390 GAMING EDGE AC (MS-7B17) @ HID: /dev/hidraw9
25528 |Info:    Profile loading: Succeeded for Corsair Lighting Node Core @ HID: /dev/hidraw0
25528 |Info:    Profile loading: Succeeded for Corsair Commander Core @ HID: /dev/hidraw1
25528 |Info:    Profile loading: Succeeded for Glorious Model D / D- @ HID: /dev/hidraw8
25528 |Info:    Profile loading: Succeeded for MSI MPG Z390 GAMING EDGE AC (MS-7B17) @ HID: /dev/hidraw9
25848 |Info:    Profile loading: Succeeded for Corsair Lighting Node Core @ HID: /dev/hidraw0
25848 |Info:    Profile loading: Succeeded for Corsair Commander Core @ HID: /dev/hidraw1
25848 |Info:    Profile loading: Succeeded for Glorious Model D / D- @ HID: /dev/hidraw8
25848 |Info:    Profile loading: Succeeded for MSI MPG Z390 GAMING EDGE AC (MS-7B17) @ HID: /dev/hidraw9
26529 |Info:    Profile loading: Succeeded for Corsair Lighting Node Core @ HID: /dev/hidraw0
26529 |Info:    Profile loading: Succeeded for Corsair Commander Core @ HID: /dev/hidraw1
26529 |Info:    Profile loading: Succeeded for Glorious Model D / D- @ HID: /dev/hidraw8
26529 |Info:    Profile loading: Succeeded for MSI MPG Z390 GAMING EDGE AC (MS-7B17) @ HID: /dev/hidraw9
26785 |Info:    Profile loading: Succeeded for Corsair Lighting Node Core @ HID: /dev/hidraw0
26785 |Info:    Profile loading: Succeeded for Corsair Commander Core @ HID: /dev/hidraw1
26785 |Info:    Profile loading: Succeeded for Glorious Model D / D- @ HID: /dev/hidraw8
26785 |Info:    Profile loading: Succeeded for MSI MPG Z390 GAMING EDGE AC (MS-7B17) @ HID: /dev/hidraw9
