    OpenRGB v0.9
    Commit:  from 
    Launched: 20240121_134657
====================================================================================================

8     |Info:    Found file: Dracula.orp attempting to validate header
8     |Info:    Valid v4 profile found for Dracula
1011  |Info:    ------------------------------------------------------
1011  |Info:    |               Start device detection               |
1011  |Info:    ------------------------------------------------------
1011  |Info:    Initializing HID interfaces: Success
1011  |Info:    ------------------------------------------------------
1011  |Info:    |             Detecting I2C interfaces               |
1011  |Info:    ------------------------------------------------------
1012  |Info:    Registering I2C interface: /dev/i2c-3 Device 1002:744C Subsystem: 1DA2:E471
1012  |Info:    Registering I2C interface: /dev/i2c-1 Device 1002:744C Subsystem: 1DA2:E471
1012  |Info:    Registering I2C interface: /dev/i2c-8 Device 8086:A323 Subsystem: 1462:7B17
1012  |Warning: [i2c_smbus_linux] Failed to read i2c device PCI device ID
1012  |Info:    Registering I2C interface: /dev/i2c-6 Device 0000:0000 Subsystem: 0000:0000
1012  |Info:    Registering I2C interface: /dev/i2c-4 Device 1002:744C Subsystem: 1DA2:E471
1012  |Info:    Registering I2C interface: /dev/i2c-2 Device 1002:744C Subsystem: 1DA2:E471
1012  |Info:    Registering I2C interface: /dev/i2c-0 Device 1002:744C Subsystem: 1DA2:E471
1012  |Warning: [i2c_smbus_linux] Failed to read i2c device PCI device ID
1012  |Info:    Registering I2C interface: /dev/i2c-7 Device 0000:0000 Subsystem: 0000:0000
1012  |Info:    Registering I2C interface: /dev/i2c-5 Device 1002:744C Subsystem: 1DA2:E471
1012  |Info:    ------------------------------------------------------
1012  |Info:    |               Detecting I2C devices                |
1012  |Info:    ------------------------------------------------------
1357  |Info:    ------------------------------------------------------
1357  |Info:    |               Detecting I2C PCI devices            |
1357  |Info:    ------------------------------------------------------
1380  |Info:    ------------------------------------------------------
1380  |Info:    |               Detecting HID devices                |
1380  |Info:    ------------------------------------------------------
1434  |Info:    [Corsair Lighting Node Core] Registering RGB controller
1573  |Info:    [Corsair Commander Core] Registering RGB controller
1576  |Info:    [Glorious Model D / D-] Registering RGB controller
1829  |Info:    [MSI MPG Z390 GAMING EDGE AC (MS-7B17)] Registering RGB controller
1830  |Info:    ------------------------------------------------------
1830  |Info:    |            Detecting libusb HID devices            |
1830  |Info:    ------------------------------------------------------
1845  |Info:    ------------------------------------------------------
1845  |Info:    |              Detecting other devices               |
1845  |Info:    ------------------------------------------------------
1847  |Info:    ------------------------------------------------------
1847  |Info:    |                Detection completed                 |
1847  |Info:    ------------------------------------------------------
1847  |Info:    Profile loading: Succeeded for Corsair Lighting Node Core @ HID: /dev/hidraw10
1847  |Info:    Profile loading: Succeeded for Corsair Commander Core @ HID: /dev/hidraw5
1847  |Info:    Profile loading: Succeeded for Glorious Model D / D- @ HID: /dev/hidraw1
1847  |Info:    Profile loading: Succeeded for MSI MPG Z390 GAMING EDGE AC (MS-7B17) @ HID: /dev/hidraw9
