    OpenRGB v0.7
    Commit:  from 
    Launched: 20230102_011753
====================================================================================================

0     |Info:    Found file: Dracula.orp attempting to validate header
0     |Info:    Valid v3 profile found for Dracula
1004  |Info:    ------------------------------------------------------
1004  |Info:    |               Start device detection               |
1004  |Info:    ------------------------------------------------------
1004  |Info:    Initializing HID interfaces: Success
1005  |Info:    ------------------------------------------------------
1005  |Info:    |             Detecting I2C interfaces               |
1005  |Info:    ------------------------------------------------------
1005  |Info:    Registering I2C interface: /dev/i2c-3 Device 10DE:1E81 Subsystem: 1028:C722
1005  |Info:    Registering I2C interface: /dev/i2c-1 Device 10DE:1E81 Subsystem: 1028:C722
1005  |Info:    Registering I2C interface: /dev/i2c-6 Device 10DE:1E81 Subsystem: 1028:C722
1005  |Info:    Registering I2C interface: /dev/i2c-4 Device 10DE:1E81 Subsystem: 1028:C722
1005  |Info:    Registering I2C interface: /dev/i2c-2 Device 10DE:1E81 Subsystem: 1028:C722
1005  |Info:    Registering I2C interface: /dev/i2c-0 Device 8086:A323 Subsystem: 1462:7B17
1005  |Info:    Registering I2C interface: /dev/i2c-5 Device 10DE:1E81 Subsystem: 1028:C722
1005  |Info:    ------------------------------------------------------
1005  |Info:    |               Detecting I2C devices                |
1005  |Info:    ------------------------------------------------------
1029  |Info:    Loading plugins
1246  |Info:    ------------------------------------------------------
1246  |Info:    |               Detecting HID devices                |
1246  |Info:    ------------------------------------------------------
1302  |Info:    [Corsair Lighting Node Core] Registering RGB controller
1399  |Info:    [Corsair Commander Core] Registering RGB controller
1705  |Info:    [MSI MPG Z390 GAMING EDGE AC (MS-7B17)] Registering RGB controller
1705  |Info:    ------------------------------------------------------
1705  |Info:    |              Detecting other devices               |
1705  |Info:    ------------------------------------------------------
1707  |Info:    ------------------------------------------------------
1707  |Info:    |                Detection completed                 |
1707  |Info:    ------------------------------------------------------
5417  |Info:    Profile loading: Succeeded for Corsair Lighting Node Core @ HID: /dev/hidraw3
5417  |Info:    Profile loading: Succeeded for Corsair Commander Core @ HID: /dev/hidraw7
5417  |Info:    Profile loading: Succeeded for MSI MPG Z390 GAMING EDGE AC (MS-7B17) @ HID: /dev/hidraw2
10875 |Info:    Profile loading: Succeeded for Corsair Lighting Node Core @ HID: /dev/hidraw3
10875 |Info:    Profile loading: Succeeded for Corsair Commander Core @ HID: /dev/hidraw7
10875 |Info:    Profile loading: Succeeded for MSI MPG Z390 GAMING EDGE AC (MS-7B17) @ HID: /dev/hidraw2
12160 |Info:    Profile loading: Succeeded for Corsair Lighting Node Core @ HID: /dev/hidraw3
12160 |Info:    Profile loading: Succeeded for Corsair Commander Core @ HID: /dev/hidraw7
12160 |Info:    Profile loading: Succeeded for MSI MPG Z390 GAMING EDGE AC (MS-7B17) @ HID: /dev/hidraw2
24145 |Info:    Profile loading: Succeeded for Corsair Lighting Node Core @ HID: /dev/hidraw3
24145 |Info:    Profile loading: Succeeded for Corsair Commander Core @ HID: /dev/hidraw7
24145 |Info:    Profile loading: Succeeded for MSI MPG Z390 GAMING EDGE AC (MS-7B17) @ HID: /dev/hidraw2
