    OpenRGB v0.7
    Commit:  from 
    Launched: 20221215_221253
====================================================================================================

0     |Info:    Found file: Dracula.orp attempting to validate header
0     |Info:    Valid v3 profile found for Dracula
1004  |Info:    ------------------------------------------------------
1004  |Info:    |               Start device detection               |
1004  |Info:    ------------------------------------------------------
1004  |Info:    Initializing HID interfaces: Success
1004  |Info:    ------------------------------------------------------
1004  |Info:    |             Detecting I2C interfaces               |
1004  |Info:    ------------------------------------------------------
1004  |Info:    Registering I2C interface: /dev/i2c-3 Device 10DE:1E81 Subsystem: 1028:C722
1004  |Info:    Registering I2C interface: /dev/i2c-1 Device 10DE:1E81 Subsystem: 1028:C722
1004  |Info:    Registering I2C interface: /dev/i2c-6 Device 10DE:1E81 Subsystem: 1028:C722
1004  |Info:    Registering I2C interface: /dev/i2c-4 Device 10DE:1E81 Subsystem: 1028:C722
1004  |Info:    Registering I2C interface: /dev/i2c-2 Device 10DE:1E81 Subsystem: 1028:C722
1004  |Info:    Registering I2C interface: /dev/i2c-0 Device 8086:A323 Subsystem: 1462:7B17
1005  |Info:    Registering I2C interface: /dev/i2c-5 Device 10DE:1E81 Subsystem: 1028:C722
1005  |Info:    ------------------------------------------------------
1005  |Info:    |               Detecting I2C devices                |
1005  |Info:    ------------------------------------------------------
1027  |Info:    Loading plugins
1250  |Info:    ------------------------------------------------------
1250  |Info:    |               Detecting HID devices                |
1250  |Info:    ------------------------------------------------------
1302  |Info:    [Corsair Lighting Node Core] Registering RGB controller
1412  |Info:    [Corsair Commander Core] Registering RGB controller
1412  |Info:    [Glorious Model D / D-] Registering RGB controller
1699  |Info:    [MSI MPG Z390 GAMING EDGE AC (MS-7B17)] Registering RGB controller
1700  |Info:    ------------------------------------------------------
1700  |Info:    |              Detecting other devices               |
1700  |Info:    ------------------------------------------------------
1701  |Info:    ------------------------------------------------------
1701  |Info:    |                Detection completed                 |
1701  |Info:    ------------------------------------------------------
92195 |Info:    Profile loading: Succeeded for Corsair Lighting Node Core @ HID: /dev/hidraw3
92195 |Info:    Profile loading: Succeeded for Corsair Commander Core @ HID: /dev/hidraw7
92195 |Info:    Profile loading: Succeeded for Glorious Model D / D- @ HID: /dev/hidraw1
92195 |Info:    Profile loading: Succeeded for MSI MPG Z390 GAMING EDGE AC (MS-7B17) @ HID: /dev/hidraw2
176695|Info:    Profile loading: Succeeded for Corsair Lighting Node Core @ HID: /dev/hidraw3
176695|Info:    Profile loading: Succeeded for Corsair Commander Core @ HID: /dev/hidraw7
176695|Info:    Profile loading: Succeeded for Glorious Model D / D- @ HID: /dev/hidraw1
176695|Info:    Profile loading: Succeeded for MSI MPG Z390 GAMING EDGE AC (MS-7B17) @ HID: /dev/hidraw2
204228|Info:    Profile loading: Succeeded for Corsair Lighting Node Core @ HID: /dev/hidraw3
204228|Info:    Profile loading: Succeeded for Corsair Commander Core @ HID: /dev/hidraw7
204228|Info:    Profile loading: Succeeded for Glorious Model D / D- @ HID: /dev/hidraw1
204228|Info:    Profile loading: Succeeded for MSI MPG Z390 GAMING EDGE AC (MS-7B17) @ HID: /dev/hidraw2
253252|Info:    Profile loading: Succeeded for Corsair Lighting Node Core @ HID: /dev/hidraw3
253252|Info:    Profile loading: Succeeded for Corsair Commander Core @ HID: /dev/hidraw7
253252|Info:    Profile loading: Succeeded for Glorious Model D / D- @ HID: /dev/hidraw1
253252|Info:    Profile loading: Succeeded for MSI MPG Z390 GAMING EDGE AC (MS-7B17) @ HID: /dev/hidraw2
