    OpenRGB v0.91
    Commit: acf12dfd5e73d77fd384c52abfab31ccf91ce946 from 2023-12-26 17:17:15 -0600
    Launched: 20231230_110201
====================================================================================================

7     |Info:    Found file: Dracula.orp attempting to validate header
7     |Info:    Valid v4 profile found for Dracula
1009  |Info:    ------------------------------------------------------
1009  |Info:    |               Start device detection               |
1009  |Info:    ------------------------------------------------------
1009  |Info:    Initializing HID interfaces: Success
1009  |Info:    ------------------------------------------------------
1009  |Info:    |             Detecting I2C interfaces               |
1009  |Info:    ------------------------------------------------------
1010  |Info:    Registering I2C interface: /dev/i2c-3 Device 1002:744C Subsystem: 1DA2:E471
1010  |Info:    Registering I2C interface: /dev/i2c-1 Device 1002:744C Subsystem: 1DA2:E471
1010  |Info:    Registering I2C interface: /dev/i2c-8 Device 8086:A323 Subsystem: 1462:7B17
1010  |Warning: [i2c_smbus_linux] Failed to read i2c device PCI device ID
1010  |Info:    Registering I2C interface: /dev/i2c-6 Device 0000:0000 Subsystem: 0000:0000
1010  |Info:    Registering I2C interface: /dev/i2c-4 Device 1002:744C Subsystem: 1DA2:E471
1010  |Info:    Registering I2C interface: /dev/i2c-2 Device 1002:744C Subsystem: 1DA2:E471
1010  |Info:    Registering I2C interface: /dev/i2c-0 Device 1002:744C Subsystem: 1DA2:E471
1010  |Warning: [i2c_smbus_linux] Failed to read i2c device PCI device ID
1010  |Info:    Registering I2C interface: /dev/i2c-7 Device 0000:0000 Subsystem: 0000:0000
1010  |Info:    Registering I2C interface: /dev/i2c-5 Device 1002:744C Subsystem: 1DA2:E471
1010  |Info:    ------------------------------------------------------
1010  |Info:    |               Detecting I2C devices                |
1010  |Info:    ------------------------------------------------------
1362  |Info:    ------------------------------------------------------
1362  |Info:    |               Detecting I2C PCI devices            |
1362  |Info:    ------------------------------------------------------
1384  |Info:    ------------------------------------------------------
1384  |Info:    |               Detecting HID devices                |
1384  |Info:    ------------------------------------------------------
1437  |Info:    [Corsair Lighting Node Core] Registering RGB controller
1553  |Info:    [Corsair Commander Core] Registering RGB controller
1555  |Info:    [Glorious Model D / D-] Registering RGB controller
1850  |Info:    [MSI MPG Z390 GAMING EDGE AC (MS-7B17)] Registering RGB controller
1850  |Info:    ------------------------------------------------------
1850  |Info:    |            Detecting libusb HID devices            |
1850  |Info:    ------------------------------------------------------
1864  |Info:    ------------------------------------------------------
1864  |Info:    |              Detecting other devices               |
1864  |Info:    ------------------------------------------------------
1866  |Info:    ------------------------------------------------------
1866  |Info:    |                Detection completed                 |
1866  |Info:    ------------------------------------------------------
3271  |Info:    Profile loading: Succeeded for Corsair Lighting Node Core @ HID: /dev/hidraw11
3271  |Info:    Profile loading: FAILED! for Corsair Commander Core @ HID: /dev/hidraw5
3271  |Info:    Profile loading: Succeeded for Glorious Model D / D- @ HID: /dev/hidraw1
3271  |Info:    Profile loading: Succeeded for MSI MPG Z390 GAMING EDGE AC (MS-7B17) @ HID: /dev/hidraw10
3817  |Info:    Profile loading: Succeeded for Corsair Lighting Node Core @ HID: /dev/hidraw11
3817  |Info:    Profile loading: FAILED! for Corsair Commander Core @ HID: /dev/hidraw5
3817  |Info:    Profile loading: Succeeded for Glorious Model D / D- @ HID: /dev/hidraw1
3817  |Info:    Profile loading: Succeeded for MSI MPG Z390 GAMING EDGE AC (MS-7B17) @ HID: /dev/hidraw10
22676 |Info:    Profile loading: Succeeded for Corsair Lighting Node Core @ HID: /dev/hidraw11
22676 |Info:    Profile loading: FAILED! for Corsair Commander Core @ HID: /dev/hidraw5
22676 |Info:    Profile loading: Succeeded for Glorious Model D / D- @ HID: /dev/hidraw1
22676 |Info:    Profile loading: Succeeded for MSI MPG Z390 GAMING EDGE AC (MS-7B17) @ HID: /dev/hidraw10
23167 |Info:    Profile loading: Succeeded for Corsair Lighting Node Core @ HID: /dev/hidraw11
23167 |Info:    Profile loading: FAILED! for Corsair Commander Core @ HID: /dev/hidraw5
23167 |Info:    Profile loading: Succeeded for Glorious Model D / D- @ HID: /dev/hidraw1
23167 |Info:    Profile loading: Succeeded for MSI MPG Z390 GAMING EDGE AC (MS-7B17) @ HID: /dev/hidraw10
23431 |Info:    Profile loading: Succeeded for Corsair Lighting Node Core @ HID: /dev/hidraw11
23431 |Info:    Profile loading: FAILED! for Corsair Commander Core @ HID: /dev/hidraw5
23431 |Info:    Profile loading: Succeeded for Glorious Model D / D- @ HID: /dev/hidraw1
23431 |Info:    Profile loading: Succeeded for MSI MPG Z390 GAMING EDGE AC (MS-7B17) @ HID: /dev/hidraw10
23902 |Info:    Profile loading: Succeeded for Corsair Lighting Node Core @ HID: /dev/hidraw11
23902 |Info:    Profile loading: FAILED! for Corsair Commander Core @ HID: /dev/hidraw5
23902 |Info:    Profile loading: Succeeded for Glorious Model D / D- @ HID: /dev/hidraw1
23902 |Info:    Profile loading: Succeeded for MSI MPG Z390 GAMING EDGE AC (MS-7B17) @ HID: /dev/hidraw10
24122 |Info:    Profile loading: Succeeded for Corsair Lighting Node Core @ HID: /dev/hidraw11
24122 |Info:    Profile loading: FAILED! for Corsair Commander Core @ HID: /dev/hidraw5
24122 |Info:    Profile loading: Succeeded for Glorious Model D / D- @ HID: /dev/hidraw1
24122 |Info:    Profile loading: Succeeded for MSI MPG Z390 GAMING EDGE AC (MS-7B17) @ HID: /dev/hidraw10
24338 |Info:    Profile loading: Succeeded for Corsair Lighting Node Core @ HID: /dev/hidraw11
24338 |Info:    Profile loading: FAILED! for Corsair Commander Core @ HID: /dev/hidraw5
24338 |Info:    Profile loading: Succeeded for Glorious Model D / D- @ HID: /dev/hidraw1
24338 |Info:    Profile loading: Succeeded for MSI MPG Z390 GAMING EDGE AC (MS-7B17) @ HID: /dev/hidraw10
24624 |Info:    Profile loading: Succeeded for Corsair Lighting Node Core @ HID: /dev/hidraw11
24624 |Info:    Profile loading: FAILED! for Corsair Commander Core @ HID: /dev/hidraw5
24624 |Info:    Profile loading: Succeeded for Glorious Model D / D- @ HID: /dev/hidraw1
24624 |Info:    Profile loading: Succeeded for MSI MPG Z390 GAMING EDGE AC (MS-7B17) @ HID: /dev/hidraw10
24845 |Info:    Profile loading: Succeeded for Corsair Lighting Node Core @ HID: /dev/hidraw11
24845 |Info:    Profile loading: FAILED! for Corsair Commander Core @ HID: /dev/hidraw5
24845 |Info:    Profile loading: Succeeded for Glorious Model D / D- @ HID: /dev/hidraw1
24845 |Info:    Profile loading: Succeeded for MSI MPG Z390 GAMING EDGE AC (MS-7B17) @ HID: /dev/hidraw10
25186 |Info:    Profile loading: Succeeded for Corsair Lighting Node Core @ HID: /dev/hidraw11
25186 |Info:    Profile loading: FAILED! for Corsair Commander Core @ HID: /dev/hidraw5
25186 |Info:    Profile loading: Succeeded for Glorious Model D / D- @ HID: /dev/hidraw1
25186 |Info:    Profile loading: Succeeded for MSI MPG Z390 GAMING EDGE AC (MS-7B17) @ HID: /dev/hidraw10
64023 |Info:    Profile loading: Succeeded for Corsair Lighting Node Core @ HID: /dev/hidraw11
64023 |Info:    Profile loading: FAILED! for Corsair Commander Core @ HID: /dev/hidraw5
64023 |Info:    Profile loading: Succeeded for Glorious Model D / D- @ HID: /dev/hidraw1
64023 |Info:    Profile loading: Succeeded for MSI MPG Z390 GAMING EDGE AC (MS-7B17) @ HID: /dev/hidraw10
64439 |Info:    Profile loading: Succeeded for Corsair Lighting Node Core @ HID: /dev/hidraw11
64439 |Info:    Profile loading: FAILED! for Corsair Commander Core @ HID: /dev/hidraw5
64439 |Info:    Profile loading: Succeeded for Glorious Model D / D- @ HID: /dev/hidraw1
64439 |Info:    Profile loading: Succeeded for MSI MPG Z390 GAMING EDGE AC (MS-7B17) @ HID: /dev/hidraw10
64674 |Info:    Profile loading: Succeeded for Corsair Lighting Node Core @ HID: /dev/hidraw11
64674 |Info:    Profile loading: FAILED! for Corsair Commander Core @ HID: /dev/hidraw5
64674 |Info:    Profile loading: Succeeded for Glorious Model D / D- @ HID: /dev/hidraw1
64674 |Info:    Profile loading: Succeeded for MSI MPG Z390 GAMING EDGE AC (MS-7B17) @ HID: /dev/hidraw10
65141 |Info:    Profile loading: Succeeded for Corsair Lighting Node Core @ HID: /dev/hidraw11
65141 |Info:    Profile loading: FAILED! for Corsair Commander Core @ HID: /dev/hidraw5
65141 |Info:    Profile loading: Succeeded for Glorious Model D / D- @ HID: /dev/hidraw1
65141 |Info:    Profile loading: Succeeded for MSI MPG Z390 GAMING EDGE AC (MS-7B17) @ HID: /dev/hidraw10
94704 |Info:    Profile loading: Succeeded for Corsair Lighting Node Core @ HID: /dev/hidraw11
94704 |Info:    Profile loading: FAILED! for Corsair Commander Core @ HID: /dev/hidraw5
94704 |Info:    Profile loading: Succeeded for Glorious Model D / D- @ HID: /dev/hidraw1
94704 |Info:    Profile loading: Succeeded for MSI MPG Z390 GAMING EDGE AC (MS-7B17) @ HID: /dev/hidraw10
95019 |Info:    Profile loading: Succeeded for Corsair Lighting Node Core @ HID: /dev/hidraw11
95019 |Info:    Profile loading: FAILED! for Corsair Commander Core @ HID: /dev/hidraw5
95019 |Info:    Profile loading: Succeeded for Glorious Model D / D- @ HID: /dev/hidraw1
95019 |Info:    Profile loading: Succeeded for MSI MPG Z390 GAMING EDGE AC (MS-7B17) @ HID: /dev/hidraw10
98399 |Info:    Profile loading: Succeeded for Corsair Lighting Node Core @ HID: /dev/hidraw11
98399 |Info:    Profile loading: FAILED! for Corsair Commander Core @ HID: /dev/hidraw5
98399 |Info:    Profile loading: Succeeded for Glorious Model D / D- @ HID: /dev/hidraw1
98399 |Info:    Profile loading: Succeeded for MSI MPG Z390 GAMING EDGE AC (MS-7B17) @ HID: /dev/hidraw10
98589 |Info:    Profile loading: Succeeded for Corsair Lighting Node Core @ HID: /dev/hidraw11
98589 |Info:    Profile loading: FAILED! for Corsair Commander Core @ HID: /dev/hidraw5
98589 |Info:    Profile loading: Succeeded for Glorious Model D / D- @ HID: /dev/hidraw1
98589 |Info:    Profile loading: Succeeded for MSI MPG Z390 GAMING EDGE AC (MS-7B17) @ HID: /dev/hidraw10
166494|Info:    Found file: Dracula.orp attempting to validate header
166494|Info:    Valid v4 profile found for Dracula
168244|Info:    Profile loading: Succeeded for Corsair Lighting Node Core @ HID: /dev/hidraw11
168244|Info:    Profile loading: Succeeded for Corsair Commander Core @ HID: /dev/hidraw5
168244|Info:    Profile loading: Succeeded for Glorious Model D / D- @ HID: /dev/hidraw1
168244|Info:    Profile loading: Succeeded for MSI MPG Z390 GAMING EDGE AC (MS-7B17) @ HID: /dev/hidraw10
168845|Info:    Profile loading: Succeeded for Corsair Lighting Node Core @ HID: /dev/hidraw11
168845|Info:    Profile loading: Succeeded for Corsair Commander Core @ HID: /dev/hidraw5
168845|Info:    Profile loading: Succeeded for Glorious Model D / D- @ HID: /dev/hidraw1
168845|Info:    Profile loading: Succeeded for MSI MPG Z390 GAMING EDGE AC (MS-7B17) @ HID: /dev/hidraw10
169251|Info:    Profile loading: Succeeded for Corsair Lighting Node Core @ HID: /dev/hidraw11
169251|Info:    Profile loading: Succeeded for Corsair Commander Core @ HID: /dev/hidraw5
169251|Info:    Profile loading: Succeeded for Glorious Model D / D- @ HID: /dev/hidraw1
169251|Info:    Profile loading: Succeeded for MSI MPG Z390 GAMING EDGE AC (MS-7B17) @ HID: /dev/hidraw10
221371|Info:    Profile loading: Succeeded for Corsair Lighting Node Core @ HID: /dev/hidraw11
221371|Info:    Profile loading: Succeeded for Corsair Commander Core @ HID: /dev/hidraw5
221371|Info:    Profile loading: Succeeded for Glorious Model D / D- @ HID: /dev/hidraw1
221371|Info:    Profile loading: Succeeded for MSI MPG Z390 GAMING EDGE AC (MS-7B17) @ HID: /dev/hidraw10
221732|Info:    Profile loading: Succeeded for Corsair Lighting Node Core @ HID: /dev/hidraw11
221732|Info:    Profile loading: Succeeded for Corsair Commander Core @ HID: /dev/hidraw5
221732|Info:    Profile loading: Succeeded for Glorious Model D / D- @ HID: /dev/hidraw1
221732|Info:    Profile loading: Succeeded for MSI MPG Z390 GAMING EDGE AC (MS-7B17) @ HID: /dev/hidraw10
221957|Info:    Profile loading: Succeeded for Corsair Lighting Node Core @ HID: /dev/hidraw11
221957|Info:    Profile loading: Succeeded for Corsair Commander Core @ HID: /dev/hidraw5
221957|Info:    Profile loading: Succeeded for Glorious Model D / D- @ HID: /dev/hidraw1
221957|Info:    Profile loading: Succeeded for MSI MPG Z390 GAMING EDGE AC (MS-7B17) @ HID: /dev/hidraw10
222182|Info:    Profile loading: Succeeded for Corsair Lighting Node Core @ HID: /dev/hidraw11
222183|Info:    Profile loading: Succeeded for Corsair Commander Core @ HID: /dev/hidraw5
222183|Info:    Profile loading: Succeeded for Glorious Model D / D- @ HID: /dev/hidraw1
222183|Info:    Profile loading: Succeeded for MSI MPG Z390 GAMING EDGE AC (MS-7B17) @ HID: /dev/hidraw10
222378|Info:    Profile loading: Succeeded for Corsair Lighting Node Core @ HID: /dev/hidraw11
222378|Info:    Profile loading: Succeeded for Corsair Commander Core @ HID: /dev/hidraw5
222378|Info:    Profile loading: Succeeded for Glorious Model D / D- @ HID: /dev/hidraw1
222378|Info:    Profile loading: Succeeded for MSI MPG Z390 GAMING EDGE AC (MS-7B17) @ HID: /dev/hidraw10
222643|Info:    Profile loading: Succeeded for Corsair Lighting Node Core @ HID: /dev/hidraw11
222643|Info:    Profile loading: Succeeded for Corsair Commander Core @ HID: /dev/hidraw5
222643|Info:    Profile loading: Succeeded for Glorious Model D / D- @ HID: /dev/hidraw1
222643|Info:    Profile loading: Succeeded for MSI MPG Z390 GAMING EDGE AC (MS-7B17) @ HID: /dev/hidraw10
223114|Info:    Profile loading: Succeeded for Corsair Lighting Node Core @ HID: /dev/hidraw11
223115|Info:    Profile loading: Succeeded for Corsair Commander Core @ HID: /dev/hidraw5
223115|Info:    Profile loading: Succeeded for Glorious Model D / D- @ HID: /dev/hidraw1
223115|Info:    Profile loading: Succeeded for MSI MPG Z390 GAMING EDGE AC (MS-7B17) @ HID: /dev/hidraw10
223406|Info:    Profile loading: Succeeded for Corsair Lighting Node Core @ HID: /dev/hidraw11
223406|Info:    Profile loading: Succeeded for Corsair Commander Core @ HID: /dev/hidraw5
223406|Info:    Profile loading: Succeeded for Glorious Model D / D- @ HID: /dev/hidraw1
223406|Info:    Profile loading: Succeeded for MSI MPG Z390 GAMING EDGE AC (MS-7B17) @ HID: /dev/hidraw10
223696|Info:    Profile loading: Succeeded for Corsair Lighting Node Core @ HID: /dev/hidraw11
223697|Info:    Profile loading: Succeeded for Corsair Commander Core @ HID: /dev/hidraw5
223697|Info:    Profile loading: Succeeded for Glorious Model D / D- @ HID: /dev/hidraw1
223697|Info:    Profile loading: Succeeded for MSI MPG Z390 GAMING EDGE AC (MS-7B17) @ HID: /dev/hidraw10
257347|ERROR:   [Sinowealth Mouse] Error reading device configuration!
