    OpenRGB v0.9
    Commit:  from 
    Launched: 20240208_043259
====================================================================================================

10    |Info:    Found file: Dracula.orp attempting to validate header
13    |Info:    Valid v4 profile found for Dracula
1017  |Info:    ------------------------------------------------------
1017  |Info:    |               Start device detection               |
1017  |Info:    ------------------------------------------------------
1017  |Info:    Initializing HID interfaces: Success
1018  |Info:    ------------------------------------------------------
1018  |Info:    |             Detecting I2C interfaces               |
1018  |Info:    ------------------------------------------------------
1018  |Info:    Registering I2C interface: /dev/i2c-3 Device 1002:744C Subsystem: 1DA2:E471
1018  |Info:    Registering I2C interface: /dev/i2c-1 Device 1002:744C Subsystem: 1DA2:E471
1018  |Info:    Registering I2C interface: /dev/i2c-8 Device 8086:A323 Subsystem: 1462:7B17
1018  |Warning: [i2c_smbus_linux] Failed to read i2c device PCI device ID
1018  |Info:    Registering I2C interface: /dev/i2c-6 Device 0000:0000 Subsystem: 0000:0000
1018  |Info:    Registering I2C interface: /dev/i2c-4 Device 1002:744C Subsystem: 1DA2:E471
1018  |Info:    Registering I2C interface: /dev/i2c-2 Device 1002:744C Subsystem: 1DA2:E471
1018  |Info:    Registering I2C interface: /dev/i2c-0 Device 1002:744C Subsystem: 1DA2:E471
1018  |Warning: [i2c_smbus_linux] Failed to read i2c device PCI device ID
1018  |Info:    Registering I2C interface: /dev/i2c-7 Device 0000:0000 Subsystem: 0000:0000
1018  |Info:    Registering I2C interface: /dev/i2c-5 Device 1002:744C Subsystem: 1DA2:E471
1018  |Info:    ------------------------------------------------------
1018  |Info:    |               Detecting I2C devices                |
1018  |Info:    ------------------------------------------------------
1366  |Info:    ------------------------------------------------------
1366  |Info:    |               Detecting I2C PCI devices            |
1366  |Info:    ------------------------------------------------------
1390  |Info:    ------------------------------------------------------
1390  |Info:    |               Detecting HID devices                |
1390  |Info:    ------------------------------------------------------
1443  |Info:    [Corsair Lighting Node Core] Registering RGB controller
1578  |Info:    [Corsair Commander Core] Registering RGB controller
1581  |Info:    [Glorious Model D / D-] Registering RGB controller
1826  |Info:    [MSI MPG Z390 GAMING EDGE AC (MS-7B17)] Registering RGB controller
1826  |Info:    ------------------------------------------------------
1826  |Info:    |            Detecting libusb HID devices            |
1826  |Info:    ------------------------------------------------------
1842  |Info:    ------------------------------------------------------
1842  |Info:    |              Detecting other devices               |
1842  |Info:    ------------------------------------------------------
1844  |Info:    ------------------------------------------------------
1844  |Info:    |                Detection completed                 |
1844  |Info:    ------------------------------------------------------
1844  |Info:    Profile loading: Succeeded for Corsair Lighting Node Core @ HID: /dev/hidraw10
1844  |Info:    Profile loading: Succeeded for Corsair Commander Core @ HID: /dev/hidraw5
1844  |Info:    Profile loading: Succeeded for Glorious Model D / D- @ HID: /dev/hidraw1
1844  |Info:    Profile loading: Succeeded for MSI MPG Z390 GAMING EDGE AC (MS-7B17) @ HID: /dev/hidraw9
