    OpenRGB v0.81
    Commit: 5f43ec303a1518a02d0e3b8d878adba4052d0756 from 2023-04-13 20:45:42 +1000
    Launched: 20230414_121823
====================================================================================================

0     |Info:    Found file: Dracula.orp attempting to validate header
0     |Info:    Valid v4 profile found for Dracula
1001  |Info:    Saving detector settings
1002  |Info:    ------------------------------------------------------
1002  |Info:    |               Start device detection               |
1002  |Info:    ------------------------------------------------------
1002  |Info:    Initializing HID interfaces: Success
1003  |Info:    ------------------------------------------------------
1003  |Info:    |             Detecting I2C interfaces               |
1003  |Info:    ------------------------------------------------------
1003  |Info:    Registering I2C interface: /dev/i2c-3 Device 10DE:1E81 Subsystem: 1028:C722
1003  |Info:    Registering I2C interface: /dev/i2c-1 Device 10DE:1E81 Subsystem: 1028:C722
1003  |Info:    Registering I2C interface: /dev/i2c-6 Device 10DE:1E81 Subsystem: 1028:C722
1003  |Info:    Registering I2C interface: /dev/i2c-4 Device 10DE:1E81 Subsystem: 1028:C722
1003  |Info:    Registering I2C interface: /dev/i2c-2 Device 10DE:1E81 Subsystem: 1028:C722
1003  |Info:    Registering I2C interface: /dev/i2c-0 Device 8086:A323 Subsystem: 1462:7B17
1003  |Info:    Registering I2C interface: /dev/i2c-5 Device 10DE:1E81 Subsystem: 1028:C722
1003  |Info:    ------------------------------------------------------
1003  |Info:    |               Detecting I2C devices                |
1003  |Info:    ------------------------------------------------------
1317  |Info:    ------------------------------------------------------
1317  |Info:    |               Detecting I2C PCI devices            |
1317  |Info:    ------------------------------------------------------
1317  |Info:    ------------------------------------------------------
1317  |Info:    |               Detecting HID devices                |
1317  |Info:    ------------------------------------------------------
1371  |Info:    [Corsair Lighting Node Core] Registering RGB controller
1466  |Info:    [Corsair Commander Core] Registering RGB controller
1468  |Info:    [Glorious Model D / D-] Registering RGB controller
1773  |Info:    [MSI MPG Z390 GAMING EDGE AC (MS-7B17)] Registering RGB controller
1773  |Info:    ------------------------------------------------------
1773  |Info:    |            Detecting libusb HID devices            |
1773  |Info:    ------------------------------------------------------
1797  |Info:    ------------------------------------------------------
1797  |Info:    |              Detecting other devices               |
1797  |Info:    ------------------------------------------------------
1800  |Info:    ------------------------------------------------------
1800  |Info:    |                Detection completed                 |
1800  |Info:    ------------------------------------------------------
1800  |Info:    Profile loading: Succeeded for Corsair Lighting Node Core @ HID: /dev/hidraw12
1800  |Info:    Profile loading: Succeeded for Corsair Commander Core @ HID: /dev/hidraw5
1800  |Info:    Profile loading: Succeeded for Glorious Model D / D- @ HID: /dev/hidraw1
1800  |Info:    Profile loading: Succeeded for MSI MPG Z390 GAMING EDGE AC (MS-7B17) @ HID: /dev/hidraw9
