    OpenRGB v0.9
    Commit:  from 
    Launched: 20240303_005633
====================================================================================================

7     |Info:    Found file: Dracula.orp attempting to validate header
7     |Info:    Valid v4 profile found for Dracula
1009  |Info:    ------------------------------------------------------
1009  |Info:    |               Start device detection               |
1009  |Info:    ------------------------------------------------------
1009  |Info:    Initializing HID interfaces: Success
1010  |Info:    ------------------------------------------------------
1010  |Info:    |             Detecting I2C interfaces               |
1010  |Info:    ------------------------------------------------------
1010  |Info:    Registering I2C interface: /dev/i2c-3 Device 8086:3E98 Subsystem: 1462:7B17
1010  |Info:    Registering I2C interface: /dev/i2c-1 Device 8086:3E98 Subsystem: 1462:7B17
1010  |Info:    Registering I2C interface: /dev/i2c-6 Device 1002:744C Subsystem: 1DA2:E471
1010  |Info:    Registering I2C interface: /dev/i2c-4 Device 8086:3E98 Subsystem: 1462:7B17
1010  |Info:    Registering I2C interface: /dev/i2c-2 Device 8086:3E98 Subsystem: 1462:7B17
1010  |Info:    Registering I2C interface: /dev/i2c-9 Device 1002:744C Subsystem: 1DA2:E471
1010  |Info:    Registering I2C interface: /dev/i2c-5 Device 1002:744C Subsystem: 1DA2:E471
1010  |Info:    ------------------------------------------------------
1010  |Info:    |               Detecting I2C devices                |
1010  |Info:    ------------------------------------------------------
1010  |Info:    ------------------------------------------------------
1010  |Info:    |               Detecting I2C PCI devices            |
1010  |Info:    ------------------------------------------------------
1010  |Info:    ------------------------------------------------------
1010  |Info:    |               Detecting HID devices                |
1010  |Info:    ------------------------------------------------------
1069  |Info:    [Corsair Lighting Node Core] Registering RGB controller
1181  |Info:    [Corsair Commander Core] Registering RGB controller
1184  |Info:    [Glorious Model D / D-] Registering RGB controller
1479  |Info:    [MSI MPG Z390 GAMING EDGE AC (MS-7B17)] Registering RGB controller
1479  |Info:    ------------------------------------------------------
1479  |Info:    |            Detecting libusb HID devices            |
1479  |Info:    ------------------------------------------------------
1496  |Info:    ------------------------------------------------------
1496  |Info:    |              Detecting other devices               |
1496  |Info:    ------------------------------------------------------
1497  |Info:    ------------------------------------------------------
1497  |Info:    |                Detection completed                 |
1497  |Info:    ------------------------------------------------------
1497  |Dialog:  <h2>WARNING:</h2><p>One or more I2C/SMBus interfaces failed to initialize.</p><p>RGB DRAM modules and some motherboards' onboard RGB lighting will not be available without I2C/SMBus.</p><p>On Linux, this is usually because the i2c-dev module is not loaded.  You must load the i2c-dev module along with the correct i2c driver for your motherboard.  This is usually i2c-piix4 for AMD systems and i2c-i801 for Intel systems.</p><p>See <a href='https://help.openrgb.org/'>help.openrgb.org</a> for additional troubleshooting steps if you keep seeing this message.<br></p>
1497  |Info:    Profile loading: Succeeded for Corsair Lighting Node Core @ HID: /dev/hidraw10
1497  |Info:    Profile loading: Succeeded for Corsair Commander Core @ HID: /dev/hidraw11
1497  |Info:    Profile loading: Succeeded for Glorious Model D / D- @ HID: /dev/hidraw1
1497  |Info:    Profile loading: Succeeded for MSI MPG Z390 GAMING EDGE AC (MS-7B17) @ HID: /dev/hidraw9
