    OpenRGB v0.9
    Commit:  from 
    Launched: 20230909_173947
====================================================================================================

0     |Info:    Found file: Dracula.orp attempting to validate header
0     |Info:    Valid v4 profile found for Dracula
1010  |Info:    ------------------------------------------------------
1010  |Info:    |               Start device detection               |
1010  |Info:    ------------------------------------------------------
1010  |Info:    Initializing HID interfaces: Success
1012  |Info:    ------------------------------------------------------
1012  |Info:    |             Detecting I2C interfaces               |
1012  |Info:    ------------------------------------------------------
1013  |Info:    Registering I2C interface: /dev/i2c-3 Device 10DE:1E81 Subsystem: 1028:C722
1013  |Info:    Registering I2C interface: /dev/i2c-1 Device 10DE:1E81 Subsystem: 1028:C722
1013  |Info:    Registering I2C interface: /dev/i2c-6 Device 10DE:1E81 Subsystem: 1028:C722
1013  |Info:    Registering I2C interface: /dev/i2c-4 Device 10DE:1E81 Subsystem: 1028:C722
1013  |Info:    Registering I2C interface: /dev/i2c-2 Device 10DE:1E81 Subsystem: 1028:C722
1013  |Info:    Registering I2C interface: /dev/i2c-0 Device 8086:A323 Subsystem: 1462:7B17
1013  |Info:    Registering I2C interface: /dev/i2c-5 Device 10DE:1E81 Subsystem: 1028:C722
1013  |Info:    ------------------------------------------------------
1013  |Info:    |               Detecting I2C devices                |
1013  |Info:    ------------------------------------------------------
1325  |Info:    ------------------------------------------------------
1325  |Info:    |               Detecting I2C PCI devices            |
1325  |Info:    ------------------------------------------------------
1326  |Info:    ------------------------------------------------------
1326  |Info:    |               Detecting HID devices                |
1326  |Info:    ------------------------------------------------------
1379  |Info:    [Corsair Lighting Node Core] Registering RGB controller
1482  |Info:    [Corsair Commander Core] Registering RGB controller
1484  |Info:    [Glorious Model D / D-] Registering RGB controller
1754  |Info:    [MSI MPG Z390 GAMING EDGE AC (MS-7B17)] Registering RGB controller
1754  |Info:    ------------------------------------------------------
1754  |Info:    |            Detecting libusb HID devices            |
1754  |Info:    ------------------------------------------------------
1780  |Info:    ------------------------------------------------------
1780  |Info:    |              Detecting other devices               |
1780  |Info:    ------------------------------------------------------
1784  |Info:    ------------------------------------------------------
1784  |Info:    |                Detection completed                 |
1784  |Info:    ------------------------------------------------------
1784  |Info:    Profile loading: Succeeded for Corsair Lighting Node Core @ HID: /dev/hidraw11
1784  |Info:    Profile loading: Succeeded for Corsair Commander Core @ HID: /dev/hidraw12
1784  |Info:    Profile loading: Succeeded for Glorious Model D / D- @ HID: /dev/hidraw1
1784  |Info:    Profile loading: Succeeded for MSI MPG Z390 GAMING EDGE AC (MS-7B17) @ HID: /dev/hidraw10
