    OpenRGB v0.8
    Commit:  from 
    Launched: 20230309_210343
====================================================================================================

0     |Info:    Found file: Dracula.orp attempting to validate header
1     |Info:    Valid v3 profile found for Dracula
1017  |Info:    ------------------------------------------------------
1017  |Info:    |               Start device detection               |
1017  |Info:    ------------------------------------------------------
1017  |Info:    Initializing HID interfaces: Success
1018  |Info:    ------------------------------------------------------
1018  |Info:    |             Detecting I2C interfaces               |
1018  |Info:    ------------------------------------------------------
1018  |Info:    Registering I2C interface: /dev/i2c-3 Device 10DE:1E81 Subsystem: 1028:C722
1018  |Info:    Registering I2C interface: /dev/i2c-1 Device 10DE:1E81 Subsystem: 1028:C722
1018  |Info:    Registering I2C interface: /dev/i2c-6 Device 10DE:1E81 Subsystem: 1028:C722
1018  |Info:    Registering I2C interface: /dev/i2c-4 Device 10DE:1E81 Subsystem: 1028:C722
1018  |Info:    Registering I2C interface: /dev/i2c-2 Device 10DE:1E81 Subsystem: 1028:C722
1018  |Info:    Registering I2C interface: /dev/i2c-0 Device 8086:A323 Subsystem: 1462:7B17
1018  |Info:    Registering I2C interface: /dev/i2c-5 Device 10DE:1E81 Subsystem: 1028:C722
1018  |Info:    ------------------------------------------------------
1018  |Info:    |               Detecting I2C devices                |
1018  |Info:    ------------------------------------------------------
1249  |Info:    ------------------------------------------------------
1249  |Info:    |               Detecting I2C PCI devices            |
1249  |Info:    ------------------------------------------------------
1250  |Info:    ------------------------------------------------------
1250  |Info:    |               Detecting HID devices                |
1250  |Info:    ------------------------------------------------------
1304  |Info:    [Corsair Lighting Node Core] Registering RGB controller
1407  |Info:    [Corsair Commander Core] Registering RGB controller
1684  |Info:    [MSI MPG Z390 GAMING EDGE AC (MS-7B17)] Registering RGB controller
1684  |Info:    ------------------------------------------------------
1684  |Info:    |              Detecting other devices               |
1684  |Info:    ------------------------------------------------------
1686  |Info:    ------------------------------------------------------
1686  |Info:    |                Detection completed                 |
1686  |Info:    ------------------------------------------------------
1686  |Info:    Profile loading: Succeeded for Corsair Lighting Node Core @ HID: /dev/hidraw10
1686  |Info:    Profile loading: Succeeded for Corsair Commander Core @ HID: /dev/hidraw5
1686  |Info:    Profile loading: Succeeded for MSI MPG Z390 GAMING EDGE AC (MS-7B17) @ HID: /dev/hidraw9
