    OpenRGB v0.9
    Commit:  from 
    Launched: 20240310_214132
====================================================================================================

1     |Info:    Found file: Dracula.orp attempting to validate header
3     |Info:    Valid v4 profile found for Dracula
1005  |Info:    ------------------------------------------------------
1006  |Info:    |               Start device detection               |
1006  |Info:    ------------------------------------------------------
1006  |Info:    Initializing HID interfaces: Success
1006  |Info:    ------------------------------------------------------
1006  |Info:    |             Detecting I2C interfaces               |
1006  |Info:    ------------------------------------------------------
1006  |Info:    Registering I2C interface: /dev/i2c-3 Device 1002:744C Subsystem: 1DA2:E471
1006  |Info:    Registering I2C interface: /dev/i2c-1 Device 1002:744C Subsystem: 1DA2:E471
1006  |Info:    Registering I2C interface: /dev/i2c-8 Device 8086:A323 Subsystem: 1462:7B17
1006  |Warning: [i2c_smbus_linux] Failed to read i2c device PCI device ID
1006  |Info:    Registering I2C interface: /dev/i2c-6 Device 0000:0000 Subsystem: 0000:0000
1007  |Info:    Registering I2C interface: /dev/i2c-4 Device 1002:744C Subsystem: 1DA2:E471
1007  |Info:    Registering I2C interface: /dev/i2c-2 Device 1002:744C Subsystem: 1DA2:E471
1007  |Info:    Registering I2C interface: /dev/i2c-0 Device 1002:744C Subsystem: 1DA2:E471
1007  |Warning: [i2c_smbus_linux] Failed to read i2c device PCI device ID
1007  |Info:    Registering I2C interface: /dev/i2c-7 Device 0000:0000 Subsystem: 0000:0000
1007  |Info:    Registering I2C interface: /dev/i2c-5 Device 1002:744C Subsystem: 1DA2:E471
1007  |Info:    ------------------------------------------------------
1007  |Info:    |               Detecting I2C devices                |
1007  |Info:    ------------------------------------------------------
1360  |Info:    ------------------------------------------------------
1360  |Info:    |               Detecting I2C PCI devices            |
1360  |Info:    ------------------------------------------------------
1383  |Info:    ------------------------------------------------------
1383  |Info:    |               Detecting HID devices                |
1383  |Info:    ------------------------------------------------------
1435  |Info:    [Corsair Lighting Node Core] Registering RGB controller
1547  |Info:    [Corsair Commander Core] Registering RGB controller
1550  |Info:    [Glorious Model D / D-] Registering RGB controller
1856  |Info:    [MSI MPG Z390 GAMING EDGE AC (MS-7B17)] Registering RGB controller
1856  |Info:    ------------------------------------------------------
1856  |Info:    |            Detecting libusb HID devices            |
1856  |Info:    ------------------------------------------------------
1873  |Info:    ------------------------------------------------------
1873  |Info:    |              Detecting other devices               |
1873  |Info:    ------------------------------------------------------
1875  |Info:    ------------------------------------------------------
1875  |Info:    |                Detection completed                 |
1875  |Info:    ------------------------------------------------------
1875  |Info:    Profile loading: Succeeded for Corsair Lighting Node Core @ HID: /dev/hidraw10
1875  |Info:    Profile loading: Succeeded for Corsair Commander Core @ HID: /dev/hidraw5
1875  |Info:    Profile loading: Succeeded for Glorious Model D / D- @ HID: /dev/hidraw1
1875  |Info:    Profile loading: Succeeded for MSI MPG Z390 GAMING EDGE AC (MS-7B17) @ HID: /dev/hidraw9
