    OpenRGB v0.91
    Commit: acf12dfd5e73d77fd384c52abfab31ccf91ce946 from 2023-12-26 17:17:15 -0600
    Launched: 20231228_234940
====================================================================================================

0     |Info:    Found file: Dracula.orp attempting to validate header
0     |Info:    Valid v4 profile found for Dracula
1001  |Info:    ------------------------------------------------------
1001  |Info:    |               Start device detection               |
1001  |Info:    ------------------------------------------------------
1002  |Info:    Initializing HID interfaces: Success
1002  |Info:    ------------------------------------------------------
1002  |Info:    |             Detecting I2C interfaces               |
1002  |Info:    ------------------------------------------------------
1002  |Info:    Registering I2C interface: /dev/i2c-3 Device 1002:744C Subsystem: 1DA2:E471
1002  |Info:    Registering I2C interface: /dev/i2c-1 Device 1002:744C Subsystem: 1DA2:E471
1002  |Info:    Registering I2C interface: /dev/i2c-8 Device 8086:A323 Subsystem: 1462:7B17
1002  |Warning: [i2c_smbus_linux] Failed to read i2c device PCI device ID
1002  |Info:    Registering I2C interface: /dev/i2c-6 Device 0000:0000 Subsystem: 0000:0000
1002  |Info:    Registering I2C interface: /dev/i2c-4 Device 1002:744C Subsystem: 1DA2:E471
1003  |Info:    Registering I2C interface: /dev/i2c-2 Device 1002:744C Subsystem: 1DA2:E471
1003  |Info:    Registering I2C interface: /dev/i2c-0 Device 1002:744C Subsystem: 1DA2:E471
1003  |Warning: [i2c_smbus_linux] Failed to read i2c device PCI device ID
1003  |Info:    Registering I2C interface: /dev/i2c-7 Device 0000:0000 Subsystem: 0000:0000
1003  |Info:    Registering I2C interface: /dev/i2c-5 Device 1002:744C Subsystem: 1DA2:E471
1003  |Info:    ------------------------------------------------------
1003  |Info:    |               Detecting I2C devices                |
1003  |Info:    ------------------------------------------------------
1356  |Info:    ------------------------------------------------------
1356  |Info:    |               Detecting I2C PCI devices            |
1356  |Info:    ------------------------------------------------------
1378  |Info:    ------------------------------------------------------
1378  |Info:    |               Detecting HID devices                |
1378  |Info:    ------------------------------------------------------
1431  |Info:    [Corsair Lighting Node Core] Registering RGB controller
1548  |Info:    [Corsair Commander Core] Registering RGB controller
1550  |Info:    [Glorious Model D / D-] Registering RGB controller
1818  |Info:    [MSI MPG Z390 GAMING EDGE AC (MS-7B17)] Registering RGB controller
1818  |Info:    ------------------------------------------------------
1818  |Info:    |            Detecting libusb HID devices            |
1818  |Info:    ------------------------------------------------------
1833  |Info:    ------------------------------------------------------
1833  |Info:    |              Detecting other devices               |
1833  |Info:    ------------------------------------------------------
1834  |Info:    ------------------------------------------------------
1834  |Info:    |                Detection completed                 |
1834  |Info:    ------------------------------------------------------
5037  |Info:    Profile loading: Succeeded for Corsair Lighting Node Core @ HID: /dev/hidraw10
5037  |Info:    Profile loading: Succeeded for Corsair Commander Core @ HID: /dev/hidraw5
5037  |Info:    Profile loading: Succeeded for Glorious Model D / D- @ HID: /dev/hidraw8
5037  |Info:    Profile loading: Succeeded for MSI MPG Z390 GAMING EDGE AC (MS-7B17) @ HID: /dev/hidraw9
5913  |Info:    Profile loading: Succeeded for Corsair Lighting Node Core @ HID: /dev/hidraw10
5913  |Info:    Profile loading: Succeeded for Corsair Commander Core @ HID: /dev/hidraw5
5913  |Info:    Profile loading: Succeeded for Glorious Model D / D- @ HID: /dev/hidraw8
5913  |Info:    Profile loading: Succeeded for MSI MPG Z390 GAMING EDGE AC (MS-7B17) @ HID: /dev/hidraw9
6159  |Info:    Profile loading: Succeeded for Corsair Lighting Node Core @ HID: /dev/hidraw10
6159  |Info:    Profile loading: Succeeded for Corsair Commander Core @ HID: /dev/hidraw5
6159  |Info:    Profile loading: Succeeded for Glorious Model D / D- @ HID: /dev/hidraw8
6159  |Info:    Profile loading: Succeeded for MSI MPG Z390 GAMING EDGE AC (MS-7B17) @ HID: /dev/hidraw9
6410  |Info:    Profile loading: Succeeded for Corsair Lighting Node Core @ HID: /dev/hidraw10
6410  |Info:    Profile loading: Succeeded for Corsair Commander Core @ HID: /dev/hidraw5
6410  |Info:    Profile loading: Succeeded for Glorious Model D / D- @ HID: /dev/hidraw8
6410  |Info:    Profile loading: Succeeded for MSI MPG Z390 GAMING EDGE AC (MS-7B17) @ HID: /dev/hidraw9
6795  |Info:    Profile loading: Succeeded for Corsair Lighting Node Core @ HID: /dev/hidraw10
6795  |Info:    Profile loading: Succeeded for Corsair Commander Core @ HID: /dev/hidraw5
6795  |Info:    Profile loading: Succeeded for Glorious Model D / D- @ HID: /dev/hidraw8
6795  |Info:    Profile loading: Succeeded for MSI MPG Z390 GAMING EDGE AC (MS-7B17) @ HID: /dev/hidraw9
7165  |Info:    Profile loading: Succeeded for Corsair Lighting Node Core @ HID: /dev/hidraw10
7165  |Info:    Profile loading: Succeeded for Corsair Commander Core @ HID: /dev/hidraw5
7165  |Info:    Profile loading: Succeeded for Glorious Model D / D- @ HID: /dev/hidraw8
7165  |Info:    Profile loading: Succeeded for MSI MPG Z390 GAMING EDGE AC (MS-7B17) @ HID: /dev/hidraw9
