    OpenRGB v0.9
    Commit:  from 
    Launched: 20230728_104630
====================================================================================================

0     |Info:    Found file: Dracula.orp attempting to validate header
0     |Info:    Valid v4 profile found for Dracula
1010  |Info:    ------------------------------------------------------
1010  |Info:    |               Start device detection               |
1010  |Info:    ------------------------------------------------------
1010  |Info:    Initializing HID interfaces: Success
1010  |Info:    ------------------------------------------------------
1010  |Info:    |             Detecting I2C interfaces               |
1010  |Info:    ------------------------------------------------------
1011  |Info:    Registering I2C interface: /dev/i2c-3 Device 10DE:1E81 Subsystem: 1028:C722
1011  |Info:    Registering I2C interface: /dev/i2c-1 Device 10DE:1E81 Subsystem: 1028:C722
1011  |Info:    Registering I2C interface: /dev/i2c-6 Device 10DE:1E81 Subsystem: 1028:C722
1011  |Info:    Registering I2C interface: /dev/i2c-4 Device 10DE:1E81 Subsystem: 1028:C722
1011  |Info:    Registering I2C interface: /dev/i2c-2 Device 10DE:1E81 Subsystem: 1028:C722
1011  |Info:    Registering I2C interface: /dev/i2c-0 Device 8086:A323 Subsystem: 1462:7B17
1011  |Info:    Registering I2C interface: /dev/i2c-5 Device 10DE:1E81 Subsystem: 1028:C722
1011  |Info:    ------------------------------------------------------
1011  |Info:    |               Detecting I2C devices                |
1011  |Info:    ------------------------------------------------------
1331  |Info:    ------------------------------------------------------
1331  |Info:    |               Detecting I2C PCI devices            |
1331  |Info:    ------------------------------------------------------
1331  |Info:    ------------------------------------------------------
1331  |Info:    |               Detecting HID devices                |
1331  |Info:    ------------------------------------------------------
1385  |Info:    [Corsair Lighting Node Core] Registering RGB controller
1490  |Info:    [Corsair Commander Core] Registering RGB controller
1492  |Info:    [Glorious Model D / D-] Registering RGB controller
1722  |Info:    [MSI MPG Z390 GAMING EDGE AC (MS-7B17)] Registering RGB controller
1722  |Info:    ------------------------------------------------------
1722  |Info:    |            Detecting libusb HID devices            |
1722  |Info:    ------------------------------------------------------
1747  |Info:    ------------------------------------------------------
1747  |Info:    |              Detecting other devices               |
1747  |Info:    ------------------------------------------------------
1748  |Info:    ------------------------------------------------------
1748  |Info:    |                Detection completed                 |
1748  |Info:    ------------------------------------------------------
1749  |Info:    Profile loading: Succeeded for Corsair Lighting Node Core @ HID: /dev/hidraw5
1749  |Info:    Profile loading: Succeeded for Corsair Commander Core @ HID: /dev/hidraw6
1749  |Info:    Profile loading: Succeeded for Glorious Model D / D- @ HID: /dev/hidraw1
1749  |Info:    Profile loading: Succeeded for MSI MPG Z390 GAMING EDGE AC (MS-7B17) @ HID: /dev/hidraw10
