    OpenRGB v0.91
    Commit: 2325833c01e94d6f3dc6194d38bb6e9532a911f4 from 2023-12-25 19:52:13 +0000
    Launched: 20231225_221407
====================================================================================================

14    |Info:    Found file: Dracula.orp attempting to validate header
14    |Info:    Valid v4 profile found for Dracula
1017  |Info:    ------------------------------------------------------
1017  |Info:    |               Start device detection               |
1017  |Info:    ------------------------------------------------------
1017  |Info:    Initializing HID interfaces: Success
1017  |Info:    ------------------------------------------------------
1017  |Info:    |             Detecting I2C interfaces               |
1017  |Info:    ------------------------------------------------------
1017  |Info:    Registering I2C interface: /dev/i2c-3 Device 1002:744C Subsystem: 1DA2:E471
1017  |Info:    Registering I2C interface: /dev/i2c-1 Device 1002:744C Subsystem: 1DA2:E471
1017  |Info:    Registering I2C interface: /dev/i2c-8 Device 8086:A323 Subsystem: 1462:7B17
1017  |Warning: [i2c_smbus_linux] Failed to read i2c device PCI device ID
1017  |Info:    Registering I2C interface: /dev/i2c-6 Device 0000:0000 Subsystem: 0000:0000
1017  |Info:    Registering I2C interface: /dev/i2c-4 Device 1002:744C Subsystem: 1DA2:E471
1017  |Info:    Registering I2C interface: /dev/i2c-2 Device 1002:744C Subsystem: 1DA2:E471
1018  |Info:    Registering I2C interface: /dev/i2c-0 Device 1002:744C Subsystem: 1DA2:E471
1018  |Warning: [i2c_smbus_linux] Failed to read i2c device PCI device ID
1018  |Info:    Registering I2C interface: /dev/i2c-7 Device 0000:0000 Subsystem: 0000:0000
1018  |Info:    Registering I2C interface: /dev/i2c-5 Device 1002:744C Subsystem: 1DA2:E471
1018  |Info:    ------------------------------------------------------
1018  |Info:    |               Detecting I2C devices                |
1018  |Info:    ------------------------------------------------------
1364  |Info:    ------------------------------------------------------
1364  |Info:    |               Detecting I2C PCI devices            |
1364  |Info:    ------------------------------------------------------
1387  |Info:    ------------------------------------------------------
1387  |Info:    |               Detecting HID devices                |
1387  |Info:    ------------------------------------------------------
1440  |Info:    [Corsair Lighting Node Core] Registering RGB controller
1557  |Info:    [Corsair Commander Core] Registering RGB controller
1559  |Info:    [Glorious Model D / D-] Registering RGB controller
1820  |Info:    [MSI MPG Z390 GAMING EDGE AC (MS-7B17)] Registering RGB controller
1820  |Info:    ------------------------------------------------------
1820  |Info:    |            Detecting libusb HID devices            |
1820  |Info:    ------------------------------------------------------
1836  |Info:    ------------------------------------------------------
1836  |Info:    |              Detecting other devices               |
1836  |Info:    ------------------------------------------------------
1837  |Info:    ------------------------------------------------------
1837  |Info:    |                Detection completed                 |
1837  |Info:    ------------------------------------------------------
1837  |Info:    Profile loading: Succeeded for Corsair Lighting Node Core @ HID: /dev/hidraw7
1837  |Info:    Profile loading: Succeeded for Corsair Commander Core @ HID: /dev/hidraw2
1837  |Info:    Profile loading: Succeeded for Glorious Model D / D- @ HID: /dev/hidraw1
1837  |Info:    Profile loading: Succeeded for MSI MPG Z390 GAMING EDGE AC (MS-7B17) @ HID: /dev/hidraw6
16108 |Info:    Profile loading: Succeeded for Corsair Lighting Node Core @ HID: /dev/hidraw7
16108 |Info:    Profile loading: Succeeded for Corsair Commander Core @ HID: /dev/hidraw2
16108 |Info:    Profile loading: Succeeded for Glorious Model D / D- @ HID: /dev/hidraw1
16108 |Info:    Profile loading: Succeeded for MSI MPG Z390 GAMING EDGE AC (MS-7B17) @ HID: /dev/hidraw6
29134 |Info:    Profile loading: Succeeded for Corsair Lighting Node Core @ HID: /dev/hidraw7
29134 |Info:    Profile loading: Succeeded for Corsair Commander Core @ HID: /dev/hidraw2
29134 |Info:    Profile loading: Succeeded for Glorious Model D / D- @ HID: /dev/hidraw1
29134 |Info:    Profile loading: Succeeded for MSI MPG Z390 GAMING EDGE AC (MS-7B17) @ HID: /dev/hidraw6
183049|Info:    Profile loading: Succeeded for Corsair Lighting Node Core @ HID: /dev/hidraw7
183049|Info:    Profile loading: Succeeded for Corsair Commander Core @ HID: /dev/hidraw2
183049|Info:    Profile loading: Succeeded for Glorious Model D / D- @ HID: /dev/hidraw1
183049|Info:    Profile loading: Succeeded for MSI MPG Z390 GAMING EDGE AC (MS-7B17) @ HID: /dev/hidraw6
192521|Info:    Profile loading: Succeeded for Corsair Lighting Node Core @ HID: /dev/hidraw7
192521|Info:    Profile loading: Succeeded for Corsair Commander Core @ HID: /dev/hidraw2
192521|Info:    Profile loading: Succeeded for Glorious Model D / D- @ HID: /dev/hidraw1
192521|Info:    Profile loading: Succeeded for MSI MPG Z390 GAMING EDGE AC (MS-7B17) @ HID: /dev/hidraw6
195554|Info:    Profile loading: Succeeded for Corsair Lighting Node Core @ HID: /dev/hidraw7
195554|Info:    Profile loading: Succeeded for Corsair Commander Core @ HID: /dev/hidraw2
195554|Info:    Profile loading: Succeeded for Glorious Model D / D- @ HID: /dev/hidraw1
195554|Info:    Profile loading: Succeeded for MSI MPG Z390 GAMING EDGE AC (MS-7B17) @ HID: /dev/hidraw6
204175|Info:    Profile loading: Succeeded for Corsair Lighting Node Core @ HID: /dev/hidraw7
204175|Info:    Profile loading: Succeeded for Corsair Commander Core @ HID: /dev/hidraw2
204175|Info:    Profile loading: Succeeded for Glorious Model D / D- @ HID: /dev/hidraw1
204175|Info:    Profile loading: Succeeded for MSI MPG Z390 GAMING EDGE AC (MS-7B17) @ HID: /dev/hidraw6
