    OpenRGB v0.81
    Commit: a67cf011d585de78bcf24508ec819f9f44dc9439 from 2023-05-28 10:47:32 +1000
    Launched: 20230528_160936
====================================================================================================

0     |Info:    Found file: Dracula.orp attempting to validate header
0     |Info:    Valid v4 profile found for Dracula
1001  |Info:    ------------------------------------------------------
1001  |Info:    |               Start device detection               |
1001  |Info:    ------------------------------------------------------
1001  |Info:    Initializing HID interfaces: Success
1002  |Info:    ------------------------------------------------------
1002  |Info:    |             Detecting I2C interfaces               |
1002  |Info:    ------------------------------------------------------
1002  |Info:    Registering I2C interface: /dev/i2c-3 Device 10DE:1E81 Subsystem: 1028:C722
1002  |Info:    Registering I2C interface: /dev/i2c-1 Device 10DE:1E81 Subsystem: 1028:C722
1002  |Info:    Registering I2C interface: /dev/i2c-6 Device 10DE:1E81 Subsystem: 1028:C722
1002  |Info:    Registering I2C interface: /dev/i2c-4 Device 10DE:1E81 Subsystem: 1028:C722
1003  |Info:    Registering I2C interface: /dev/i2c-2 Device 10DE:1E81 Subsystem: 1028:C722
1003  |Info:    Registering I2C interface: /dev/i2c-0 Device 8086:A323 Subsystem: 1462:7B17
1003  |Info:    Registering I2C interface: /dev/i2c-5 Device 10DE:1E81 Subsystem: 1028:C722
1003  |Info:    ------------------------------------------------------
1003  |Info:    |               Detecting I2C devices                |
1003  |Info:    ------------------------------------------------------
1317  |Info:    ------------------------------------------------------
1317  |Info:    |               Detecting I2C PCI devices            |
1317  |Info:    ------------------------------------------------------
1318  |Info:    ------------------------------------------------------
1318  |Info:    |               Detecting HID devices                |
1318  |Info:    ------------------------------------------------------
1370  |Info:    [Corsair Lighting Node Core] Registering RGB controller
1466  |Info:    [Corsair Commander Core] Registering RGB controller
1468  |Info:    [Glorious Model D / D-] Registering RGB controller
1718  |Info:    [MSI MPG Z390 GAMING EDGE AC (MS-7B17)] Registering RGB controller
1718  |Info:    ------------------------------------------------------
1718  |Info:    |            Detecting libusb HID devices            |
1718  |Info:    ------------------------------------------------------
1744  |Info:    ------------------------------------------------------
1744  |Info:    |              Detecting other devices               |
1744  |Info:    ------------------------------------------------------
1746  |Info:    ------------------------------------------------------
1746  |Info:    |                Detection completed                 |
1746  |Info:    ------------------------------------------------------
1746  |Info:    Profile loading: Succeeded for Corsair Lighting Node Core @ HID: /dev/hidraw12
1746  |Info:    Profile loading: Succeeded for Corsair Commander Core @ HID: /dev/hidraw5
1746  |Info:    Profile loading: Succeeded for Glorious Model D / D- @ HID: /dev/hidraw1
1746  |Info:    Profile loading: Succeeded for MSI MPG Z390 GAMING EDGE AC (MS-7B17) @ HID: /dev/hidraw10
