    OpenRGB v0.9
    Commit:  from 
    Launched: 20231230_214835
====================================================================================================

7     |Info:    Found file: Dracula.orp attempting to validate header
7     |Info:    Valid v4 profile found for Dracula
1012  |Info:    ------------------------------------------------------
1012  |Info:    |               Start device detection               |
1012  |Info:    ------------------------------------------------------
1012  |Info:    Initializing HID interfaces: Success
1013  |Info:    ------------------------------------------------------
1013  |Info:    |             Detecting I2C interfaces               |
1013  |Info:    ------------------------------------------------------
1013  |Info:    Registering I2C interface: /dev/i2c-3 Device 1002:744C Subsystem: 1DA2:E471
1013  |Info:    Registering I2C interface: /dev/i2c-1 Device 1002:744C Subsystem: 1DA2:E471
1013  |Info:    Registering I2C interface: /dev/i2c-8 Device 8086:A323 Subsystem: 1462:7B17
1013  |Warning: [i2c_smbus_linux] Failed to read i2c device PCI device ID
1013  |Info:    Registering I2C interface: /dev/i2c-6 Device 0000:0000 Subsystem: 0000:0000
1013  |Info:    Registering I2C interface: /dev/i2c-4 Device 1002:744C Subsystem: 1DA2:E471
1013  |Info:    Registering I2C interface: /dev/i2c-2 Device 1002:744C Subsystem: 1DA2:E471
1013  |Info:    Registering I2C interface: /dev/i2c-0 Device 1002:744C Subsystem: 1DA2:E471
1013  |Warning: [i2c_smbus_linux] Failed to read i2c device PCI device ID
1013  |Info:    Registering I2C interface: /dev/i2c-7 Device 0000:0000 Subsystem: 0000:0000
1013  |Info:    Registering I2C interface: /dev/i2c-5 Device 1002:744C Subsystem: 1DA2:E471
1013  |Info:    ------------------------------------------------------
1013  |Info:    |               Detecting I2C devices                |
1013  |Info:    ------------------------------------------------------
1362  |Info:    ------------------------------------------------------
1362  |Info:    |               Detecting I2C PCI devices            |
1362  |Info:    ------------------------------------------------------
1388  |Info:    ------------------------------------------------------
1388  |Info:    |               Detecting HID devices                |
1388  |Info:    ------------------------------------------------------
1441  |Info:    [Corsair Lighting Node Core] Registering RGB controller
1580  |Info:    [Corsair Commander Core] Registering RGB controller
1583  |Info:    [Glorious Model D / D-] Registering RGB controller
1845  |Info:    [MSI MPG Z390 GAMING EDGE AC (MS-7B17)] Registering RGB controller
1845  |Info:    ------------------------------------------------------
1845  |Info:    |            Detecting libusb HID devices            |
1845  |Info:    ------------------------------------------------------
1868  |Info:    ------------------------------------------------------
1868  |Info:    |              Detecting other devices               |
1868  |Info:    ------------------------------------------------------
1869  |Info:    ------------------------------------------------------
1869  |Info:    |                Detection completed                 |
1869  |Info:    ------------------------------------------------------
1869  |Info:    Profile loading: Succeeded for Corsair Lighting Node Core @ HID: /dev/hidraw8
1869  |Info:    Profile loading: Succeeded for Corsair Commander Core @ HID: /dev/hidraw2
1869  |Info:    Profile loading: Succeeded for Glorious Model D / D- @ HID: /dev/hidraw1
1869  |Info:    Profile loading: Succeeded for MSI MPG Z390 GAMING EDGE AC (MS-7B17) @ HID: /dev/hidraw7
