    OpenRGB v0.71
    Commit: dbad6ce90d8ff80d6fcc05a0d8d0458e0cc591f5 from 2022-10-15 09:10:26 +1100
    Launched: 20221016_172009
====================================================================================================

1001  |Info:    ------------------------------------------------------
1001  |Info:    |               Start device detection               |
1001  |Info:    ------------------------------------------------------
1001  |Info:    Initializing HID interfaces: Success
1001  |Info:    ------------------------------------------------------
1001  |Info:    |             Detecting I2C interfaces               |
1001  |Info:    ------------------------------------------------------
1001  |Info:    Registering I2C interface: /dev/i2c-3 Device 10DE:1E81 Subsystem: 1028:C722
1001  |Info:    Registering I2C interface: /dev/i2c-1 Device 10DE:1E81 Subsystem: 1028:C722
1001  |Info:    Registering I2C interface: /dev/i2c-6 Device 10DE:1E81 Subsystem: 1028:C722
1001  |Info:    Registering I2C interface: /dev/i2c-4 Device 10DE:1E81 Subsystem: 1028:C722
1001  |Info:    Registering I2C interface: /dev/i2c-2 Device 10DE:1E81 Subsystem: 1028:C722
1001  |Info:    Registering I2C interface: /dev/i2c-0 Device 8086:A323 Subsystem: 1462:7B17
1001  |Info:    Registering I2C interface: /dev/i2c-5 Device 10DE:1E81 Subsystem: 1028:C722
1001  |Info:    ------------------------------------------------------
1001  |Info:    |               Detecting I2C devices                |
1001  |Info:    ------------------------------------------------------
1022  |Info:    [PluginManager] Scanning plugin directory: /home/ryan/.config/OpenRGB/plugins
1022  |Info:    [PluginManager] Scanning plugin directory: /usr/lib64/OpenRGB/plugins
1239  |Info:    ------------------------------------------------------
1239  |Info:    |               Detecting I2C PCI devices            |
1239  |Info:    ------------------------------------------------------
1240  |Info:    ------------------------------------------------------
1240  |Info:    |               Detecting HID devices                |
1240  |Info:    ------------------------------------------------------
1240  |Info:    ------------------------------------------------------
1240  |Info:    |              Detecting other devices               |
1240  |Info:    ------------------------------------------------------
1241  |Info:    ------------------------------------------------------
1241  |Info:    |                Detection completed                 |
1241  |Info:    ------------------------------------------------------
