    OpenRGB v0.81
    Commit: 4f30868a3b16ee36e00f2c31db6ec376b884f1be from 2023-06-22 00:20:11 +0000
    Launched: 20230624_122742
====================================================================================================

0     |Info:    Found file: Dracula.orp attempting to validate header
0     |Info:    Valid v4 profile found for Dracula
1007  |Info:    ------------------------------------------------------
1007  |Info:    |               Start device detection               |
1007  |Info:    ------------------------------------------------------
1007  |Info:    Initializing HID interfaces: Success
1008  |Info:    ------------------------------------------------------
1008  |Info:    |             Detecting I2C interfaces               |
1008  |Info:    ------------------------------------------------------
1008  |Info:    Registering I2C interface: /dev/i2c-3 Device 10DE:1E81 Subsystem: 1028:C722
1008  |Info:    Registering I2C interface: /dev/i2c-1 Device 10DE:1E81 Subsystem: 1028:C722
1008  |Info:    Registering I2C interface: /dev/i2c-6 Device 10DE:1E81 Subsystem: 1028:C722
1008  |Info:    Registering I2C interface: /dev/i2c-4 Device 10DE:1E81 Subsystem: 1028:C722
1008  |Info:    Registering I2C interface: /dev/i2c-2 Device 10DE:1E81 Subsystem: 1028:C722
1008  |Info:    Registering I2C interface: /dev/i2c-0 Device 8086:A323 Subsystem: 1462:7B17
1008  |Info:    Registering I2C interface: /dev/i2c-5 Device 10DE:1E81 Subsystem: 1028:C722
1008  |Info:    ------------------------------------------------------
1008  |Info:    |               Detecting I2C devices                |
1008  |Info:    ------------------------------------------------------
1318  |Info:    ------------------------------------------------------
1318  |Info:    |               Detecting I2C PCI devices            |
1318  |Info:    ------------------------------------------------------
1319  |Info:    ------------------------------------------------------
1319  |Info:    |               Detecting HID devices                |
1319  |Info:    ------------------------------------------------------
1371  |Info:    [Corsair Lighting Node Core] Registering RGB controller
1463  |Info:    [Corsair Commander Core] Registering RGB controller
1465  |Info:    [Glorious Model D / D-] Registering RGB controller
1736  |Info:    [MSI MPG Z390 GAMING EDGE AC (MS-7B17)] Registering RGB controller
1736  |Info:    ------------------------------------------------------
1736  |Info:    |            Detecting libusb HID devices            |
1736  |Info:    ------------------------------------------------------
1756  |Info:    ------------------------------------------------------
1756  |Info:    |              Detecting other devices               |
1756  |Info:    ------------------------------------------------------
1758  |Info:    ------------------------------------------------------
1758  |Info:    |                Detection completed                 |
1758  |Info:    ------------------------------------------------------
1758  |Info:    Profile loading: Succeeded for Corsair Lighting Node Core @ HID: /dev/hidraw12
1758  |Info:    Profile loading: Succeeded for Corsair Commander Core @ HID: /dev/hidraw5
1758  |Info:    Profile loading: Succeeded for Glorious Model D / D- @ HID: /dev/hidraw1
1758  |Info:    Profile loading: Succeeded for MSI MPG Z390 GAMING EDGE AC (MS-7B17) @ HID: /dev/hidraw10
