    OpenRGB v0.9
    Commit:  from 
    Launched: 20240621_210719
====================================================================================================

0     |Info:    Found file: Dracula.orp attempting to validate header
0     |Info:    Valid v4 profile found for Dracula
1002  |Info:    ------------------------------------------------------
1002  |Info:    |               Start device detection               |
1002  |Info:    ------------------------------------------------------
1002  |Info:    Initializing HID interfaces: Success
1012  |Info:    ------------------------------------------------------
1012  |Info:    |             Detecting I2C interfaces               |
1012  |Info:    ------------------------------------------------------
1012  |Info:    Registering I2C interface: /dev/i2c-3 Device 1002:744C Subsystem: 1DA2:E471
1012  |Info:    Registering I2C interface: /dev/i2c-1 Device 1002:744C Subsystem: 1DA2:E471
1012  |Info:    Registering I2C interface: /dev/i2c-8 Device 8086:A323 Subsystem: 1462:7B17
1012  |Warning: [i2c_smbus_linux] Failed to read i2c device PCI device ID
1012  |Info:    Registering I2C interface: /dev/i2c-6 Device 0000:0000 Subsystem: 0000:0000
1013  |Info:    Registering I2C interface: /dev/i2c-4 Device 1002:744C Subsystem: 1DA2:E471
1013  |Info:    Registering I2C interface: /dev/i2c-2 Device 1002:744C Subsystem: 1DA2:E471
1013  |Info:    Registering I2C interface: /dev/i2c-0 Device 1002:744C Subsystem: 1DA2:E471
1013  |Warning: [i2c_smbus_linux] Failed to read i2c device PCI device ID
1013  |Info:    Registering I2C interface: /dev/i2c-7 Device 0000:0000 Subsystem: 0000:0000
1013  |Info:    Registering I2C interface: /dev/i2c-5 Device 1002:744C Subsystem: 1DA2:E471
1013  |Info:    ------------------------------------------------------
1013  |Info:    |               Detecting I2C devices                |
1013  |Info:    ------------------------------------------------------
1359  |Info:    ------------------------------------------------------
1359  |Info:    |               Detecting I2C PCI devices            |
1359  |Info:    ------------------------------------------------------
1382  |Info:    ------------------------------------------------------
1382  |Info:    |               Detecting HID devices                |
1382  |Info:    ------------------------------------------------------
1384  |Info:    [Glorious Model D / D-] Registering RGB controller
1438  |Info:    [Corsair Lighting Node Core] Registering RGB controller
1548  |Info:    [Corsair Commander Core] Registering RGB controller
1800  |Info:    [MSI MPG Z390 GAMING EDGE AC (MS-7B17)] Registering RGB controller
1800  |Info:    ------------------------------------------------------
1800  |Info:    |            Detecting libusb HID devices            |
1800  |Info:    ------------------------------------------------------
1821  |Info:    ------------------------------------------------------
1821  |Info:    |              Detecting other devices               |
1821  |Info:    ------------------------------------------------------
1823  |Info:    ------------------------------------------------------
1823  |Info:    |                Detection completed                 |
1823  |Info:    ------------------------------------------------------
