    OpenRGB v0.9
    Commit:  from 
    Launched: 20240624_233644
====================================================================================================

0     |Info:    Found file: Dracula.orp attempting to validate header
0     |Info:    Valid v4 profile found for Dracula
1002  |Info:    ------------------------------------------------------
1002  |Info:    |               Start device detection               |
1002  |Info:    ------------------------------------------------------
1002  |Info:    Initializing HID interfaces: Success
1003  |Info:    ------------------------------------------------------
1003  |Info:    |             Detecting I2C interfaces               |
1003  |Info:    ------------------------------------------------------
1003  |Info:    Registering I2C interface: /dev/i2c-3 Device 1002:744C Subsystem: 1DA2:E471
1003  |Info:    Registering I2C interface: /dev/i2c-1 Device 1002:744C Subsystem: 1DA2:E471
1003  |Info:    Registering I2C interface: /dev/i2c-8 Device 8086:A323 Subsystem: 1462:7B17
1003  |Warning: [i2c_smbus_linux] Failed to read i2c device PCI device ID
1003  |Info:    Registering I2C interface: /dev/i2c-6 Device 0000:0000 Subsystem: 0000:0000
1003  |Info:    Registering I2C interface: /dev/i2c-4 Device 1002:744C Subsystem: 1DA2:E471
1003  |Info:    Registering I2C interface: /dev/i2c-2 Device 1002:744C Subsystem: 1DA2:E471
1003  |Info:    Registering I2C interface: /dev/i2c-0 Device 1002:744C Subsystem: 1DA2:E471
1003  |Warning: [i2c_smbus_linux] Failed to read i2c device PCI device ID
1003  |Info:    Registering I2C interface: /dev/i2c-7 Device 0000:0000 Subsystem: 0000:0000
1003  |Info:    Registering I2C interface: /dev/i2c-5 Device 1002:744C Subsystem: 1DA2:E471
1003  |Info:    ------------------------------------------------------
1003  |Info:    |               Detecting I2C devices                |
1003  |Info:    ------------------------------------------------------
1349  |Info:    ------------------------------------------------------
1349  |Info:    |               Detecting I2C PCI devices            |
1349  |Info:    ------------------------------------------------------
1371  |Info:    ------------------------------------------------------
1371  |Info:    |               Detecting HID devices                |
1371  |Info:    ------------------------------------------------------
1373  |Info:    [Glorious Model D / D-] Registering RGB controller
1427  |Info:    [Corsair Lighting Node Core] Registering RGB controller
1537  |Info:    [Corsair Commander Core] Registering RGB controller
1842  |Info:    [MSI MPG Z390 GAMING EDGE AC (MS-7B17)] Registering RGB controller
1842  |Info:    ------------------------------------------------------
1842  |Info:    |            Detecting libusb HID devices            |
1842  |Info:    ------------------------------------------------------
1860  |Info:    ------------------------------------------------------
1860  |Info:    |              Detecting other devices               |
1860  |Info:    ------------------------------------------------------
1861  |Info:    ------------------------------------------------------
1861  |Info:    |                Detection completed                 |
1861  |Info:    ------------------------------------------------------
1862  |Info:    Profile loading: Succeeded for Glorious Model D / D- @ HID: /dev/hidraw1
1862  |Info:    Profile loading: Succeeded for Corsair Lighting Node Core @ HID: /dev/hidraw6
1862  |Info:    Profile loading: Succeeded for Corsair Commander Core @ HID: /dev/hidraw2
1862  |Info:    Profile loading: Succeeded for MSI MPG Z390 GAMING EDGE AC (MS-7B17) @ HID: /dev/hidraw5
