    OpenRGB v0.81
    Commit: a4eff9ad7045722b03c4c36f949a086caeb1c67d from 2023-07-01 05:17:00 +0000
    Launched: 20230710_183321
====================================================================================================

0     |Info:    Found file: Dracula.orp attempting to validate header
0     |Info:    Valid v4 profile found for Dracula
1010  |Info:    ------------------------------------------------------
1010  |Info:    |               Start device detection               |
1010  |Info:    ------------------------------------------------------
1010  |Info:    Initializing HID interfaces: Success
1011  |Info:    ------------------------------------------------------
1011  |Info:    |             Detecting I2C interfaces               |
1011  |Info:    ------------------------------------------------------
1011  |Info:    Registering I2C interface: /dev/i2c-3 Device 10DE:1E81 Subsystem: 1028:C722
1011  |Info:    Registering I2C interface: /dev/i2c-1 Device 10DE:1E81 Subsystem: 1028:C722
1011  |Info:    Registering I2C interface: /dev/i2c-6 Device 10DE:1E81 Subsystem: 1028:C722
1011  |Info:    Registering I2C interface: /dev/i2c-4 Device 10DE:1E81 Subsystem: 1028:C722
1011  |Info:    Registering I2C interface: /dev/i2c-2 Device 10DE:1E81 Subsystem: 1028:C722
1011  |Info:    Registering I2C interface: /dev/i2c-0 Device 8086:A323 Subsystem: 1462:7B17
1011  |Info:    Registering I2C interface: /dev/i2c-5 Device 10DE:1E81 Subsystem: 1028:C722
1011  |Info:    ------------------------------------------------------
1011  |Info:    |               Detecting I2C devices                |
1011  |Info:    ------------------------------------------------------
1326  |Info:    ------------------------------------------------------
1326  |Info:    |               Detecting I2C PCI devices            |
1326  |Info:    ------------------------------------------------------
1327  |Info:    ------------------------------------------------------
1327  |Info:    |               Detecting HID devices                |
1327  |Info:    ------------------------------------------------------
1379  |Info:    [Corsair Lighting Node Core] Registering RGB controller
1476  |Info:    [Corsair Commander Core] Registering RGB controller
1478  |Info:    [Glorious Model D / D-] Registering RGB controller
1724  |Info:    [MSI MPG Z390 GAMING EDGE AC (MS-7B17)] Registering RGB controller
1724  |Info:    ------------------------------------------------------
1724  |Info:    |            Detecting libusb HID devices            |
1724  |Info:    ------------------------------------------------------
1749  |Info:    ------------------------------------------------------
1749  |Info:    |              Detecting other devices               |
1749  |Info:    ------------------------------------------------------
1751  |Info:    ------------------------------------------------------
1751  |Info:    |                Detection completed                 |
1751  |Info:    ------------------------------------------------------
1751  |Info:    Profile loading: Succeeded for Corsair Lighting Node Core @ HID: /dev/hidraw12
1751  |Info:    Profile loading: Succeeded for Corsair Commander Core @ HID: /dev/hidraw5
1751  |Info:    Profile loading: Succeeded for Glorious Model D / D- @ HID: /dev/hidraw1
1751  |Info:    Profile loading: Succeeded for MSI MPG Z390 GAMING EDGE AC (MS-7B17) @ HID: /dev/hidraw10
111694|Info:    Profile loading: Succeeded for Corsair Lighting Node Core @ HID: /dev/hidraw12
111694|Info:    Profile loading: Succeeded for Corsair Commander Core @ HID: /dev/hidraw5
111694|Info:    Profile loading: Succeeded for Glorious Model D / D- @ HID: /dev/hidraw1
111694|Info:    Profile loading: Succeeded for MSI MPG Z390 GAMING EDGE AC (MS-7B17) @ HID: /dev/hidraw10
