    OpenRGB v0.9
    Commit:  from 
    Launched: 20240111_155832
====================================================================================================

11    |Info:    Found file: Dracula.orp attempting to validate header
14    |Info:    Valid v4 profile found for Dracula
1020  |Info:    ------------------------------------------------------
1021  |Info:    |               Start device detection               |
1021  |Info:    ------------------------------------------------------
1021  |Info:    Initializing HID interfaces: Success
1021  |Info:    ------------------------------------------------------
1021  |Info:    |             Detecting I2C interfaces               |
1021  |Info:    ------------------------------------------------------
1021  |Info:    Registering I2C interface: /dev/i2c-3 Device 1002:744C Subsystem: 1DA2:E471
1021  |Info:    Registering I2C interface: /dev/i2c-1 Device 1002:744C Subsystem: 1DA2:E471
1021  |Info:    Registering I2C interface: /dev/i2c-8 Device 8086:A323 Subsystem: 1462:7B17
1021  |Warning: [i2c_smbus_linux] Failed to read i2c device PCI device ID
1021  |Info:    Registering I2C interface: /dev/i2c-6 Device 0000:0000 Subsystem: 0000:0000
1022  |Info:    Registering I2C interface: /dev/i2c-4 Device 1002:744C Subsystem: 1DA2:E471
1022  |Info:    Registering I2C interface: /dev/i2c-2 Device 1002:744C Subsystem: 1DA2:E471
1022  |Info:    Registering I2C interface: /dev/i2c-0 Device 1002:744C Subsystem: 1DA2:E471
1022  |Warning: [i2c_smbus_linux] Failed to read i2c device PCI device ID
1022  |Info:    Registering I2C interface: /dev/i2c-7 Device 0000:0000 Subsystem: 0000:0000
1022  |Info:    Registering I2C interface: /dev/i2c-5 Device 1002:744C Subsystem: 1DA2:E471
1022  |Info:    ------------------------------------------------------
1022  |Info:    |               Detecting I2C devices                |
1022  |Info:    ------------------------------------------------------
1368  |Info:    ------------------------------------------------------
1368  |Info:    |               Detecting I2C PCI devices            |
1368  |Info:    ------------------------------------------------------
1391  |Info:    ------------------------------------------------------
1391  |Info:    |               Detecting HID devices                |
1391  |Info:    ------------------------------------------------------
1443  |Info:    [Corsair Lighting Node Core] Registering RGB controller
1607  |Info:    [Corsair Commander Core] Registering RGB controller
1610  |Info:    [Glorious Model D / D-] Registering RGB controller
1906  |Info:    [MSI MPG Z390 GAMING EDGE AC (MS-7B17)] Registering RGB controller
1906  |Info:    ------------------------------------------------------
1906  |Info:    |            Detecting libusb HID devices            |
1906  |Info:    ------------------------------------------------------
1922  |Info:    ------------------------------------------------------
1922  |Info:    |              Detecting other devices               |
1922  |Info:    ------------------------------------------------------
1923  |Info:    ------------------------------------------------------
1923  |Info:    |                Detection completed                 |
1923  |Info:    ------------------------------------------------------
1923  |Info:    Profile loading: Succeeded for Corsair Lighting Node Core @ HID: /dev/hidraw10
1923  |Info:    Profile loading: Succeeded for Corsair Commander Core @ HID: /dev/hidraw5
1923  |Info:    Profile loading: Succeeded for Glorious Model D / D- @ HID: /dev/hidraw1
1923  |Info:    Profile loading: Succeeded for MSI MPG Z390 GAMING EDGE AC (MS-7B17) @ HID: /dev/hidraw9
