    OpenRGB v0.81
    Commit: 2cc0c7aad8ef1bf01d2d70abd07d57b44949c65d from 2023-04-07 21:42:15 +1000
    Launched: 20230410_003142
====================================================================================================

7     |Info:    Found file: Dracula.orp attempting to validate header
7     |Info:    Valid v4 profile found for Dracula
1009  |Info:    ------------------------------------------------------
1009  |Info:    |               Start device detection               |
1009  |Info:    ------------------------------------------------------
1009  |Info:    Initializing HID interfaces: Success
1010  |Info:    ------------------------------------------------------
1010  |Info:    |             Detecting I2C interfaces               |
1010  |Info:    ------------------------------------------------------
1010  |Info:    Registering I2C interface: /dev/i2c-3 Device 10DE:1E81 Subsystem: 1028:C722
1010  |Info:    Registering I2C interface: /dev/i2c-1 Device 10DE:1E81 Subsystem: 1028:C722
1010  |Info:    Registering I2C interface: /dev/i2c-6 Device 10DE:1E81 Subsystem: 1028:C722
1010  |Info:    Registering I2C interface: /dev/i2c-4 Device 10DE:1E81 Subsystem: 1028:C722
1010  |Info:    Registering I2C interface: /dev/i2c-2 Device 10DE:1E81 Subsystem: 1028:C722
1010  |Info:    Registering I2C interface: /dev/i2c-0 Device 8086:A323 Subsystem: 1462:7B17
1010  |Info:    Registering I2C interface: /dev/i2c-5 Device 10DE:1E81 Subsystem: 1028:C722
1010  |Info:    ------------------------------------------------------
1010  |Info:    |               Detecting I2C devices                |
1010  |Info:    ------------------------------------------------------
1327  |Info:    ------------------------------------------------------
1327  |Info:    |               Detecting I2C PCI devices            |
1327  |Info:    ------------------------------------------------------
1327  |Info:    ------------------------------------------------------
1327  |Info:    |               Detecting HID devices                |
1327  |Info:    ------------------------------------------------------
1379  |Info:    [Corsair Lighting Node Core] Registering RGB controller
1482  |Info:    [Corsair Commander Core] Registering RGB controller
1484  |Info:    [Glorious Model D / D-] Registering RGB controller
1731  |Info:    [MSI MPG Z390 GAMING EDGE AC (MS-7B17)] Registering RGB controller
1731  |Info:    ------------------------------------------------------
1731  |Info:    |            Detecting libusb HID devices            |
1731  |Info:    ------------------------------------------------------
1752  |Info:    ------------------------------------------------------
1752  |Info:    |              Detecting other devices               |
1752  |Info:    ------------------------------------------------------
1754  |Info:    ------------------------------------------------------
1754  |Info:    |                Detection completed                 |
1754  |Info:    ------------------------------------------------------
1754  |Info:    Profile loading: Succeeded for Corsair Lighting Node Core @ HID: /dev/hidraw11
1754  |Info:    Profile loading: Succeeded for Corsair Commander Core @ HID: /dev/hidraw5
1754  |Info:    Profile loading: Succeeded for Glorious Model D / D- @ HID: /dev/hidraw1
1754  |Info:    Profile loading: Succeeded for MSI MPG Z390 GAMING EDGE AC (MS-7B17) @ HID: /dev/hidraw9
