    OpenRGB v0.9
    Commit:  from 
    Launched: 20230816_173639
====================================================================================================

0     |Info:    Found file: Dracula.orp attempting to validate header
0     |Info:    Valid v4 profile found for Dracula
1012  |Info:    ------------------------------------------------------
1012  |Info:    |               Start device detection               |
1012  |Info:    ------------------------------------------------------
1012  |Info:    Initializing HID interfaces: Success
1015  |Info:    ------------------------------------------------------
1015  |Info:    |             Detecting I2C interfaces               |
1015  |Info:    ------------------------------------------------------
1015  |Info:    Registering I2C interface: /dev/i2c-3 Device 10DE:1E81 Subsystem: 1028:C722
1015  |Info:    Registering I2C interface: /dev/i2c-1 Device 10DE:1E81 Subsystem: 1028:C722
1015  |Info:    Registering I2C interface: /dev/i2c-6 Device 10DE:1E81 Subsystem: 1028:C722
1015  |Info:    Registering I2C interface: /dev/i2c-4 Device 10DE:1E81 Subsystem: 1028:C722
1015  |Info:    Registering I2C interface: /dev/i2c-2 Device 10DE:1E81 Subsystem: 1028:C722
1015  |Info:    Registering I2C interface: /dev/i2c-0 Device 8086:A323 Subsystem: 1462:7B17
1015  |Info:    Registering I2C interface: /dev/i2c-5 Device 10DE:1E81 Subsystem: 1028:C722
1015  |Info:    ------------------------------------------------------
1015  |Info:    |               Detecting I2C devices                |
1015  |Info:    ------------------------------------------------------
1335  |Info:    ------------------------------------------------------
1335  |Info:    |               Detecting I2C PCI devices            |
1335  |Info:    ------------------------------------------------------
1335  |Info:    ------------------------------------------------------
1335  |Info:    |               Detecting HID devices                |
1335  |Info:    ------------------------------------------------------
1388  |Info:    [Corsair Lighting Node Core] Registering RGB controller
1488  |Info:    [Corsair Commander Core] Registering RGB controller
1490  |Info:    [Glorious Model D / D-] Registering RGB controller
1776  |Info:    [MSI MPG Z390 GAMING EDGE AC (MS-7B17)] Registering RGB controller
1776  |Info:    ------------------------------------------------------
1776  |Info:    |            Detecting libusb HID devices            |
1776  |Info:    ------------------------------------------------------
1800  |Info:    ------------------------------------------------------
1800  |Info:    |              Detecting other devices               |
1800  |Info:    ------------------------------------------------------
1804  |Info:    ------------------------------------------------------
1804  |Info:    |                Detection completed                 |
1804  |Info:    ------------------------------------------------------
1805  |Info:    Profile loading: Succeeded for Corsair Lighting Node Core @ HID: /dev/hidraw10
1805  |Info:    Profile loading: Succeeded for Corsair Commander Core @ HID: /dev/hidraw11
1805  |Info:    Profile loading: Succeeded for Glorious Model D / D- @ HID: /dev/hidraw1
1805  |Info:    Profile loading: Succeeded for MSI MPG Z390 GAMING EDGE AC (MS-7B17) @ HID: /dev/hidraw9
