    OpenRGB v0.91
    Commit: acf12dfd5e73d77fd384c52abfab31ccf91ce946 from 2023-12-26 17:17:15 -0600
    Launched: 20231228_234816
====================================================================================================

0     |Info:    Found file: Dracula.orp attempting to validate header
0     |Info:    Valid v4 profile found for Dracula
1001  |Info:    ------------------------------------------------------
1001  |Info:    |               Start device detection               |
1001  |Info:    ------------------------------------------------------
1002  |Info:    Initializing HID interfaces: Success
1002  |Info:    ------------------------------------------------------
1002  |Info:    |             Detecting I2C interfaces               |
1002  |Info:    ------------------------------------------------------
1002  |Info:    Registering I2C interface: /dev/i2c-3 Device 1002:744C Subsystem: 1DA2:E471
1002  |Info:    Registering I2C interface: /dev/i2c-1 Device 1002:744C Subsystem: 1DA2:E471
1002  |Info:    Registering I2C interface: /dev/i2c-8 Device 8086:A323 Subsystem: 1462:7B17
1002  |Warning: [i2c_smbus_linux] Failed to read i2c device PCI device ID
1002  |Info:    Registering I2C interface: /dev/i2c-6 Device 0000:0000 Subsystem: 0000:0000
1002  |Info:    Registering I2C interface: /dev/i2c-4 Device 1002:744C Subsystem: 1DA2:E471
1003  |Info:    Registering I2C interface: /dev/i2c-2 Device 1002:744C Subsystem: 1DA2:E471
1003  |Info:    Registering I2C interface: /dev/i2c-0 Device 1002:744C Subsystem: 1DA2:E471
1003  |Warning: [i2c_smbus_linux] Failed to read i2c device PCI device ID
1003  |Info:    Registering I2C interface: /dev/i2c-7 Device 0000:0000 Subsystem: 0000:0000
1003  |Info:    Registering I2C interface: /dev/i2c-5 Device 1002:744C Subsystem: 1DA2:E471
1003  |Info:    ------------------------------------------------------
1003  |Info:    |               Detecting I2C devices                |
1003  |Info:    ------------------------------------------------------
1356  |Info:    ------------------------------------------------------
1356  |Info:    |               Detecting I2C PCI devices            |
1356  |Info:    ------------------------------------------------------
1377  |Info:    ------------------------------------------------------
1377  |Info:    |               Detecting HID devices                |
1377  |Info:    ------------------------------------------------------
1430  |Info:    [Corsair Lighting Node Core] Registering RGB controller
1546  |Info:    [Corsair Commander Core] Registering RGB controller
1548  |Info:    [Glorious Model D / D-] Registering RGB controller
1843  |Info:    [MSI MPG Z390 GAMING EDGE AC (MS-7B17)] Registering RGB controller
1843  |Info:    ------------------------------------------------------
1843  |Info:    |            Detecting libusb HID devices            |
1843  |Info:    ------------------------------------------------------
1859  |Info:    ------------------------------------------------------
1859  |Info:    |              Detecting other devices               |
1859  |Info:    ------------------------------------------------------
1860  |Info:    ------------------------------------------------------
1860  |Info:    |                Detection completed                 |
1860  |Info:    ------------------------------------------------------
5079  |Info:    Profile loading: Succeeded for Corsair Lighting Node Core @ HID: /dev/hidraw10
5079  |Info:    Profile loading: Succeeded for Corsair Commander Core @ HID: /dev/hidraw5
5079  |Info:    Profile loading: Succeeded for Glorious Model D / D- @ HID: /dev/hidraw8
5079  |Info:    Profile loading: Succeeded for MSI MPG Z390 GAMING EDGE AC (MS-7B17) @ HID: /dev/hidraw9
6130  |Info:    Profile loading: Succeeded for Corsair Lighting Node Core @ HID: /dev/hidraw10
6130  |Info:    Profile loading: Succeeded for Corsair Commander Core @ HID: /dev/hidraw5
6130  |Info:    Profile loading: Succeeded for Glorious Model D / D- @ HID: /dev/hidraw8
6130  |Info:    Profile loading: Succeeded for MSI MPG Z390 GAMING EDGE AC (MS-7B17) @ HID: /dev/hidraw9
6441  |Info:    Profile loading: Succeeded for Corsair Lighting Node Core @ HID: /dev/hidraw10
6441  |Info:    Profile loading: Succeeded for Corsair Commander Core @ HID: /dev/hidraw5
6441  |Info:    Profile loading: Succeeded for Glorious Model D / D- @ HID: /dev/hidraw8
6441  |Info:    Profile loading: Succeeded for MSI MPG Z390 GAMING EDGE AC (MS-7B17) @ HID: /dev/hidraw9
15149 |Info:    Profile loading: Succeeded for Corsair Lighting Node Core @ HID: /dev/hidraw10
15149 |Info:    Profile loading: Succeeded for Corsair Commander Core @ HID: /dev/hidraw5
15149 |Info:    Profile loading: Succeeded for Glorious Model D / D- @ HID: /dev/hidraw8
15149 |Info:    Profile loading: Succeeded for MSI MPG Z390 GAMING EDGE AC (MS-7B17) @ HID: /dev/hidraw9
15485 |Info:    Profile loading: Succeeded for Corsair Lighting Node Core @ HID: /dev/hidraw10
15485 |Info:    Profile loading: Succeeded for Corsair Commander Core @ HID: /dev/hidraw5
15485 |Info:    Profile loading: Succeeded for Glorious Model D / D- @ HID: /dev/hidraw8
15485 |Info:    Profile loading: Succeeded for MSI MPG Z390 GAMING EDGE AC (MS-7B17) @ HID: /dev/hidraw9
15705 |Info:    Profile loading: Succeeded for Corsair Lighting Node Core @ HID: /dev/hidraw10
15705 |Info:    Profile loading: Succeeded for Corsair Commander Core @ HID: /dev/hidraw5
15705 |Info:    Profile loading: Succeeded for Glorious Model D / D- @ HID: /dev/hidraw8
15705 |Info:    Profile loading: Succeeded for MSI MPG Z390 GAMING EDGE AC (MS-7B17) @ HID: /dev/hidraw9
16030 |Info:    Profile loading: Succeeded for Corsair Lighting Node Core @ HID: /dev/hidraw10
16030 |Info:    Profile loading: Succeeded for Corsair Commander Core @ HID: /dev/hidraw5
16030 |Info:    Profile loading: Succeeded for Glorious Model D / D- @ HID: /dev/hidraw8
16030 |Info:    Profile loading: Succeeded for MSI MPG Z390 GAMING EDGE AC (MS-7B17) @ HID: /dev/hidraw9
16205 |Info:    Profile loading: Succeeded for Corsair Lighting Node Core @ HID: /dev/hidraw10
16205 |Info:    Profile loading: Succeeded for Corsair Commander Core @ HID: /dev/hidraw5
16205 |Info:    Profile loading: Succeeded for Glorious Model D / D- @ HID: /dev/hidraw8
16205 |Info:    Profile loading: Succeeded for MSI MPG Z390 GAMING EDGE AC (MS-7B17) @ HID: /dev/hidraw9
20723 |ERROR:   [Sinowealth Mouse] Error reading device configuration!
39977 |Info:    Profile loading: Succeeded for Corsair Lighting Node Core @ HID: /dev/hidraw10
39977 |Info:    Profile loading: Succeeded for Corsair Commander Core @ HID: /dev/hidraw5
39977 |Info:    Profile loading: Succeeded for Glorious Model D / D- @ HID: /dev/hidraw8
39977 |Info:    Profile loading: Succeeded for MSI MPG Z390 GAMING EDGE AC (MS-7B17) @ HID: /dev/hidraw9
40402 |Info:    Profile loading: Succeeded for Corsair Lighting Node Core @ HID: /dev/hidraw10
40402 |Info:    Profile loading: Succeeded for Corsair Commander Core @ HID: /dev/hidraw5
40402 |Info:    Profile loading: Succeeded for Glorious Model D / D- @ HID: /dev/hidraw8
40402 |Info:    Profile loading: Succeeded for MSI MPG Z390 GAMING EDGE AC (MS-7B17) @ HID: /dev/hidraw9
40592 |Info:    Profile loading: Succeeded for Corsair Lighting Node Core @ HID: /dev/hidraw10
40592 |Info:    Profile loading: Succeeded for Corsair Commander Core @ HID: /dev/hidraw5
40592 |Info:    Profile loading: Succeeded for Glorious Model D / D- @ HID: /dev/hidraw8
40592 |Info:    Profile loading: Succeeded for MSI MPG Z390 GAMING EDGE AC (MS-7B17) @ HID: /dev/hidraw9
51632 |Info:    Profile loading: Succeeded for Corsair Lighting Node Core @ HID: /dev/hidraw10
51632 |Info:    Profile loading: Succeeded for Corsair Commander Core @ HID: /dev/hidraw5
51632 |Info:    Profile loading: Succeeded for Glorious Model D / D- @ HID: /dev/hidraw8
51632 |Info:    Profile loading: Succeeded for MSI MPG Z390 GAMING EDGE AC (MS-7B17) @ HID: /dev/hidraw9
73389 |Info:    Profile loading: Succeeded for Corsair Lighting Node Core @ HID: /dev/hidraw10
73389 |Info:    Profile loading: Succeeded for Corsair Commander Core @ HID: /dev/hidraw5
73389 |Info:    Profile loading: Succeeded for Glorious Model D / D- @ HID: /dev/hidraw8
73389 |Info:    Profile loading: Succeeded for MSI MPG Z390 GAMING EDGE AC (MS-7B17) @ HID: /dev/hidraw9
