    OpenRGB v0.7
    Commit:  from 
    Launched: 20221204_190741
====================================================================================================

0     |Info:    Found file: Off.orp attempting to validate header
0     |Info:    Valid v3 profile found for Off
0     |Info:    Found file: Dracula.orp attempting to validate header
0     |Info:    Valid v3 profile found for Dracula
1001  |Info:    ------------------------------------------------------
1001  |Info:    |               Start device detection               |
1001  |Info:    ------------------------------------------------------
1001  |Info:    Initializing HID interfaces: Success
1003  |Info:    ------------------------------------------------------
1003  |Info:    |             Detecting I2C interfaces               |
1003  |Info:    ------------------------------------------------------
1003  |Info:    Registering I2C interface: /dev/i2c-3 Device 10DE:1E81 Subsystem: 1028:C722
1003  |Info:    Registering I2C interface: /dev/i2c-1 Device 10DE:1E81 Subsystem: 1028:C722
1003  |Info:    Registering I2C interface: /dev/i2c-6 Device 10DE:1E81 Subsystem: 1028:C722
1003  |Info:    Registering I2C interface: /dev/i2c-4 Device 10DE:1E81 Subsystem: 1028:C722
1005  |Info:    Registering I2C interface: /dev/i2c-2 Device 10DE:1E81 Subsystem: 1028:C722
1005  |Info:    Registering I2C interface: /dev/i2c-0 Device 8086:A323 Subsystem: 1462:7B17
1005  |Info:    Registering I2C interface: /dev/i2c-5 Device 10DE:1E81 Subsystem: 1028:C722
1005  |Info:    ------------------------------------------------------
1005  |Info:    |               Detecting I2C devices                |
1005  |Info:    ------------------------------------------------------
1049  |Info:    Loading plugins
1253  |Info:    ------------------------------------------------------
1253  |Info:    |               Detecting HID devices                |
1253  |Info:    ------------------------------------------------------
1306  |Info:    [Corsair Lighting Node Core] Registering RGB controller
1421  |Info:    [Corsair Commander Core] Registering RGB controller
1421  |Info:    [Glorious Model D / D-] Registering RGB controller
1689  |Info:    [MSI MPG Z390 GAMING EDGE AC (MS-7B17)] Registering RGB controller
1689  |Info:    ------------------------------------------------------
1689  |Info:    |              Detecting other devices               |
1689  |Info:    ------------------------------------------------------
1694  |Info:    ------------------------------------------------------
1694  |Info:    |                Detection completed                 |
1694  |Info:    ------------------------------------------------------
11789 |Info:    Profile loading: Succeeded for Corsair Lighting Node Core @ HID: /dev/hidraw3
11789 |Info:    Profile loading: Succeeded for Corsair Commander Core @ HID: /dev/hidraw7
11789 |Info:    Profile loading: Succeeded for Glorious Model D / D- @ HID: /dev/hidraw1
11789 |Info:    Profile loading: Succeeded for MSI MPG Z390 GAMING EDGE AC (MS-7B17) @ HID: /dev/hidraw2
51275 |Info:    Found file: Dracula.orp attempting to validate header
51275 |Info:    Valid v3 profile found for Dracula
