    OpenRGB v0.81
    Commit: a4eff9ad7045722b03c4c36f949a086caeb1c67d from 2023-07-01 05:17:00 +0000
    Launched: 20230702_004011
====================================================================================================

0     |Info:    Found file: Dracula.orp attempting to validate header
0     |Info:    Valid v4 profile found for Dracula
1013  |Info:    Saving detector settings
1014  |Info:    ------------------------------------------------------
1014  |Info:    |               Start device detection               |
1014  |Info:    ------------------------------------------------------
1014  |Info:    Initializing HID interfaces: Success
1015  |Info:    ------------------------------------------------------
1015  |Info:    |             Detecting I2C interfaces               |
1015  |Info:    ------------------------------------------------------
1015  |Info:    Registering I2C interface: /dev/i2c-3 Device 10DE:1E81 Subsystem: 1028:C722
1015  |Info:    Registering I2C interface: /dev/i2c-1 Device 10DE:1E81 Subsystem: 1028:C722
1015  |Info:    Registering I2C interface: /dev/i2c-6 Device 10DE:1E81 Subsystem: 1028:C722
1015  |Info:    Registering I2C interface: /dev/i2c-4 Device 10DE:1E81 Subsystem: 1028:C722
1015  |Info:    Registering I2C interface: /dev/i2c-2 Device 10DE:1E81 Subsystem: 1028:C722
1015  |Info:    Registering I2C interface: /dev/i2c-0 Device 8086:A323 Subsystem: 1462:7B17
1015  |Info:    Registering I2C interface: /dev/i2c-5 Device 10DE:1E81 Subsystem: 1028:C722
1015  |Info:    ------------------------------------------------------
1015  |Info:    |               Detecting I2C devices                |
1015  |Info:    ------------------------------------------------------
1332  |Info:    ------------------------------------------------------
1332  |Info:    |               Detecting I2C PCI devices            |
1332  |Info:    ------------------------------------------------------
1332  |Info:    ------------------------------------------------------
1332  |Info:    |               Detecting HID devices                |
1332  |Info:    ------------------------------------------------------
1385  |Info:    [Corsair Lighting Node Core] Registering RGB controller
1481  |Info:    [Corsair Commander Core] Registering RGB controller
1483  |Info:    [Glorious Model D / D-] Registering RGB controller
1762  |Info:    [MSI MPG Z390 GAMING EDGE AC (MS-7B17)] Registering RGB controller
1762  |Info:    ------------------------------------------------------
1762  |Info:    |            Detecting libusb HID devices            |
1762  |Info:    ------------------------------------------------------
1787  |Info:    ------------------------------------------------------
1787  |Info:    |              Detecting other devices               |
1787  |Info:    ------------------------------------------------------
1789  |Info:    ------------------------------------------------------
1789  |Info:    |                Detection completed                 |
1789  |Info:    ------------------------------------------------------
1789  |Info:    Profile loading: Succeeded for Corsair Lighting Node Core @ HID: /dev/hidraw5
1789  |Info:    Profile loading: Succeeded for Corsair Commander Core @ HID: /dev/hidraw6
1789  |Info:    Profile loading: Succeeded for Glorious Model D / D- @ HID: /dev/hidraw1
1789  |Info:    Profile loading: Succeeded for MSI MPG Z390 GAMING EDGE AC (MS-7B17) @ HID: /dev/hidraw10
