    OpenRGB v0.81
    Commit: d1b4a97cb1460ae796ab1c9a15003112c22292e0 from 2023-05-13 18:45:07 +0000
    Launched: 20230514_202854
====================================================================================================

0     |Info:    Found file: Dracula.orp attempting to validate header
0     |Info:    Valid v4 profile found for Dracula
1008  |Info:    ------------------------------------------------------
1008  |Info:    |               Start device detection               |
1008  |Info:    ------------------------------------------------------
1008  |Info:    Initializing HID interfaces: Success
1009  |Info:    ------------------------------------------------------
1009  |Info:    |             Detecting I2C interfaces               |
1009  |Info:    ------------------------------------------------------
1009  |Info:    Registering I2C interface: /dev/i2c-3 Device 10DE:1E81 Subsystem: 1028:C722
1009  |Info:    Registering I2C interface: /dev/i2c-1 Device 10DE:1E81 Subsystem: 1028:C722
1009  |Info:    Registering I2C interface: /dev/i2c-6 Device 10DE:1E81 Subsystem: 1028:C722
1009  |Info:    Registering I2C interface: /dev/i2c-4 Device 10DE:1E81 Subsystem: 1028:C722
1009  |Info:    Registering I2C interface: /dev/i2c-2 Device 10DE:1E81 Subsystem: 1028:C722
1009  |Info:    Registering I2C interface: /dev/i2c-0 Device 8086:A323 Subsystem: 1462:7B17
1009  |Info:    Registering I2C interface: /dev/i2c-5 Device 10DE:1E81 Subsystem: 1028:C722
1009  |Info:    ------------------------------------------------------
1009  |Info:    |               Detecting I2C devices                |
1009  |Info:    ------------------------------------------------------
1328  |Info:    ------------------------------------------------------
1328  |Info:    |               Detecting I2C PCI devices            |
1328  |Info:    ------------------------------------------------------
1328  |Info:    ------------------------------------------------------
1328  |Info:    |               Detecting HID devices                |
1328  |Info:    ------------------------------------------------------
1381  |Info:    [Corsair Lighting Node Core] Registering RGB controller
1477  |Info:    [Corsair Commander Core] Registering RGB controller
1479  |Info:    [Glorious Model D / D-] Registering RGB controller
1738  |Info:    [MSI MPG Z390 GAMING EDGE AC (MS-7B17)] Registering RGB controller
1738  |Info:    ------------------------------------------------------
1738  |Info:    |            Detecting libusb HID devices            |
1738  |Info:    ------------------------------------------------------
1762  |Info:    ------------------------------------------------------
1762  |Info:    |              Detecting other devices               |
1762  |Info:    ------------------------------------------------------
1763  |Info:    ------------------------------------------------------
1763  |Info:    |                Detection completed                 |
1763  |Info:    ------------------------------------------------------
1764  |Info:    Profile loading: Succeeded for Corsair Lighting Node Core @ HID: /dev/hidraw12
1764  |Info:    Profile loading: Succeeded for Corsair Commander Core @ HID: /dev/hidraw5
1764  |Info:    Profile loading: Succeeded for Glorious Model D / D- @ HID: /dev/hidraw1
1764  |Info:    Profile loading: Succeeded for MSI MPG Z390 GAMING EDGE AC (MS-7B17) @ HID: /dev/hidraw10
