    OpenRGB v0.9
    Commit:  from 
    Launched: 20240204_213431
====================================================================================================

5     |Info:    Found file: Dracula.orp attempting to validate header
5     |Info:    Valid v4 profile found for Dracula
1007  |Info:    ------------------------------------------------------
1007  |Info:    |               Start device detection               |
1007  |Info:    ------------------------------------------------------
1007  |Info:    Initializing HID interfaces: Success
1008  |Info:    ------------------------------------------------------
1008  |Info:    |             Detecting I2C interfaces               |
1008  |Info:    ------------------------------------------------------
1008  |Info:    Registering I2C interface: /dev/i2c-3 Device 1002:744C Subsystem: 1DA2:E471
1008  |Info:    Registering I2C interface: /dev/i2c-1 Device 1002:744C Subsystem: 1DA2:E471
1008  |Info:    Registering I2C interface: /dev/i2c-8 Device 8086:A323 Subsystem: 1462:7B17
1008  |Warning: [i2c_smbus_linux] Failed to read i2c device PCI device ID
1008  |Info:    Registering I2C interface: /dev/i2c-6 Device 0000:0000 Subsystem: 0000:0000
1008  |Info:    Registering I2C interface: /dev/i2c-4 Device 1002:744C Subsystem: 1DA2:E471
1008  |Info:    Registering I2C interface: /dev/i2c-2 Device 1002:744C Subsystem: 1DA2:E471
1008  |Info:    Registering I2C interface: /dev/i2c-0 Device 1002:744C Subsystem: 1DA2:E471
1008  |Warning: [i2c_smbus_linux] Failed to read i2c device PCI device ID
1008  |Info:    Registering I2C interface: /dev/i2c-7 Device 0000:0000 Subsystem: 0000:0000
1008  |Info:    Registering I2C interface: /dev/i2c-5 Device 1002:744C Subsystem: 1DA2:E471
1008  |Info:    ------------------------------------------------------
1008  |Info:    |               Detecting I2C devices                |
1008  |Info:    ------------------------------------------------------
1387  |Info:    ------------------------------------------------------
1387  |Info:    |               Detecting I2C PCI devices            |
1387  |Info:    ------------------------------------------------------
1410  |Info:    ------------------------------------------------------
1410  |Info:    |               Detecting HID devices                |
1410  |Info:    ------------------------------------------------------
1463  |Info:    [Corsair Lighting Node Core] Registering RGB controller
1612  |Info:    [Corsair Commander Core] Registering RGB controller
1615  |Info:    [Glorious Model D / D-] Registering RGB controller
1886  |Info:    [MSI MPG Z390 GAMING EDGE AC (MS-7B17)] Registering RGB controller
1886  |Info:    ------------------------------------------------------
1886  |Info:    |            Detecting libusb HID devices            |
1886  |Info:    ------------------------------------------------------
1902  |Info:    ------------------------------------------------------
1902  |Info:    |              Detecting other devices               |
1902  |Info:    ------------------------------------------------------
1903  |Info:    ------------------------------------------------------
1903  |Info:    |                Detection completed                 |
1903  |Info:    ------------------------------------------------------
1903  |Info:    Profile loading: Succeeded for Corsair Lighting Node Core @ HID: /dev/hidraw10
1903  |Info:    Profile loading: Succeeded for Corsair Commander Core @ HID: /dev/hidraw5
1903  |Info:    Profile loading: Succeeded for Glorious Model D / D- @ HID: /dev/hidraw1
1903  |Info:    Profile loading: Succeeded for MSI MPG Z390 GAMING EDGE AC (MS-7B17) @ HID: /dev/hidraw9
