    OpenRGB v0.9
    Commit:  from 
    Launched: 20230919_183640
====================================================================================================

0     |Info:    Found file: Dracula.orp attempting to validate header
0     |Info:    Valid v4 profile found for Dracula
1009  |Info:    ------------------------------------------------------
1009  |Info:    |               Start device detection               |
1009  |Info:    ------------------------------------------------------
1009  |Info:    Initializing HID interfaces: Success
1012  |Info:    ------------------------------------------------------
1012  |Info:    |             Detecting I2C interfaces               |
1012  |Info:    ------------------------------------------------------
1012  |Info:    Registering I2C interface: /dev/i2c-3 Device 10DE:1E81 Subsystem: 1028:C722
1012  |Info:    Registering I2C interface: /dev/i2c-1 Device 10DE:1E81 Subsystem: 1028:C722
1012  |Info:    Registering I2C interface: /dev/i2c-6 Device 10DE:1E81 Subsystem: 1028:C722
1012  |Info:    Registering I2C interface: /dev/i2c-4 Device 10DE:1E81 Subsystem: 1028:C722
1013  |Info:    Registering I2C interface: /dev/i2c-2 Device 10DE:1E81 Subsystem: 1028:C722
1013  |Info:    Registering I2C interface: /dev/i2c-0 Device 8086:A323 Subsystem: 1462:7B17
1013  |Info:    Registering I2C interface: /dev/i2c-5 Device 10DE:1E81 Subsystem: 1028:C722
1013  |Info:    ------------------------------------------------------
1013  |Info:    |               Detecting I2C devices                |
1013  |Info:    ------------------------------------------------------
1330  |Info:    ------------------------------------------------------
1330  |Info:    |               Detecting I2C PCI devices            |
1330  |Info:    ------------------------------------------------------
1331  |Info:    ------------------------------------------------------
1331  |Info:    |               Detecting HID devices                |
1331  |Info:    ------------------------------------------------------
1383  |Info:    [Corsair Lighting Node Core] Registering RGB controller
1478  |Info:    [Corsair Commander Core] Registering RGB controller
1481  |Info:    [Glorious Model D / D-] Registering RGB controller
1775  |Info:    [MSI MPG Z390 GAMING EDGE AC (MS-7B17)] Registering RGB controller
1775  |Info:    ------------------------------------------------------
1775  |Info:    |            Detecting libusb HID devices            |
1775  |Info:    ------------------------------------------------------
1801  |Info:    ------------------------------------------------------
1801  |Info:    |              Detecting other devices               |
1801  |Info:    ------------------------------------------------------
1805  |Info:    ------------------------------------------------------
1805  |Info:    |                Detection completed                 |
1805  |Info:    ------------------------------------------------------
1806  |Info:    Profile loading: Succeeded for Corsair Lighting Node Core @ HID: /dev/hidraw11
1806  |Info:    Profile loading: Succeeded for Corsair Commander Core @ HID: /dev/hidraw12
1806  |Info:    Profile loading: Succeeded for Glorious Model D / D- @ HID: /dev/hidraw1
1806  |Info:    Profile loading: Succeeded for MSI MPG Z390 GAMING EDGE AC (MS-7B17) @ HID: /dev/hidraw10
