    OpenRGB v0.9
    Commit:  from 
    Launched: 20231218_181931
====================================================================================================

4     |Info:    Found file: Dracula.orp attempting to validate header
5     |Info:    Valid v4 profile found for Dracula
1008  |Info:    ------------------------------------------------------
1008  |Info:    |               Start device detection               |
1008  |Info:    ------------------------------------------------------
1008  |Info:    Initializing HID interfaces: Success
1009  |Info:    ------------------------------------------------------
1009  |Info:    |             Detecting I2C interfaces               |
1009  |Info:    ------------------------------------------------------
1009  |Info:    Registering I2C interface: /dev/i2c-3 Device 10DE:1E81 Subsystem: 1028:C722
1009  |Info:    Registering I2C interface: /dev/i2c-1 Device 10DE:1E81 Subsystem: 1028:C722
1009  |Info:    Registering I2C interface: /dev/i2c-6 Device 10DE:1E81 Subsystem: 1028:C722
1009  |Info:    Registering I2C interface: /dev/i2c-4 Device 10DE:1E81 Subsystem: 1028:C722
1009  |Info:    Registering I2C interface: /dev/i2c-2 Device 10DE:1E81 Subsystem: 1028:C722
1009  |Info:    Registering I2C interface: /dev/i2c-0 Device 8086:A323 Subsystem: 1462:7B17
1009  |Info:    Registering I2C interface: /dev/i2c-5 Device 10DE:1E81 Subsystem: 1028:C722
1009  |Info:    ------------------------------------------------------
1009  |Info:    |               Detecting I2C devices                |
1009  |Info:    ------------------------------------------------------
1323  |Info:    ------------------------------------------------------
1323  |Info:    |               Detecting I2C PCI devices            |
1323  |Info:    ------------------------------------------------------
1323  |Info:    ------------------------------------------------------
1323  |Info:    |               Detecting HID devices                |
1323  |Info:    ------------------------------------------------------
1377  |Info:    [Corsair Lighting Node Core] Registering RGB controller
1485  |Info:    [Corsair Commander Core] Registering RGB controller
1487  |Info:    [Glorious Model D / D-] Registering RGB controller
1778  |Info:    [MSI MPG Z390 GAMING EDGE AC (MS-7B17)] Registering RGB controller
1778  |Info:    ------------------------------------------------------
1778  |Info:    |            Detecting libusb HID devices            |
1778  |Info:    ------------------------------------------------------
1794  |Info:    ------------------------------------------------------
1794  |Info:    |              Detecting other devices               |
1794  |Info:    ------------------------------------------------------
1795  |Info:    ------------------------------------------------------
1795  |Info:    |                Detection completed                 |
1795  |Info:    ------------------------------------------------------
1796  |Info:    Profile loading: Succeeded for Corsair Lighting Node Core @ HID: /dev/hidraw10
1796  |Info:    Profile loading: Succeeded for Corsair Commander Core @ HID: /dev/hidraw5
1796  |Info:    Profile loading: Succeeded for Glorious Model D / D- @ HID: /dev/hidraw4
1796  |Info:    Profile loading: Succeeded for MSI MPG Z390 GAMING EDGE AC (MS-7B17) @ HID: /dev/hidraw9
