    OpenRGB v0.9
    Commit:  from 
    Launched: 20240114_164012
====================================================================================================

1     |Info:    Found file: Dracula.orp attempting to validate header
1     |Info:    Valid v4 profile found for Dracula
1004  |Info:    ------------------------------------------------------
1004  |Info:    |               Start device detection               |
1004  |Info:    ------------------------------------------------------
1004  |Info:    Initializing HID interfaces: Success
1005  |Info:    ------------------------------------------------------
1005  |Info:    |             Detecting I2C interfaces               |
1005  |Info:    ------------------------------------------------------
1005  |Info:    Registering I2C interface: /dev/i2c-3 Device 1002:744C Subsystem: 1DA2:E471
1005  |Info:    Registering I2C interface: /dev/i2c-8 Device 8086:A323 Subsystem: 1462:7B17
1005  |Warning: [i2c_smbus_linux] Failed to read i2c device PCI device ID
1005  |Info:    Registering I2C interface: /dev/i2c-6 Device 0000:0000 Subsystem: 0000:0000
1005  |Info:    Registering I2C interface: /dev/i2c-2 Device 1002:744C Subsystem: 1DA2:E471
1005  |Warning: [i2c_smbus_linux] Failed to read i2c device PCI device ID
1005  |Info:    Registering I2C interface: /dev/i2c-7 Device 0000:0000 Subsystem: 0000:0000
1005  |Info:    ------------------------------------------------------
1005  |Info:    |               Detecting I2C devices                |
1005  |Info:    ------------------------------------------------------
1289  |Info:    ------------------------------------------------------
1289  |Info:    |               Detecting I2C PCI devices            |
1289  |Info:    ------------------------------------------------------
1289  |Info:    ------------------------------------------------------
1289  |Info:    |               Detecting HID devices                |
1289  |Info:    ------------------------------------------------------
1289  |ERROR:   [Glorious Model D / D-] Couldn't open path "HID: /dev/hidraw1", do we have enough permissions?
1289  |Info:    ------------------------------------------------------
1289  |Info:    |            Detecting libusb HID devices            |
1289  |Info:    ------------------------------------------------------
1309  |Info:    ------------------------------------------------------
1309  |Info:    |              Detecting other devices               |
1309  |Info:    ------------------------------------------------------
1310  |Info:    ------------------------------------------------------
1310  |Info:    |                Detection completed                 |
1310  |Info:    ------------------------------------------------------
1310  |Dialog:  <h2>WARNING:</h2><p>One or more I2C/SMBus interfaces failed to initialize.</p><p>RGB DRAM modules and some motherboards' onboard RGB lighting will not be available without I2C/SMBus.</p><p>On Linux, this is usually because the i2c-dev module is not loaded.  You must load the i2c-dev module along with the correct i2c driver for your motherboard.  This is usually i2c-piix4 for AMD systems and i2c-i801 for Intel systems.</p><p>See <a href='https://help.openrgb.org/'>help.openrgb.org</a> for additional troubleshooting steps if you keep seeing this message.<br></p>
68852 |Info:    ------------------------------------------------------
68852 |Info:    |               Start device detection               |
68852 |Info:    ------------------------------------------------------
68853 |Info:    Initializing HID interfaces: Success
68853 |Info:    ------------------------------------------------------
68853 |Info:    |             Detecting I2C interfaces               |
68853 |Info:    ------------------------------------------------------
68853 |Info:    Registering I2C interface: /dev/i2c-3 Device 1002:744C Subsystem: 1DA2:E471
68853 |Info:    Registering I2C interface: /dev/i2c-8 Device 8086:A323 Subsystem: 1462:7B17
68853 |Warning: [i2c_smbus_linux] Failed to read i2c device PCI device ID
68853 |Info:    Registering I2C interface: /dev/i2c-6 Device 0000:0000 Subsystem: 0000:0000
68853 |Info:    Registering I2C interface: /dev/i2c-2 Device 1002:744C Subsystem: 1DA2:E471
68853 |Warning: [i2c_smbus_linux] Failed to read i2c device PCI device ID
68853 |Info:    Registering I2C interface: /dev/i2c-7 Device 0000:0000 Subsystem: 0000:0000
68853 |Info:    ------------------------------------------------------
68853 |Info:    |               Detecting I2C devices                |
68853 |Info:    ------------------------------------------------------
69142 |Info:    ------------------------------------------------------
69142 |Info:    |               Detecting I2C PCI devices            |
69142 |Info:    ------------------------------------------------------
69143 |Info:    ------------------------------------------------------
69143 |Info:    |               Detecting HID devices                |
69143 |Info:    ------------------------------------------------------
69143 |ERROR:   [Glorious Model D / D-] Couldn't open path "HID: /dev/hidraw1", do we have enough permissions?
69143 |Info:    ------------------------------------------------------
69143 |Info:    |            Detecting libusb HID devices            |
69143 |Info:    ------------------------------------------------------
69154 |Info:    ------------------------------------------------------
69154 |Info:    |              Detecting other devices               |
69154 |Info:    ------------------------------------------------------
69155 |Info:    ------------------------------------------------------
69155 |Info:    |                Detection completed                 |
69155 |Info:    ------------------------------------------------------
69155 |Dialog:  <h2>WARNING:</h2><p>One or more I2C/SMBus interfaces failed to initialize.</p><p>RGB DRAM modules and some motherboards' onboard RGB lighting will not be available without I2C/SMBus.</p><p>On Linux, this is usually because the i2c-dev module is not loaded.  You must load the i2c-dev module along with the correct i2c driver for your motherboard.  This is usually i2c-piix4 for AMD systems and i2c-i801 for Intel systems.</p><p>See <a href='https://help.openrgb.org/'>help.openrgb.org</a> for additional troubleshooting steps if you keep seeing this message.<br></p>
