    OpenRGB v0.7
    Commit:  from 
    Launched: 20221127_110033
====================================================================================================

0     |Info:    Found file: Dracula.orp attempting to validate header
0     |Info:    Valid v3 profile found for Dracula
1001  |Info:    ------------------------------------------------------
1001  |Info:    |               Start device detection               |
1001  |Info:    ------------------------------------------------------
1001  |Info:    Initializing HID interfaces: Success
1002  |Info:    ------------------------------------------------------
1002  |Info:    |             Detecting I2C interfaces               |
1002  |Info:    ------------------------------------------------------
1002  |Info:    Registering I2C interface: /dev/i2c-3 Device 10DE:1E81 Subsystem: 1028:C722
1002  |Info:    Registering I2C interface: /dev/i2c-1 Device 10DE:1E81 Subsystem: 1028:C722
1004  |Info:    Registering I2C interface: /dev/i2c-6 Device 10DE:1E81 Subsystem: 1028:C722
1004  |Info:    Registering I2C interface: /dev/i2c-4 Device 10DE:1E81 Subsystem: 1028:C722
1004  |Info:    Registering I2C interface: /dev/i2c-2 Device 10DE:1E81 Subsystem: 1028:C722
1004  |Info:    Registering I2C interface: /dev/i2c-0 Device 8086:A323 Subsystem: 1462:7B17
1004  |Info:    Registering I2C interface: /dev/i2c-5 Device 10DE:1E81 Subsystem: 1028:C722
1004  |Info:    ------------------------------------------------------
1004  |Info:    |               Detecting I2C devices                |
1004  |Info:    ------------------------------------------------------
1031  |Info:    Loading plugins
1249  |Info:    ------------------------------------------------------
1249  |Info:    |               Detecting HID devices                |
1249  |Info:    ------------------------------------------------------
1250  |Info:    [Corsair Lighting Node Core] Registering RGB controller
1296  |Info:    [Corsair Commander Core] Registering RGB controller
1296  |Info:    [Glorious Model D / D-] Registering RGB controller
1501  |Info:    [MSI MPG Z390 GAMING EDGE AC (MS-7B17)] Registering RGB controller
1501  |Info:    ------------------------------------------------------
1502  |Info:    |              Detecting other devices               |
1502  |Info:    ------------------------------------------------------
1504  |Info:    ------------------------------------------------------
1504  |Info:    |                Detection completed                 |
1504  |Info:    ------------------------------------------------------
