    OpenRGB v0.81
    Commit: 35aad36e1b698d377a06a6c6591b0e36769b11a1 from 2023-05-14 14:33:33 -0500
    Launched: 20230514_211035
====================================================================================================

0     |Info:    Found file: Dracula.orp attempting to validate header
0     |Info:    Valid v4 profile found for Dracula
1001  |Info:    ------------------------------------------------------
1001  |Info:    |               Start device detection               |
1001  |Info:    ------------------------------------------------------
1002  |Info:    Initializing HID interfaces: Success
1002  |Info:    ------------------------------------------------------
1002  |Info:    |             Detecting I2C interfaces               |
1002  |Info:    ------------------------------------------------------
1002  |Info:    Registering I2C interface: /dev/i2c-3 Device 10DE:1E81 Subsystem: 1028:C722
1003  |Info:    Registering I2C interface: /dev/i2c-1 Device 10DE:1E81 Subsystem: 1028:C722
1003  |Info:    Registering I2C interface: /dev/i2c-6 Device 10DE:1E81 Subsystem: 1028:C722
1003  |Info:    Registering I2C interface: /dev/i2c-4 Device 10DE:1E81 Subsystem: 1028:C722
1003  |Info:    Registering I2C interface: /dev/i2c-2 Device 10DE:1E81 Subsystem: 1028:C722
1003  |Info:    Registering I2C interface: /dev/i2c-0 Device 8086:A323 Subsystem: 1462:7B17
1003  |Info:    Registering I2C interface: /dev/i2c-5 Device 10DE:1E81 Subsystem: 1028:C722
1003  |Info:    ------------------------------------------------------
1003  |Info:    |               Detecting I2C devices                |
1003  |Info:    ------------------------------------------------------
1319  |Info:    ------------------------------------------------------
1319  |Info:    |               Detecting I2C PCI devices            |
1319  |Info:    ------------------------------------------------------
1320  |Info:    ------------------------------------------------------
1320  |Info:    |               Detecting HID devices                |
1320  |Info:    ------------------------------------------------------
1372  |Info:    [Corsair Lighting Node Core] Registering RGB controller
1468  |Info:    [Corsair Commander Core] Registering RGB controller
1470  |Info:    [Glorious Model D / D-] Registering RGB controller
1743  |Info:    [MSI MPG Z390 GAMING EDGE AC (MS-7B17)] Registering RGB controller
1743  |Info:    ------------------------------------------------------
1743  |Info:    |            Detecting libusb HID devices            |
1743  |Info:    ------------------------------------------------------
1765  |Info:    ------------------------------------------------------
1765  |Info:    |              Detecting other devices               |
1765  |Info:    ------------------------------------------------------
1767  |Info:    ------------------------------------------------------
1767  |Info:    |                Detection completed                 |
1767  |Info:    ------------------------------------------------------
1768  |Info:    Profile loading: Succeeded for Corsair Lighting Node Core @ HID: /dev/hidraw12
1768  |Info:    Profile loading: Succeeded for Corsair Commander Core @ HID: /dev/hidraw5
1768  |Info:    Profile loading: Succeeded for Glorious Model D / D- @ HID: /dev/hidraw1
1768  |Info:    Profile loading: Succeeded for MSI MPG Z390 GAMING EDGE AC (MS-7B17) @ HID: /dev/hidraw10
6950  |ERROR:   [Sinowealth Mouse] Error reading device configuration!
