    OpenRGB v0.9
    Commit:  from 
    Launched: 20240619_065041
====================================================================================================

1     |Info:    Found file: Dracula.orp attempting to validate header
1     |Info:    Valid v4 profile found for Dracula
1002  |Info:    ------------------------------------------------------
1002  |Info:    |               Start device detection               |
1002  |Info:    ------------------------------------------------------
1002  |Info:    Initializing HID interfaces: Success
1003  |Info:    ------------------------------------------------------
1003  |Info:    |             Detecting I2C interfaces               |
1003  |Info:    ------------------------------------------------------
1003  |Info:    Registering I2C interface: /dev/i2c-3 Device 1002:744C Subsystem: 1DA2:E471
1003  |Info:    Registering I2C interface: /dev/i2c-1 Device 1002:744C Subsystem: 1DA2:E471
1003  |Info:    Registering I2C interface: /dev/i2c-8 Device 8086:A323 Subsystem: 1462:7B17
1003  |Warning: [i2c_smbus_linux] Failed to read i2c device PCI device ID
1003  |Info:    Registering I2C interface: /dev/i2c-6 Device 0000:0000 Subsystem: 0000:0000
1003  |Info:    Registering I2C interface: /dev/i2c-4 Device 1002:744C Subsystem: 1DA2:E471
1003  |Info:    Registering I2C interface: /dev/i2c-2 Device 1002:744C Subsystem: 1DA2:E471
1003  |Info:    Registering I2C interface: /dev/i2c-0 Device 1002:744C Subsystem: 1DA2:E471
1003  |Warning: [i2c_smbus_linux] Failed to read i2c device PCI device ID
1003  |Info:    Registering I2C interface: /dev/i2c-7 Device 0000:0000 Subsystem: 0000:0000
1003  |Info:    Registering I2C interface: /dev/i2c-5 Device 1002:744C Subsystem: 1DA2:E471
1003  |Info:    ------------------------------------------------------
1003  |Info:    |               Detecting I2C devices                |
1003  |Info:    ------------------------------------------------------
1355  |Info:    ------------------------------------------------------
1355  |Info:    |               Detecting I2C PCI devices            |
1355  |Info:    ------------------------------------------------------
1378  |Info:    ------------------------------------------------------
1378  |Info:    |               Detecting HID devices                |
1378  |Info:    ------------------------------------------------------
1380  |Info:    [Glorious Model D / D-] Registering RGB controller
1382  |Info:    [Corsair Lighting Node Core] Registering RGB controller
11123 |Info:    Detection abort requested
12435 |Info:    Profile loading: Succeeded for Glorious Model D / D- @ HID: /dev/hidraw1
12435 |Info:    Profile loading: Succeeded for Corsair Lighting Node Core @ HID: /dev/hidraw6
13748 |Info:    Profile loading: Succeeded for Glorious Model D / D- @ HID: /dev/hidraw1
13748 |Info:    Profile loading: Succeeded for Corsair Lighting Node Core @ HID: /dev/hidraw6
14032 |Info:    Profile loading: Succeeded for Glorious Model D / D- @ HID: /dev/hidraw1
14032 |Info:    Profile loading: Succeeded for Corsair Lighting Node Core @ HID: /dev/hidraw6
14273 |Info:    Profile loading: Succeeded for Glorious Model D / D- @ HID: /dev/hidraw1
14274 |Info:    Profile loading: Succeeded for Corsair Lighting Node Core @ HID: /dev/hidraw6
14525 |Info:    Profile loading: Succeeded for Glorious Model D / D- @ HID: /dev/hidraw1
14525 |Info:    Profile loading: Succeeded for Corsair Lighting Node Core @ HID: /dev/hidraw6
14937 |Info:    Profile loading: Succeeded for Glorious Model D / D- @ HID: /dev/hidraw1
14937 |Info:    Profile loading: Succeeded for Corsair Lighting Node Core @ HID: /dev/hidraw6
15267 |Info:    Profile loading: Succeeded for Glorious Model D / D- @ HID: /dev/hidraw1
15267 |Info:    Profile loading: Succeeded for Corsair Lighting Node Core @ HID: /dev/hidraw6
15614 |Info:    Profile loading: Succeeded for Glorious Model D / D- @ HID: /dev/hidraw1
15614 |Info:    Profile loading: Succeeded for Corsair Lighting Node Core @ HID: /dev/hidraw6
15820 |Info:    Profile loading: Succeeded for Glorious Model D / D- @ HID: /dev/hidraw1
15820 |Info:    Profile loading: Succeeded for Corsair Lighting Node Core @ HID: /dev/hidraw6
19465 |Info:    Profile loading: Succeeded for Glorious Model D / D- @ HID: /dev/hidraw1
19465 |Info:    Profile loading: Succeeded for Corsair Lighting Node Core @ HID: /dev/hidraw6
20272 |Info:    Profile loading: Succeeded for Glorious Model D / D- @ HID: /dev/hidraw1
20272 |Info:    Profile loading: Succeeded for Corsair Lighting Node Core @ HID: /dev/hidraw6
24951 |Info:    Profile loading: Succeeded for Glorious Model D / D- @ HID: /dev/hidraw1
24951 |Info:    Profile loading: Succeeded for Corsair Lighting Node Core @ HID: /dev/hidraw6
25141 |Info:    Profile loading: Succeeded for Glorious Model D / D- @ HID: /dev/hidraw1
25141 |Info:    Profile loading: Succeeded for Corsair Lighting Node Core @ HID: /dev/hidraw6
25333 |Info:    Profile loading: Succeeded for Glorious Model D / D- @ HID: /dev/hidraw1
25333 |Info:    Profile loading: Succeeded for Corsair Lighting Node Core @ HID: /dev/hidraw6
25559 |Info:    Profile loading: Succeeded for Glorious Model D / D- @ HID: /dev/hidraw1
25559 |Info:    Profile loading: Succeeded for Corsair Lighting Node Core @ HID: /dev/hidraw6
25820 |Info:    Profile loading: Succeeded for Glorious Model D / D- @ HID: /dev/hidraw1
25820 |Info:    Profile loading: Succeeded for Corsair Lighting Node Core @ HID: /dev/hidraw6
26060 |Info:    Profile loading: Succeeded for Glorious Model D / D- @ HID: /dev/hidraw1
26060 |Info:    Profile loading: Succeeded for Corsair Lighting Node Core @ HID: /dev/hidraw6
