    OpenRGB v0.8
    Commit:  from 
    Launched: 20230325_165705
====================================================================================================

0     |Info:    Found file: Dracula.orp attempting to validate header
0     |Info:    Valid v3 profile found for Dracula
1001  |Info:    ------------------------------------------------------
1001  |Info:    |               Start device detection               |
1001  |Info:    ------------------------------------------------------
1001  |Info:    Initializing HID interfaces: Success
1002  |Info:    ------------------------------------------------------
1002  |Info:    |             Detecting I2C interfaces               |
1002  |Info:    ------------------------------------------------------
1002  |Info:    Registering I2C interface: /dev/i2c-3 Device 10DE:1E81 Subsystem: 1028:C722
1002  |Info:    Registering I2C interface: /dev/i2c-1 Device 10DE:1E81 Subsystem: 1028:C722
1002  |Info:    Registering I2C interface: /dev/i2c-6 Device 10DE:1E81 Subsystem: 1028:C722
1002  |Info:    Registering I2C interface: /dev/i2c-4 Device 10DE:1E81 Subsystem: 1028:C722
1002  |Info:    Registering I2C interface: /dev/i2c-2 Device 10DE:1E81 Subsystem: 1028:C722
1002  |Info:    Registering I2C interface: /dev/i2c-0 Device 8086:A323 Subsystem: 1462:7B17
1002  |Info:    Registering I2C interface: /dev/i2c-5 Device 10DE:1E81 Subsystem: 1028:C722
1002  |Info:    ------------------------------------------------------
1002  |Info:    |               Detecting I2C devices                |
1002  |Info:    ------------------------------------------------------
1233  |Info:    ------------------------------------------------------
1233  |Info:    |               Detecting I2C PCI devices            |
1233  |Info:    ------------------------------------------------------
1233  |Info:    ------------------------------------------------------
1233  |Info:    |               Detecting HID devices                |
1233  |Info:    ------------------------------------------------------
1286  |Info:    [Corsair Lighting Node Core] Registering RGB controller
1381  |Info:    [Corsair Commander Core] Registering RGB controller
1630  |Info:    [MSI MPG Z390 GAMING EDGE AC (MS-7B17)] Registering RGB controller
1630  |Info:    ------------------------------------------------------
1630  |Info:    |              Detecting other devices               |
1630  |Info:    ------------------------------------------------------
1632  |Info:    ------------------------------------------------------
1632  |Info:    |                Detection completed                 |
1632  |Info:    ------------------------------------------------------
1632  |Info:    Profile loading: Succeeded for Corsair Lighting Node Core @ HID: /dev/hidraw11
1632  |Info:    Profile loading: Succeeded for Corsair Commander Core @ HID: /dev/hidraw5
1632  |Info:    Profile loading: Succeeded for MSI MPG Z390 GAMING EDGE AC (MS-7B17) @ HID: /dev/hidraw9
