    OpenRGB v0.71
    Commit: dbad6ce90d8ff80d6fcc05a0d8d0458e0cc591f5 from 2022-10-15 09:10:26 +1100
    Launched: 20221016_165316
====================================================================================================

1001  |Info:    Saving detector settings
1001  |Info:    ------------------------------------------------------
1001  |Info:    |               Start device detection               |
1001  |Info:    ------------------------------------------------------
1001  |Info:    Initializing HID interfaces: Success
1002  |Info:    ------------------------------------------------------
1002  |Info:    |             Detecting I2C interfaces               |
1002  |Info:    ------------------------------------------------------
1002  |Info:    Registering I2C interface: /dev/i2c-3 Device 10DE:1E81 Subsystem: 1028:C722
1002  |Info:    Registering I2C interface: /dev/i2c-1 Device 10DE:1E81 Subsystem: 1028:C722
1002  |Info:    Registering I2C interface: /dev/i2c-6 Device 10DE:1E81 Subsystem: 1028:C722
1002  |Info:    Registering I2C interface: /dev/i2c-4 Device 10DE:1E81 Subsystem: 1028:C722
1002  |Info:    Registering I2C interface: /dev/i2c-2 Device 10DE:1E81 Subsystem: 1028:C722
1002  |Info:    Registering I2C interface: /dev/i2c-0 Device 8086:A323 Subsystem: 1462:7B17
1002  |Info:    Registering I2C interface: /dev/i2c-5 Device 10DE:1E81 Subsystem: 1028:C722
1002  |Info:    ------------------------------------------------------
1002  |Info:    |               Detecting I2C devices                |
1002  |Info:    ------------------------------------------------------
1030  |Info:    [PluginManager] Scanning plugin directory: /home/ryan/.config/OpenRGB/plugins
1030  |Info:    [PluginManager] Scanning plugin directory: /usr/lib64/OpenRGB/plugins
1237  |Info:    ------------------------------------------------------
1237  |Info:    |               Detecting I2C PCI devices            |
1237  |Info:    ------------------------------------------------------
1238  |Info:    ------------------------------------------------------
1238  |Info:    |               Detecting HID devices                |
1238  |Info:    ------------------------------------------------------
1238  |Info:    ------------------------------------------------------
1238  |Info:    |              Detecting other devices               |
1238  |Info:    ------------------------------------------------------
1239  |Info:    ------------------------------------------------------
1239  |Info:    |                Detection completed                 |
1239  |Info:    ------------------------------------------------------
2909  |Info:    ------------------------------------------------------
2909  |Info:    |               Start device detection               |
2909  |Info:    ------------------------------------------------------
2909  |Info:    Initializing HID interfaces: Success
2909  |Info:    ------------------------------------------------------
2909  |Info:    |             Detecting I2C interfaces               |
2909  |Info:    ------------------------------------------------------
2909  |Info:    Registering I2C interface: /dev/i2c-3 Device 10DE:1E81 Subsystem: 1028:C722
2909  |Info:    Registering I2C interface: /dev/i2c-1 Device 10DE:1E81 Subsystem: 1028:C722
2910  |Info:    Registering I2C interface: /dev/i2c-6 Device 10DE:1E81 Subsystem: 1028:C722
2910  |Info:    Registering I2C interface: /dev/i2c-4 Device 10DE:1E81 Subsystem: 1028:C722
2910  |Info:    Registering I2C interface: /dev/i2c-2 Device 10DE:1E81 Subsystem: 1028:C722
2910  |Info:    Registering I2C interface: /dev/i2c-0 Device 8086:A323 Subsystem: 1462:7B17
2910  |Info:    Registering I2C interface: /dev/i2c-5 Device 10DE:1E81 Subsystem: 1028:C722
2910  |Info:    ------------------------------------------------------
2910  |Info:    |               Detecting I2C devices                |
2910  |Info:    ------------------------------------------------------
3147  |Info:    ------------------------------------------------------
3147  |Info:    |               Detecting I2C PCI devices            |
3147  |Info:    ------------------------------------------------------
3147  |Info:    ------------------------------------------------------
3147  |Info:    |               Detecting HID devices                |
3147  |Info:    ------------------------------------------------------
3147  |Info:    ------------------------------------------------------
3147  |Info:    |              Detecting other devices               |
3147  |Info:    ------------------------------------------------------
3148  |Info:    ------------------------------------------------------
3148  |Info:    |                Detection completed                 |
3148  |Info:    ------------------------------------------------------
3780  |Info:    ------------------------------------------------------
3780  |Info:    |               Start device detection               |
3780  |Info:    ------------------------------------------------------
3780  |Info:    Initializing HID interfaces: Success
3780  |Info:    ------------------------------------------------------
3780  |Info:    |             Detecting I2C interfaces               |
3780  |Info:    ------------------------------------------------------
3780  |Info:    Registering I2C interface: /dev/i2c-3 Device 10DE:1E81 Subsystem: 1028:C722
3780  |Info:    Registering I2C interface: /dev/i2c-1 Device 10DE:1E81 Subsystem: 1028:C722
3780  |Info:    Registering I2C interface: /dev/i2c-6 Device 10DE:1E81 Subsystem: 1028:C722
3781  |Info:    Registering I2C interface: /dev/i2c-4 Device 10DE:1E81 Subsystem: 1028:C722
3781  |Info:    Registering I2C interface: /dev/i2c-2 Device 10DE:1E81 Subsystem: 1028:C722
3781  |Info:    Registering I2C interface: /dev/i2c-0 Device 8086:A323 Subsystem: 1462:7B17
3781  |Info:    Registering I2C interface: /dev/i2c-5 Device 10DE:1E81 Subsystem: 1028:C722
3781  |Info:    ------------------------------------------------------
3781  |Info:    |               Detecting I2C devices                |
3781  |Info:    ------------------------------------------------------
4020  |Info:    ------------------------------------------------------
4020  |Info:    |               Detecting I2C PCI devices            |
4020  |Info:    ------------------------------------------------------
4021  |Info:    ------------------------------------------------------
4021  |Info:    |               Detecting HID devices                |
4021  |Info:    ------------------------------------------------------
4021  |Info:    ------------------------------------------------------
4021  |Info:    |              Detecting other devices               |
4021  |Info:    ------------------------------------------------------
4021  |Info:    ------------------------------------------------------
4021  |Info:    |                Detection completed                 |
4021  |Info:    ------------------------------------------------------
4630  |Info:    ------------------------------------------------------
4630  |Info:    |               Start device detection               |
4630  |Info:    ------------------------------------------------------
4630  |Info:    Initializing HID interfaces: Success
4631  |Info:    ------------------------------------------------------
4631  |Info:    |             Detecting I2C interfaces               |
4631  |Info:    ------------------------------------------------------
4631  |Info:    Registering I2C interface: /dev/i2c-3 Device 10DE:1E81 Subsystem: 1028:C722
4631  |Info:    Registering I2C interface: /dev/i2c-1 Device 10DE:1E81 Subsystem: 1028:C722
4631  |Info:    Registering I2C interface: /dev/i2c-6 Device 10DE:1E81 Subsystem: 1028:C722
4631  |Info:    Registering I2C interface: /dev/i2c-4 Device 10DE:1E81 Subsystem: 1028:C722
4631  |Info:    Registering I2C interface: /dev/i2c-2 Device 10DE:1E81 Subsystem: 1028:C722
4631  |Info:    Registering I2C interface: /dev/i2c-0 Device 8086:A323 Subsystem: 1462:7B17
4631  |Info:    Registering I2C interface: /dev/i2c-5 Device 10DE:1E81 Subsystem: 1028:C722
4631  |Info:    ------------------------------------------------------
4631  |Info:    |               Detecting I2C devices                |
4631  |Info:    ------------------------------------------------------
4863  |Info:    ------------------------------------------------------
4863  |Info:    |               Detecting I2C PCI devices            |
4863  |Info:    ------------------------------------------------------
4864  |Info:    ------------------------------------------------------
4864  |Info:    |               Detecting HID devices                |
4864  |Info:    ------------------------------------------------------
4864  |Info:    ------------------------------------------------------
4864  |Info:    |              Detecting other devices               |
4864  |Info:    ------------------------------------------------------
4864  |Info:    ------------------------------------------------------
4864  |Info:    |                Detection completed                 |
4864  |Info:    ------------------------------------------------------
