    OpenRGB v0.9
    Commit:  from 
    Launched: 20231230_142521
====================================================================================================

0     |Info:    Found file: Dracula.orp attempting to validate header
0     |Info:    Valid v4 profile found for Dracula
1002  |Info:    ------------------------------------------------------
1002  |Info:    |               Start device detection               |
1002  |Info:    ------------------------------------------------------
1002  |Info:    Initializing HID interfaces: Success
1004  |Info:    ------------------------------------------------------
1004  |Info:    |             Detecting I2C interfaces               |
1004  |Info:    ------------------------------------------------------
1004  |Info:    Registering I2C interface: /dev/i2c-3 Device 1002:744C Subsystem: 1DA2:E471
1005  |Info:    Registering I2C interface: /dev/i2c-1 Device 1002:744C Subsystem: 1DA2:E471
1006  |Info:    Registering I2C interface: /dev/i2c-8 Device 8086:A323 Subsystem: 1462:7B17
1006  |Warning: [i2c_smbus_linux] Failed to read i2c device PCI device ID
1006  |Info:    Registering I2C interface: /dev/i2c-6 Device 0000:0000 Subsystem: 0000:0000
1006  |Info:    Registering I2C interface: /dev/i2c-4 Device 1002:744C Subsystem: 1DA2:E471
1006  |Info:    Registering I2C interface: /dev/i2c-2 Device 1002:744C Subsystem: 1DA2:E471
1006  |Info:    Registering I2C interface: /dev/i2c-0 Device 1002:744C Subsystem: 1DA2:E471
1006  |Warning: [i2c_smbus_linux] Failed to read i2c device PCI device ID
1006  |Info:    Registering I2C interface: /dev/i2c-7 Device 0000:0000 Subsystem: 0000:0000
1006  |Info:    Registering I2C interface: /dev/i2c-5 Device 1002:744C Subsystem: 1DA2:E471
1006  |Info:    ------------------------------------------------------
1006  |Info:    |               Detecting I2C devices                |
1006  |Info:    ------------------------------------------------------
1355  |Info:    ------------------------------------------------------
1355  |Info:    |               Detecting I2C PCI devices            |
1355  |Info:    ------------------------------------------------------
1377  |Info:    ------------------------------------------------------
1377  |Info:    |               Detecting HID devices                |
1377  |Info:    ------------------------------------------------------
1430  |Info:    [Corsair Lighting Node Core] Registering RGB controller
1539  |Info:    [Corsair Commander Core] Registering RGB controller
1542  |Info:    [Glorious Model D / D-] Registering RGB controller
1813  |Info:    [MSI MPG Z390 GAMING EDGE AC (MS-7B17)] Registering RGB controller
1813  |Info:    ------------------------------------------------------
1813  |Info:    |            Detecting libusb HID devices            |
1813  |Info:    ------------------------------------------------------
1829  |Info:    ------------------------------------------------------
1829  |Info:    |              Detecting other devices               |
1829  |Info:    ------------------------------------------------------
1831  |Info:    ------------------------------------------------------
1831  |Info:    |                Detection completed                 |
1831  |Info:    ------------------------------------------------------
31852 |Info:    Found file: Dracula.orp attempting to validate header
31852 |Info:    Valid v4 profile found for Dracula
36258 |Info:    Profile loading: Succeeded for Corsair Lighting Node Core @ HID: /dev/hidraw11
36258 |Info:    Profile loading: Succeeded for Corsair Commander Core @ HID: /dev/hidraw5
36258 |Info:    Profile loading: Succeeded for Glorious Model D / D- @ HID: /dev/hidraw1
36258 |Info:    Profile loading: Succeeded for MSI MPG Z390 GAMING EDGE AC (MS-7B17) @ HID: /dev/hidraw10
39190 |Info:    Profile loading: Succeeded for Corsair Lighting Node Core @ HID: /dev/hidraw11
39190 |Info:    Profile loading: Succeeded for Corsair Commander Core @ HID: /dev/hidraw5
39190 |Info:    Profile loading: Succeeded for Glorious Model D / D- @ HID: /dev/hidraw1
39190 |Info:    Profile loading: Succeeded for MSI MPG Z390 GAMING EDGE AC (MS-7B17) @ HID: /dev/hidraw10
39387 |Info:    Profile loading: Succeeded for Corsair Lighting Node Core @ HID: /dev/hidraw11
39387 |Info:    Profile loading: Succeeded for Corsair Commander Core @ HID: /dev/hidraw5
39387 |Info:    Profile loading: Succeeded for Glorious Model D / D- @ HID: /dev/hidraw1
39387 |Info:    Profile loading: Succeeded for MSI MPG Z390 GAMING EDGE AC (MS-7B17) @ HID: /dev/hidraw10
