    OpenRGB v0.91
    Commit: 14c74248dd35f8f594c2ea4c0be83f7421e41c19 from 2023-07-10 19:51:27 +0000
    Launched: 20230712_112154
====================================================================================================

0     |Info:    Found file: Dracula.orp attempting to validate header
0     |Info:    Valid v4 profile found for Dracula
1009  |Info:    ------------------------------------------------------
1009  |Info:    |               Start device detection               |
1009  |Info:    ------------------------------------------------------
1009  |Info:    Initializing HID interfaces: Success
1010  |Info:    ------------------------------------------------------
1010  |Info:    |             Detecting I2C interfaces               |
1010  |Info:    ------------------------------------------------------
1010  |Info:    Registering I2C interface: /dev/i2c-3 Device 10DE:1E81 Subsystem: 1028:C722
1010  |Info:    Registering I2C interface: /dev/i2c-1 Device 10DE:1E81 Subsystem: 1028:C722
1010  |Info:    Registering I2C interface: /dev/i2c-6 Device 10DE:1E81 Subsystem: 1028:C722
1010  |Info:    Registering I2C interface: /dev/i2c-4 Device 10DE:1E81 Subsystem: 1028:C722
1010  |Info:    Registering I2C interface: /dev/i2c-2 Device 10DE:1E81 Subsystem: 1028:C722
1010  |Info:    Registering I2C interface: /dev/i2c-0 Device 8086:A323 Subsystem: 1462:7B17
1010  |Info:    Registering I2C interface: /dev/i2c-5 Device 10DE:1E81 Subsystem: 1028:C722
1010  |Info:    ------------------------------------------------------
1010  |Info:    |               Detecting I2C devices                |
1010  |Info:    ------------------------------------------------------
1330  |Info:    ------------------------------------------------------
1330  |Info:    |               Detecting I2C PCI devices            |
1330  |Info:    ------------------------------------------------------
1330  |Info:    ------------------------------------------------------
1330  |Info:    |               Detecting HID devices                |
1330  |Info:    ------------------------------------------------------
1383  |Info:    [Corsair Lighting Node Core] Registering RGB controller
1479  |Info:    [Corsair Commander Core] Registering RGB controller
1481  |Info:    [Glorious Model D / D-] Registering RGB controller
1726  |Info:    [MSI MPG Z390 GAMING EDGE AC (MS-7B17)] Registering RGB controller
1726  |Info:    ------------------------------------------------------
1726  |Info:    |            Detecting libusb HID devices            |
1726  |Info:    ------------------------------------------------------
1750  |Info:    ------------------------------------------------------
1750  |Info:    |              Detecting other devices               |
1750  |Info:    ------------------------------------------------------
1752  |Info:    ------------------------------------------------------
1752  |Info:    |                Detection completed                 |
1752  |Info:    ------------------------------------------------------
1752  |Info:    Profile loading: Succeeded for Corsair Lighting Node Core @ HID: /dev/hidraw5
1752  |Info:    Profile loading: Succeeded for Corsair Commander Core @ HID: /dev/hidraw6
1752  |Info:    Profile loading: Succeeded for Glorious Model D / D- @ HID: /dev/hidraw1
1752  |Info:    Profile loading: Succeeded for MSI MPG Z390 GAMING EDGE AC (MS-7B17) @ HID: /dev/hidraw10
