    OpenRGB v0.7
    Commit:  from 
    Launched: 20230102_175402
====================================================================================================

1     |Info:    Found file: Dracula.orp attempting to validate header
2     |Info:    Valid v3 profile found for Dracula
1016  |Info:    ------------------------------------------------------
1016  |Info:    |               Start device detection               |
1016  |Info:    ------------------------------------------------------
1016  |Info:    Initializing HID interfaces: Success
1016  |Info:    ------------------------------------------------------
1016  |Info:    |             Detecting I2C interfaces               |
1016  |Info:    ------------------------------------------------------
1017  |Info:    Registering I2C interface: /dev/i2c-3 Device 10DE:1E81 Subsystem: 1028:C722
1017  |Info:    Registering I2C interface: /dev/i2c-1 Device 10DE:1E81 Subsystem: 1028:C722
1017  |Info:    Registering I2C interface: /dev/i2c-6 Device 10DE:1E81 Subsystem: 1028:C722
1017  |Info:    Registering I2C interface: /dev/i2c-4 Device 10DE:1E81 Subsystem: 1028:C722
1017  |Info:    Registering I2C interface: /dev/i2c-2 Device 10DE:1E81 Subsystem: 1028:C722
1017  |Info:    Registering I2C interface: /dev/i2c-0 Device 8086:A323 Subsystem: 1462:7B17
1017  |Info:    Registering I2C interface: /dev/i2c-5 Device 10DE:1E81 Subsystem: 1028:C722
1017  |Info:    ------------------------------------------------------
1017  |Info:    |               Detecting I2C devices                |
1017  |Info:    ------------------------------------------------------
1257  |Info:    ------------------------------------------------------
1257  |Info:    |               Detecting HID devices                |
1257  |Info:    ------------------------------------------------------
1318  |Info:    [Corsair Lighting Node Core] Registering RGB controller
1415  |Info:    [Corsair Commander Core] Registering RGB controller
1667  |Info:    [MSI MPG Z390 GAMING EDGE AC (MS-7B17)] Registering RGB controller
1667  |Info:    ------------------------------------------------------
1667  |Info:    |              Detecting other devices               |
1667  |Info:    ------------------------------------------------------
1668  |Info:    ------------------------------------------------------
1668  |Info:    |                Detection completed                 |
1668  |Info:    ------------------------------------------------------
1668  |Info:    Profile loading: Succeeded for Corsair Lighting Node Core @ HID: /dev/hidraw10
1668  |Info:    Profile loading: Succeeded for Corsair Commander Core @ HID: /dev/hidraw5
1668  |Info:    Profile loading: Succeeded for MSI MPG Z390 GAMING EDGE AC (MS-7B17) @ HID: /dev/hidraw9
2795  |Info:    Loading plugins
