    OpenRGB v0.9
    Commit:  from 
    Launched: 20230806_203253
====================================================================================================

0     |Info:    Found file: Dracula.orp attempting to validate header
0     |Info:    Valid v4 profile found for Dracula
1011  |Info:    ------------------------------------------------------
1011  |Info:    |               Start device detection               |
1011  |Info:    ------------------------------------------------------
1012  |Info:    Initializing HID interfaces: Success
1012  |Info:    ------------------------------------------------------
1012  |Info:    |             Detecting I2C interfaces               |
1012  |Info:    ------------------------------------------------------
1012  |Info:    Registering I2C interface: /dev/i2c-3 Device 10DE:1E81 Subsystem: 1028:C722
1012  |Info:    Registering I2C interface: /dev/i2c-1 Device 10DE:1E81 Subsystem: 1028:C722
1012  |Info:    Registering I2C interface: /dev/i2c-6 Device 10DE:1E81 Subsystem: 1028:C722
1012  |Info:    Registering I2C interface: /dev/i2c-4 Device 10DE:1E81 Subsystem: 1028:C722
1012  |Info:    Registering I2C interface: /dev/i2c-2 Device 10DE:1E81 Subsystem: 1028:C722
1012  |Info:    Registering I2C interface: /dev/i2c-0 Device 8086:A323 Subsystem: 1462:7B17
1012  |Info:    Registering I2C interface: /dev/i2c-5 Device 10DE:1E81 Subsystem: 1028:C722
1012  |Info:    ------------------------------------------------------
1012  |Info:    |               Detecting I2C devices                |
1012  |Info:    ------------------------------------------------------
1328  |Info:    ------------------------------------------------------
1328  |Info:    |               Detecting I2C PCI devices            |
1328  |Info:    ------------------------------------------------------
1329  |Info:    ------------------------------------------------------
1329  |Info:    |               Detecting HID devices                |
1329  |Info:    ------------------------------------------------------
1329  |Info:    ------------------------------------------------------
1329  |Info:    |            Detecting libusb HID devices            |
1329  |Info:    ------------------------------------------------------
1330  |Info:    ------------------------------------------------------
1330  |Info:    |              Detecting other devices               |
1330  |Info:    ------------------------------------------------------
1331  |Info:    ------------------------------------------------------
1331  |Info:    |                Detection completed                 |
1331  |Info:    ------------------------------------------------------
