    OpenRGB v0.7
    Commit:  from 
    Launched: 20221126_232057
====================================================================================================

0     |Info:    Found file: Dracula.orp attempting to validate header
0     |Info:    Valid v3 profile found for Dracula
1003  |Info:    ------------------------------------------------------
1003  |Info:    |               Start device detection               |
1003  |Info:    ------------------------------------------------------
1003  |Info:    Initializing HID interfaces: Success
1004  |Info:    ------------------------------------------------------
1004  |Info:    |             Detecting I2C interfaces               |
1004  |Info:    ------------------------------------------------------
1004  |Info:    Registering I2C interface: /dev/i2c-3 Device 10DE:1E81 Subsystem: 1028:C722
1004  |Info:    Registering I2C interface: /dev/i2c-1 Device 10DE:1E81 Subsystem: 1028:C722
1004  |Info:    Registering I2C interface: /dev/i2c-6 Device 10DE:1E81 Subsystem: 1028:C722
1004  |Info:    Registering I2C interface: /dev/i2c-4 Device 10DE:1E81 Subsystem: 1028:C722
1004  |Info:    Registering I2C interface: /dev/i2c-2 Device 10DE:1E81 Subsystem: 1028:C722
1004  |Info:    Registering I2C interface: /dev/i2c-0 Device 8086:A323 Subsystem: 1462:7B17
1004  |Info:    Registering I2C interface: /dev/i2c-5 Device 10DE:1E81 Subsystem: 1028:C722
1004  |Info:    ------------------------------------------------------
1004  |Info:    |               Detecting I2C devices                |
1004  |Info:    ------------------------------------------------------
1028  |Info:    Loading plugins
1250  |Info:    ------------------------------------------------------
1250  |Info:    |               Detecting HID devices                |
1250  |Info:    ------------------------------------------------------
1302  |Info:    [Corsair Lighting Node Core] Registering RGB controller
1399  |Info:    [Corsair Commander Core] Registering RGB controller
1399  |Info:    [Glorious Model D / D-] Registering RGB controller
1692  |Info:    [MSI MPG Z390 GAMING EDGE AC (MS-7B17)] Registering RGB controller
1692  |Info:    ------------------------------------------------------
1692  |Info:    |              Detecting other devices               |
1692  |Info:    ------------------------------------------------------
1694  |Info:    ------------------------------------------------------
1694  |Info:    |                Detection completed                 |
1694  |Info:    ------------------------------------------------------
3382  |Info:    Profile loading: Succeeded for Corsair Lighting Node Core @ HID: /dev/hidraw7
3382  |Info:    Profile loading: Succeeded for Corsair Commander Core @ HID: /dev/hidraw8
3382  |Info:    Profile loading: Succeeded for Glorious Model D / D- @ HID: /dev/hidraw1
3382  |Info:    Profile loading: Succeeded for MSI MPG Z390 GAMING EDGE AC (MS-7B17) @ HID: /dev/hidraw2
4087  |Info:    Profile loading: Succeeded for Corsair Lighting Node Core @ HID: /dev/hidraw7
4087  |Info:    Profile loading: Succeeded for Corsair Commander Core @ HID: /dev/hidraw8
4088  |Info:    Profile loading: Succeeded for Glorious Model D / D- @ HID: /dev/hidraw1
4088  |Info:    Profile loading: Succeeded for MSI MPG Z390 GAMING EDGE AC (MS-7B17) @ HID: /dev/hidraw2
4317  |Info:    Profile loading: Succeeded for Corsair Lighting Node Core @ HID: /dev/hidraw7
4317  |Info:    Profile loading: Succeeded for Corsair Commander Core @ HID: /dev/hidraw8
4317  |Info:    Profile loading: Succeeded for Glorious Model D / D- @ HID: /dev/hidraw1
4317  |Info:    Profile loading: Succeeded for MSI MPG Z390 GAMING EDGE AC (MS-7B17) @ HID: /dev/hidraw2
4568  |Info:    Profile loading: Succeeded for Corsair Lighting Node Core @ HID: /dev/hidraw7
4568  |Info:    Profile loading: Succeeded for Corsair Commander Core @ HID: /dev/hidraw8
4568  |Info:    Profile loading: Succeeded for Glorious Model D / D- @ HID: /dev/hidraw1
4568  |Info:    Profile loading: Succeeded for MSI MPG Z390 GAMING EDGE AC (MS-7B17) @ HID: /dev/hidraw2
4822  |Info:    Profile loading: Succeeded for Corsair Lighting Node Core @ HID: /dev/hidraw7
4822  |Info:    Profile loading: Succeeded for Corsair Commander Core @ HID: /dev/hidraw8
4822  |Info:    Profile loading: Succeeded for Glorious Model D / D- @ HID: /dev/hidraw1
4822  |Info:    Profile loading: Succeeded for MSI MPG Z390 GAMING EDGE AC (MS-7B17) @ HID: /dev/hidraw2
5163  |Info:    Profile loading: Succeeded for Corsair Lighting Node Core @ HID: /dev/hidraw7
5163  |Info:    Profile loading: Succeeded for Corsair Commander Core @ HID: /dev/hidraw8
5163  |Info:    Profile loading: Succeeded for Glorious Model D / D- @ HID: /dev/hidraw1
5163  |Info:    Profile loading: Succeeded for MSI MPG Z390 GAMING EDGE AC (MS-7B17) @ HID: /dev/hidraw2
5630  |Info:    Profile loading: Succeeded for Corsair Lighting Node Core @ HID: /dev/hidraw7
5630  |Info:    Profile loading: Succeeded for Corsair Commander Core @ HID: /dev/hidraw8
5630  |Info:    Profile loading: Succeeded for Glorious Model D / D- @ HID: /dev/hidraw1
5630  |Info:    Profile loading: Succeeded for MSI MPG Z390 GAMING EDGE AC (MS-7B17) @ HID: /dev/hidraw2
5940  |Info:    Profile loading: Succeeded for Corsair Lighting Node Core @ HID: /dev/hidraw7
5940  |Info:    Profile loading: Succeeded for Corsair Commander Core @ HID: /dev/hidraw8
5940  |Info:    Profile loading: Succeeded for Glorious Model D / D- @ HID: /dev/hidraw1
5940  |Info:    Profile loading: Succeeded for MSI MPG Z390 GAMING EDGE AC (MS-7B17) @ HID: /dev/hidraw2
