    OpenRGB v0.8
    Commit:  from 
    Launched: 20230107_144618
====================================================================================================

0     |Info:    Found file: Dracula.orp attempting to validate header
2     |Info:    Valid v3 profile found for Dracula
1013  |Info:    Saving detector settings
1014  |Info:    ------------------------------------------------------
1014  |Info:    |               Start device detection               |
1014  |Info:    ------------------------------------------------------
1014  |Info:    Initializing HID interfaces: Success
1015  |Info:    ------------------------------------------------------
1015  |Info:    |             Detecting I2C interfaces               |
1015  |Info:    ------------------------------------------------------
1015  |Info:    Registering I2C interface: /dev/i2c-3 Device 10DE:1E81 Subsystem: 1028:C722
1015  |Info:    Registering I2C interface: /dev/i2c-1 Device 10DE:1E81 Subsystem: 1028:C722
1015  |Info:    Registering I2C interface: /dev/i2c-6 Device 10DE:1E81 Subsystem: 1028:C722
1015  |Info:    Registering I2C interface: /dev/i2c-4 Device 10DE:1E81 Subsystem: 1028:C722
1015  |Info:    Registering I2C interface: /dev/i2c-2 Device 10DE:1E81 Subsystem: 1028:C722
1015  |Info:    Registering I2C interface: /dev/i2c-0 Device 8086:A323 Subsystem: 1462:7B17
1015  |Info:    Registering I2C interface: /dev/i2c-5 Device 10DE:1E81 Subsystem: 1028:C722
1015  |Info:    ------------------------------------------------------
1015  |Info:    |               Detecting I2C devices                |
1015  |Info:    ------------------------------------------------------
1242  |Info:    ------------------------------------------------------
1242  |Info:    |               Detecting I2C PCI devices            |
1242  |Info:    ------------------------------------------------------
1242  |Info:    ------------------------------------------------------
1242  |Info:    |               Detecting HID devices                |
1242  |Info:    ------------------------------------------------------
1296  |Info:    [Corsair Lighting Node Core] Registering RGB controller
1391  |Info:    [Corsair Commander Core] Registering RGB controller
1697  |Info:    [MSI MPG Z390 GAMING EDGE AC (MS-7B17)] Registering RGB controller
1697  |Info:    ------------------------------------------------------
1697  |Info:    |              Detecting other devices               |
1697  |Info:    ------------------------------------------------------
1698  |Info:    ------------------------------------------------------
1698  |Info:    |                Detection completed                 |
1698  |Info:    ------------------------------------------------------
1699  |Info:    Profile loading: Succeeded for Corsair Lighting Node Core @ HID: /dev/hidraw10
1699  |Info:    Profile loading: FAILED! for Corsair Commander Core @ HID: /dev/hidraw5
1699  |Info:    Profile loading: Succeeded for MSI MPG Z390 GAMING EDGE AC (MS-7B17) @ HID: /dev/hidraw9
10047 |Info:    Profile loading: Succeeded for Corsair Lighting Node Core @ HID: /dev/hidraw10
10047 |Info:    Profile loading: FAILED! for Corsair Commander Core @ HID: /dev/hidraw5
10047 |Info:    Profile loading: Succeeded for MSI MPG Z390 GAMING EDGE AC (MS-7B17) @ HID: /dev/hidraw9
22051 |Info:    Profile loading: Succeeded for Corsair Lighting Node Core @ HID: /dev/hidraw10
22051 |Info:    Profile loading: FAILED! for Corsair Commander Core @ HID: /dev/hidraw5
22051 |Info:    Profile loading: Succeeded for MSI MPG Z390 GAMING EDGE AC (MS-7B17) @ HID: /dev/hidraw9
32676 |Info:    Profile loading: Succeeded for Corsair Lighting Node Core @ HID: /dev/hidraw10
32676 |Info:    Profile loading: FAILED! for Corsair Commander Core @ HID: /dev/hidraw5
32676 |Info:    Profile loading: Succeeded for MSI MPG Z390 GAMING EDGE AC (MS-7B17) @ HID: /dev/hidraw9
