    OpenRGB v0.91
    Commit: acf12dfd5e73d77fd384c52abfab31ccf91ce946 from 2023-12-26 17:17:15 -0600
    Launched: 20231230_110023
====================================================================================================

8     |Info:    Found file: Dracula.orp attempting to validate header
8     |Info:    Valid v4 profile found for Dracula
1010  |Info:    ------------------------------------------------------
1010  |Info:    |               Start device detection               |
1010  |Info:    ------------------------------------------------------
1010  |Info:    Initializing HID interfaces: Success
1011  |Info:    ------------------------------------------------------
1011  |Info:    |             Detecting I2C interfaces               |
1011  |Info:    ------------------------------------------------------
1011  |Info:    Registering I2C interface: /dev/i2c-3 Device 1002:744C Subsystem: 1DA2:E471
1011  |Info:    Registering I2C interface: /dev/i2c-1 Device 1002:744C Subsystem: 1DA2:E471
1011  |Info:    Registering I2C interface: /dev/i2c-8 Device 8086:A323 Subsystem: 1462:7B17
1011  |Warning: [i2c_smbus_linux] Failed to read i2c device PCI device ID
1011  |Info:    Registering I2C interface: /dev/i2c-6 Device 0000:0000 Subsystem: 0000:0000
1011  |Info:    Registering I2C interface: /dev/i2c-4 Device 1002:744C Subsystem: 1DA2:E471
1011  |Info:    Registering I2C interface: /dev/i2c-2 Device 1002:744C Subsystem: 1DA2:E471
1011  |Info:    Registering I2C interface: /dev/i2c-0 Device 1002:744C Subsystem: 1DA2:E471
1011  |Warning: [i2c_smbus_linux] Failed to read i2c device PCI device ID
1011  |Info:    Registering I2C interface: /dev/i2c-7 Device 0000:0000 Subsystem: 0000:0000
1011  |Info:    Registering I2C interface: /dev/i2c-5 Device 1002:744C Subsystem: 1DA2:E471
1011  |Info:    ------------------------------------------------------
1011  |Info:    |               Detecting I2C devices                |
1011  |Info:    ------------------------------------------------------
1361  |Info:    ------------------------------------------------------
1361  |Info:    |               Detecting I2C PCI devices            |
1361  |Info:    ------------------------------------------------------
1386  |Info:    ------------------------------------------------------
1386  |Info:    |               Detecting HID devices                |
1386  |Info:    ------------------------------------------------------
1439  |Info:    [Corsair Lighting Node Core] Registering RGB controller
13089 |Info:    [Corsair Commander Core] Registering RGB controller
13092 |Info:    [Glorious Model D / D-] Registering RGB controller
13332 |Info:    [MSI MPG Z390 GAMING EDGE AC (MS-7B17)] Registering RGB controller
13332 |Info:    ------------------------------------------------------
13332 |Info:    |            Detecting libusb HID devices            |
13332 |Info:    ------------------------------------------------------
13351 |Info:    ------------------------------------------------------
13351 |Info:    |              Detecting other devices               |
13351 |Info:    ------------------------------------------------------
13353 |Info:    ------------------------------------------------------
13353 |Info:    |                Detection completed                 |
13353 |Info:    ------------------------------------------------------
13353 |Info:    Profile loading: Succeeded for Corsair Lighting Node Core @ HID: /dev/hidraw11
13353 |Info:    Profile loading: FAILED! for Corsair Commander Core @ HID: /dev/hidraw5
13353 |Info:    Profile loading: Succeeded for Glorious Model D / D- @ HID: /dev/hidraw1
13353 |Info:    Profile loading: FAILED! for MSI MPG Z390 GAMING EDGE AC (MS-7B17) @ HID: /dev/hidraw10
