    OpenRGB v0.9
    Commit:  from 
    Launched: 20240213_120618
====================================================================================================

7     |Info:    Found file: Dracula.orp attempting to validate header
7     |Info:    Valid v4 profile found for Dracula
1009  |Info:    ------------------------------------------------------
1009  |Info:    |               Start device detection               |
1009  |Info:    ------------------------------------------------------
1009  |Info:    Initializing HID interfaces: Success
1011  |Info:    ------------------------------------------------------
1011  |Info:    |             Detecting I2C interfaces               |
1011  |Info:    ------------------------------------------------------
1011  |Info:    Registering I2C interface: /dev/i2c-3 Device 1002:744C Subsystem: 1DA2:E471
1011  |Info:    Registering I2C interface: /dev/i2c-1 Device 1002:744C Subsystem: 1DA2:E471
1011  |Info:    Registering I2C interface: /dev/i2c-8 Device 8086:A323 Subsystem: 1462:7B17
1011  |Warning: [i2c_smbus_linux] Failed to read i2c device PCI device ID
1013  |Info:    Registering I2C interface: /dev/i2c-6 Device 0000:0000 Subsystem: 0000:0000
1013  |Info:    Registering I2C interface: /dev/i2c-4 Device 1002:744C Subsystem: 1DA2:E471
1013  |Info:    Registering I2C interface: /dev/i2c-2 Device 1002:744C Subsystem: 1DA2:E471
1013  |Info:    Registering I2C interface: /dev/i2c-0 Device 1002:744C Subsystem: 1DA2:E471
1013  |Warning: [i2c_smbus_linux] Failed to read i2c device PCI device ID
1013  |Info:    Registering I2C interface: /dev/i2c-7 Device 0000:0000 Subsystem: 0000:0000
1013  |Info:    Registering I2C interface: /dev/i2c-5 Device 1002:744C Subsystem: 1DA2:E471
1013  |Info:    ------------------------------------------------------
1013  |Info:    |               Detecting I2C devices                |
1013  |Info:    ------------------------------------------------------
1369  |Info:    ------------------------------------------------------
1369  |Info:    |               Detecting I2C PCI devices            |
1369  |Info:    ------------------------------------------------------
1392  |Info:    ------------------------------------------------------
1392  |Info:    |               Detecting HID devices                |
1392  |Info:    ------------------------------------------------------
1445  |Info:    [Corsair Lighting Node Core] Registering RGB controller
1555  |Info:    [Corsair Commander Core] Registering RGB controller
1558  |Info:    [Glorious Model D / D-] Registering RGB controller
1813  |Info:    [MSI MPG Z390 GAMING EDGE AC (MS-7B17)] Registering RGB controller
1813  |Info:    ------------------------------------------------------
1813  |Info:    |            Detecting libusb HID devices            |
1813  |Info:    ------------------------------------------------------
1827  |Info:    ------------------------------------------------------
1827  |Info:    |              Detecting other devices               |
1827  |Info:    ------------------------------------------------------
1830  |Info:    ------------------------------------------------------
1830  |Info:    |                Detection completed                 |
1830  |Info:    ------------------------------------------------------
9711  |Info:    Profile loading: Succeeded for Corsair Lighting Node Core @ HID: /dev/hidraw10
9711  |Info:    Profile loading: Succeeded for Corsair Commander Core @ HID: /dev/hidraw5
9711  |Info:    Profile loading: Succeeded for Glorious Model D / D- @ HID: /dev/hidraw1
9711  |Info:    Profile loading: Succeeded for MSI MPG Z390 GAMING EDGE AC (MS-7B17) @ HID: /dev/hidraw9
18446 |Info:    Profile loading: Succeeded for Corsair Lighting Node Core @ HID: /dev/hidraw10
18446 |Info:    Profile loading: Succeeded for Corsair Commander Core @ HID: /dev/hidraw5
18446 |Info:    Profile loading: Succeeded for Glorious Model D / D- @ HID: /dev/hidraw1
18446 |Info:    Profile loading: Succeeded for MSI MPG Z390 GAMING EDGE AC (MS-7B17) @ HID: /dev/hidraw9
28102 |Info:    Profile loading: Succeeded for Corsair Lighting Node Core @ HID: /dev/hidraw10
28102 |Info:    Profile loading: Succeeded for Corsair Commander Core @ HID: /dev/hidraw5
28102 |Info:    Profile loading: Succeeded for Glorious Model D / D- @ HID: /dev/hidraw1
28102 |Info:    Profile loading: Succeeded for MSI MPG Z390 GAMING EDGE AC (MS-7B17) @ HID: /dev/hidraw9
28377 |Info:    Profile loading: Succeeded for Corsair Lighting Node Core @ HID: /dev/hidraw10
28377 |Info:    Profile loading: Succeeded for Corsair Commander Core @ HID: /dev/hidraw5
28377 |Info:    Profile loading: Succeeded for Glorious Model D / D- @ HID: /dev/hidraw1
28377 |Info:    Profile loading: Succeeded for MSI MPG Z390 GAMING EDGE AC (MS-7B17) @ HID: /dev/hidraw9
28623 |Info:    Profile loading: Succeeded for Corsair Lighting Node Core @ HID: /dev/hidraw10
28623 |Info:    Profile loading: Succeeded for Corsair Commander Core @ HID: /dev/hidraw5
28623 |Info:    Profile loading: Succeeded for Glorious Model D / D- @ HID: /dev/hidraw1
28623 |Info:    Profile loading: Succeeded for MSI MPG Z390 GAMING EDGE AC (MS-7B17) @ HID: /dev/hidraw9
91920 |Info:    Found file: Dracula.orp attempting to validate header
91920 |Info:    Valid v4 profile found for Dracula
93870 |Info:    Profile loading: Succeeded for Corsair Lighting Node Core @ HID: /dev/hidraw10
93870 |Info:    Profile loading: Succeeded for Corsair Commander Core @ HID: /dev/hidraw5
93870 |Info:    Profile loading: Succeeded for Glorious Model D / D- @ HID: /dev/hidraw1
93870 |Info:    Profile loading: Succeeded for MSI MPG Z390 GAMING EDGE AC (MS-7B17) @ HID: /dev/hidraw9
