    OpenRGB v0.81
    Commit: 70ba6a213301deefb966ff25008e00722d9fb630 from 2023-06-05 18:19:05 +0000
    Launched: 20230607_184601
====================================================================================================

0     |Info:    Found file: Dracula.orp attempting to validate header
0     |Info:    Valid v4 profile found for Dracula
1010  |Info:    Saving detector settings
1010  |Info:    ------------------------------------------------------
1010  |Info:    |               Start device detection               |
1010  |Info:    ------------------------------------------------------
1010  |Info:    Initializing HID interfaces: Success
1011  |Info:    ------------------------------------------------------
1011  |Info:    |             Detecting I2C interfaces               |
1011  |Info:    ------------------------------------------------------
1011  |Info:    Registering I2C interface: /dev/i2c-3 Device 10DE:1E81 Subsystem: 1028:C722
1011  |Info:    Registering I2C interface: /dev/i2c-1 Device 10DE:1E81 Subsystem: 1028:C722
1011  |Info:    Registering I2C interface: /dev/i2c-6 Device 10DE:1E81 Subsystem: 1028:C722
1011  |Info:    Registering I2C interface: /dev/i2c-4 Device 10DE:1E81 Subsystem: 1028:C722
1011  |Info:    Registering I2C interface: /dev/i2c-2 Device 10DE:1E81 Subsystem: 1028:C722
1011  |Info:    Registering I2C interface: /dev/i2c-0 Device 8086:A323 Subsystem: 1462:7B17
1012  |Info:    Registering I2C interface: /dev/i2c-5 Device 10DE:1E81 Subsystem: 1028:C722
1012  |Info:    ------------------------------------------------------
1012  |Info:    |               Detecting I2C devices                |
1012  |Info:    ------------------------------------------------------
1328  |Info:    ------------------------------------------------------
1328  |Info:    |               Detecting I2C PCI devices            |
1328  |Info:    ------------------------------------------------------
1328  |Info:    ------------------------------------------------------
1328  |Info:    |               Detecting HID devices                |
1328  |Info:    ------------------------------------------------------
1387  |Info:    [Corsair Lighting Node Core] Registering RGB controller
1486  |Info:    [Corsair Commander Core] Registering RGB controller
1488  |Info:    [Glorious Model D / D-] Registering RGB controller
1791  |Info:    [MSI MPG Z390 GAMING EDGE AC (MS-7B17)] Registering RGB controller
1791  |Info:    ------------------------------------------------------
1791  |Info:    |            Detecting libusb HID devices            |
1791  |Info:    ------------------------------------------------------
1816  |Info:    ------------------------------------------------------
1816  |Info:    |              Detecting other devices               |
1816  |Info:    ------------------------------------------------------
1818  |Info:    ------------------------------------------------------
1818  |Info:    |                Detection completed                 |
1818  |Info:    ------------------------------------------------------
1818  |Info:    Profile loading: Succeeded for Corsair Lighting Node Core @ HID: /dev/hidraw12
1818  |Info:    Profile loading: Succeeded for Corsair Commander Core @ HID: /dev/hidraw5
1818  |Info:    Profile loading: Succeeded for Glorious Model D / D- @ HID: /dev/hidraw1
1818  |Info:    Profile loading: Succeeded for MSI MPG Z390 GAMING EDGE AC (MS-7B17) @ HID: /dev/hidraw10
