    OpenRGB v0.8
    Commit:  from 
    Launched: 20230314_212104
====================================================================================================

0     |Info:    Found file: Dracula.orp attempting to validate header
1     |Info:    Valid v3 profile found for Dracula
1018  |Info:    ------------------------------------------------------
1018  |Info:    |               Start device detection               |
1018  |Info:    ------------------------------------------------------
1018  |Info:    Initializing HID interfaces: Success
1019  |Info:    ------------------------------------------------------
1019  |Info:    |             Detecting I2C interfaces               |
1019  |Info:    ------------------------------------------------------
1019  |Info:    Registering I2C interface: /dev/i2c-3 Device 10DE:1E81 Subsystem: 1028:C722
1019  |Info:    Registering I2C interface: /dev/i2c-1 Device 10DE:1E81 Subsystem: 1028:C722
1019  |Info:    Registering I2C interface: /dev/i2c-6 Device 10DE:1E81 Subsystem: 1028:C722
1019  |Info:    Registering I2C interface: /dev/i2c-4 Device 10DE:1E81 Subsystem: 1028:C722
1019  |Info:    Registering I2C interface: /dev/i2c-2 Device 10DE:1E81 Subsystem: 1028:C722
1019  |Info:    Registering I2C interface: /dev/i2c-0 Device 8086:A323 Subsystem: 1462:7B17
1019  |Info:    Registering I2C interface: /dev/i2c-5 Device 10DE:1E81 Subsystem: 1028:C722
1019  |Info:    ------------------------------------------------------
1019  |Info:    |               Detecting I2C devices                |
1019  |Info:    ------------------------------------------------------
1251  |Info:    ------------------------------------------------------
1251  |Info:    |               Detecting I2C PCI devices            |
1251  |Info:    ------------------------------------------------------
1251  |Info:    ------------------------------------------------------
1251  |Info:    |               Detecting HID devices                |
1251  |Info:    ------------------------------------------------------
1309  |Info:    [Corsair Lighting Node Core] Registering RGB controller
1404  |Info:    [Corsair Commander Core] Registering RGB controller
1712  |Info:    [MSI MPG Z390 GAMING EDGE AC (MS-7B17)] Registering RGB controller
1712  |Info:    ------------------------------------------------------
1712  |Info:    |              Detecting other devices               |
1712  |Info:    ------------------------------------------------------
1714  |Info:    ------------------------------------------------------
1714  |Info:    |                Detection completed                 |
1714  |Info:    ------------------------------------------------------
1714  |Info:    Profile loading: Succeeded for Corsair Lighting Node Core @ HID: /dev/hidraw5
1714  |Info:    Profile loading: Succeeded for Corsair Commander Core @ HID: /dev/hidraw6
1714  |Info:    Profile loading: Succeeded for MSI MPG Z390 GAMING EDGE AC (MS-7B17) @ HID: /dev/hidraw9
