    OpenRGB v0.9
    Commit:  from 
    Launched: 20231105_125806
====================================================================================================

1     |Info:    Found file: Dracula.orp attempting to validate header
1     |Info:    Valid v4 profile found for Dracula
1004  |Info:    ------------------------------------------------------
1004  |Info:    |               Start device detection               |
1004  |Info:    ------------------------------------------------------
1004  |Info:    Initializing HID interfaces: Success
1005  |Info:    ------------------------------------------------------
1005  |Info:    |             Detecting I2C interfaces               |
1005  |Info:    ------------------------------------------------------
1005  |Info:    Registering I2C interface: /dev/i2c-3 Device 10DE:1E81 Subsystem: 1028:C722
1005  |Info:    Registering I2C interface: /dev/i2c-1 Device 10DE:1E81 Subsystem: 1028:C722
1005  |Info:    Registering I2C interface: /dev/i2c-6 Device 10DE:1E81 Subsystem: 1028:C722
1005  |Info:    Registering I2C interface: /dev/i2c-4 Device 10DE:1E81 Subsystem: 1028:C722
1005  |Info:    Registering I2C interface: /dev/i2c-2 Device 10DE:1E81 Subsystem: 1028:C722
1005  |Info:    Registering I2C interface: /dev/i2c-0 Device 8086:A323 Subsystem: 1462:7B17
1005  |Info:    Registering I2C interface: /dev/i2c-5 Device 10DE:1E81 Subsystem: 1028:C722
1005  |Info:    ------------------------------------------------------
1005  |Info:    |               Detecting I2C devices                |
1005  |Info:    ------------------------------------------------------
1320  |Info:    ------------------------------------------------------
1320  |Info:    |               Detecting I2C PCI devices            |
1320  |Info:    ------------------------------------------------------
1321  |Info:    ------------------------------------------------------
1321  |Info:    |               Detecting HID devices                |
1321  |Info:    ------------------------------------------------------
1378  |Info:    [Corsair Lighting Node Core] Registering RGB controller
1475  |Info:    [Corsair Commander Core] Registering RGB controller
1477  |Info:    [Glorious Model D / D-] Registering RGB controller
1763  |Info:    [MSI MPG Z390 GAMING EDGE AC (MS-7B17)] Registering RGB controller
1763  |Info:    ------------------------------------------------------
1763  |Info:    |            Detecting libusb HID devices            |
1763  |Info:    ------------------------------------------------------
1781  |Info:    ------------------------------------------------------
1781  |Info:    |              Detecting other devices               |
1781  |Info:    ------------------------------------------------------
1782  |Info:    ------------------------------------------------------
1782  |Info:    |                Detection completed                 |
1782  |Info:    ------------------------------------------------------
1782  |Info:    Profile loading: Succeeded for Corsair Lighting Node Core @ HID: /dev/hidraw10
1782  |Info:    Profile loading: Succeeded for Corsair Commander Core @ HID: /dev/hidraw5
1782  |Info:    Profile loading: Succeeded for Glorious Model D / D- @ HID: /dev/hidraw1
1782  |Info:    Profile loading: Succeeded for MSI MPG Z390 GAMING EDGE AC (MS-7B17) @ HID: /dev/hidraw9
