    OpenRGB v0.9
    Commit:  from 
    Launched: 20240121_150134
====================================================================================================

13    |Info:    Found file: Dracula.orp attempting to validate header
13    |Info:    Valid v4 profile found for Dracula
1015  |Info:    ------------------------------------------------------
1015  |Info:    |               Start device detection               |
1015  |Info:    ------------------------------------------------------
1016  |Info:    Initializing HID interfaces: Success
1016  |Info:    ------------------------------------------------------
1016  |Info:    |             Detecting I2C interfaces               |
1016  |Info:    ------------------------------------------------------
1016  |Info:    Registering I2C interface: /dev/i2c-3 Device 1002:744C Subsystem: 1DA2:E471
1016  |Info:    Registering I2C interface: /dev/i2c-1 Device 1002:744C Subsystem: 1DA2:E471
1016  |Info:    Registering I2C interface: /dev/i2c-8 Device 8086:A323 Subsystem: 1462:7B17
1016  |Warning: [i2c_smbus_linux] Failed to read i2c device PCI device ID
1016  |Info:    Registering I2C interface: /dev/i2c-6 Device 0000:0000 Subsystem: 0000:0000
1017  |Info:    Registering I2C interface: /dev/i2c-4 Device 1002:744C Subsystem: 1DA2:E471
1017  |Info:    Registering I2C interface: /dev/i2c-2 Device 1002:744C Subsystem: 1DA2:E471
1017  |Info:    Registering I2C interface: /dev/i2c-0 Device 1002:744C Subsystem: 1DA2:E471
1017  |Warning: [i2c_smbus_linux] Failed to read i2c device PCI device ID
1017  |Info:    Registering I2C interface: /dev/i2c-7 Device 0000:0000 Subsystem: 0000:0000
1017  |Info:    Registering I2C interface: /dev/i2c-5 Device 1002:744C Subsystem: 1DA2:E471
1017  |Info:    ------------------------------------------------------
1017  |Info:    |               Detecting I2C devices                |
1017  |Info:    ------------------------------------------------------
1363  |Info:    ------------------------------------------------------
1363  |Info:    |               Detecting I2C PCI devices            |
1363  |Info:    ------------------------------------------------------
1386  |Info:    ------------------------------------------------------
1386  |Info:    |               Detecting HID devices                |
1386  |Info:    ------------------------------------------------------
1438  |Info:    [Corsair Lighting Node Core] Registering RGB controller
1577  |Info:    [Corsair Commander Core] Registering RGB controller
1580  |Info:    [Glorious Model D / D-] Registering RGB controller
1884  |Info:    [MSI MPG Z390 GAMING EDGE AC (MS-7B17)] Registering RGB controller
1884  |Info:    ------------------------------------------------------
1884  |Info:    |            Detecting libusb HID devices            |
1884  |Info:    ------------------------------------------------------
1900  |Info:    ------------------------------------------------------
1900  |Info:    |              Detecting other devices               |
1900  |Info:    ------------------------------------------------------
1901  |Info:    ------------------------------------------------------
1901  |Info:    |                Detection completed                 |
1901  |Info:    ------------------------------------------------------
1901  |Info:    Profile loading: Succeeded for Corsair Lighting Node Core @ HID: /dev/hidraw10
1901  |Info:    Profile loading: Succeeded for Corsair Commander Core @ HID: /dev/hidraw5
1901  |Info:    Profile loading: Succeeded for Glorious Model D / D- @ HID: /dev/hidraw1
1901  |Info:    Profile loading: Succeeded for MSI MPG Z390 GAMING EDGE AC (MS-7B17) @ HID: /dev/hidraw9
22664 |Info:    Profile loading: Succeeded for Corsair Lighting Node Core @ HID: /dev/hidraw10
22664 |Info:    Profile loading: Succeeded for Corsair Commander Core @ HID: /dev/hidraw5
22664 |Info:    Profile loading: Succeeded for Glorious Model D / D- @ HID: /dev/hidraw1
22664 |Info:    Profile loading: Succeeded for MSI MPG Z390 GAMING EDGE AC (MS-7B17) @ HID: /dev/hidraw9
