    OpenRGB v0.9
    Commit:  from 
    Launched: 20240624_230704
====================================================================================================

5     |Info:    Found file: Dracula.orp attempting to validate header
5     |Info:    Valid v4 profile found for Dracula
1008  |Info:    ------------------------------------------------------
1008  |Info:    |               Start device detection               |
1008  |Info:    ------------------------------------------------------
1008  |Info:    Initializing HID interfaces: Success
1009  |Info:    ------------------------------------------------------
1009  |Info:    |             Detecting I2C interfaces               |
1009  |Info:    ------------------------------------------------------
1009  |Info:    Registering I2C interface: /dev/i2c-3 Device 1002:744C Subsystem: 1DA2:E471
1009  |Info:    Registering I2C interface: /dev/i2c-1 Device 1002:744C Subsystem: 1DA2:E471
1009  |Info:    Registering I2C interface: /dev/i2c-8 Device 8086:A323 Subsystem: 1462:7B17
1009  |Warning: [i2c_smbus_linux] Failed to read i2c device PCI device ID
1009  |Info:    Registering I2C interface: /dev/i2c-6 Device 0000:0000 Subsystem: 0000:0000
1009  |Info:    Registering I2C interface: /dev/i2c-4 Device 1002:744C Subsystem: 1DA2:E471
1009  |Info:    Registering I2C interface: /dev/i2c-2 Device 1002:744C Subsystem: 1DA2:E471
1009  |Info:    Registering I2C interface: /dev/i2c-0 Device 1002:744C Subsystem: 1DA2:E471
1009  |Warning: [i2c_smbus_linux] Failed to read i2c device PCI device ID
1009  |Info:    Registering I2C interface: /dev/i2c-7 Device 0000:0000 Subsystem: 0000:0000
1009  |Info:    Registering I2C interface: /dev/i2c-5 Device 1002:744C Subsystem: 1DA2:E471
1009  |Info:    ------------------------------------------------------
1009  |Info:    |               Detecting I2C devices                |
1009  |Info:    ------------------------------------------------------
1356  |Info:    ------------------------------------------------------
1356  |Info:    |               Detecting I2C PCI devices            |
1356  |Info:    ------------------------------------------------------
1378  |Info:    ------------------------------------------------------
1378  |Info:    |               Detecting HID devices                |
1378  |Info:    ------------------------------------------------------
1381  |Info:    [Glorious Model D / D-] Registering RGB controller
1441  |Info:    [Corsair Lighting Node Core] Registering RGB controller
1579  |Info:    [Corsair Commander Core] Registering RGB controller
1843  |Info:    [MSI MPG Z390 GAMING EDGE AC (MS-7B17)] Registering RGB controller
1843  |Info:    ------------------------------------------------------
1843  |Info:    |            Detecting libusb HID devices            |
1843  |Info:    ------------------------------------------------------
1860  |Info:    ------------------------------------------------------
1860  |Info:    |              Detecting other devices               |
1860  |Info:    ------------------------------------------------------
1861  |Info:    ------------------------------------------------------
1861  |Info:    |                Detection completed                 |
1861  |Info:    ------------------------------------------------------
1861  |Info:    Profile loading: Succeeded for Glorious Model D / D- @ HID: /dev/hidraw1
1861  |Info:    Profile loading: Succeeded for Corsair Lighting Node Core @ HID: /dev/hidraw6
1861  |Info:    Profile loading: Succeeded for Corsair Commander Core @ HID: /dev/hidraw2
1861  |Info:    Profile loading: Succeeded for MSI MPG Z390 GAMING EDGE AC (MS-7B17) @ HID: /dev/hidraw5
