    OpenRGB v0.7
    Commit:  from 
    Launched: 20221221_220017
====================================================================================================

0     |Info:    Found file: Dracula.orp attempting to validate header
0     |Info:    Valid v3 profile found for Dracula
1000  |Info:    ------------------------------------------------------
1001  |Info:    |               Start device detection               |
1001  |Info:    ------------------------------------------------------
1001  |Info:    Initializing HID interfaces: Success
1001  |Info:    ------------------------------------------------------
1001  |Info:    |             Detecting I2C interfaces               |
1001  |Info:    ------------------------------------------------------
1001  |Info:    Registering I2C interface: /dev/i2c-3 Device 10DE:1E81 Subsystem: 1028:C722
1001  |Info:    Registering I2C interface: /dev/i2c-1 Device 10DE:1E81 Subsystem: 1028:C722
1001  |Info:    Registering I2C interface: /dev/i2c-6 Device 10DE:1E81 Subsystem: 1028:C722
1001  |Info:    Registering I2C interface: /dev/i2c-4 Device 10DE:1E81 Subsystem: 1028:C722
1001  |Info:    Registering I2C interface: /dev/i2c-2 Device 10DE:1E81 Subsystem: 1028:C722
1001  |Info:    Registering I2C interface: /dev/i2c-0 Device 8086:A323 Subsystem: 1462:7B17
1001  |Info:    Registering I2C interface: /dev/i2c-5 Device 10DE:1E81 Subsystem: 1028:C722
1001  |Info:    ------------------------------------------------------
1001  |Info:    |               Detecting I2C devices                |
1001  |Info:    ------------------------------------------------------
1023  |Info:    Loading plugins
1246  |Info:    ------------------------------------------------------
1246  |Info:    |               Detecting HID devices                |
1246  |Info:    ------------------------------------------------------
1299  |Info:    [Corsair Lighting Node Core] Registering RGB controller
1396  |Info:    [Corsair Commander Core] Registering RGB controller
1649  |Info:    [MSI MPG Z390 GAMING EDGE AC (MS-7B17)] Registering RGB controller
1649  |Info:    ------------------------------------------------------
1649  |Info:    |              Detecting other devices               |
1649  |Info:    ------------------------------------------------------
1650  |Info:    ------------------------------------------------------
1650  |Info:    |                Detection completed                 |
1650  |Info:    ------------------------------------------------------
7881  |Info:    Profile loading: Succeeded for Corsair Lighting Node Core @ HID: /dev/hidraw3
7881  |Info:    Profile loading: Succeeded for Corsair Commander Core @ HID: /dev/hidraw7
7881  |Info:    Profile loading: Succeeded for MSI MPG Z390 GAMING EDGE AC (MS-7B17) @ HID: /dev/hidraw2
8836  |Info:    Profile loading: Succeeded for Corsair Lighting Node Core @ HID: /dev/hidraw3
8836  |Info:    Profile loading: Succeeded for Corsair Commander Core @ HID: /dev/hidraw7
8836  |Info:    Profile loading: Succeeded for MSI MPG Z390 GAMING EDGE AC (MS-7B17) @ HID: /dev/hidraw2
