    OpenRGB v0.9
    Commit:  from 
    Launched: 20240101_030905
====================================================================================================

8     |Info:    Found file: Dracula.orp attempting to validate header
8     |Info:    Valid v4 profile found for Dracula
1010  |Info:    ------------------------------------------------------
1010  |Info:    |               Start device detection               |
1010  |Info:    ------------------------------------------------------
1010  |Info:    Initializing HID interfaces: Success
1011  |Info:    ------------------------------------------------------
1011  |Info:    |             Detecting I2C interfaces               |
1011  |Info:    ------------------------------------------------------
1011  |Info:    Registering I2C interface: /dev/i2c-3 Device 1002:744C Subsystem: 1DA2:E471
1011  |Info:    Registering I2C interface: /dev/i2c-1 Device 1002:744C Subsystem: 1DA2:E471
1011  |Info:    Registering I2C interface: /dev/i2c-8 Device 8086:A323 Subsystem: 1462:7B17
1011  |Warning: [i2c_smbus_linux] Failed to read i2c device PCI device ID
1011  |Info:    Registering I2C interface: /dev/i2c-6 Device 0000:0000 Subsystem: 0000:0000
1011  |Info:    Registering I2C interface: /dev/i2c-4 Device 1002:744C Subsystem: 1DA2:E471
1011  |Info:    Registering I2C interface: /dev/i2c-2 Device 1002:744C Subsystem: 1DA2:E471
1011  |Info:    Registering I2C interface: /dev/i2c-0 Device 1002:744C Subsystem: 1DA2:E471
1011  |Warning: [i2c_smbus_linux] Failed to read i2c device PCI device ID
1011  |Info:    Registering I2C interface: /dev/i2c-7 Device 0000:0000 Subsystem: 0000:0000
1011  |Info:    Registering I2C interface: /dev/i2c-5 Device 1002:744C Subsystem: 1DA2:E471
1011  |Info:    ------------------------------------------------------
1011  |Info:    |               Detecting I2C devices                |
1011  |Info:    ------------------------------------------------------
1362  |Info:    ------------------------------------------------------
1362  |Info:    |               Detecting I2C PCI devices            |
1362  |Info:    ------------------------------------------------------
1386  |Info:    ------------------------------------------------------
1386  |Info:    |               Detecting HID devices                |
1386  |Info:    ------------------------------------------------------
1439  |Info:    [Corsair Lighting Node Core] Registering RGB controller
1549  |Info:    [Corsair Commander Core] Registering RGB controller
1552  |Info:    [Glorious Model D / D-] Registering RGB controller
1857  |Info:    [MSI MPG Z390 GAMING EDGE AC (MS-7B17)] Registering RGB controller
1857  |Info:    ------------------------------------------------------
1857  |Info:    |            Detecting libusb HID devices            |
1857  |Info:    ------------------------------------------------------
1873  |Info:    ------------------------------------------------------
1873  |Info:    |              Detecting other devices               |
1873  |Info:    ------------------------------------------------------
1874  |Info:    ------------------------------------------------------
1874  |Info:    |                Detection completed                 |
1874  |Info:    ------------------------------------------------------
1874  |Info:    Profile loading: Succeeded for Corsair Lighting Node Core @ HID: /dev/hidraw10
1874  |Info:    Profile loading: Succeeded for Corsair Commander Core @ HID: /dev/hidraw5
1874  |Info:    Profile loading: Succeeded for Glorious Model D / D- @ HID: /dev/hidraw1
1874  |Info:    Profile loading: Succeeded for MSI MPG Z390 GAMING EDGE AC (MS-7B17) @ HID: /dev/hidraw9
