    OpenRGB v0.9
    Commit:  from 
    Launched: 20240310_220902
====================================================================================================

7     |Info:    Found file: Dracula.orp attempting to validate header
7     |Info:    Valid v4 profile found for Dracula
1009  |Info:    ------------------------------------------------------
1009  |Info:    |               Start device detection               |
1009  |Info:    ------------------------------------------------------
1009  |Info:    Initializing HID interfaces: Success
1010  |Info:    ------------------------------------------------------
1010  |Info:    |             Detecting I2C interfaces               |
1010  |Info:    ------------------------------------------------------
1010  |Info:    Registering I2C interface: /dev/i2c-3 Device 1002:744C Subsystem: 1DA2:E471
1010  |Info:    Registering I2C interface: /dev/i2c-1 Device 1002:744C Subsystem: 1DA2:E471
1010  |Info:    Registering I2C interface: /dev/i2c-8 Device 8086:A323 Subsystem: 1462:7B17
1010  |Warning: [i2c_smbus_linux] Failed to read i2c device PCI device ID
1010  |Info:    Registering I2C interface: /dev/i2c-6 Device 0000:0000 Subsystem: 0000:0000
1010  |Info:    Registering I2C interface: /dev/i2c-4 Device 1002:744C Subsystem: 1DA2:E471
1010  |Info:    Registering I2C interface: /dev/i2c-2 Device 1002:744C Subsystem: 1DA2:E471
1010  |Info:    Registering I2C interface: /dev/i2c-0 Device 1002:744C Subsystem: 1DA2:E471
1010  |Warning: [i2c_smbus_linux] Failed to read i2c device PCI device ID
1010  |Info:    Registering I2C interface: /dev/i2c-7 Device 0000:0000 Subsystem: 0000:0000
1010  |Info:    Registering I2C interface: /dev/i2c-5 Device 1002:744C Subsystem: 1DA2:E471
1010  |Info:    ------------------------------------------------------
1010  |Info:    |               Detecting I2C devices                |
1010  |Info:    ------------------------------------------------------
1357  |Info:    ------------------------------------------------------
1357  |Info:    |               Detecting I2C PCI devices            |
1357  |Info:    ------------------------------------------------------
1379  |Info:    ------------------------------------------------------
1379  |Info:    |               Detecting HID devices                |
1379  |Info:    ------------------------------------------------------
1380  |Info:    [Corsair Lighting Node Core] Registering RGB controller
1439  |Info:    [Corsair Commander Core] Registering RGB controller
1442  |Info:    [Glorious Model D / D-] Registering RGB controller
1683  |Info:    [MSI MPG Z390 GAMING EDGE AC (MS-7B17)] Registering RGB controller
1683  |Info:    ------------------------------------------------------
1683  |Info:    |            Detecting libusb HID devices            |
1683  |Info:    ------------------------------------------------------
1699  |Info:    ------------------------------------------------------
1699  |Info:    |              Detecting other devices               |
1699  |Info:    ------------------------------------------------------
1701  |Info:    ------------------------------------------------------
1701  |Info:    |                Detection completed                 |
1701  |Info:    ------------------------------------------------------
1701  |Info:    Profile loading: Succeeded for Corsair Lighting Node Core @ HID: /dev/hidraw10
1701  |Info:    Profile loading: Succeeded for Corsair Commander Core @ HID: /dev/hidraw5
1701  |Info:    Profile loading: Succeeded for Glorious Model D / D- @ HID: /dev/hidraw1
1701  |Info:    Profile loading: Succeeded for MSI MPG Z390 GAMING EDGE AC (MS-7B17) @ HID: /dev/hidraw9
