    OpenRGB v0.9
    Commit:  from 
    Launched: 20231225_185329
====================================================================================================

3     |Info:    Found file: Dracula.orp attempting to validate header
5     |Info:    Valid v4 profile found for Dracula
1008  |Info:    ------------------------------------------------------
1008  |Info:    |               Start device detection               |
1008  |Info:    ------------------------------------------------------
1008  |Info:    Initializing HID interfaces: Success
1008  |Info:    ------------------------------------------------------
1008  |Info:    |             Detecting I2C interfaces               |
1008  |Info:    ------------------------------------------------------
1008  |Info:    Registering I2C interface: /dev/i2c-3 Device 1002:744C Subsystem: 1DA2:E471
1008  |Info:    Registering I2C interface: /dev/i2c-10 Device 8086:3E98 Subsystem: 1462:7B17
1008  |Info:    Registering I2C interface: /dev/i2c-1 Device 1002:744C Subsystem: 1DA2:E471
1008  |Info:    Registering I2C interface: /dev/i2c-8 Device 8086:3E98 Subsystem: 1462:7B17
1008  |Warning: [i2c_smbus_linux] Failed to read i2c device PCI device ID
1008  |Info:    Registering I2C interface: /dev/i2c-6 Device 0000:0000 Subsystem: 0000:0000
1008  |Info:    Registering I2C interface: /dev/i2c-13 Device 8086:A323 Subsystem: 1462:7B17
1009  |Info:    Registering I2C interface: /dev/i2c-4 Device 1002:744C Subsystem: 1DA2:E471
1009  |Info:    Registering I2C interface: /dev/i2c-11 Device 8086:3E98 Subsystem: 1462:7B17
1009  |Info:    Registering I2C interface: /dev/i2c-2 Device 1002:744C Subsystem: 1DA2:E471
1009  |Info:    Registering I2C interface: /dev/i2c-0 Device 1002:744C Subsystem: 1DA2:E471
1009  |Info:    Registering I2C interface: /dev/i2c-9 Device 8086:3E98 Subsystem: 1462:7B17
1009  |Warning: [i2c_smbus_linux] Failed to read i2c device PCI device ID
1009  |Info:    Registering I2C interface: /dev/i2c-7 Device 0000:0000 Subsystem: 0000:0000
1009  |Info:    Registering I2C interface: /dev/i2c-5 Device 1002:744C Subsystem: 1DA2:E471
1009  |Warning: [i2c_smbus_linux] Failed to read i2c device PCI device ID
1009  |Info:    Registering I2C interface: /dev/i2c-12 Device 0000:0000 Subsystem: 0000:0000
1009  |Info:    ------------------------------------------------------
1009  |Info:    |               Detecting I2C devices                |
1009  |Info:    ------------------------------------------------------
1489  |Info:    ------------------------------------------------------
1489  |Info:    |               Detecting I2C PCI devices            |
1489  |Info:    ------------------------------------------------------
1513  |Info:    ------------------------------------------------------
1513  |Info:    |               Detecting HID devices                |
1513  |Info:    ------------------------------------------------------
1565  |Info:    [Corsair Lighting Node Core] Registering RGB controller
1663  |Info:    [Corsair Commander Core] Registering RGB controller
1665  |Info:    [Glorious Model D / D-] Registering RGB controller
1949  |Info:    [MSI MPG Z390 GAMING EDGE AC (MS-7B17)] Registering RGB controller
1949  |Info:    ------------------------------------------------------
1949  |Info:    |            Detecting libusb HID devices            |
1949  |Info:    ------------------------------------------------------
1962  |Info:    ------------------------------------------------------
1962  |Info:    |              Detecting other devices               |
1962  |Info:    ------------------------------------------------------
1963  |Info:    ------------------------------------------------------
1963  |Info:    |                Detection completed                 |
1963  |Info:    ------------------------------------------------------
1964  |Info:    Profile loading: Succeeded for Corsair Lighting Node Core @ HID: /dev/hidraw7
1964  |Info:    Profile loading: Succeeded for Corsair Commander Core @ HID: /dev/hidraw2
1964  |Info:    Profile loading: Succeeded for Glorious Model D / D- @ HID: /dev/hidraw1
1964  |Info:    Profile loading: Succeeded for MSI MPG Z390 GAMING EDGE AC (MS-7B17) @ HID: /dev/hidraw6
