    OpenRGB v0.81
    Commit: c2c9b3aa995b3c7660708e07acc85576593cf37c from 2022-12-04 00:46:56 +0100
    Launched: 20221204_165102
====================================================================================================

0     |Info:    Found file: Off.orp attempting to validate header
0     |Info:    Valid v3 profile found for Off
0     |Info:    Found file: Dracula.orp attempting to validate header
0     |Info:    Valid v3 profile found for Dracula
1001  |Info:    Saving detector settings
1001  |Info:    ------------------------------------------------------
1001  |Info:    |               Start device detection               |
1001  |Info:    ------------------------------------------------------
1002  |Info:    Initializing HID interfaces: Success
1002  |Info:    ------------------------------------------------------
1002  |Info:    |             Detecting I2C interfaces               |
1002  |Info:    ------------------------------------------------------
1002  |Info:    Registering I2C interface: /dev/i2c-3 Device 10DE:1E81 Subsystem: 1028:C722
1002  |Info:    Registering I2C interface: /dev/i2c-1 Device 10DE:1E81 Subsystem: 1028:C722
1002  |Info:    Registering I2C interface: /dev/i2c-6 Device 10DE:1E81 Subsystem: 1028:C722
1002  |Info:    Registering I2C interface: /dev/i2c-4 Device 10DE:1E81 Subsystem: 1028:C722
1002  |Info:    Registering I2C interface: /dev/i2c-2 Device 10DE:1E81 Subsystem: 1028:C722
1002  |Info:    Registering I2C interface: /dev/i2c-0 Device 8086:A323 Subsystem: 1462:7B17
1002  |Info:    Registering I2C interface: /dev/i2c-5 Device 10DE:1E81 Subsystem: 1028:C722
1002  |Info:    ------------------------------------------------------
1002  |Info:    |               Detecting I2C devices                |
1002  |Info:    ------------------------------------------------------
1228  |Info:    ------------------------------------------------------
1228  |Info:    |               Detecting I2C PCI devices            |
1228  |Info:    ------------------------------------------------------
1230  |Info:    ------------------------------------------------------
1230  |Info:    |               Detecting HID devices                |
1230  |Info:    ------------------------------------------------------
1282  |Info:    [Corsair Lighting Node Core] Registering RGB controller
1378  |Info:    [Corsair Commander Core] Registering RGB controller
1380  |Info:    [Glorious Model D / D-] Registering RGB controller
1633  |Info:    [MSI MPG Z390 GAMING EDGE AC (MS-7B17)] Registering RGB controller
1633  |Info:    ------------------------------------------------------
1633  |Info:    |              Detecting other devices               |
1633  |Info:    ------------------------------------------------------
1635  |Info:    ------------------------------------------------------
1635  |Info:    |                Detection completed                 |
1635  |Info:    ------------------------------------------------------
29835 |Info:    Found file: Off.orp attempting to validate header
29835 |Info:    Valid v3 profile found for Off
29835 |Info:    Found file: Dracula.orp attempting to validate header
29835 |Info:    Valid v3 profile found for Dracula
34575 |Info:    Profile loading: Succeeded for Corsair Lighting Node Core @ HID: /dev/hidraw3
34575 |Info:    Profile loading: FAILED! for Corsair Commander Core @ HID: /dev/hidraw7
34575 |Info:    Profile loading: FAILED! for Glorious Model D / D- @ HID: /dev/hidraw1
34575 |Info:    Profile loading: Succeeded for MSI MPG Z390 GAMING EDGE AC (MS-7B17) @ HID: /dev/hidraw2
34775 |Info:    Profile loading: Succeeded for Corsair Lighting Node Core @ HID: /dev/hidraw3
34775 |Info:    Profile loading: FAILED! for Corsair Commander Core @ HID: /dev/hidraw7
34775 |Info:    Profile loading: FAILED! for Glorious Model D / D- @ HID: /dev/hidraw1
34775 |Info:    Profile loading: Succeeded for MSI MPG Z390 GAMING EDGE AC (MS-7B17) @ HID: /dev/hidraw2
35063 |Info:    Profile loading: Succeeded for Corsair Lighting Node Core @ HID: /dev/hidraw3
35063 |Info:    Profile loading: FAILED! for Corsair Commander Core @ HID: /dev/hidraw7
35063 |Info:    Profile loading: FAILED! for Glorious Model D / D- @ HID: /dev/hidraw1
35063 |Info:    Profile loading: Succeeded for MSI MPG Z390 GAMING EDGE AC (MS-7B17) @ HID: /dev/hidraw2
