    OpenRGB v0.9
    Commit:  from 
    Launched: 20231107_103724
====================================================================================================

2     |Info:    Found file: Dracula.orp attempting to validate header
2     |Info:    Valid v4 profile found for Dracula
1004  |Info:    ------------------------------------------------------
1004  |Info:    |               Start device detection               |
1004  |Info:    ------------------------------------------------------
1004  |Info:    Initializing HID interfaces: Success
1005  |Info:    ------------------------------------------------------
1005  |Info:    |             Detecting I2C interfaces               |
1005  |Info:    ------------------------------------------------------
1005  |Info:    Registering I2C interface: /dev/i2c-3 Device 10DE:1E81 Subsystem: 1028:C722
1005  |Info:    Registering I2C interface: /dev/i2c-1 Device 10DE:1E81 Subsystem: 1028:C722
1005  |Info:    Registering I2C interface: /dev/i2c-6 Device 10DE:1E81 Subsystem: 1028:C722
1005  |Info:    Registering I2C interface: /dev/i2c-4 Device 10DE:1E81 Subsystem: 1028:C722
1005  |Info:    Registering I2C interface: /dev/i2c-2 Device 10DE:1E81 Subsystem: 1028:C722
1005  |Info:    Registering I2C interface: /dev/i2c-0 Device 8086:A323 Subsystem: 1462:7B17
1005  |Info:    Registering I2C interface: /dev/i2c-5 Device 10DE:1E81 Subsystem: 1028:C722
1005  |Info:    ------------------------------------------------------
1005  |Info:    |               Detecting I2C devices                |
1005  |Info:    ------------------------------------------------------
1325  |Info:    ------------------------------------------------------
1325  |Info:    |               Detecting I2C PCI devices            |
1325  |Info:    ------------------------------------------------------
1325  |Info:    ------------------------------------------------------
1325  |Info:    |               Detecting HID devices                |
1325  |Info:    ------------------------------------------------------
1385  |Info:    [Corsair Lighting Node Core] Registering RGB controller
1482  |Info:    [Corsair Commander Core] Registering RGB controller
1484  |Info:    [Glorious Model D / D-] Registering RGB controller
1766  |Info:    [MSI MPG Z390 GAMING EDGE AC (MS-7B17)] Registering RGB controller
1766  |Info:    ------------------------------------------------------
1766  |Info:    |            Detecting libusb HID devices            |
1766  |Info:    ------------------------------------------------------
1787  |Info:    ------------------------------------------------------
1787  |Info:    |              Detecting other devices               |
1787  |Info:    ------------------------------------------------------
1788  |Info:    ------------------------------------------------------
1788  |Info:    |                Detection completed                 |
1788  |Info:    ------------------------------------------------------
1788  |Info:    Profile loading: Succeeded for Corsair Lighting Node Core @ HID: /dev/hidraw10
1788  |Info:    Profile loading: Succeeded for Corsair Commander Core @ HID: /dev/hidraw11
1788  |Info:    Profile loading: Succeeded for Glorious Model D / D- @ HID: /dev/hidraw1
1788  |Info:    Profile loading: Succeeded for MSI MPG Z390 GAMING EDGE AC (MS-7B17) @ HID: /dev/hidraw9
