    OpenRGB v0.91
    Commit: 2325833c01e94d6f3dc6194d38bb6e9532a911f4 from 2023-12-25 19:52:13 +0000
    Launched: 20231225_211453
====================================================================================================

7     |Info:    Found file: Dracula.orp attempting to validate header
7     |Info:    Valid v4 profile found for Dracula
1008  |Info:    ------------------------------------------------------
1008  |Info:    |               Start device detection               |
1008  |Info:    ------------------------------------------------------
1009  |Info:    Initializing HID interfaces: Success
1009  |Info:    ------------------------------------------------------
1009  |Info:    |             Detecting I2C interfaces               |
1009  |Info:    ------------------------------------------------------
1009  |Info:    Registering I2C interface: /dev/i2c-3 Device 1002:744C Subsystem: 1DA2:E471
1009  |Info:    Registering I2C interface: /dev/i2c-1 Device 1002:744C Subsystem: 1DA2:E471
1009  |Info:    Registering I2C interface: /dev/i2c-8 Device 8086:A323 Subsystem: 1462:7B17
1009  |Warning: [i2c_smbus_linux] Failed to read i2c device PCI device ID
1009  |Info:    Registering I2C interface: /dev/i2c-6 Device 0000:0000 Subsystem: 0000:0000
1009  |Info:    Registering I2C interface: /dev/i2c-4 Device 1002:744C Subsystem: 1DA2:E471
1009  |Info:    Registering I2C interface: /dev/i2c-2 Device 1002:744C Subsystem: 1DA2:E471
1009  |Info:    Registering I2C interface: /dev/i2c-0 Device 1002:744C Subsystem: 1DA2:E471
1009  |Warning: [i2c_smbus_linux] Failed to read i2c device PCI device ID
1009  |Info:    Registering I2C interface: /dev/i2c-7 Device 0000:0000 Subsystem: 0000:0000
1009  |Info:    Registering I2C interface: /dev/i2c-5 Device 1002:744C Subsystem: 1DA2:E471
1009  |Info:    ------------------------------------------------------
1009  |Info:    |               Detecting I2C devices                |
1009  |Info:    ------------------------------------------------------
1356  |Info:    ------------------------------------------------------
1356  |Info:    |               Detecting I2C PCI devices            |
1356  |Info:    ------------------------------------------------------
1378  |Info:    ------------------------------------------------------
1378  |Info:    |               Detecting HID devices                |
1378  |Info:    ------------------------------------------------------
1432  |Info:    [Corsair Lighting Node Core] Registering RGB controller
1548  |Info:    [Corsair Commander Core] Registering RGB controller
1550  |Info:    [Glorious Model D / D-] Registering RGB controller
1819  |Info:    [MSI MPG Z390 GAMING EDGE AC (MS-7B17)] Registering RGB controller
1819  |Info:    ------------------------------------------------------
1819  |Info:    |            Detecting libusb HID devices            |
1819  |Info:    ------------------------------------------------------
1830  |Info:    ------------------------------------------------------
1830  |Info:    |              Detecting other devices               |
1830  |Info:    ------------------------------------------------------
1831  |Info:    ------------------------------------------------------
1831  |Info:    |                Detection completed                 |
1831  |Info:    ------------------------------------------------------
