    OpenRGB v0.9
    Commit:  from 
    Launched: 20240321_183943
====================================================================================================

8     |Info:    Found file: Dracula.orp attempting to validate header
8     |Info:    Valid v4 profile found for Dracula
1010  |Info:    ------------------------------------------------------
1010  |Info:    |               Start device detection               |
1010  |Info:    ------------------------------------------------------
1010  |Info:    Initializing HID interfaces: Success
1010  |Info:    ------------------------------------------------------
1010  |Info:    |             Detecting I2C interfaces               |
1010  |Info:    ------------------------------------------------------
1010  |Info:    Registering I2C interface: /dev/i2c-3 Device 1002:744C Subsystem: 1DA2:E471
1010  |Info:    Registering I2C interface: /dev/i2c-1 Device 1002:744C Subsystem: 1DA2:E471
1010  |Info:    Registering I2C interface: /dev/i2c-8 Device 8086:A323 Subsystem: 1462:7B17
1010  |Warning: [i2c_smbus_linux] Failed to read i2c device PCI device ID
1010  |Info:    Registering I2C interface: /dev/i2c-6 Device 0000:0000 Subsystem: 0000:0000
1010  |Info:    Registering I2C interface: /dev/i2c-4 Device 1002:744C Subsystem: 1DA2:E471
1010  |Info:    Registering I2C interface: /dev/i2c-2 Device 1002:744C Subsystem: 1DA2:E471
1010  |Info:    Registering I2C interface: /dev/i2c-0 Device 1002:744C Subsystem: 1DA2:E471
1010  |Warning: [i2c_smbus_linux] Failed to read i2c device PCI device ID
1011  |Info:    Registering I2C interface: /dev/i2c-7 Device 0000:0000 Subsystem: 0000:0000
1011  |Info:    Registering I2C interface: /dev/i2c-5 Device 1002:744C Subsystem: 1DA2:E471
1011  |Info:    ------------------------------------------------------
1011  |Info:    |               Detecting I2C devices                |
1011  |Info:    ------------------------------------------------------
1360  |Info:    ------------------------------------------------------
1360  |Info:    |               Detecting I2C PCI devices            |
1360  |Info:    ------------------------------------------------------
1382  |Info:    ------------------------------------------------------
1382  |Info:    |               Detecting HID devices                |
1382  |Info:    ------------------------------------------------------
1435  |Info:    [Corsair Lighting Node Core] Registering RGB controller
1544  |Info:    [Corsair Commander Core] Registering RGB controller
1547  |Info:    [Glorious Model D / D-] Registering RGB controller
1821  |Info:    [MSI MPG Z390 GAMING EDGE AC (MS-7B17)] Registering RGB controller
1821  |Info:    ------------------------------------------------------
1821  |Info:    |            Detecting libusb HID devices            |
1821  |Info:    ------------------------------------------------------
1838  |Info:    ------------------------------------------------------
1838  |Info:    |              Detecting other devices               |
1838  |Info:    ------------------------------------------------------
1840  |Info:    ------------------------------------------------------
1840  |Info:    |                Detection completed                 |
1840  |Info:    ------------------------------------------------------
1840  |Info:    Profile loading: Succeeded for Corsair Lighting Node Core @ HID: /dev/hidraw7
1840  |Info:    Profile loading: Succeeded for Corsair Commander Core @ HID: /dev/hidraw3
1840  |Info:    Profile loading: Succeeded for Glorious Model D / D- @ HID: /dev/hidraw1
1840  |Info:    Profile loading: Succeeded for MSI MPG Z390 GAMING EDGE AC (MS-7B17) @ HID: /dev/hidraw6
